2024-01-02 20:41:16,683 - cli.py - This is Paynt version 0.1.0.
2024-01-02 20:41:16,683 - sketch.py - loading sketch from models/mdp/sketches/dpm/switch/sketch.templ ...
2024-01-02 20:41:16,683 - sketch.py - assuming sketch in PRISM format...
2024-01-02 20:41:16,686 - prism_parser.py - PRISM model type: MDP
2024-01-02 20:41:16,686 - prism_parser.py - processing hole definitions...
2024-01-02 20:41:16,686 - prism_parser.py - loading properties from models/mdp/sketches/dpm/switch/sketch.props ...
2024-01-02 20:41:16,687 - prism_parser.py - found the following specification: constraints: P>=19/20 [F ((bat = 0) & (lost = 0))]; 
2024-01-02 20:41:16,687 - jani.py - constructing JANI program...
2024-01-02 20:41:16,774 - jani.py - constructing the quotient...
2024-01-02 20:41:17,608 - jani.py - associating choices of the quotient with hole assignments...
2024-01-02 20:41:17,976 - sketch.py - sketch parsing OK
2024-01-02 20:41:17,977 - sketch.py - constructed explicit quotient having 1594 states and 186170 actions
2024-01-02 20:41:17,977 - sketch.py - found the following specification constraints: P>=19/20 [F ((bat = 0) & (lost = 0))]; 
2024-01-02 20:41:18,154 - mdp_family.py - associating choices with action labels...
2024-01-02 20:41:18,327 - synthesizer.py - evaluation initiated, design space: 1312200
> Progress 0.0%, elapsed 112 s, estimated 112780773 s (3 years), iters = {game: 1, MDP: 1}
> Progress 0.0%, elapsed 182 s, estimated 182984885 s (5 years), iters = {game: 2, MDP: 2}
> Progress 0.0%, elapsed 211 s, estimated 211881899 s (6 years), iters = {game: 3, MDP: 3}
> Progress 0.021%, elapsed 214 s, estimated 989368 s (11 days), iters = {game: 147, MDP: 196}
> Progress 0.045%, elapsed 217 s, estimated 478907 s (5 days), iters = {game: 302, MDP: 406}
> Progress 0.078%, elapsed 220 s, estimated 282511 s (3 days), iters = {game: 468, MDP: 611}
> Progress 0.134%, elapsed 223 s, estimated 166840 s (46 hours), iters = {game: 652, MDP: 813}
> Progress 0.191%, elapsed 226 s, estimated 118576 s (32 hours), iters = {game: 819, MDP: 1016}
> Progress 0.22%, elapsed 229 s, estimated 104316 s (28 hours), iters = {game: 987, MDP: 1248}
> Progress 0.362%, elapsed 232 s, estimated 64234 s (17 hours), iters = {game: 1132, MDP: 1430}
> Progress 1.111%, elapsed 235 s, estimated 21237 s (5 hours), iters = {game: 1271, MDP: 1613}
> Progress 2.222%, elapsed 265 s, estimated 11948 s (3 hours), iters = {game: 1276, MDP: 1618}
> Progress 2.241%, elapsed 268 s, estimated 11980 s (3 hours), iters = {game: 1383, MDP: 1754}
> Progress 2.255%, elapsed 271 s, estimated 12040 s (3 hours), iters = {game: 1531, MDP: 1962}
> Progress 2.299%, elapsed 274 s, estimated 11938 s (3 hours), iters = {game: 1673, MDP: 2149}
> Progress 2.36%, elapsed 277 s, estimated 11757 s (3 hours), iters = {game: 1839, MDP: 2324}
> Progress 2.417%, elapsed 280 s, estimated 11607 s (3 hours), iters = {game: 1995, MDP: 2522}
> Progress 2.518%, elapsed 283 s, estimated 11261 s (3 hours), iters = {game: 2122, MDP: 2697}
> Progress 2.666%, elapsed 286 s, estimated 10747 s (2 hours), iters = {game: 2268, MDP: 2906}
> Progress 4.444%, elapsed 340 s, estimated 7671 s (2 hours), iters = {game: 2324, MDP: 2972}
> Progress 4.444%, elapsed 369 s, estimated 8316 s (2 hours), iters = {game: 2325, MDP: 2973}
> Progress 4.467%, elapsed 372 s, estimated 8339 s (2 hours), iters = {game: 2466, MDP: 3162}
> Progress 4.49%, elapsed 375 s, estimated 8365 s (2 hours), iters = {game: 2630, MDP: 3387}
> Progress 4.53%, elapsed 378 s, estimated 8357 s (2 hours), iters = {game: 2804, MDP: 3596}
> Progress 4.585%, elapsed 381 s, estimated 8321 s (2 hours), iters = {game: 2985, MDP: 3794}
> Progress 4.642%, elapsed 384 s, estimated 8285 s (2 hours), iters = {game: 3146, MDP: 4001}
> Progress 4.666%, elapsed 387 s, estimated 8307 s (2 hours), iters = {game: 3304, MDP: 4221}
> Progress 4.814%, elapsed 390 s, estimated 8115 s (2 hours), iters = {game: 3462, MDP: 4422}
> Progress 6.666%, elapsed 421 s, estimated 6323 s, iters = {game: 3550, MDP: 4540}
> Progress 6.687%, elapsed 424 s, estimated 6349 s, iters = {game: 3695, MDP: 4733}
> Progress 6.711%, elapsed 427 s, estimated 6371 s, iters = {game: 3848, MDP: 4938}
> Progress 6.744%, elapsed 430 s, estimated 6383 s, iters = {game: 4011, MDP: 5144}
> Progress 6.8%, elapsed 433 s, estimated 6375 s, iters = {game: 4193, MDP: 5344}
> Progress 6.858%, elapsed 436 s, estimated 6366 s, iters = {game: 4361, MDP: 5548}
> Progress 6.882%, elapsed 439 s, estimated 6387 s, iters = {game: 4522, MDP: 5770}
> Progress 7.0%, elapsed 442 s, estimated 6323 s, iters = {game: 4669, MDP: 5955}
> Progress 7.555%, elapsed 445 s, estimated 5898 s, iters = {game: 4796, MDP: 6128}
> Progress 8.888%, elapsed 474 s, estimated 5339 s, iters = {game: 4802, MDP: 6134}
> Progress 8.963%, elapsed 477 s, estimated 5328 s, iters = {game: 4910, MDP: 6270}
> Progress 8.979%, elapsed 480 s, estimated 5352 s, iters = {game: 5083, MDP: 6514}
> Progress 9.011%, elapsed 483 s, estimated 5366 s, iters = {game: 5259, MDP: 6698}
> Progress 9.029%, elapsed 486 s, estimated 5389 s, iters = {game: 5413, MDP: 6899}
> Progress 9.053%, elapsed 489 s, estimated 5408 s, iters = {game: 5556, MDP: 7096}
> Progress 9.196%, elapsed 492 s, estimated 5357 s, iters = {game: 5683, MDP: 7260}
> Progress 9.388%, elapsed 495 s, estimated 5279 s, iters = {game: 5830, MDP: 7459}
> Progress 11.111%, elapsed 532 s, estimated 4790 s, iters = {game: 5840, MDP: 7469}
> Progress 11.134%, elapsed 535 s, estimated 4807 s, iters = {game: 5956, MDP: 7615}
> Progress 11.161%, elapsed 538 s, estimated 4823 s, iters = {game: 6109, MDP: 7811}
> Progress 11.203%, elapsed 541 s, estimated 4832 s, iters = {game: 6272, MDP: 8018}
> Progress 11.414%, elapsed 544 s, estimated 4769 s, iters = {game: 6389, MDP: 8174}
> Progress 11.435%, elapsed 547 s, estimated 4786 s, iters = {game: 6561, MDP: 8396}
> Progress 11.465%, elapsed 550 s, estimated 4800 s, iters = {game: 6734, MDP: 8583}
> Progress 11.481%, elapsed 553 s, estimated 4821 s, iters = {game: 6902, MDP: 8819}
> Progress 11.496%, elapsed 556 s, estimated 4841 s, iters = {game: 7069, MDP: 9052}
> Progress 11.526%, elapsed 559 s, estimated 4854 s, iters = {game: 7243, MDP: 9240}
> Progress 11.548%, elapsed 562 s, estimated 4872 s, iters = {game: 7416, MDP: 9462}
> Progress 11.56%, elapsed 565 s, estimated 4892 s, iters = {game: 7555, MDP: 9655}
> Progress 11.579%, elapsed 568 s, estimated 4910 s, iters = {game: 7729, MDP: 9889}
> Progress 11.613%, elapsed 571 s, estimated 4922 s, iters = {game: 7911, MDP: 10079}
> Progress 11.628%, elapsed 574 s, estimated 4941 s, iters = {game: 8081, MDP: 10317}
> Progress 11.641%, elapsed 577 s, estimated 4961 s, iters = {game: 8223, MDP: 10517}
> Progress 11.668%, elapsed 580 s, estimated 4976 s, iters = {game: 8395, MDP: 10716}
> Progress 11.692%, elapsed 583 s, estimated 4991 s, iters = {game: 8563, MDP: 10918}
> Progress 11.708%, elapsed 586 s, estimated 5010 s, iters = {game: 8697, MDP: 11103}
> Progress 11.779%, elapsed 589 s, estimated 5005 s, iters = {game: 8842, MDP: 11289}
> Progress 11.851%, elapsed 592 s, estimated 5002 s, iters = {game: 8988, MDP: 11481}
> Progress 11.925%, elapsed 595 s, estimated 4997 s, iters = {game: 9137, MDP: 11675}
> Progress 12.0%, elapsed 599 s, estimated 4992 s, iters = {game: 9286, MDP: 11869}
> Progress 12.344%, elapsed 602 s, estimated 4877 s, iters = {game: 9412, MDP: 12025}
> Progress 12.424%, elapsed 605 s, estimated 4870 s, iters = {game: 9570, MDP: 12227}
> Progress 12.492%, elapsed 608 s, estimated 4867 s, iters = {game: 9707, MDP: 12400}
> Progress 12.566%, elapsed 611 s, estimated 4863 s, iters = {game: 9862, MDP: 12598}
> Progress 13.108%, elapsed 614 s, estimated 4684 s, iters = {game: 9986, MDP: 12756}
> Progress 13.376%, elapsed 617 s, estimated 4613 s, iters = {game: 10114, MDP: 12930}
> Progress 13.773%, elapsed 620 s, estimated 4502 s, iters = {game: 10264, MDP: 13091}
> Progress 20.0%, elapsed 689 s, estimated 3448 s, iters = {game: 10305, MDP: 13140}
> Progress 20.0%, elapsed 757 s, estimated 3787 s, iters = {game: 10306, MDP: 13141}
> Progress 26.666%, elapsed 825 s, estimated 3095 s, iters = {game: 10307, MDP: 13142}
> Progress 26.666%, elapsed 853 s, estimated 3202 s, iters = {game: 10308, MDP: 13143}
> Progress 27.407%, elapsed 883 s, estimated 3224 s, iters = {game: 10319, MDP: 13154}
> Progress 28.148%, elapsed 935 s, estimated 3324 s, iters = {game: 10320, MDP: 13155}
> Progress 33.333%, elapsed 1005 s, estimated 3017 s, iters = {game: 10331, MDP: 13166}
> Progress 33.333%, elapsed 1034 s, estimated 3102 s, iters = {game: 10332, MDP: 13167}
> Progress 33.357%, elapsed 1037 s, estimated 3109 s, iters = {game: 10457, MDP: 13384}
> Progress 33.393%, elapsed 1040 s, estimated 3115 s, iters = {game: 10612, MDP: 13635}
> Progress 33.424%, elapsed 1043 s, estimated 3121 s, iters = {game: 10750, MDP: 13813}
> Progress 34.074%, elapsed 1074 s, estimated 3152 s, iters = {game: 10855, MDP: 13933}
> Progress 34.103%, elapsed 1077 s, estimated 3158 s, iters = {game: 10980, MDP: 14114}
> Progress 34.14%, elapsed 1080 s, estimated 3164 s, iters = {game: 11131, MDP: 14355}
> Progress 34.814%, elapsed 1134 s, estimated 3257 s, iters = {game: 11178, MDP: 14418}
> Progress 34.814%, elapsed 1162 s, estimated 3339 s, iters = {game: 11179, MDP: 14419}
> Progress 34.844%, elapsed 1165 s, estimated 3345 s, iters = {game: 11307, MDP: 14636}
> Progress 34.875%, elapsed 1168 s, estimated 3350 s, iters = {game: 11463, MDP: 14897}
> Progress 34.914%, elapsed 1171 s, estimated 3355 s, iters = {game: 11603, MDP: 15073}
> Progress 35.555%, elapsed 1202 s, estimated 3381 s, iters = {game: 11692, MDP: 15175}
> Progress 35.585%, elapsed 1205 s, estimated 3387 s, iters = {game: 11817, MDP: 15386}
> Progress 35.615%, elapsed 1208 s, estimated 3393 s, iters = {game: 11965, MDP: 15638}
> Progress 35.654%, elapsed 1211 s, estimated 3397 s, iters = {game: 12103, MDP: 15813}
> Progress 36.296%, elapsed 1242 s, estimated 3421 s, iters = {game: 12178, MDP: 15895}
> Progress 36.326%, elapsed 1245 s, estimated 3427 s, iters = {game: 12310, MDP: 16086}
> Progress 36.363%, elapsed 1248 s, estimated 3432 s, iters = {game: 12456, MDP: 16322}
> Progress 37.037%, elapsed 1285 s, estimated 3471 s, iters = {game: 12500, MDP: 16388}
> Progress 37.066%, elapsed 1288 s, estimated 3476 s, iters = {game: 12617, MDP: 16565}
> Progress 37.097%, elapsed 1291 s, estimated 3481 s, iters = {game: 12766, MDP: 16829}
> Progress 37.123%, elapsed 1294 s, estimated 3487 s, iters = {game: 12903, MDP: 17014}
> Progress 37.16%, elapsed 1297 s, estimated 3491 s, iters = {game: 13053, MDP: 17256}
> Progress 37.185%, elapsed 1300 s, estimated 3497 s, iters = {game: 13176, MDP: 17432}
> Progress 37.221%, elapsed 1303 s, estimated 3502 s, iters = {game: 13325, MDP: 17680}
> Progress 37.251%, elapsed 1306 s, estimated 3507 s, iters = {game: 13477, MDP: 17924}
> Progress 37.282%, elapsed 1309 s, estimated 3512 s, iters = {game: 13615, MDP: 18114}
> Progress 37.314%, elapsed 1312 s, estimated 3517 s, iters = {game: 13761, MDP: 18392}
2024-01-02 21:03:11,250 - policy_tree.py - game YES but nor forall family of size 9
2024-01-02 21:03:11,276 - policy_tree.py - game YES but nor forall family of size 7
> Progress 37.342%, elapsed 1315 s, estimated 3523 s, iters = {game: 13886, MDP: 18566}
> Progress 38.518%, elapsed 1318 s, estimated 3423 s, iters = {game: 13978, MDP: 18667}
> Progress 40.0%, elapsed 1403 s, estimated 3509 s, iters = {game: 13983, MDP: 18672}
> Progress 40.0%, elapsed 1480 s, estimated 3701 s, iters = {game: 13984, MDP: 18673}
> Progress 60.0%, elapsed 1556 s, estimated 2594 s, iters = {game: 13985, MDP: 18674}
> Progress 60.0%, elapsed 1623 s, estimated 2705 s, iters = {game: 13986, MDP: 18675}
> Progress 60.0%, elapsed 1651 s, estimated 2752 s, iters = {game: 13987, MDP: 18676}
> Progress 60.74%, elapsed 1680 s, estimated 2767 s, iters = {game: 13998, MDP: 18687}
> Progress 61.481%, elapsed 1732 s, estimated 2817 s, iters = {game: 13999, MDP: 18688}
> Progress 61.481%, elapsed 1760 s, estimated 2862 s, iters = {game: 14000, MDP: 18689}
> Progress 62.222%, elapsed 1789 s, estimated 2875 s, iters = {game: 14011, MDP: 18700}
> Progress 62.962%, elapsed 1817 s, estimated 2886 s, iters = {game: 14012, MDP: 18701}
> Progress 63.703%, elapsed 1852 s, estimated 2908 s, iters = {game: 14013, MDP: 18702}
> Progress 66.666%, elapsed 1919 s, estimated 2879 s, iters = {game: 14014, MDP: 18703}
> Progress 66.666%, elapsed 1947 s, estimated 2921 s, iters = {game: 14015, MDP: 18704}
> Progress 67.407%, elapsed 1977 s, estimated 2933 s, iters = {game: 14026, MDP: 18715}
> Progress 68.148%, elapsed 2028 s, estimated 2976 s, iters = {game: 14027, MDP: 18716}
> Progress 73.333%, elapsed 2098 s, estimated 2861 s, iters = {game: 14038, MDP: 18727}
> Progress 73.333%, elapsed 2127 s, estimated 2900 s, iters = {game: 14039, MDP: 18728}
> Progress 74.074%, elapsed 2158 s, estimated 2913 s, iters = {game: 14087, MDP: 18830}
> Progress 74.814%, elapsed 2210 s, estimated 2954 s, iters = {game: 14088, MDP: 18831}
> Progress 74.814%, elapsed 2239 s, estimated 2992 s, iters = {game: 14089, MDP: 18832}
> Progress 75.555%, elapsed 2269 s, estimated 3004 s, iters = {game: 14122, MDP: 18892}
> Progress 76.296%, elapsed 2298 s, estimated 3012 s, iters = {game: 14123, MDP: 18893}
> Progress 77.037%, elapsed 2334 s, estimated 3030 s, iters = {game: 14124, MDP: 18894}
> Progress 80.0%, elapsed 2410 s, estimated 3013 s, iters = {game: 14125, MDP: 18895}
> Progress 80.0%, elapsed 2477 s, estimated 3096 s, iters = {game: 14126, MDP: 18896}
> Progress 80.0%, elapsed 2505 s, estimated 3131 s, iters = {game: 14127, MDP: 18897}
> Progress 80.248%, elapsed 2508 s, estimated 3125 s, iters = {game: 14316, MDP: 19123}
> Progress 80.279%, elapsed 2511 s, estimated 3128 s, iters = {game: 14525, MDP: 19375}
> Progress 80.311%, elapsed 2514 s, estimated 3130 s, iters = {game: 14721, MDP: 19620}
> Progress 80.74%, elapsed 2545 s, estimated 3152 s, iters = {game: 14925, MDP: 19857}
> Progress 80.973%, elapsed 2548 s, estimated 3146 s, iters = {game: 15083, MDP: 20110}
> Progress 81.037%, elapsed 2551 s, estimated 3147 s, iters = {game: 15282, MDP: 20366}
> Progress 81.481%, elapsed 2602 s, estimated 3194 s, iters = {game: 15341, MDP: 20444}
> Progress 81.481%, elapsed 2631 s, estimated 3229 s, iters = {game: 15342, MDP: 20445}
> Progress 81.729%, elapsed 2634 s, estimated 3223 s, iters = {game: 15532, MDP: 20672}
> Progress 81.761%, elapsed 2637 s, estimated 3225 s, iters = {game: 15744, MDP: 20928}
> Progress 81.793%, elapsed 2640 s, estimated 3227 s, iters = {game: 15938, MDP: 21170}
> Progress 82.222%, elapsed 2643 s, estimated 3214 s, iters = {game: 16158, MDP: 21476}
> Progress 82.222%, elapsed 2671 s, estimated 3248 s, iters = {game: 16158, MDP: 21477}
> Progress 82.47%, elapsed 2674 s, estimated 3242 s, iters = {game: 16346, MDP: 21702}
> Progress 82.5%, elapsed 2677 s, estimated 3245 s, iters = {game: 16550, MDP: 21948}
> Progress 82.532%, elapsed 2680 s, estimated 3247 s, iters = {game: 16737, MDP: 22181}
> Progress 82.962%, elapsed 2711 s, estimated 3267 s, iters = {game: 16944, MDP: 22465}
> Progress 83.221%, elapsed 2714 s, estimated 3261 s, iters = {game: 17138, MDP: 22708}
> Progress 83.276%, elapsed 2717 s, estimated 3262 s, iters = {game: 17345, MDP: 22977}
> Progress 83.703%, elapsed 2753 s, estimated 3289 s, iters = {game: 17449, MDP: 23105}
> Progress 84.617%, elapsed 2756 s, estimated 3257 s, iters = {game: 17626, MDP: 23317}
> Progress 84.658%, elapsed 2759 s, estimated 3259 s, iters = {game: 17830, MDP: 23565}
> Progress 84.692%, elapsed 2762 s, estimated 3262 s, iters = {game: 18023, MDP: 23807}
> Progress 84.74%, elapsed 2765 s, estimated 3263 s, iters = {game: 18226, MDP: 24062}
> Progress 84.766%, elapsed 2768 s, estimated 3266 s, iters = {game: 18411, MDP: 24284}
> Progress 84.808%, elapsed 2771 s, estimated 3268 s, iters = {game: 18607, MDP: 24523}
> Progress 84.839%, elapsed 2774 s, estimated 3270 s, iters = {game: 18802, MDP: 24762}
> Progress 84.88%, elapsed 2777 s, estimated 3272 s, iters = {game: 19009, MDP: 25015}
> Progress 84.919%, elapsed 2780 s, estimated 3274 s, iters = {game: 19203, MDP: 25272}
> Progress 85.026%, elapsed 2783 s, estimated 3274 s, iters = {game: 19428, MDP: 25553}
> Progress 85.092%, elapsed 2786 s, estimated 3275 s, iters = {game: 19627, MDP: 25813}
> Progress 85.138%, elapsed 2789 s, estimated 3276 s, iters = {game: 19848, MDP: 26091}
> Progress 86.666%, elapsed 2858 s, estimated 3298 s, iters = {game: 19959, MDP: 26236}
> Progress 86.666%, elapsed 2886 s, estimated 3330 s, iters = {game: 19960, MDP: 26237}
> Progress 86.759%, elapsed 2889 s, estimated 3330 s, iters = {game: 20101, MDP: 26431}
> Progress 86.833%, elapsed 2892 s, estimated 3331 s, iters = {game: 20240, MDP: 26652}
> Progress 86.938%, elapsed 2895 s, estimated 3330 s, iters = {game: 20369, MDP: 26888}
> Progress 87.407%, elapsed 2925 s, estimated 3347 s, iters = {game: 20457, MDP: 27004}
> Progress 87.58%, elapsed 2928 s, estimated 3344 s, iters = {game: 20588, MDP: 27170}
> Progress 87.66%, elapsed 2931 s, estimated 3344 s, iters = {game: 20748, MDP: 27438}
> Progress 88.148%, elapsed 2985 s, estimated 3387 s, iters = {game: 20831, MDP: 27612}
> Progress 88.148%, elapsed 3014 s, estimated 3419 s, iters = {game: 20832, MDP: 27613}
> Progress 88.241%, elapsed 3017 s, estimated 3419 s, iters = {game: 20976, MDP: 27810}
> Progress 88.308%, elapsed 3020 s, estimated 3419 s, iters = {game: 21118, MDP: 28042}
> Progress 88.407%, elapsed 3023 s, estimated 3419 s, iters = {game: 21247, MDP: 28279}
> Progress 88.888%, elapsed 3053 s, estimated 3434 s, iters = {game: 21338, MDP: 28398}
> Progress 88.982%, elapsed 3056 s, estimated 3434 s, iters = {game: 21486, MDP: 28600}
> Progress 89.067%, elapsed 3059 s, estimated 3434 s, iters = {game: 21629, MDP: 28814}
> Progress 89.16%, elapsed 3062 s, estimated 3434 s, iters = {game: 21758, MDP: 29051}
2024-01-02 21:32:21,456 - policy_tree.py - game YES but nor forall family of size 9
> Progress 89.629%, elapsed 3091 s, estimated 3449 s, iters = {game: 21846, MDP: 29175}
> Progress 89.759%, elapsed 3094 s, estimated 3448 s, iters = {game: 21991, MDP: 29365}
> Progress 89.867%, elapsed 3097 s, estimated 3447 s, iters = {game: 22122, MDP: 29590}
2024-01-02 21:32:59,184 - policy_tree.py - game YES but nor forall family of size 9
> Progress 89.925%, elapsed 3100 s, estimated 3448 s, iters = {game: 22263, MDP: 29851}
> Progress 90.37%, elapsed 3136 s, estimated 3470 s, iters = {game: 22271, MDP: 29861}
> Progress 90.678%, elapsed 3139 s, estimated 3462 s, iters = {game: 22405, MDP: 30045}
> Progress 90.744%, elapsed 3142 s, estimated 3463 s, iters = {game: 22534, MDP: 30247}
> Progress 90.814%, elapsed 3145 s, estimated 3464 s, iters = {game: 22684, MDP: 30445}
> Progress 90.836%, elapsed 3148 s, estimated 3466 s, iters = {game: 22845, MDP: 30664}
> Progress 90.895%, elapsed 3151 s, estimated 3467 s, iters = {game: 22988, MDP: 30869}
> Progress 91.018%, elapsed 3154 s, estimated 3466 s, iters = {game: 23114, MDP: 31045}
> Progress 91.271%, elapsed 3157 s, estimated 3459 s, iters = {game: 23174, MDP: 31105}
> Progress 91.313%, elapsed 3160 s, estimated 3461 s, iters = {game: 23324, MDP: 31377}
> Progress 91.369%, elapsed 3163 s, estimated 3462 s, iters = {game: 23458, MDP: 31617}
> Progress 91.439%, elapsed 3166 s, estimated 3463 s, iters = {game: 23608, MDP: 31839}
> Progress 91.499%, elapsed 3169 s, estimated 3464 s, iters = {game: 23763, MDP: 32096}
> Progress 93.333%, elapsed 3173 s, estimated 3399 s, iters = {game: 23881, MDP: 32316}
> Progress 93.333%, elapsed 3240 s, estimated 3472 s, iters = {game: 23881, MDP: 32317}
> Progress 93.333%, elapsed 3269 s, estimated 3502 s, iters = {game: 23882, MDP: 32318}
> Progress 93.349%, elapsed 3272 s, estimated 3505 s, iters = {game: 23989, MDP: 32468}
> Progress 93.368%, elapsed 3275 s, estimated 3508 s, iters = {game: 24106, MDP: 32638}
> Progress 93.389%, elapsed 3278 s, estimated 3510 s, iters = {game: 24234, MDP: 32815}
> Progress 93.407%, elapsed 3281 s, estimated 3512 s, iters = {game: 24349, MDP: 32982}
> Progress 93.479%, elapsed 3284 s, estimated 3513 s, iters = {game: 24493, MDP: 33144}
> Progress 94.074%, elapsed 3313 s, estimated 3522 s, iters = {game: 24502, MDP: 33154}
> Progress 94.097%, elapsed 3316 s, estimated 3524 s, iters = {game: 24599, MDP: 33295}
> Progress 94.123%, elapsed 3319 s, estimated 3526 s, iters = {game: 24709, MDP: 33459}
> Progress 94.148%, elapsed 3322 s, estimated 3529 s, iters = {game: 24813, MDP: 33618}
> Progress 94.814%, elapsed 3375 s, estimated 3560 s, iters = {game: 24822, MDP: 33627}
> Progress 94.814%, elapsed 3404 s, estimated 3590 s, iters = {game: 24823, MDP: 33628}
> Progress 94.831%, elapsed 3407 s, estimated 3593 s, iters = {game: 24930, MDP: 33778}
> Progress 94.85%, elapsed 3410 s, estimated 3595 s, iters = {game: 25054, MDP: 33957}
> Progress 94.871%, elapsed 3413 s, estimated 3597 s, iters = {game: 25182, MDP: 34137}
> Progress 94.89%, elapsed 3416 s, estimated 3600 s, iters = {game: 25301, MDP: 34305}
> Progress 95.037%, elapsed 3419 s, estimated 3598 s, iters = {game: 25436, MDP: 34457}
> Progress 95.555%, elapsed 3448 s, estimated 3608 s, iters = {game: 25443, MDP: 34464}
> Progress 95.572%, elapsed 3451 s, estimated 3611 s, iters = {game: 25550, MDP: 34614}
> Progress 95.591%, elapsed 3454 s, estimated 3613 s, iters = {game: 25674, MDP: 34792}
> Progress 95.611%, elapsed 3457 s, estimated 3616 s, iters = {game: 25798, MDP: 34966}
> Progress 95.63%, elapsed 3460 s, estimated 3618 s, iters = {game: 25913, MDP: 35131}
> Progress 96.0%, elapsed 3463 s, estimated 3607 s, iters = {game: 26023, MDP: 35251}
> Progress 96.296%, elapsed 3492 s, estimated 3626 s, iters = {game: 26027, MDP: 35255}
> Progress 96.314%, elapsed 3495 s, estimated 3628 s, iters = {game: 26125, MDP: 35394}
> Progress 96.337%, elapsed 3498 s, estimated 3631 s, iters = {game: 26238, MDP: 35555}
> Progress 96.361%, elapsed 3501 s, estimated 3633 s, iters = {game: 26356, MDP: 35724}
> Progress 97.037%, elapsed 3539 s, estimated 3647 s, iters = {game: 26410, MDP: 35800}
> Progress 97.051%, elapsed 3542 s, estimated 3649 s, iters = {game: 26518, MDP: 35952}
> Progress 97.071%, elapsed 3545 s, estimated 3652 s, iters = {game: 26634, MDP: 36120}
> Progress 97.091%, elapsed 3548 s, estimated 3654 s, iters = {game: 26763, MDP: 36290}
> Progress 97.106%, elapsed 3551 s, estimated 3656 s, iters = {game: 26859, MDP: 36442}
> Progress 97.129%, elapsed 3554 s, estimated 3659 s, iters = {game: 26997, MDP: 36622}
> Progress 97.144%, elapsed 3557 s, estimated 3661 s, iters = {game: 27094, MDP: 36783}
> Progress 97.166%, elapsed 3560 s, estimated 3664 s, iters = {game: 27230, MDP: 36959}
> Progress 97.181%, elapsed 3563 s, estimated 3666 s, iters = {game: 27337, MDP: 37120}
> Progress 97.202%, elapsed 3566 s, estimated 3668 s, iters = {game: 27460, MDP: 37289}
> Progress 97.222%, elapsed 3569 s, estimated 3671 s, iters = {game: 27594, MDP: 37473}
> Progress 97.238%, elapsed 3572 s, estimated 3673 s, iters = {game: 27693, MDP: 37628}
> Progress 97.26%, elapsed 3575 s, estimated 3675 s, iters = {game: 27830, MDP: 37805}
> Progress 97.275%, elapsed 3578 s, estimated 3678 s, iters = {game: 27926, MDP: 37966}
> Progress 97.297%, elapsed 3581 s, estimated 3680 s, iters = {game: 28061, MDP: 38139}
> Progress 97.312%, elapsed 3584 s, estimated 3683 s, iters = {game: 28170, MDP: 38305}
> Progress 97.333%, elapsed 3587 s, estimated 3685 s, iters = {game: 28288, MDP: 38469}
> Progress 97.407%, elapsed 3590 s, estimated 3685 s, iters = {game: 28400, MDP: 38591}
--------------------
Policy tree summary:
found 8874 satisfying policies for 51101/1312200 family members (4.0%)
policy tree has 38600 nodes, 22860 of them are leaves:
	  solvable leaves: 8874 (avg.size: 5.8)
	unsolvable leaves: 13986 (avg.size: 90.2)
	 singleton leaves: 10191
2024-01-02 21:41:11,566 - policy_tree.py - post-processing the policy tree...
2024-01-02 21:41:11,566 - policy_tree.py - merging unsat siblings...
2024-01-02 21:41:11,951 - policy_tree.py - merged 2874 pairs
2024-01-02 21:41:11,951 - policy_tree.py - merging compatible siblings...
2024-01-02 21:41:13,258 - policy_tree.py - merged 434 pairs
--------------------
Policy tree summary:
found 8636 satisfying policies for 51101/1312200 family members (4.0%)
policy tree has 35281 nodes, 19748 of them are leaves:
	  solvable leaves: 8636 (avg.size: 5.9)
	unsolvable leaves: 11112 (avg.size: 113.5)
	 singleton leaves: 8359
2024-01-02 21:41:15,052 - synthesizer.py - evaluation finished
--------------------
Synthesis summary:
constraint 1: P>=19/20 [F ((bat = 0) & (lost = 0))]

method: AR (policy tree), synthesis time: 3596.72 s
number of holes: 10, family size: 1312200, quotient: 1594 states / 186170 actions
explored: 100 %
Game stats: avg MDP size: 1427, iterations: 28409
MDP stats: avg MDP size: 1406, iterations: 38600

satisfied 51101/1312200 members (4%)
--------------------
