2024-01-02 23:13:33,685 - cli.py - This is Paynt version 0.1.0.
2024-01-02 23:13:33,685 - sketch.py - loading sketch from models/mdp/sketches/rover/1000-big/sketch.templ ...
2024-01-02 23:13:33,685 - sketch.py - assuming sketch in PRISM format...
2024-01-02 23:13:33,687 - prism_parser.py - PRISM model type: MDP
2024-01-02 23:13:33,687 - prism_parser.py - processing hole definitions...
2024-01-02 23:13:33,687 - prism_parser.py - loading properties from models/mdp/sketches/rover/1000-big/sketch.props ...
2024-01-02 23:13:33,688 - prism_parser.py - found the following specification: constraints: P>=4/5 [F "goal"]; 
2024-01-02 23:13:33,688 - jani.py - constructing JANI program...
2024-01-02 23:13:33,690 - jani.py - constructing the quotient...
2024-01-02 23:13:34,347 - jani.py - associating choices of the quotient with hole assignments...
2024-01-02 23:13:34,839 - sketch.py - sketch parsing OK
2024-01-02 23:13:34,839 - sketch.py - constructed explicit quotient having 17003 states and 518003 actions
2024-01-02 23:13:34,839 - sketch.py - found the following specification constraints: P>=4/5 [F "goal"]; 
2024-01-02 23:13:35,012 - mdp_family.py - associating choices with action labels...
2024-01-02 23:13:35,379 - synthesizer.py - evaluation initiated, design space: 3779136
> Progress 19.533%, elapsed 3 s, estimated 15 s, iters = {game: 23, MDP: 22}
> Progress 19.559%, elapsed 6 s, estimated 30 s, iters = {game: 77, MDP: 91}
> Progress 19.579%, elapsed 9 s, estimated 46 s, iters = {game: 117, MDP: 140}
> Progress 19.598%, elapsed 12 s, estimated 61 s, iters = {game: 165, MDP: 201}
> Progress 19.635%, elapsed 15 s, estimated 77 s, iters = {game: 223, MDP: 270}
> Progress 19.649%, elapsed 18 s, estimated 92 s, iters = {game: 259, MDP: 313}
> Progress 19.662%, elapsed 21 s, estimated 107 s, iters = {game: 291, MDP: 355}
> Progress 19.699%, elapsed 24 s, estimated 122 s, iters = {game: 354, MDP: 431}
> Progress 19.714%, elapsed 27 s, estimated 138 s, iters = {game: 397, MDP: 484}
> Progress 19.739%, elapsed 30 s, estimated 153 s, iters = {game: 437, MDP: 532}
> Progress 19.759%, elapsed 33 s, estimated 168 s, iters = {game: 483, MDP: 590}
> Progress 19.791%, elapsed 36 s, estimated 183 s, iters = {game: 542, MDP: 661}
> Progress 19.804%, elapsed 39 s, estimated 199 s, iters = {game: 581, MDP: 711}
> Progress 19.829%, elapsed 42 s, estimated 214 s, iters = {game: 623, MDP: 763}
> Progress 19.84%, elapsed 45 s, estimated 229 s, iters = {game: 660, MDP: 808}
> Progress 19.855%, elapsed 48 s, estimated 244 s, iters = {game: 722, MDP: 886}
> Progress 19.866%, elapsed 51 s, estimated 259 s, iters = {game: 754, MDP: 928}
> Progress 19.878%, elapsed 54 s, estimated 274 s, iters = {game: 785, MDP: 964}
> Progress 19.888%, elapsed 57 s, estimated 289 s, iters = {game: 829, MDP: 1021}
> Progress 19.894%, elapsed 60 s, estimated 304 s, iters = {game: 860, MDP: 1059}
> Progress 19.907%, elapsed 63 s, estimated 319 s, iters = {game: 920, MDP: 1135}
> Progress 20.009%, elapsed 66 s, estimated 333 s, iters = {game: 963, MDP: 1184}
> Progress 20.022%, elapsed 69 s, estimated 348 s, iters = {game: 990, MDP: 1218}
> Progress 20.035%, elapsed 72 s, estimated 363 s, iters = {game: 1016, MDP: 1250}
> Progress 20.048%, elapsed 75 s, estimated 378 s, iters = {game: 1042, MDP: 1282}
> Progress 20.068%, elapsed 78 s, estimated 393 s, iters = {game: 1083, MDP: 1334}
> Progress 20.087%, elapsed 81 s, estimated 407 s, iters = {game: 1125, MDP: 1385}
> Progress 20.1%, elapsed 85 s, estimated 423 s, iters = {game: 1151, MDP: 1417}
> Progress 20.112%, elapsed 88 s, estimated 438 s, iters = {game: 1176, MDP: 1448}
> Progress 20.125%, elapsed 91 s, estimated 453 s, iters = {game: 1203, MDP: 1481}
> Progress 20.151%, elapsed 94 s, estimated 467 s, iters = {game: 1250, MDP: 1537}
> Progress 20.164%, elapsed 97 s, estimated 482 s, iters = {game: 1287, MDP: 1585}
> Progress 20.177%, elapsed 100 s, estimated 497 s, iters = {game: 1312, MDP: 1616}
> Progress 20.19%, elapsed 103 s, estimated 512 s, iters = {game: 1337, MDP: 1648}
> Progress 20.203%, elapsed 106 s, estimated 527 s, iters = {game: 1363, MDP: 1680}
> Progress 20.228%, elapsed 109 s, estimated 541 s, iters = {game: 1418, MDP: 1748}
> Progress 20.248%, elapsed 112 s, estimated 556 s, iters = {game: 1445, MDP: 1780}
> Progress 20.254%, elapsed 115 s, estimated 571 s, iters = {game: 1470, MDP: 1811}
> Progress 20.267%, elapsed 118 s, estimated 585 s, iters = {game: 1495, MDP: 1843}
> Progress 20.286%, elapsed 121 s, estimated 599 s, iters = {game: 1523, MDP: 1876}
> Progress 20.303%, elapsed 124 s, estimated 614 s, iters = {game: 1566, MDP: 1928}
> Progress 20.316%, elapsed 127 s, estimated 629 s, iters = {game: 1610, MDP: 1982}
> Progress 20.318%, elapsed 130 s, estimated 644 s, iters = {game: 1638, MDP: 2019}
> Progress 20.329%, elapsed 133 s, estimated 658 s, iters = {game: 1664, MDP: 2051}
> Progress 20.331%, elapsed 137 s, estimated 673 s, iters = {game: 1689, MDP: 2084}
> Progress 20.342%, elapsed 140 s, estimated 688 s, iters = {game: 1716, MDP: 2116}
> Progress 20.351%, elapsed 143 s, estimated 703 s, iters = {game: 1742, MDP: 2149}
> Progress 20.357%, elapsed 146 s, estimated 718 s, iters = {game: 1771, MDP: 2184}
> Progress 20.368%, elapsed 149 s, estimated 732 s, iters = {game: 1811, MDP: 2236}
> Progress 20.724%, elapsed 152 s, estimated 734 s, iters = {game: 1867, MDP: 2305}
> Progress 20.774%, elapsed 155 s, estimated 747 s, iters = {game: 1940, MDP: 2395}
> Progress 20.777%, elapsed 158 s, estimated 761 s, iters = {game: 1980, MDP: 2447}
> Progress 20.781%, elapsed 161 s, estimated 776 s, iters = {game: 2022, MDP: 2501}
> Progress 20.828%, elapsed 164 s, estimated 789 s, iters = {game: 2051, MDP: 2536}
> Progress 20.83%, elapsed 167 s, estimated 803 s, iters = {game: 2079, MDP: 2571}
> Progress 20.833%, elapsed 170 s, estimated 818 s, iters = {game: 2108, MDP: 2609}
> Progress 20.878%, elapsed 173 s, estimated 831 s, iters = {game: 2138, MDP: 2645}
> Progress 20.882%, elapsed 176 s, estimated 846 s, iters = {game: 2175, MDP: 2692}
> Progress 20.929%, elapsed 179 s, estimated 858 s, iters = {game: 2213, MDP: 2740}
> Progress 20.931%, elapsed 182 s, estimated 873 s, iters = {game: 2242, MDP: 2778}
> Progress 20.933%, elapsed 185 s, estimated 887 s, iters = {game: 2270, MDP: 2812}
> Progress 20.961%, elapsed 188 s, estimated 900 s, iters = {game: 2298, MDP: 2850}
> Progress 21.013%, elapsed 191 s, estimated 912 s, iters = {game: 2392, MDP: 2967}
> Progress 21.038%, elapsed 194 s, estimated 926 s, iters = {game: 2478, MDP: 3075}
> Progress 21.085%, elapsed 197 s, estimated 938 s, iters = {game: 2513, MDP: 3118}
> Progress 21.088%, elapsed 200 s, estimated 952 s, iters = {game: 2548, MDP: 3163}
> Progress 21.135%, elapsed 203 s, estimated 964 s, iters = {game: 2590, MDP: 3215}
> Progress 21.137%, elapsed 207 s, estimated 979 s, iters = {game: 2619, MDP: 3253}
> Progress 21.141%, elapsed 210 s, estimated 993 s, iters = {game: 2647, MDP: 3289}
> Progress 21.186%, elapsed 213 s, estimated 1005 s, iters = {game: 2677, MDP: 3324}
> Progress 21.189%, elapsed 216 s, estimated 1020 s, iters = {game: 2712, MDP: 3370}
> Progress 21.193%, elapsed 219 s, estimated 1034 s, iters = {game: 2746, MDP: 3413}
> Progress 21.238%, elapsed 222 s, estimated 1046 s, iters = {game: 2778, MDP: 3453}
> Progress 21.24%, elapsed 225 s, estimated 1060 s, iters = {game: 2805, MDP: 3488}
> Progress 21.244%, elapsed 228 s, estimated 1074 s, iters = {game: 2834, MDP: 3525}
> Progress 21.292%, elapsed 231 s, estimated 1086 s, iters = {game: 2897, MDP: 3604}
> Progress 21.342%, elapsed 234 s, estimated 1097 s, iters = {game: 2974, MDP: 3699}
> Progress 21.392%, elapsed 237 s, estimated 1109 s, iters = {game: 3044, MDP: 3787}
> Progress 21.396%, elapsed 240 s, estimated 1123 s, iters = {game: 3085, MDP: 3840}
> Progress 21.442%, elapsed 243 s, estimated 1135 s, iters = {game: 3129, MDP: 3896}
> Progress 21.445%, elapsed 246 s, estimated 1149 s, iters = {game: 3160, MDP: 3935}
> Progress 21.448%, elapsed 249 s, estimated 1162 s, iters = {game: 3189, MDP: 3971}
> Progress 21.45%, elapsed 252 s, estimated 1176 s, iters = {game: 3217, MDP: 4008}
> Progress 21.497%, elapsed 255 s, estimated 1188 s, iters = {game: 3252, MDP: 4049}
> Progress 21.499%, elapsed 258 s, estimated 1202 s, iters = {game: 3287, MDP: 4095}
> Progress 21.546%, elapsed 261 s, estimated 1213 s, iters = {game: 3325, MDP: 4141}
> Progress 21.549%, elapsed 264 s, estimated 1227 s, iters = {game: 3354, MDP: 4179}
> Progress 21.553%, elapsed 267 s, estimated 1241 s, iters = {game: 3384, MDP: 4217}
> Progress 21.6%, elapsed 270 s, estimated 1252 s, iters = {game: 3443, MDP: 4292}
> Progress 21.651%, elapsed 273 s, estimated 1263 s, iters = {game: 3533, MDP: 4404}
> Progress 21.7%, elapsed 276 s, estimated 1275 s, iters = {game: 3599, MDP: 4486}
> Progress 21.705%, elapsed 279 s, estimated 1288 s, iters = {game: 3639, MDP: 4538}
> Progress 21.75%, elapsed 282 s, estimated 1299 s, iters = {game: 3681, MDP: 4593}
> Progress 21.754%, elapsed 285 s, estimated 1313 s, iters = {game: 3712, MDP: 4630}
> Progress 21.756%, elapsed 288 s, estimated 1327 s, iters = {game: 3740, MDP: 4666}
> Progress 21.759%, elapsed 291 s, estimated 1341 s, iters = {game: 3766, MDP: 4700}
> Progress 21.804%, elapsed 294 s, estimated 1352 s, iters = {game: 3794, MDP: 4734}
> Progress 21.808%, elapsed 298 s, estimated 1366 s, iters = {game: 3833, MDP: 4783}
> Progress 21.854%, elapsed 301 s, estimated 1377 s, iters = {game: 3868, MDP: 4827}
> Progress 21.857%, elapsed 304 s, estimated 1391 s, iters = {game: 3899, MDP: 4866}
> Progress 21.859%, elapsed 307 s, estimated 1405 s, iters = {game: 3927, MDP: 4904}
> Progress 21.906%, elapsed 310 s, estimated 1416 s, iters = {game: 3960, MDP: 4943}
> Progress 21.947%, elapsed 313 s, estimated 1427 s, iters = {game: 4051, MDP: 5058}
> Progress 21.951%, elapsed 316 s, estimated 1440 s, iters = {game: 4083, MDP: 5097}
> Progress 21.954%, elapsed 319 s, estimated 1454 s, iters = {game: 4112, MDP: 5136}
> Progress 21.958%, elapsed 322 s, estimated 1467 s, iters = {game: 4148, MDP: 5180}
> Progress 21.99%, elapsed 325 s, estimated 1479 s, iters = {game: 4227, MDP: 5282}
> Progress 22.003%, elapsed 328 s, estimated 1492 s, iters = {game: 4264, MDP: 5327}
> Progress 22.007%, elapsed 331 s, estimated 1505 s, iters = {game: 4298, MDP: 5371}
> Progress 22.009%, elapsed 334 s, estimated 1519 s, iters = {game: 4336, MDP: 5419}
> Progress 22.014%, elapsed 337 s, estimated 1532 s, iters = {game: 4376, MDP: 5470}
> Progress 22.052%, elapsed 340 s, estimated 1544 s, iters = {game: 4418, MDP: 5521}
> Progress 22.054%, elapsed 343 s, estimated 1557 s, iters = {game: 4447, MDP: 5559}
> Progress 22.058%, elapsed 346 s, estimated 1571 s, iters = {game: 4476, MDP: 5597}
> Progress 22.06%, elapsed 349 s, estimated 1584 s, iters = {game: 4505, MDP: 5632}
> Progress 22.063%, elapsed 352 s, estimated 1598 s, iters = {game: 4534, MDP: 5670}
> Progress 22.067%, elapsed 355 s, estimated 1612 s, iters = {game: 4563, MDP: 5708}
> Progress 22.102%, elapsed 358 s, estimated 1623 s, iters = {game: 4591, MDP: 5742}
> Progress 22.106%, elapsed 361 s, estimated 1636 s, iters = {game: 4628, MDP: 5788}
> Progress 22.11%, elapsed 364 s, estimated 1650 s, iters = {game: 4662, MDP: 5831}
> Progress 22.112%, elapsed 367 s, estimated 1663 s, iters = {game: 4698, MDP: 5878}
> Progress 22.116%, elapsed 370 s, estimated 1677 s, iters = {game: 4737, MDP: 5927}
> Progress 22.155%, elapsed 374 s, estimated 1688 s, iters = {game: 4773, MDP: 5972}
> Progress 22.157%, elapsed 377 s, estimated 1701 s, iters = {game: 4803, MDP: 6010}
> Progress 22.159%, elapsed 380 s, estimated 1715 s, iters = {game: 4831, MDP: 6048}
> Progress 22.163%, elapsed 383 s, estimated 1728 s, iters = {game: 4860, MDP: 6083}
> Progress 22.166%, elapsed 386 s, estimated 1742 s, iters = {game: 4890, MDP: 6121}
> Progress 22.168%, elapsed 389 s, estimated 1755 s, iters = {game: 4918, MDP: 6159}
> Progress 22.196%, elapsed 392 s, estimated 1767 s, iters = {game: 4945, MDP: 6192}
> Progress 22.213%, elapsed 395 s, estimated 1779 s, iters = {game: 5023, MDP: 6291}
> Progress 22.222%, elapsed 398 s, estimated 1792 s, iters = {game: 5123, MDP: 6418}
> Progress 22.324%, elapsed 401 s, estimated 1797 s, iters = {game: 5180, MDP: 6514}
> Progress 22.337%, elapsed 404 s, estimated 1810 s, iters = {game: 5216, MDP: 6580}
> Progress 22.35%, elapsed 407 s, estimated 1822 s, iters = {game: 5254, MDP: 6651}
> Progress 22.363%, elapsed 410 s, estimated 1835 s, iters = {game: 5282, MDP: 6704}
> Progress 22.388%, elapsed 413 s, estimated 1846 s, iters = {game: 5344, MDP: 6810}
> Progress 22.414%, elapsed 416 s, estimated 1857 s, iters = {game: 5401, MDP: 6914}
> Progress 22.427%, elapsed 419 s, estimated 1870 s, iters = {game: 5430, MDP: 6968}
> Progress 22.44%, elapsed 422 s, estimated 1882 s, iters = {game: 5469, MDP: 7037}
> Progress 22.453%, elapsed 425 s, estimated 1895 s, iters = {game: 5520, MDP: 7139}
> Progress 22.479%, elapsed 428 s, estimated 1906 s, iters = {game: 5580, MDP: 7241}
> Progress 22.492%, elapsed 431 s, estimated 1918 s, iters = {game: 5613, MDP: 7304}
> Progress 22.505%, elapsed 434 s, estimated 1931 s, iters = {game: 5653, MDP: 7377}
> Progress 22.517%, elapsed 437 s, estimated 1943 s, iters = {game: 5682, MDP: 7427}
> Progress 22.543%, elapsed 440 s, estimated 1954 s, iters = {game: 5746, MDP: 7545}
> Progress 22.568%, elapsed 443 s, estimated 1965 s, iters = {game: 5798, MDP: 7637}
> Progress 22.581%, elapsed 446 s, estimated 1977 s, iters = {game: 5830, MDP: 7692}
> Progress 22.594%, elapsed 449 s, estimated 1990 s, iters = {game: 5867, MDP: 7762}
> Progress 22.608%, elapsed 452 s, estimated 2002 s, iters = {game: 5918, MDP: 7861}
> Progress 22.618%, elapsed 455 s, estimated 2014 s, iters = {game: 5948, MDP: 7912}
> Progress 22.631%, elapsed 458 s, estimated 2027 s, iters = {game: 6006, MDP: 8021}
> Progress 22.643%, elapsed 461 s, estimated 2039 s, iters = {game: 6055, MDP: 8110}
> Progress 22.645%, elapsed 464 s, estimated 2052 s, iters = {game: 6083, MDP: 8164}
> Progress 22.656%, elapsed 467 s, estimated 2064 s, iters = {game: 6115, MDP: 8220}
> Progress 22.659%, elapsed 470 s, estimated 2077 s, iters = {game: 6160, MDP: 8310}
> Progress 22.669%, elapsed 473 s, estimated 2090 s, iters = {game: 6189, MDP: 8365}
> Progress 22.672%, elapsed 476 s, estimated 2103 s, iters = {game: 6217, MDP: 8418}
> Progress 22.685%, elapsed 479 s, estimated 2115 s, iters = {game: 6287, MDP: 8555}
> Progress 22.787%, elapsed 482 s, estimated 2119 s, iters = {game: 6327, MDP: 8606}
> Progress 22.8%, elapsed 485 s, estimated 2131 s, iters = {game: 6353, MDP: 8650}
> Progress 22.825%, elapsed 488 s, estimated 2142 s, iters = {game: 6381, MDP: 8687}
> Progress 22.852%, elapsed 492 s, estimated 2153 s, iters = {game: 6420, MDP: 8744}
> Progress 22.903%, elapsed 495 s, estimated 2161 s, iters = {game: 6449, MDP: 8773}
> Progress 22.955%, elapsed 498 s, estimated 2169 s, iters = {game: 6482, MDP: 8806}
> Progress 23.0%, elapsed 501 s, estimated 2178 s, iters = {game: 6511, MDP: 8835}
> Progress 23.051%, elapsed 504 s, estimated 2187 s, iters = {game: 6540, MDP: 8865}
> Progress 23.094%, elapsed 507 s, estimated 2196 s, iters = {game: 6574, MDP: 8898}
> Progress 23.128%, elapsed 510 s, estimated 2206 s, iters = {game: 6604, MDP: 8928}
> Progress 23.501%, elapsed 513 s, estimated 2184 s, iters = {game: 6639, MDP: 8963}
> Progress 23.505%, elapsed 516 s, estimated 2196 s, iters = {game: 6717, MDP: 9117}
> Progress 23.552%, elapsed 519 s, estimated 2204 s, iters = {game: 6766, MDP: 9206}
> Progress 23.555%, elapsed 522 s, estimated 2217 s, iters = {game: 6801, MDP: 9275}
> Progress 23.557%, elapsed 525 s, estimated 2229 s, iters = {game: 6832, MDP: 9336}
> Progress 23.602%, elapsed 528 s, estimated 2238 s, iters = {game: 6875, MDP: 9415}
> Progress 23.604%, elapsed 531 s, estimated 2251 s, iters = {game: 6901, MDP: 9465}
> Progress 23.606%, elapsed 534 s, estimated 2263 s, iters = {game: 6927, MDP: 9517}
> Progress 23.608%, elapsed 537 s, estimated 2276 s, iters = {game: 6953, MDP: 9565}
> Progress 23.61%, elapsed 540 s, estimated 2289 s, iters = {game: 6978, MDP: 9616}
> Progress 23.655%, elapsed 543 s, estimated 2297 s, iters = {game: 7005, MDP: 9660}
> Progress 23.657%, elapsed 546 s, estimated 2310 s, iters = {game: 7038, MDP: 9726}
> Progress 23.66%, elapsed 549 s, estimated 2322 s, iters = {game: 7069, MDP: 9787}
> Progress 23.662%, elapsed 552 s, estimated 2335 s, iters = {game: 7105, MDP: 9855}
> Progress 23.707%, elapsed 555 s, estimated 2343 s, iters = {game: 7131, MDP: 9903}
> Progress 23.709%, elapsed 558 s, estimated 2355 s, iters = {game: 7157, MDP: 9952}
> Progress 23.711%, elapsed 561 s, estimated 2368 s, iters = {game: 7181, MDP: 9997}
> Progress 23.713%, elapsed 564 s, estimated 2381 s, iters = {game: 7205, MDP: 10043}
> Progress 23.713%, elapsed 567 s, estimated 2393 s, iters = {game: 7227, MDP: 10091}
> Progress 23.763%, elapsed 570 s, estimated 2401 s, iters = {game: 7316, MDP: 10258}
> Progress 23.812%, elapsed 573 s, estimated 2409 s, iters = {game: 7394, MDP: 10403}
> Progress 23.861%, elapsed 576 s, estimated 2416 s, iters = {game: 7439, MDP: 10478}
> Progress 23.863%, elapsed 579 s, estimated 2429 s, iters = {game: 7475, MDP: 10547}
> Progress 23.912%, elapsed 582 s, estimated 2437 s, iters = {game: 7506, MDP: 10595}
> Progress 23.914%, elapsed 585 s, estimated 2449 s, iters = {game: 7532, MDP: 10645}
> Progress 23.919%, elapsed 588 s, estimated 2461 s, iters = {game: 7557, MDP: 10691}
> Progress 23.964%, elapsed 591 s, estimated 2469 s, iters = {game: 7585, MDP: 10737}
> Progress 23.968%, elapsed 594 s, estimated 2482 s, iters = {game: 7623, MDP: 10811}
> Progress 24.015%, elapsed 597 s, estimated 2489 s, iters = {game: 7652, MDP: 10857}
> Progress 24.018%, elapsed 600 s, estimated 2502 s, iters = {game: 7678, MDP: 10909}
> Progress 24.067%, elapsed 603 s, estimated 2509 s, iters = {game: 7721, MDP: 10978}
> Progress 24.118%, elapsed 606 s, estimated 2516 s, iters = {game: 7795, MDP: 11108}
> Progress 24.169%, elapsed 609 s, estimated 2523 s, iters = {game: 7854, MDP: 11210}
> Progress 24.172%, elapsed 612 s, estimated 2535 s, iters = {game: 7890, MDP: 11282}
> Progress 24.221%, elapsed 616 s, estimated 2543 s, iters = {game: 7925, MDP: 11337}
> Progress 24.223%, elapsed 619 s, estimated 2555 s, iters = {game: 7951, MDP: 11386}
> Progress 24.227%, elapsed 622 s, estimated 2567 s, iters = {game: 7976, MDP: 11434}
> Progress 24.273%, elapsed 625 s, estimated 2574 s, iters = {game: 8004, MDP: 11477}
> Progress 24.275%, elapsed 628 s, estimated 2587 s, iters = {game: 8041, MDP: 11553}
> Progress 24.324%, elapsed 631 s, estimated 2594 s, iters = {game: 8071, MDP: 11596}
> Progress 24.326%, elapsed 634 s, estimated 2606 s, iters = {game: 8097, MDP: 11649}
> Progress 24.375%, elapsed 637 s, estimated 2613 s, iters = {game: 8136, MDP: 11711}
> Progress 24.427%, elapsed 640 s, estimated 2620 s, iters = {game: 8218, MDP: 11856}
> Progress 24.478%, elapsed 643 s, estimated 2627 s, iters = {game: 8274, MDP: 11954}
> Progress 24.48%, elapsed 646 s, estimated 2639 s, iters = {game: 8310, MDP: 12027}
> Progress 24.53%, elapsed 649 s, estimated 2646 s, iters = {game: 8344, MDP: 12078}
> Progress 24.532%, elapsed 652 s, estimated 2658 s, iters = {game: 8370, MDP: 12128}
> Progress 24.537%, elapsed 655 s, estimated 2670 s, iters = {game: 8396, MDP: 12178}
> Progress 24.581%, elapsed 658 s, estimated 2677 s, iters = {game: 8424, MDP: 12225}
> Progress 24.585%, elapsed 661 s, estimated 2689 s, iters = {game: 8463, MDP: 12299}
> Progress 24.633%, elapsed 664 s, estimated 2696 s, iters = {game: 8492, MDP: 12347}
> Progress 24.635%, elapsed 667 s, estimated 2708 s, iters = {game: 8519, MDP: 12397}
> Progress 24.684%, elapsed 670 s, estimated 2715 s, iters = {game: 8568, MDP: 12482}
> Progress 24.727%, elapsed 673 s, estimated 2722 s, iters = {game: 8624, MDP: 12575}
> Progress 24.729%, elapsed 676 s, estimated 2734 s, iters = {game: 8651, MDP: 12626}
> Progress 24.733%, elapsed 679 s, estimated 2746 s, iters = {game: 8677, MDP: 12676}
> Progress 24.777%, elapsed 682 s, estimated 2753 s, iters = {game: 8748, MDP: 12801}
> Progress 24.779%, elapsed 685 s, estimated 2766 s, iters = {game: 8777, MDP: 12853}
> Progress 24.787%, elapsed 688 s, estimated 2777 s, iters = {game: 8817, MDP: 12923}
> Progress 24.789%, elapsed 691 s, estimated 2789 s, iters = {game: 8850, MDP: 12983}
> Progress 24.829%, elapsed 694 s, estimated 2797 s, iters = {game: 8889, MDP: 13049}
> Progress 24.832%, elapsed 697 s, estimated 2808 s, iters = {game: 8915, MDP: 13103}
> Progress 24.832%, elapsed 700 s, estimated 2821 s, iters = {game: 8942, MDP: 13156}
> Progress 24.839%, elapsed 703 s, estimated 2832 s, iters = {game: 8971, MDP: 13203}
> Progress 24.841%, elapsed 706 s, estimated 2844 s, iters = {game: 8997, MDP: 13255}
> Progress 24.881%, elapsed 709 s, estimated 2852 s, iters = {game: 9024, MDP: 13292}
> Progress 24.882%, elapsed 712 s, estimated 2864 s, iters = {game: 9050, MDP: 13346}
> Progress 24.889%, elapsed 715 s, estimated 2875 s, iters = {game: 9092, MDP: 13414}
> Progress 24.892%, elapsed 718 s, estimated 2887 s, iters = {game: 9122, MDP: 13471}
> Progress 24.932%, elapsed 721 s, estimated 2894 s, iters = {game: 9159, MDP: 13535}
> Progress 24.933%, elapsed 724 s, estimated 2906 s, iters = {game: 9185, MDP: 13588}
> Progress 24.935%, elapsed 727 s, estimated 2918 s, iters = {game: 9212, MDP: 13639}
> Progress 24.941%, elapsed 730 s, estimated 2930 s, iters = {game: 9239, MDP: 13681}
> Progress 24.943%, elapsed 733 s, estimated 2942 s, iters = {game: 9265, MDP: 13733}
> Progress 24.984%, elapsed 736 s, estimated 2949 s, iters = {game: 9296, MDP: 13781}
> Progress 24.993%, elapsed 739 s, estimated 2960 s, iters = {game: 9370, MDP: 13917}
> Progress 25.308%, elapsed 742 s, estimated 2935 s, iters = {game: 9429, MDP: 14021}
> Progress 25.346%, elapsed 745 s, estimated 2943 s, iters = {game: 9487, MDP: 14091}
> Progress 25.359%, elapsed 748 s, estimated 2953 s, iters = {game: 9522, MDP: 14135}
> Progress 25.372%, elapsed 752 s, estimated 2963 s, iters = {game: 9556, MDP: 14177}
> Progress 25.411%, elapsed 755 s, estimated 2971 s, iters = {game: 9625, MDP: 14274}
> Progress 25.424%, elapsed 758 s, estimated 2981 s, iters = {game: 9659, MDP: 14338}
> Progress 25.449%, elapsed 761 s, estimated 2990 s, iters = {game: 9697, MDP: 14397}
> Progress 25.54%, elapsed 764 s, estimated 2991 s, iters = {game: 9741, MDP: 14477}
> Progress 25.565%, elapsed 767 s, estimated 3000 s, iters = {game: 9807, MDP: 14560}
> Progress 25.578%, elapsed 770 s, estimated 3011 s, iters = {game: 9835, MDP: 14595}
> Progress 25.591%, elapsed 773 s, estimated 3021 s, iters = {game: 9875, MDP: 14648}
> Progress 25.604%, elapsed 776 s, estimated 3031 s, iters = {game: 9905, MDP: 14685}
> Progress 25.642%, elapsed 779 s, estimated 3038 s, iters = {game: 9980, MDP: 14797}
> Progress 25.655%, elapsed 782 s, estimated 3049 s, iters = {game: 10023, MDP: 14876}
> Progress 25.668%, elapsed 785 s, estimated 3059 s, iters = {game: 10057, MDP: 14937}
> Progress 25.681%, elapsed 788 s, estimated 3069 s, iters = {game: 10090, MDP: 14997}
> Progress 25.694%, elapsed 791 s, estimated 3079 s, iters = {game: 10138, MDP: 15090}
> Progress 25.797%, elapsed 794 s, estimated 3079 s, iters = {game: 10200, MDP: 15167}
> Progress 25.809%, elapsed 797 s, estimated 3089 s, iters = {game: 10233, MDP: 15209}
> Progress 25.823%, elapsed 800 s, estimated 3099 s, iters = {game: 10273, MDP: 15261}
> Progress 25.835%, elapsed 803 s, estimated 3110 s, iters = {game: 10302, MDP: 15297}
> Progress 25.861%, elapsed 806 s, estimated 3118 s, iters = {game: 10373, MDP: 15406}
> Progress 25.886%, elapsed 809 s, estimated 3127 s, iters = {game: 10419, MDP: 15489}
> Progress 25.899%, elapsed 812 s, estimated 3137 s, iters = {game: 10452, MDP: 15545}
> Progress 25.912%, elapsed 815 s, estimated 3147 s, iters = {game: 10486, MDP: 15609}
> Progress 25.925%, elapsed 818 s, estimated 3157 s, iters = {game: 10536, MDP: 15704}
> Progress 26.028%, elapsed 821 s, estimated 3156 s, iters = {game: 10599, MDP: 15782}
> Progress 26.041%, elapsed 824 s, estimated 3167 s, iters = {game: 10630, MDP: 15822}
> Progress 26.054%, elapsed 827 s, estimated 3177 s, iters = {game: 10670, MDP: 15875}
> Progress 26.067%, elapsed 830 s, estimated 3187 s, iters = {game: 10698, MDP: 15909}
> Progress 26.092%, elapsed 833 s, estimated 3195 s, iters = {game: 10764, MDP: 16008}
> Progress 26.118%, elapsed 836 s, estimated 3203 s, iters = {game: 10814, MDP: 16094}
> Progress 26.13%, elapsed 839 s, estimated 3213 s, iters = {game: 10844, MDP: 16148}
> Progress 26.143%, elapsed 842 s, estimated 3223 s, iters = {game: 10880, MDP: 16213}
> Progress 26.157%, elapsed 845 s, estimated 3233 s, iters = {game: 10929, MDP: 16311}
> Progress 26.244%, elapsed 848 s, estimated 3234 s, iters = {game: 10957, MDP: 16346}
> Progress 26.257%, elapsed 851 s, estimated 3244 s, iters = {game: 11010, MDP: 16412}
> Progress 26.266%, elapsed 854 s, estimated 3254 s, iters = {game: 11063, MDP: 16483}
> Progress 26.271%, elapsed 857 s, estimated 3265 s, iters = {game: 11092, MDP: 16521}
> Progress 26.273%, elapsed 860 s, estimated 3277 s, iters = {game: 11118, MDP: 16555}
> Progress 26.285%, elapsed 864 s, estimated 3287 s, iters = {game: 11164, MDP: 16612}
> Progress 26.296%, elapsed 867 s, estimated 3297 s, iters = {game: 11200, MDP: 16659}
> Progress 26.298%, elapsed 870 s, estimated 3308 s, iters = {game: 11228, MDP: 16696}
> Progress 26.309%, elapsed 873 s, estimated 3318 s, iters = {game: 11274, MDP: 16757}
> Progress 26.321%, elapsed 876 s, estimated 3328 s, iters = {game: 11327, MDP: 16829}
> Progress 26.333%, elapsed 879 s, estimated 3338 s, iters = {game: 11374, MDP: 16920}
> Progress 26.337%, elapsed 882 s, estimated 3349 s, iters = {game: 11428, MDP: 17025}
> Progress 26.347%, elapsed 885 s, estimated 3359 s, iters = {game: 11456, MDP: 17074}
> Progress 26.349%, elapsed 888 s, estimated 3370 s, iters = {game: 11481, MDP: 17124}
> Progress 26.36%, elapsed 891 s, estimated 3380 s, iters = {game: 11515, MDP: 17181}
> Progress 26.363%, elapsed 894 s, estimated 3391 s, iters = {game: 11555, MDP: 17264}
> Progress 26.373%, elapsed 897 s, estimated 3401 s, iters = {game: 11582, MDP: 17311}
> Progress 26.375%, elapsed 900 s, estimated 3413 s, iters = {game: 11608, MDP: 17361}
> Progress 26.388%, elapsed 903 s, estimated 3422 s, iters = {game: 11676, MDP: 17493}
> Progress 26.645%, elapsed 906 s, estimated 3401 s, iters = {game: 11711, MDP: 17530}
> Progress 26.665%, elapsed 909 s, estimated 3410 s, iters = {game: 11738, MDP: 17563}
> Progress 26.684%, elapsed 912 s, estimated 3419 s, iters = {game: 11767, MDP: 17598}
> Progress 26.722%, elapsed 915 s, estimated 3425 s, iters = {game: 11818, MDP: 17670}
> Progress 26.735%, elapsed 918 s, estimated 3435 s, iters = {game: 11846, MDP: 17716}
> Progress 26.748%, elapsed 921 s, estimated 3445 s, iters = {game: 11870, MDP: 17758}
> Progress 26.761%, elapsed 924 s, estimated 3455 s, iters = {game: 11896, MDP: 17802}
> Progress 26.774%, elapsed 927 s, estimated 3464 s, iters = {game: 11935, MDP: 17875}
> Progress 26.8%, elapsed 930 s, estimated 3472 s, iters = {game: 11979, MDP: 17942}
> Progress 26.812%, elapsed 933 s, estimated 3482 s, iters = {game: 12006, MDP: 17990}
> Progress 26.825%, elapsed 936 s, estimated 3491 s, iters = {game: 12032, MDP: 18034}
> Progress 26.838%, elapsed 939 s, estimated 3501 s, iters = {game: 12059, MDP: 18079}
> Progress 26.851%, elapsed 942 s, estimated 3510 s, iters = {game: 12099, MDP: 18149}
> Progress 26.889%, elapsed 945 s, estimated 3517 s, iters = {game: 12136, MDP: 18192}
> Progress 26.903%, elapsed 948 s, estimated 3526 s, iters = {game: 12163, MDP: 18224}
> Progress 26.929%, elapsed 951 s, estimated 3534 s, iters = {game: 12198, MDP: 18266}
> Progress 26.954%, elapsed 954 s, estimated 3542 s, iters = {game: 12244, MDP: 18346}
> Progress 26.966%, elapsed 957 s, estimated 3552 s, iters = {game: 12272, MDP: 18394}
> Progress 26.967%, elapsed 960 s, estimated 3563 s, iters = {game: 12296, MDP: 18445}
> Progress 26.98%, elapsed 964 s, estimated 3573 s, iters = {game: 12321, MDP: 18488}
> Progress 26.992%, elapsed 967 s, estimated 3582 s, iters = {game: 12347, MDP: 18533}
> Progress 27.006%, elapsed 970 s, estimated 3592 s, iters = {game: 12391, MDP: 18618}
> Progress 27.031%, elapsed 973 s, estimated 3599 s, iters = {game: 12436, MDP: 18693}
> Progress 27.031%, elapsed 976 s, estimated 3611 s, iters = {game: 12460, MDP: 18744}
> Progress 27.044%, elapsed 979 s, estimated 3620 s, iters = {game: 12483, MDP: 18786}
> Progress 27.057%, elapsed 982 s, estimated 3630 s, iters = {game: 12507, MDP: 18825}
> Progress 27.068%, elapsed 985 s, estimated 3639 s, iters = {game: 12530, MDP: 18868}
> Progress 27.07%, elapsed 988 s, estimated 3650 s, iters = {game: 12554, MDP: 18913}
> Progress 27.083%, elapsed 991 s, estimated 3660 s, iters = {game: 12595, MDP: 18988}
> Progress 27.109%, elapsed 994 s, estimated 3667 s, iters = {game: 12630, MDP: 19028}
> Progress 27.134%, elapsed 997 s, estimated 3675 s, iters = {game: 12658, MDP: 19059}
> Progress 27.158%, elapsed 1000 s, estimated 3683 s, iters = {game: 12684, MDP: 19092}
> Progress 27.185%, elapsed 1003 s, estimated 3690 s, iters = {game: 12736, MDP: 19173}
> Progress 27.186%, elapsed 1006 s, estimated 3701 s, iters = {game: 12761, MDP: 19224}
> Progress 27.198%, elapsed 1009 s, estimated 3711 s, iters = {game: 12782, MDP: 19259}
> Progress 27.211%, elapsed 1012 s, estimated 3720 s, iters = {game: 12803, MDP: 19294}
> Progress 27.211%, elapsed 1015 s, estimated 3731 s, iters = {game: 12824, MDP: 19337}
> Progress 27.224%, elapsed 1018 s, estimated 3741 s, iters = {game: 12848, MDP: 19378}
> Progress 27.237%, elapsed 1021 s, estimated 3750 s, iters = {game: 12891, MDP: 19461}
> Progress 27.262%, elapsed 1024 s, estimated 3758 s, iters = {game: 12936, MDP: 19535}
> Progress 27.269%, elapsed 1027 s, estimated 3768 s, iters = {game: 12961, MDP: 19588}
> Progress 27.275%, elapsed 1030 s, estimated 3778 s, iters = {game: 12986, MDP: 19632}
> Progress 27.288%, elapsed 1033 s, estimated 3787 s, iters = {game: 13010, MDP: 19672}
> Progress 27.301%, elapsed 1036 s, estimated 3797 s, iters = {game: 13035, MDP: 19715}
> Progress 27.301%, elapsed 1039 s, estimated 3808 s, iters = {game: 13056, MDP: 19760}
> Progress 27.325%, elapsed 1042 s, estimated 3815 s, iters = {game: 13099, MDP: 19833}
> Progress 27.352%, elapsed 1045 s, estimated 3823 s, iters = {game: 13133, MDP: 19873}
> Progress 27.366%, elapsed 1048 s, estimated 3832 s, iters = {game: 13159, MDP: 19904}
> Progress 27.391%, elapsed 1051 s, estimated 3839 s, iters = {game: 13194, MDP: 19946}
> Progress 27.417%, elapsed 1054 s, estimated 3847 s, iters = {game: 13240, MDP: 20022}
> Progress 27.429%, elapsed 1057 s, estimated 3856 s, iters = {game: 13265, MDP: 20071}
> Progress 27.43%, elapsed 1060 s, estimated 3867 s, iters = {game: 13288, MDP: 20119}
> Progress 27.443%, elapsed 1063 s, estimated 3876 s, iters = {game: 13313, MDP: 20159}
> Progress 27.455%, elapsed 1066 s, estimated 3886 s, iters = {game: 13338, MDP: 20201}
> Progress 27.462%, elapsed 1070 s, estimated 3896 s, iters = {game: 13360, MDP: 20247}
> Progress 27.481%, elapsed 1073 s, estimated 3904 s, iters = {game: 13420, MDP: 20355}
> Progress 27.494%, elapsed 1076 s, estimated 3913 s, iters = {game: 13449, MDP: 20408}
> Progress 27.507%, elapsed 1079 s, estimated 3922 s, iters = {game: 13475, MDP: 20452}
> Progress 27.519%, elapsed 1082 s, estimated 3932 s, iters = {game: 13499, MDP: 20494}
> Progress 27.52%, elapsed 1085 s, estimated 3943 s, iters = {game: 13522, MDP: 20544}
> Progress 27.533%, elapsed 1088 s, estimated 3952 s, iters = {game: 13547, MDP: 20587}
> Progress 27.546%, elapsed 1091 s, estimated 3961 s, iters = {game: 13591, MDP: 20667}
> Progress 27.567%, elapsed 1094 s, estimated 3969 s, iters = {game: 13626, MDP: 20708}
> Progress 27.578%, elapsed 1097 s, estimated 3978 s, iters = {game: 13653, MDP: 20742}
> Progress 27.584%, elapsed 1100 s, estimated 3988 s, iters = {game: 13678, MDP: 20773}
> Progress 27.597%, elapsed 1103 s, estimated 3998 s, iters = {game: 13705, MDP: 20803}
> Progress 27.61%, elapsed 1106 s, estimated 4007 s, iters = {game: 13732, MDP: 20836}
> Progress 27.629%, elapsed 1109 s, estimated 4015 s, iters = {game: 13774, MDP: 20886}
> Progress 27.634%, elapsed 1112 s, estimated 4025 s, iters = {game: 13799, MDP: 20933}
> Progress 27.646%, elapsed 1115 s, estimated 4034 s, iters = {game: 13842, MDP: 21008}
> Progress 27.647%, elapsed 1118 s, estimated 4045 s, iters = {game: 13865, MDP: 21058}
> Progress 27.649%, elapsed 1121 s, estimated 4056 s, iters = {game: 13888, MDP: 21102}
> Progress 27.659%, elapsed 1124 s, estimated 4065 s, iters = {game: 13912, MDP: 21145}
> Progress 27.661%, elapsed 1127 s, estimated 4076 s, iters = {game: 13935, MDP: 21188}
> Progress 27.662%, elapsed 1130 s, estimated 4087 s, iters = {game: 13953, MDP: 21228}
> Progress 27.672%, elapsed 1133 s, estimated 4096 s, iters = {game: 13979, MDP: 21268}
> Progress 27.674%, elapsed 1136 s, estimated 4107 s, iters = {game: 14002, MDP: 21313}
> Progress 27.684%, elapsed 1139 s, estimated 4116 s, iters = {game: 14025, MDP: 21353}
> Progress 27.685%, elapsed 1142 s, estimated 4127 s, iters = {game: 14047, MDP: 21399}
> Progress 27.687%, elapsed 1145 s, estimated 4138 s, iters = {game: 14068, MDP: 21441}
> Progress 27.698%, elapsed 1148 s, estimated 4147 s, iters = {game: 14108, MDP: 21514}
> Progress 27.71%, elapsed 1151 s, estimated 4156 s, iters = {game: 14155, MDP: 21594}
> Progress 27.713%, elapsed 1154 s, estimated 4167 s, iters = {game: 14191, MDP: 21666}
> Progress 27.723%, elapsed 1157 s, estimated 4176 s, iters = {game: 14223, MDP: 21725}
> Progress 27.725%, elapsed 1160 s, estimated 4187 s, iters = {game: 14248, MDP: 21774}
> Progress 27.736%, elapsed 1163 s, estimated 4196 s, iters = {game: 14274, MDP: 21818}
> Progress 27.738%, elapsed 1167 s, estimated 4207 s, iters = {game: 14298, MDP: 21869}
> Progress 27.739%, elapsed 1170 s, estimated 4217 s, iters = {game: 14322, MDP: 21917}
> Progress 27.749%, elapsed 1173 s, estimated 4227 s, iters = {game: 14348, MDP: 21958}
> Progress 27.751%, elapsed 1176 s, estimated 4237 s, iters = {game: 14372, MDP: 22006}
> Progress 27.762%, elapsed 1179 s, estimated 4247 s, iters = {game: 14397, MDP: 22049}
> Progress 27.762%, elapsed 1182 s, estimated 4257 s, iters = {game: 14418, MDP: 22094}
> Progress 27.764%, elapsed 1185 s, estimated 4268 s, iters = {game: 14442, MDP: 22140}
> Progress 27.777%, elapsed 1188 s, estimated 4277 s, iters = {game: 14490, MDP: 22228}
> Progress 28.75%, elapsed 1191 s, estimated 4143 s, iters = {game: 14527, MDP: 22287}
2024-01-02 23:33:26,646 - policy_tree.py - game YES but nor forall family of size 6
2024-01-02 23:33:26,689 - policy_tree.py - game YES but nor forall family of size 3
2024-01-02 23:33:26,792 - policy_tree.py - game YES but nor forall family of size 3
2024-01-02 23:33:28,969 - policy_tree.py - game YES but nor forall family of size 6
2024-01-02 23:33:29,034 - policy_tree.py - game YES but nor forall family of size 3
2024-01-02 23:33:29,189 - policy_tree.py - game YES but nor forall family of size 3
> Progress 28.802%, elapsed 1194 s, estimated 4146 s, iters = {game: 14582, MDP: 22354}
2024-01-02 23:33:30,042 - policy_tree.py - game YES but nor forall family of size 6
2024-01-02 23:33:30,132 - policy_tree.py - game YES but nor forall family of size 3
2024-01-02 23:33:30,358 - policy_tree.py - game YES but nor forall family of size 3
> Progress 28.853%, elapsed 1197 s, estimated 4149 s, iters = {game: 14618, MDP: 22396}
2024-01-02 23:33:32,648 - policy_tree.py - game YES but nor forall family of size 6
2024-01-02 23:33:32,748 - policy_tree.py - game YES but nor forall family of size 3
2024-01-02 23:33:32,980 - policy_tree.py - game YES but nor forall family of size 3
2024-01-02 23:33:34,037 - policy_tree.py - game YES but nor forall family of size 6
2024-01-02 23:33:34,136 - policy_tree.py - game YES but nor forall family of size 3
2024-01-02 23:33:34,385 - policy_tree.py - game YES but nor forall family of size 3
> Progress 28.857%, elapsed 1200 s, estimated 4159 s, iters = {game: 14646, MDP: 22431}
2024-01-02 23:33:37,571 - policy_tree.py - game YES but nor forall family of size 6
2024-01-02 23:33:37,637 - policy_tree.py - game YES but nor forall family of size 3
2024-01-02 23:33:37,785 - policy_tree.py - game YES but nor forall family of size 3
> Progress 28.907%, elapsed 1203 s, estimated 4162 s, iters = {game: 14677, MDP: 22467}
2024-01-02 23:33:38,702 - policy_tree.py - game YES but nor forall family of size 6
2024-01-02 23:33:38,805 - policy_tree.py - game YES but nor forall family of size 3
2024-01-02 23:33:39,052 - policy_tree.py - game YES but nor forall family of size 3
> Progress 28.956%, elapsed 1206 s, estimated 4165 s, iters = {game: 14708, MDP: 22505}
2024-01-02 23:33:41,699 - policy_tree.py - game YES but nor forall family of size 6
2024-01-02 23:33:41,803 - policy_tree.py - game YES but nor forall family of size 3
2024-01-02 23:33:42,038 - policy_tree.py - game YES but nor forall family of size 3
2024-01-02 23:33:43,131 - policy_tree.py - game YES but nor forall family of size 6
2024-01-02 23:33:43,233 - policy_tree.py - game YES but nor forall family of size 3
2024-01-02 23:33:43,464 - policy_tree.py - game YES but nor forall family of size 3
> Progress 28.96%, elapsed 1209 s, estimated 4175 s, iters = {game: 14736, MDP: 22539}
> Progress 29.056%, elapsed 1212 s, estimated 4172 s, iters = {game: 14796, MDP: 22610}
2024-01-02 23:33:49,995 - policy_tree.py - game YES but nor forall family of size 2
2024-01-02 23:33:50,145 - policy_tree.py - game YES but nor forall family of size 2
2024-01-02 23:33:50,299 - policy_tree.py - game YES but nor forall family of size 2
> Progress 29.063%, elapsed 1215 s, estimated 4181 s, iters = {game: 14869, MDP: 22713}
> Progress 29.108%, elapsed 1218 s, estimated 4185 s, iters = {game: 14902, MDP: 22764}
> Progress 29.112%, elapsed 1221 s, estimated 4196 s, iters = {game: 14937, MDP: 22806}
2024-01-02 23:33:58,092 - policy_tree.py - game YES but nor forall family of size 2
2024-01-02 23:33:58,576 - policy_tree.py - game YES but nor forall family of size 2
2024-01-02 23:33:59,076 - policy_tree.py - game YES but nor forall family of size 2
> Progress 29.115%, elapsed 1224 s, estimated 4206 s, iters = {game: 14968, MDP: 22864}
> Progress 29.16%, elapsed 1227 s, estimated 4210 s, iters = {game: 14994, MDP: 22897}
> Progress 29.163%, elapsed 1230 s, estimated 4220 s, iters = {game: 15020, MDP: 22931}
2024-01-02 23:34:08,445 - policy_tree.py - game YES but nor forall family of size 2
2024-01-02 23:34:08,984 - policy_tree.py - game YES but nor forall family of size 2
> Progress 29.164%, elapsed 1233 s, estimated 4230 s, iters = {game: 15037, MDP: 22956}
2024-01-02 23:34:09,557 - policy_tree.py - game YES but nor forall family of size 2
> Progress 29.166%, elapsed 1236 s, estimated 4240 s, iters = {game: 15059, MDP: 23000}
> Progress 29.211%, elapsed 1239 s, estimated 4244 s, iters = {game: 15086, MDP: 23031}
> Progress 29.215%, elapsed 1243 s, estimated 4254 s, iters = {game: 15121, MDP: 23074}
2024-01-02 23:34:19,581 - policy_tree.py - game YES but nor forall family of size 2
2024-01-02 23:34:20,103 - policy_tree.py - game YES but nor forall family of size 2
2024-01-02 23:34:20,652 - policy_tree.py - game YES but nor forall family of size 2
> Progress 29.217%, elapsed 1246 s, estimated 4265 s, iters = {game: 15143, MDP: 23113}
> Progress 29.262%, elapsed 1249 s, estimated 4268 s, iters = {game: 15172, MDP: 23157}
> Progress 29.265%, elapsed 1252 s, estimated 4278 s, iters = {game: 15196, MDP: 23189}
> Progress 29.267%, elapsed 1255 s, estimated 4289 s, iters = {game: 15218, MDP: 23215}
2024-01-02 23:34:30,893 - policy_tree.py - game YES but nor forall family of size 2
2024-01-02 23:34:31,450 - policy_tree.py - game YES but nor forall family of size 2
2024-01-02 23:34:32,028 - policy_tree.py - game YES but nor forall family of size 2
> Progress 29.269%, elapsed 1258 s, estimated 4299 s, iters = {game: 15237, MDP: 23253}
> Progress 29.318%, elapsed 1261 s, estimated 4302 s, iters = {game: 15305, MDP: 23343}
2024-01-02 23:34:37,076 - policy_tree.py - game YES but nor forall family of size 2
2024-01-02 23:34:37,199 - policy_tree.py - game YES but nor forall family of size 2
2024-01-02 23:34:37,327 - policy_tree.py - game YES but nor forall family of size 2
> Progress 29.367%, elapsed 1264 s, estimated 4305 s, iters = {game: 15375, MDP: 23464}
> Progress 29.416%, elapsed 1267 s, estimated 4309 s, iters = {game: 15438, MDP: 23576}
> Progress 29.419%, elapsed 1270 s, estimated 4318 s, iters = {game: 15473, MDP: 23642}
> Progress 29.423%, elapsed 1273 s, estimated 4328 s, iters = {game: 15508, MDP: 23703}
> Progress 29.468%, elapsed 1276 s, estimated 4332 s, iters = {game: 15541, MDP: 23760}
> Progress 29.47%, elapsed 1279 s, estimated 4342 s, iters = {game: 15565, MDP: 23806}
> Progress 29.473%, elapsed 1282 s, estimated 4351 s, iters = {game: 15588, MDP: 23850}
> Progress 29.475%, elapsed 1285 s, estimated 4361 s, iters = {game: 15613, MDP: 23895}
> Progress 29.52%, elapsed 1288 s, estimated 4365 s, iters = {game: 15640, MDP: 23941}
> Progress 29.524%, elapsed 1291 s, estimated 4375 s, iters = {game: 15675, MDP: 24002}
> Progress 29.569%, elapsed 1294 s, estimated 4378 s, iters = {game: 15709, MDP: 24063}
> Progress 29.573%, elapsed 1297 s, estimated 4388 s, iters = {game: 15736, MDP: 24108}
> Progress 29.575%, elapsed 1300 s, estimated 4398 s, iters = {game: 15761, MDP: 24154}
> Progress 29.577%, elapsed 1303 s, estimated 4408 s, iters = {game: 15786, MDP: 24200}
> Progress 29.626%, elapsed 1306 s, estimated 4411 s, iters = {game: 15847, MDP: 24309}
> Progress 29.68%, elapsed 1309 s, estimated 4413 s, iters = {game: 15912, MDP: 24413}
> Progress 29.732%, elapsed 1312 s, estimated 4415 s, iters = {game: 15949, MDP: 24457}
> Progress 29.783%, elapsed 1316 s, estimated 4418 s, iters = {game: 15977, MDP: 24490}
> Progress 29.831%, elapsed 1319 s, estimated 4421 s, iters = {game: 16007, MDP: 24526}
> Progress 29.88%, elapsed 1322 s, estimated 4424 s, iters = {game: 16037, MDP: 24563}
> Progress 29.886%, elapsed 1325 s, estimated 4433 s, iters = {game: 16064, MDP: 24595}
> Progress 29.938%, elapsed 1328 s, estimated 4436 s, iters = {game: 16120, MDP: 24663}
> Progress 29.986%, elapsed 1331 s, estimated 4438 s, iters = {game: 16192, MDP: 24757}
> Progress 30.032%, elapsed 1334 s, estimated 4442 s, iters = {game: 16247, MDP: 24863}
> Progress 30.036%, elapsed 1337 s, estimated 4451 s, iters = {game: 16276, MDP: 24900}
> Progress 30.038%, elapsed 1340 s, estimated 4461 s, iters = {game: 16312, MDP: 24950}
> Progress 30.038%, elapsed 1343 s, estimated 4471 s, iters = {game: 16328, MDP: 24984}
> Progress 30.085%, elapsed 1346 s, estimated 4474 s, iters = {game: 16369, MDP: 25056}
> Progress 30.086%, elapsed 1349 s, estimated 4484 s, iters = {game: 16393, MDP: 25089}
> Progress 30.088%, elapsed 1352 s, estimated 4494 s, iters = {game: 16419, MDP: 25123}
> Progress 30.09%, elapsed 1355 s, estimated 4503 s, iters = {game: 16439, MDP: 25156}
> Progress 30.091%, elapsed 1358 s, estimated 4513 s, iters = {game: 16456, MDP: 25189}
> Progress 30.092%, elapsed 1361 s, estimated 4523 s, iters = {game: 16479, MDP: 25238}
> Progress 30.137%, elapsed 1364 s, estimated 4526 s, iters = {game: 16506, MDP: 25271}
> Progress 30.139%, elapsed 1367 s, estimated 4536 s, iters = {game: 16543, MDP: 25320}
> Progress 30.141%, elapsed 1370 s, estimated 4547 s, iters = {game: 16562, MDP: 25354}
> Progress 30.143%, elapsed 1373 s, estimated 4556 s, iters = {game: 16586, MDP: 25402}
> Progress 30.188%, elapsed 1376 s, estimated 4559 s, iters = {game: 16616, MDP: 25450}
> Progress 30.19%, elapsed 1379 s, estimated 4569 s, iters = {game: 16642, MDP: 25483}
> Progress 30.192%, elapsed 1382 s, estimated 4579 s, iters = {game: 16667, MDP: 25517}
> Progress 30.193%, elapsed 1385 s, estimated 4589 s, iters = {game: 16683, MDP: 25550}
> Progress 30.194%, elapsed 1388 s, estimated 4599 s, iters = {game: 16702, MDP: 25587}
> Progress 30.24%, elapsed 1391 s, estimated 4602 s, iters = {game: 16741, MDP: 25649}
> Progress 30.246%, elapsed 1394 s, estimated 4611 s, iters = {game: 16837, MDP: 25813}
> Progress 30.294%, elapsed 1397 s, estimated 4613 s, iters = {game: 16901, MDP: 25931}
> Progress 30.341%, elapsed 1400 s, estimated 4616 s, iters = {game: 16965, MDP: 26048}
> Progress 30.343%, elapsed 1403 s, estimated 4626 s, iters = {game: 16992, MDP: 26100}
> Progress 30.347%, elapsed 1406 s, estimated 4635 s, iters = {game: 17030, MDP: 26170}
> Progress 30.349%, elapsed 1409 s, estimated 4645 s, iters = {game: 17067, MDP: 26244}
> Progress 30.394%, elapsed 1412 s, estimated 4648 s, iters = {game: 17099, MDP: 26301}
> Progress 30.396%, elapsed 1415 s, estimated 4657 s, iters = {game: 17123, MDP: 26350}
> Progress 30.398%, elapsed 1418 s, estimated 4667 s, iters = {game: 17148, MDP: 26397}
> Progress 30.4%, elapsed 1421 s, estimated 4676 s, iters = {game: 17172, MDP: 26444}
> Progress 30.401%, elapsed 1424 s, estimated 4686 s, iters = {game: 17196, MDP: 26494}
> Progress 30.445%, elapsed 1427 s, estimated 4689 s, iters = {game: 17222, MDP: 26533}
> Progress 30.448%, elapsed 1430 s, estimated 4699 s, iters = {game: 17252, MDP: 26596}
> Progress 30.45%, elapsed 1433 s, estimated 4708 s, iters = {game: 17280, MDP: 26648}
> Progress 30.452%, elapsed 1436 s, estimated 4718 s, iters = {game: 17314, MDP: 26715}
> Progress 30.497%, elapsed 1439 s, estimated 4721 s, iters = {game: 17341, MDP: 26760}
> Progress 30.499%, elapsed 1442 s, estimated 4731 s, iters = {game: 17365, MDP: 26808}
> Progress 30.501%, elapsed 1445 s, estimated 4740 s, iters = {game: 17390, MDP: 26854}
> Progress 30.503%, elapsed 1449 s, estimated 4750 s, iters = {game: 17414, MDP: 26902}
> Progress 30.504%, elapsed 1452 s, estimated 4760 s, iters = {game: 17437, MDP: 26953}
> Progress 30.553%, elapsed 1455 s, estimated 4762 s, iters = {game: 17527, MDP: 27121}
> Progress 30.606%, elapsed 1458 s, estimated 4763 s, iters = {game: 17586, MDP: 27212}
> Progress 30.656%, elapsed 1461 s, estimated 4765 s, iters = {game: 17614, MDP: 27247}
> Progress 30.705%, elapsed 1464 s, estimated 4768 s, iters = {game: 17644, MDP: 27283}
> Progress 30.709%, elapsed 1467 s, estimated 4777 s, iters = {game: 17666, MDP: 27308}
> Progress 30.758%, elapsed 1470 s, estimated 4779 s, iters = {game: 17696, MDP: 27343}
> Progress 30.808%, elapsed 1473 s, estimated 4781 s, iters = {game: 17726, MDP: 27379}
> Progress 30.812%, elapsed 1476 s, estimated 4790 s, iters = {game: 17751, MDP: 27410}
> Progress 30.864%, elapsed 1479 s, estimated 4792 s, iters = {game: 17806, MDP: 27478}
> Progress 30.912%, elapsed 1482 s, estimated 4794 s, iters = {game: 17880, MDP: 27575}
> Progress 30.959%, elapsed 1485 s, estimated 4797 s, iters = {game: 17936, MDP: 27679}
> Progress 30.962%, elapsed 1488 s, estimated 4806 s, iters = {game: 17966, MDP: 27718}
> Progress 30.964%, elapsed 1491 s, estimated 4816 s, iters = {game: 17998, MDP: 27765}
> Progress 30.966%, elapsed 1494 s, estimated 4825 s, iters = {game: 18025, MDP: 27816}
> Progress 31.011%, elapsed 1497 s, estimated 4828 s, iters = {game: 18061, MDP: 27879}
> Progress 31.013%, elapsed 1500 s, estimated 4837 s, iters = {game: 18086, MDP: 27911}
> Progress 31.015%, elapsed 1503 s, estimated 4847 s, iters = {game: 18111, MDP: 27944}
> Progress 31.016%, elapsed 1506 s, estimated 4856 s, iters = {game: 18131, MDP: 27985}
> Progress 31.018%, elapsed 1509 s, estimated 4866 s, iters = {game: 18154, MDP: 28032}
> Progress 31.062%, elapsed 1512 s, estimated 4868 s, iters = {game: 18180, MDP: 28068}
> Progress 31.065%, elapsed 1515 s, estimated 4878 s, iters = {game: 18209, MDP: 28107}
> Progress 31.067%, elapsed 1518 s, estimated 4887 s, iters = {game: 18239, MDP: 28151}
> Progress 31.069%, elapsed 1521 s, estimated 4897 s, iters = {game: 18259, MDP: 28191}
> Progress 31.114%, elapsed 1524 s, estimated 4899 s, iters = {game: 18294, MDP: 28253}
> Progress 31.114%, elapsed 1527 s, estimated 4909 s, iters = {game: 18318, MDP: 28286}
> Progress 31.116%, elapsed 1530 s, estimated 4918 s, iters = {game: 18343, MDP: 28318}
> Progress 31.118%, elapsed 1533 s, estimated 4928 s, iters = {game: 18364, MDP: 28357}
> Progress 31.12%, elapsed 1536 s, estimated 4937 s, iters = {game: 18386, MDP: 28398}
> Progress 31.165%, elapsed 1539 s, estimated 4939 s, iters = {game: 18420, MDP: 28453}
> Progress 31.172%, elapsed 1542 s, estimated 4948 s, iters = {game: 18521, MDP: 28625}
> Progress 31.219%, elapsed 1545 s, estimated 4950 s, iters = {game: 18582, MDP: 28734}
> Progress 31.267%, elapsed 1548 s, estimated 4952 s, iters = {game: 18648, MDP: 28859}
> Progress 31.269%, elapsed 1551 s, estimated 4962 s, iters = {game: 18675, MDP: 28908}
> Progress 31.272%, elapsed 1554 s, estimated 4971 s, iters = {game: 18713, MDP: 28978}
> Progress 31.275%, elapsed 1557 s, estimated 4980 s, iters = {game: 18745, MDP: 29043}
> Progress 31.32%, elapsed 1560 s, estimated 4983 s, iters = {game: 18781, MDP: 29109}
> Progress 31.322%, elapsed 1563 s, estimated 4992 s, iters = {game: 18806, MDP: 29155}
> Progress 31.324%, elapsed 1566 s, estimated 5001 s, iters = {game: 18830, MDP: 29203}
> Progress 31.324%, elapsed 1569 s, estimated 5011 s, iters = {game: 18853, MDP: 29253}
> Progress 31.327%, elapsed 1572 s, estimated 5020 s, iters = {game: 18879, MDP: 29300}
> Progress 31.371%, elapsed 1575 s, estimated 5023 s, iters = {game: 18905, MDP: 29341}
> Progress 31.373%, elapsed 1578 s, estimated 5032 s, iters = {game: 18935, MDP: 29405}
> Progress 31.376%, elapsed 1581 s, estimated 5041 s, iters = {game: 18963, MDP: 29456}
> Progress 31.378%, elapsed 1584 s, estimated 5050 s, iters = {game: 18994, MDP: 29520}
> Progress 31.423%, elapsed 1587 s, estimated 5053 s, iters = {game: 19023, MDP: 29567}
> Progress 31.425%, elapsed 1590 s, estimated 5062 s, iters = {game: 19046, MDP: 29615}
> Progress 31.427%, elapsed 1593 s, estimated 5071 s, iters = {game: 19070, MDP: 29660}
> Progress 31.427%, elapsed 1597 s, estimated 5081 s, iters = {game: 19093, MDP: 29706}
> Progress 31.429%, elapsed 1600 s, estimated 5090 s, iters = {game: 19117, MDP: 29754}
> Progress 31.478%, elapsed 1603 s, estimated 5092 s, iters = {game: 19192, MDP: 29891}
> Progress 31.53%, elapsed 1606 s, estimated 5093 s, iters = {game: 19260, MDP: 30012}
> Progress 31.582%, elapsed 1609 s, estimated 5094 s, iters = {game: 19294, MDP: 30053}
> Progress 31.633%, elapsed 1612 s, estimated 5096 s, iters = {game: 19324, MDP: 30088}
> Progress 31.682%, elapsed 1615 s, estimated 5097 s, iters = {game: 19349, MDP: 30118}
> Progress 31.734%, elapsed 1618 s, estimated 5099 s, iters = {game: 19379, MDP: 30154}
> Progress 31.738%, elapsed 1621 s, estimated 5107 s, iters = {game: 19403, MDP: 30185}
> Progress 31.834%, elapsed 1624 s, estimated 5101 s, iters = {game: 19474, MDP: 30269}
> Progress 31.84%, elapsed 1627 s, estimated 5110 s, iters = {game: 19548, MDP: 30386}
> Progress 31.886%, elapsed 1630 s, estimated 5112 s, iters = {game: 19590, MDP: 30455}
> Progress 31.888%, elapsed 1633 s, estimated 5121 s, iters = {game: 19626, MDP: 30503}
> Progress 31.89%, elapsed 1636 s, estimated 5131 s, iters = {game: 19652, MDP: 30550}
> Progress 31.935%, elapsed 1639 s, estimated 5133 s, iters = {game: 19693, MDP: 30627}
> Progress 31.937%, elapsed 1642 s, estimated 5142 s, iters = {game: 19716, MDP: 30656}
> Progress 31.939%, elapsed 1645 s, estimated 5151 s, iters = {game: 19741, MDP: 30689}
> Progress 31.941%, elapsed 1648 s, estimated 5161 s, iters = {game: 19766, MDP: 30727}
> Progress 31.943%, elapsed 1651 s, estimated 5170 s, iters = {game: 19788, MDP: 30772}
> Progress 31.97%, elapsed 1654 s, estimated 5175 s, iters = {game: 19812, MDP: 30818}
> Progress 31.989%, elapsed 1657 s, estimated 5182 s, iters = {game: 19839, MDP: 30852}
> Progress 31.993%, elapsed 1660 s, estimated 5191 s, iters = {game: 19876, MDP: 30900}
> Progress 31.993%, elapsed 1663 s, estimated 5200 s, iters = {game: 19897, MDP: 30942}
> Progress 32.038%, elapsed 1666 s, estimated 5202 s, iters = {game: 19932, MDP: 31010}
> Progress 32.04%, elapsed 1669 s, estimated 5212 s, iters = {game: 19957, MDP: 31041}
> Progress 32.042%, elapsed 1672 s, estimated 5221 s, iters = {game: 19980, MDP: 31072}
> Progress 32.044%, elapsed 1675 s, estimated 5230 s, iters = {game: 20003, MDP: 31108}
> Progress 32.046%, elapsed 1679 s, estimated 5239 s, iters = {game: 20026, MDP: 31149}
> Progress 32.073%, elapsed 1682 s, estimated 5244 s, iters = {game: 20049, MDP: 31199}
> Progress 32.098%, elapsed 1685 s, estimated 5249 s, iters = {game: 20147, MDP: 31348}
> Progress 32.145%, elapsed 1688 s, estimated 5251 s, iters = {game: 20217, MDP: 31475}
> Progress 32.15%, elapsed 1691 s, estimated 5260 s, iters = {game: 20289, MDP: 31619}
> Progress 32.195%, elapsed 1694 s, estimated 5262 s, iters = {game: 20318, MDP: 31669}
> Progress 32.198%, elapsed 1697 s, estimated 5271 s, iters = {game: 20355, MDP: 31739}
> Progress 32.199%, elapsed 1700 s, estimated 5280 s, iters = {game: 20380, MDP: 31792}
> Progress 32.246%, elapsed 1703 s, estimated 5282 s, iters = {game: 20421, MDP: 31863}
> Progress 32.248%, elapsed 1706 s, estimated 5291 s, iters = {game: 20444, MDP: 31909}
> Progress 32.248%, elapsed 1709 s, estimated 5300 s, iters = {game: 20468, MDP: 31957}
> Progress 32.25%, elapsed 1712 s, estimated 5309 s, iters = {game: 20493, MDP: 32003}
> Progress 32.252%, elapsed 1715 s, estimated 5318 s, iters = {game: 20517, MDP: 32051}
> Progress 32.297%, elapsed 1718 s, estimated 5320 s, iters = {game: 20543, MDP: 32092}
> Progress 32.299%, elapsed 1721 s, estimated 5329 s, iters = {game: 20570, MDP: 32147}
> Progress 32.301%, elapsed 1724 s, estimated 5338 s, iters = {game: 20602, MDP: 32210}
> Progress 32.304%, elapsed 1727 s, estimated 5347 s, iters = {game: 20631, MDP: 32267}
> Progress 32.348%, elapsed 1730 s, estimated 5349 s, iters = {game: 20662, MDP: 32321}
> Progress 32.35%, elapsed 1733 s, estimated 5358 s, iters = {game: 20684, MDP: 32365}
> Progress 32.351%, elapsed 1736 s, estimated 5367 s, iters = {game: 20707, MDP: 32413}
> Progress 32.353%, elapsed 1739 s, estimated 5376 s, iters = {game: 20731, MDP: 32457}
> Progress 32.355%, elapsed 1742 s, estimated 5385 s, iters = {game: 20755, MDP: 32503}
> Progress 32.402%, elapsed 1745 s, estimated 5387 s, iters = {game: 20804, MDP: 32593}
> Progress 32.407%, elapsed 1748 s, estimated 5396 s, iters = {game: 20889, MDP: 32759}
> Progress 32.45%, elapsed 1751 s, estimated 5398 s, iters = {game: 20917, MDP: 32790}
> Progress 32.499%, elapsed 1754 s, estimated 5399 s, iters = {game: 20962, MDP: 32844}
> Progress 32.507%, elapsed 1757 s, estimated 5407 s, iters = {game: 20992, MDP: 32881}
> Progress 32.55%, elapsed 1760 s, estimated 5409 s, iters = {game: 21025, MDP: 32920}
> Progress 32.559%, elapsed 1763 s, estimated 5417 s, iters = {game: 21050, MDP: 32950}
> Progress 32.596%, elapsed 1767 s, estimated 5421 s, iters = {game: 21075, MDP: 32981}
> Progress 32.61%, elapsed 1770 s, estimated 5428 s, iters = {game: 21108, MDP: 33020}
> Progress 32.653%, elapsed 1773 s, estimated 5430 s, iters = {game: 21138, MDP: 33056}
> Progress 32.661%, elapsed 1776 s, estimated 5438 s, iters = {game: 21165, MDP: 33089}
> Progress 32.69%, elapsed 1779 s, estimated 5442 s, iters = {game: 21189, MDP: 33119}
> Progress 32.716%, elapsed 1782 s, estimated 5447 s, iters = {game: 21261, MDP: 33207}
> Progress 32.752%, elapsed 1785 s, estimated 5451 s, iters = {game: 21288, MDP: 33238}
> Progress 32.754%, elapsed 1788 s, estimated 5460 s, iters = {game: 21312, MDP: 33270}
> Progress 32.756%, elapsed 1791 s, estimated 5469 s, iters = {game: 21336, MDP: 33305}
> Progress 32.758%, elapsed 1794 s, estimated 5478 s, iters = {game: 21358, MDP: 33348}
> Progress 32.758%, elapsed 1797 s, estimated 5487 s, iters = {game: 21379, MDP: 33390}
> Progress 32.764%, elapsed 1800 s, estimated 5495 s, iters = {game: 21450, MDP: 33488}
> Progress 32.801%, elapsed 1803 s, estimated 5498 s, iters = {game: 21505, MDP: 33594}
> Progress 32.803%, elapsed 1806 s, estimated 5507 s, iters = {game: 21530, MDP: 33627}
> Progress 32.807%, elapsed 1809 s, estimated 5516 s, iters = {game: 21568, MDP: 33675}
> Progress 32.808%, elapsed 1812 s, estimated 5525 s, iters = {game: 21588, MDP: 33723}
> Progress 32.811%, elapsed 1815 s, estimated 5533 s, iters = {game: 21623, MDP: 33785}
> Progress 32.813%, elapsed 1818 s, estimated 5542 s, iters = {game: 21652, MDP: 33822}
> Progress 32.816%, elapsed 1821 s, estimated 5551 s, iters = {game: 21685, MDP: 33867}
> Progress 32.818%, elapsed 1824 s, estimated 5560 s, iters = {game: 21710, MDP: 33916}
> Progress 32.854%, elapsed 1827 s, estimated 5563 s, iters = {game: 21748, MDP: 33982}
> Progress 32.856%, elapsed 1830 s, estimated 5572 s, iters = {game: 21773, MDP: 34015}
> Progress 32.857%, elapsed 1833 s, estimated 5581 s, iters = {game: 21795, MDP: 34046}
> Progress 32.859%, elapsed 1836 s, estimated 5590 s, iters = {game: 21819, MDP: 34088}
> Progress 32.861%, elapsed 1840 s, estimated 5599 s, iters = {game: 21841, MDP: 34131}
> Progress 32.863%, elapsed 1843 s, estimated 5608 s, iters = {game: 21865, MDP: 34172}
> Progress 32.865%, elapsed 1846 s, estimated 5617 s, iters = {game: 21890, MDP: 34205}
> Progress 32.867%, elapsed 1849 s, estimated 5626 s, iters = {game: 21915, MDP: 34238}
> Progress 32.867%, elapsed 1852 s, estimated 5635 s, iters = {game: 21934, MDP: 34275}
> Progress 32.869%, elapsed 1855 s, estimated 5644 s, iters = {game: 21956, MDP: 34318}
> Progress 32.906%, elapsed 1858 s, estimated 5647 s, iters = {game: 21980, MDP: 34357}
> Progress 32.906%, elapsed 1861 s, estimated 5656 s, iters = {game: 22003, MDP: 34388}
> Progress 32.91%, elapsed 1864 s, estimated 5665 s, iters = {game: 22040, MDP: 34435}
> Progress 32.911%, elapsed 1867 s, estimated 5674 s, iters = {game: 22061, MDP: 34483}
> Progress 32.914%, elapsed 1870 s, estimated 5683 s, iters = {game: 22098, MDP: 34547}
> Progress 32.916%, elapsed 1873 s, estimated 5692 s, iters = {game: 22125, MDP: 34583}
> Progress 32.919%, elapsed 1876 s, estimated 5700 s, iters = {game: 22157, MDP: 34631}
> Progress 32.919%, elapsed 1879 s, estimated 5710 s, iters = {game: 22175, MDP: 34670}
> Progress 32.947%, elapsed 1882 s, estimated 5714 s, iters = {game: 22208, MDP: 34729}
> Progress 32.958%, elapsed 1885 s, estimated 5721 s, iters = {game: 22233, MDP: 34760}
> Progress 32.959%, elapsed 1888 s, estimated 5730 s, iters = {game: 22256, MDP: 34790}
> Progress 32.961%, elapsed 1891 s, estimated 5739 s, iters = {game: 22279, MDP: 34824}
> Progress 32.963%, elapsed 1894 s, estimated 5748 s, iters = {game: 22302, MDP: 34868}
> Progress 32.964%, elapsed 1897 s, estimated 5757 s, iters = {game: 22323, MDP: 34915}
> Progress 32.966%, elapsed 1900 s, estimated 5766 s, iters = {game: 22348, MDP: 34948}
> Progress 32.968%, elapsed 1903 s, estimated 5775 s, iters = {game: 22372, MDP: 34979}
> Progress 32.97%, elapsed 1906 s, estimated 5783 s, iters = {game: 22394, MDP: 35013}
> Progress 32.971%, elapsed 1909 s, estimated 5792 s, iters = {game: 22412, MDP: 35051}
> Progress 32.973%, elapsed 1913 s, estimated 5801 s, iters = {game: 22434, MDP: 35090}
> Progress 33.011%, elapsed 1916 s, estimated 5804 s, iters = {game: 22485, MDP: 35161}
> Progress 33.015%, elapsed 1919 s, estimated 5812 s, iters = {game: 22548, MDP: 35273}
> Progress 33.022%, elapsed 1922 s, estimated 5820 s, iters = {game: 22638, MDP: 35412}
> Progress 33.06%, elapsed 1925 s, estimated 5823 s, iters = {game: 22693, MDP: 35505}
> Progress 33.062%, elapsed 1928 s, estimated 5831 s, iters = {game: 22718, MDP: 35554}
> Progress 33.064%, elapsed 1931 s, estimated 5840 s, iters = {game: 22743, MDP: 35607}
> Progress 33.065%, elapsed 1934 s, estimated 5849 s, iters = {game: 22768, MDP: 35658}
> Progress 33.067%, elapsed 1937 s, estimated 5858 s, iters = {game: 22794, MDP: 35705}
> Progress 33.073%, elapsed 1940 s, estimated 5866 s, iters = {game: 22860, MDP: 35831}
> Progress 33.11%, elapsed 1943 s, estimated 5869 s, iters = {game: 22919, MDP: 35944}
> Progress 33.112%, elapsed 1946 s, estimated 5877 s, iters = {game: 22944, MDP: 35993}
> Progress 33.116%, elapsed 1949 s, estimated 5886 s, iters = {game: 22982, MDP: 36061}
> Progress 33.118%, elapsed 1952 s, estimated 5895 s, iters = {game: 23009, MDP: 36115}
> Progress 33.12%, elapsed 1955 s, estimated 5903 s, iters = {game: 23044, MDP: 36183}
> Progress 33.122%, elapsed 1958 s, estimated 5912 s, iters = {game: 23074, MDP: 36243}
> Progress 33.125%, elapsed 1961 s, estimated 5921 s, iters = {game: 23106, MDP: 36306}
> Progress 33.127%, elapsed 1964 s, estimated 5929 s, iters = {game: 23148, MDP: 36389}
> Progress 33.163%, elapsed 1967 s, estimated 5932 s, iters = {game: 23173, MDP: 36433}
> Progress 33.165%, elapsed 1970 s, estimated 5941 s, iters = {game: 23198, MDP: 36478}
> Progress 33.167%, elapsed 1973 s, estimated 5950 s, iters = {game: 23222, MDP: 36525}
> Progress 33.169%, elapsed 1976 s, estimated 5958 s, iters = {game: 23248, MDP: 36573}
> Progress 33.171%, elapsed 1979 s, estimated 5967 s, iters = {game: 23272, MDP: 36621}
> Progress 33.172%, elapsed 1982 s, estimated 5976 s, iters = {game: 23294, MDP: 36668}
> Progress 33.174%, elapsed 1985 s, estimated 5985 s, iters = {game: 23318, MDP: 36712}
> Progress 33.176%, elapsed 1988 s, estimated 5994 s, iters = {game: 23342, MDP: 36757}
> Progress 33.178%, elapsed 1991 s, estimated 6002 s, iters = {game: 23365, MDP: 36805}
> Progress 33.213%, elapsed 1994 s, estimated 6005 s, iters = {game: 23390, MDP: 36847}
> Progress 33.215%, elapsed 1997 s, estimated 6014 s, iters = {game: 23415, MDP: 36894}
> Progress 33.219%, elapsed 2000 s, estimated 6022 s, iters = {game: 23451, MDP: 36962}
> Progress 33.219%, elapsed 2003 s, estimated 6031 s, iters = {game: 23475, MDP: 37010}
> Progress 33.223%, elapsed 2006 s, estimated 6040 s, iters = {game: 23513, MDP: 37078}
> Progress 33.225%, elapsed 2009 s, estimated 6049 s, iters = {game: 23538, MDP: 37130}
> Progress 33.227%, elapsed 2012 s, estimated 6057 s, iters = {game: 23572, MDP: 37194}
> Progress 33.229%, elapsed 2015 s, estimated 6066 s, iters = {game: 23598, MDP: 37244}
> Progress 33.266%, elapsed 2018 s, estimated 6069 s, iters = {game: 23632, MDP: 37305}
> Progress 33.266%, elapsed 2022 s, estimated 6078 s, iters = {game: 23654, MDP: 37354}
> Progress 33.268%, elapsed 2025 s, estimated 6086 s, iters = {game: 23678, MDP: 37399}
> Progress 33.27%, elapsed 2028 s, estimated 6095 s, iters = {game: 23702, MDP: 37446}
> Progress 33.272%, elapsed 2031 s, estimated 6104 s, iters = {game: 23726, MDP: 37489}
> Progress 33.274%, elapsed 2034 s, estimated 6113 s, iters = {game: 23750, MDP: 37534}
> Progress 33.276%, elapsed 2037 s, estimated 6121 s, iters = {game: 23772, MDP: 37581}
> Progress 33.277%, elapsed 2040 s, estimated 6130 s, iters = {game: 23794, MDP: 37627}
> Progress 33.279%, elapsed 2043 s, estimated 6139 s, iters = {game: 23817, MDP: 37670}
> Progress 33.281%, elapsed 2046 s, estimated 6148 s, iters = {game: 23841, MDP: 37714}
> Progress 33.317%, elapsed 2049 s, estimated 6150 s, iters = {game: 23878, MDP: 37779}
> Progress 33.322%, elapsed 2052 s, estimated 6158 s, iters = {game: 23941, MDP: 37905}
> Progress 33.328%, elapsed 2055 s, estimated 6166 s, iters = {game: 24018, MDP: 38052}
--------------------
Policy tree summary:
found 9229 satisfying policies for 3766832/3779136 family members (100.0%)
policy tree has 38195 nodes, 19101 of them are leaves:
	  solvable leaves: 9229 (avg.size: 408.2)
	unsolvable leaves: 9872 (avg.size: 1.2)
	 singleton leaves: 14106
2024-01-02 23:47:54,623 - policy_tree.py - post-processing the policy tree...
2024-01-02 23:47:54,623 - policy_tree.py - merging unsat siblings...
2024-01-02 23:47:54,955 - policy_tree.py - merged 0 pairs
2024-01-02 23:47:54,955 - policy_tree.py - merging compatible siblings...
2024-01-02 23:48:02,551 - policy_tree.py - merged 1601 pairs
--------------------
Policy tree summary:
found 8428 satisfying policies for 3766832/3779136 family members (100.0%)
policy tree has 36594 nodes, 18300 of them are leaves:
	  solvable leaves: 8428 (avg.size: 446.9)
	unsolvable leaves: 9872 (avg.size: 1.2)
	 singleton leaves: 13459
2024-01-02 23:48:04,364 - synthesizer.py - evaluation finished
--------------------
Synthesis summary:
constraint 1: P>=4/5 [F "goal"]

method: AR (policy tree), synthesis time: 2068.98 s
number of holes: 10, family size: 3779136, quotient: 17003 states / 518003 actions
explored: 100 %
Game stats: avg MDP size: 10997, iterations: 24089
MDP stats: avg MDP size: 9395, iterations: 38195

satisfied 3766832/3779136 members (100%)
--------------------
