dpm-switch-q10, 1594, 5, 14580, 819139181147931881905023352792069526823329295380403948350929152895424875686344781715505037611966898148554160889669771786796857085566636903402228512135326883847372009667431196426174288805437735659481530964652603241915574787826218645446293596794441400685986082181639842782641, 0.95, , 0.737387385924877
### CEG-AR ###
no robust policy found
--------------------
Synthesis summary:
constraint 1: P>=19/20 [F ((bat = 0) & (lost = 0))]

method: None, synthesis time: 300.0 s
number of holes: 10, family size: 14580, quotient: 1594 states / 10508 actions
explored: 0 %
MDP stats: avg MDP size: 0, iterations: 9621

feasible: no
--------------------
None, 300.0, 9621, 0
### CEG-1by1 ###
> progress 0.0%, elapsed 3 s, estimated 855637989666 s (27132 years), iters = {DTMC: 84}
> progress 0.0%, elapsed 6 s, estimated 1709706963224 s (54214 years), iters = {DTMC: 170}
> progress 0.0%, elapsed 9 s, estimated 2568185711919 s (81436 years), iters = {DTMC: 251}
> progress 0.0%, elapsed 12 s, estimated 3418512227506 s (108400 years), iters = {DTMC: 316}
> progress 0.0%, elapsed 15 s, estimated 4267795985001 s (135330 years), iters = {DTMC: 376}
> progress 0.0%, elapsed 18 s, estimated 5120449650491 s (162368 years), iters = {DTMC: 435}
> progress 0.0%, elapsed 21 s, estimated 5979485130502 s (189608 years), iters = {DTMC: 497}
> progress 0.0%, elapsed 24 s, estimated 6829733915832 s (216569 years), iters = {DTMC: 557}
> progress 0.0%, elapsed 27 s, estimated 7678200273387 s (243474 years), iters = {DTMC: 621}
> progress 0.0%, elapsed 30 s, estimated 8527282758320 s (270398 years), iters = {DTMC: 680}
> progress 0.0%, elapsed 33 s, estimated 9382865861194 s (297528 years), iters = {DTMC: 737}
> progress 0.0%, elapsed 36 s, estimated 10242132736572 s (324775 years), iters = {DTMC: 798}
> progress 0.0%, elapsed 39 s, estimated 11096279094976 s (351860 years), iters = {DTMC: 864}
> progress 0.0%, elapsed 42 s, estimated 11946007523655 s (378805 years), iters = {DTMC: 927}
> progress 0.0%, elapsed 45 s, estimated 12796719482974 s (405781 years), iters = {DTMC: 990}
> progress 0.0%, elapsed 48 s, estimated 13654848006336 s (432992 years), iters = {DTMC: 1056}
> progress 0.0%, elapsed 51 s, estimated 14507960956760 s (460044 years), iters = {DTMC: 1119}
> progress 0.0%, elapsed 54 s, estimated 15361173320830 s (487099 years), iters = {DTMC: 1187}
> progress 0.0%, elapsed 57 s, estimated 16213429285626 s (514124 years), iters = {DTMC: 1250}
> progress 0.0%, elapsed 60 s, estimated 17075137638485 s (541449 years), iters = {DTMC: 1311}
> progress 0.0%, elapsed 63 s, estimated 17925178781689 s (568403 years), iters = {DTMC: 1368}
> progress 0.0%, elapsed 66 s, estimated 18775872258843 s (595379 years), iters = {DTMC: 1430}
> progress 0.0%, elapsed 69 s, estimated 19632601151967 s (622545 years), iters = {DTMC: 1490}
> progress 0.0%, elapsed 72 s, estimated 20484784541413 s (649568 years), iters = {DTMC: 1553}
> progress 0.0%, elapsed 75 s, estimated 21336162808189 s (676565 years), iters = {DTMC: 1611}
> progress 0.0%, elapsed 78 s, estimated 22192029740267 s (703704 years), iters = {DTMC: 1672}
> progress 0.0%, elapsed 81 s, estimated 23043907140206 s (730717 years), iters = {DTMC: 1731}
> progress 0.0%, elapsed 84 s, estimated 23895724230983 s (757728 years), iters = {DTMC: 1790}
> progress 0.0%, elapsed 87 s, estimated 24753805380543 s (784938 years), iters = {DTMC: 1847}
> progress 0.0%, elapsed 90 s, estimated 25608244011364 s (812032 years), iters = {DTMC: 1905}
> progress 0.0%, elapsed 93 s, estimated 26465731648964 s (839222 years), iters = {DTMC: 1959}
> progress 0.0%, elapsed 96 s, estimated 27320433251342 s (866325 years), iters = {DTMC: 2014}
> progress 0.0%, elapsed 99 s, estimated 28168652475928 s (893222 years), iters = {DTMC: 2069}
> progress 0.0%, elapsed 102 s, estimated 29021478974275 s (920265 years), iters = {DTMC: 2129}
> progress 0.0%, elapsed 105 s, estimated 29873233114323 s (947274 years), iters = {DTMC: 2187}
> progress 0.0%, elapsed 108 s, estimated 30726958794518 s (974345 years), iters = {DTMC: 2244}
> progress 0.0%, elapsed 111 s, estimated 31574853515820 s (1001232 years), iters = {DTMC: 2303}
> progress 0.0%, elapsed 114 s, estimated 32424379228858 s (1028170 years), iters = {DTMC: 2360}
> progress 0.0%, elapsed 117 s, estimated 33280176848607 s (1055307 years), iters = {DTMC: 2416}
> progress 0.0%, elapsed 120 s, estimated 34131849972576 s (1082313 years), iters = {DTMC: 2467}
> progress 0.0%, elapsed 123 s, estimated 34980755325942 s (1109232 years), iters = {DTMC: 2521}
> progress 0.0%, elapsed 126 s, estimated 35830245225041 s (1136169 years), iters = {DTMC: 2578}
> progress 0.0%, elapsed 129 s, estimated 36686519262670 s (1163321 years), iters = {DTMC: 2633}
> progress 0.0%, elapsed 132 s, estimated 37538125128879 s (1190326 years), iters = {DTMC: 2687}
> progress 0.0%, elapsed 135 s, estimated 38390478297821 s (1217354 years), iters = {DTMC: 2742}
> progress 0.0%, elapsed 138 s, estimated 39243666586229 s (1244408 years), iters = {DTMC: 2797}
> progress 0.0%, elapsed 141 s, estimated 40096950292140 s (1271465 years), iters = {DTMC: 2858}
> progress 0.0%, elapsed 145 s, estimated 40959481230149 s (1298816 years), iters = {DTMC: 2914}
> progress 0.0%, elapsed 148 s, estimated 41824277899453 s (1326239 years), iters = {DTMC: 2971}
> progress 0.0%, elapsed 151 s, estimated 42679977896244 s (1353373 years), iters = {DTMC: 3024}
> progress 0.0%, elapsed 154 s, estimated 43536762930075 s (1380541 years), iters = {DTMC: 3076}
> progress 0.0%, elapsed 157 s, estimated 44391387345589 s (1407641 years), iters = {DTMC: 3134}
> progress 0.0%, elapsed 160 s, estimated 45244391423988 s (1434690 years), iters = {DTMC: 3190}
> progress 0.0%, elapsed 163 s, estimated 46092551409114 s (1461585 years), iters = {DTMC: 3245}
> progress 0.0%, elapsed 166 s, estimated 46952435322287 s (1488851 years), iters = {DTMC: 3300}
> progress 0.0%, elapsed 169 s, estimated 47802349209281 s (1515802 years), iters = {DTMC: 3354}
> progress 0.0%, elapsed 172 s, estimated 48655471177125 s (1542854 years), iters = {DTMC: 3405}
> progress 0.0%, elapsed 175 s, estimated 49511976977643 s (1570014 years), iters = {DTMC: 3457}
> progress 0.0%, elapsed 178 s, estimated 50375934520814 s (1597410 years), iters = {DTMC: 3512}
> progress 0.0%, elapsed 181 s, estimated 51234481035777 s (1624634 years), iters = {DTMC: 3567}
> progress 0.0%, elapsed 184 s, estimated 52086562546135 s (1651654 years), iters = {DTMC: 3621}
> progress 0.0%, elapsed 187 s, estimated 52947032211167 s (1678939 years), iters = {DTMC: 3678}
> progress 0.0%, elapsed 190 s, estimated 53810243181853 s (1706311 years), iters = {DTMC: 3733}
> progress 0.0%, elapsed 193 s, estimated 54664343365605 s (1733394 years), iters = {DTMC: 3785}
> progress 0.0%, elapsed 196 s, estimated 55530351502611 s (1760855 years), iters = {DTMC: 3839}
> progress 0.0%, elapsed 199 s, estimated 56382966777508 s (1787892 years), iters = {DTMC: 3891}
> progress 0.0%, elapsed 202 s, estimated 57233528928974 s (1814863 years), iters = {DTMC: 3943}
> progress 0.0%, elapsed 205 s, estimated 58088781342179 s (1841983 years), iters = {DTMC: 3995}
> progress 0.0%, elapsed 208 s, estimated 58950680214991 s (1869313 years), iters = {DTMC: 4044}
> progress 0.0%, elapsed 211 s, estimated 59798532262509 s (1896199 years), iters = {DTMC: 4091}
> progress 0.0%, elapsed 214 s, estimated 60647688428400 s (1923125 years), iters = {DTMC: 4141}
> progress 0.0%, elapsed 217 s, estimated 61505585357533 s (1950329 years), iters = {DTMC: 4193}
> progress 0.0%, elapsed 220 s, estimated 62353498372435 s (1977216 years), iters = {DTMC: 4242}
> progress 0.0%, elapsed 223 s, estimated 63206345463978 s (2004260 years), iters = {DTMC: 4291}
> progress 0.0%, elapsed 226 s, estimated 64060109966176 s (2031332 years), iters = {DTMC: 4343}
> progress 0.0%, elapsed 229 s, estimated 64919054370074 s (2058569 years), iters = {DTMC: 4393}
> progress 0.0%, elapsed 232 s, estimated 65775376598209 s (2085723 years), iters = {DTMC: 4444}
> progress 0.0%, elapsed 235 s, estimated 66622768014090 s (2112594 years), iters = {DTMC: 4492}
> progress 0.0%, elapsed 238 s, estimated 67481960188509 s (2139838 years), iters = {DTMC: 4541}
> progress 0.0%, elapsed 241 s, estimated 68342994689519 s (2167142 years), iters = {DTMC: 4589}
> progress 0.0%, elapsed 245 s, estimated 69199137371804 s (2194290 years), iters = {DTMC: 4637}
> progress 0.0%, elapsed 248 s, estimated 70056721542040 s (2221484 years), iters = {DTMC: 4685}
> progress 0.0%, elapsed 251 s, estimated 70906691563333 s (2248436 years), iters = {DTMC: 4729}
> progress 0.0%, elapsed 254 s, estimated 71755207139447 s (2275342 years), iters = {DTMC: 4774}
> progress 0.0%, elapsed 257 s, estimated 72613058842572 s (2302544 years), iters = {DTMC: 4824}
> progress 0.0%, elapsed 260 s, estimated 73460388470159 s (2329413 years), iters = {DTMC: 4868}
> progress 0.0%, elapsed 263 s, estimated 74314762249841 s (2356505 years), iters = {DTMC: 4915}
> progress 0.0%, elapsed 266 s, estimated 75177126301871 s (2383851 years), iters = {DTMC: 4962}
> progress 0.0%, elapsed 269 s, estimated 76026634759406 s (2410788 years), iters = {DTMC: 5005}
> progress 0.0%, elapsed 272 s, estimated 76894746088633 s (2438316 years), iters = {DTMC: 5047}
> progress 0.0%, elapsed 275 s, estimated 77747847965552 s (2465368 years), iters = {DTMC: 5092}
> progress 0.0%, elapsed 278 s, estimated 78613060624620 s (2492803 years), iters = {DTMC: 5138}
> progress 0.0%, elapsed 281 s, estimated 79465762499390 s (2519842 years), iters = {DTMC: 5182}
> progress 0.0%, elapsed 284 s, estimated 80316663964991 s (2546824 years), iters = {DTMC: 5227}
> progress 0.0%, elapsed 287 s, estimated 81182025197432 s (2574265 years), iters = {DTMC: 5271}
> progress 0.0%, elapsed 290 s, estimated 82036382007659 s (2601356 years), iters = {DTMC: 5317}
> progress 0.0%, elapsed 293 s, estimated 82899068256529 s (2628712 years), iters = {DTMC: 5361}
> progress 0.0%, elapsed 296 s, estimated 83752737179002 s (2655781 years), iters = {DTMC: 5408}
> progress 0.0%, elapsed 299 s, estimated 84610029955879 s (2682966 years), iters = {DTMC: 5450}
no robust policy found
--------------------
Synthesis summary:
constraint 1: P>=19/20 [F ((bat = 0) & (lost = 0))]

method: None, synthesis time: 300.03 s
number of holes: 10, family size: 14580, quotient: 1594 states / 10508 actions
explored: 0 %
DTMC stats: avg DTMC size: 613, iterations: 5455

feasible: no
--------------------
None, 300.03, 5455, 0
### AR-1by1 ###
> progress 0.0%, elapsed 3 s, estimated 3991258814617410203446739890375374143488 s (126561986764884895960258070970368 years), iters = {MDP: 2020}
> progress 0.0%, elapsed 6 s, estimated 7982071713451900199581629519524410687488 s (253109833633051130147307037655040 years), iters = {MDP: 4311}
> progress 0.0%, elapsed 9 s, estimated 11973851593441615498144281179281457938432 s (379688343272501749955225683230720 years), iters = {MDP: 6663}
> progress 0.0%, elapsed 12 s, estimated 15966471424070678572003816546296446058496 s (506293487572002825686734954561536 years), iters = {MDP: 8905}
> progress 0.0%, elapsed 15 s, estimated 19957853886390669502038643572948869316608 s (632859395179815735774899976798208 years), iters = {MDP: 11185}
> progress 0.0%, elapsed 18 s, estimated 23949840211261532269114967203505240014848 s (759444451143503734686737537957888 years), iters = {MDP: 13443}
> progress 0.0%, elapsed 21 s, estimated 27940669625100169106575552919773204447232 s (885992821699015992255689001009152 years), iters = {MDP: 15735}
> progress 0.0%, elapsed 24 s, estimated 31931763716676332057482116874812597993472 s (1012549585130528156253058844590080 years), iters = {MDP: 17982}
> progress 0.0%, elapsed 27 s, estimated 35922844565645734447042286542795088855040 s (1139105928641734382257132049268736 years), iters = {MDP: 20268}
> progress 0.0%, elapsed 30 s, estimated 39913887772647049723180229143520648101888 s (1265661078533962757013464221220864 years), iters = {MDP: 22346}
> progress 0.0%, elapsed 33 s, estimated 43905080531235540369228160732715888410624 s (1392220970675911432428568384110592 years), iters = {MDP: 24529}
> progress 0.0%, elapsed 36 s, estimated 47896157035622391545262531012775888551936 s (1518777176421308692580386413215744 years), iters = {MDP: 26709}
> progress 0.0%, elapsed 39 s, estimated 51887741122014290118495739495654205947904 s (1645349477486500813972228620156928 years), iters = {MDP: 29031}
> progress 0.0%, elapsed 42 s, estimated 55878557922461039303196383433323614044160 s (1771897448073979918990230901751808 years), iters = {MDP: 31363}
> progress 0.0%, elapsed 45 s, estimated 59870827984832235413808467819205471764480 s (1898491501294781597888108375834624 years), iters = {MDP: 33683}
> progress 0.0%, elapsed 48 s, estimated 63863098150965147765681897588782509588480 s (2025085557805845430404474575257600 years), iters = {MDP: 35897}
> progress 0.0%, elapsed 51 s, estimated 67854811488052550455479663372937805692928 s (2151661957383705685571210921902080 years), iters = {MDP: 38207}
> progress 0.0%, elapsed 54 s, estimated 71846949361211228011912726718766869643264 s (2278251818912075862943984911384576 years), iters = {MDP: 40534}
> progress 0.0%, elapsed 57 s, estimated 75839203743971239849819584940654723072000 s (2404845374935668335726611811794944 years), iters = {MDP: 42906}
> progress 0.0%, elapsed 60 s, estimated 79831581197111924413979281186078964318208 s (2531442833495431415167445347860480 years), iters = {MDP: 45137}
> progress 0.0%, elapsed 63 s, estimated 83823689298030157419075240372050178605056 s (2658031750952250028493845433417728 years), iters = {MDP: 47351}
> progress 0.0%, elapsed 66 s, estimated 87814756549228706252826486627039707136000 s (2784587663280971058223112087666688 years), iters = {MDP: 49540}
> progress 0.0%, elapsed 69 s, estimated 91806635674888325036020052509131871879168 s (2911169319979969807700462254686208 years), iters = {MDP: 51763}
> progress 0.0%, elapsed 72 s, estimated 95797821134416900139199982061273797885952 s (3037728980670246467253577369780224 years), iters = {MDP: 54010}
> progress 0.0%, elapsed 75 s, estimated 99789944267119074046198363971872723304448 s (3164318374781807436216956474097664 years), iters = {MDP: 56348}
> progress 0.0%, elapsed 78 s, estimated 103780912383053962740565637009342591926272 s (3290871143551939147063760749854720 years), iters = {MDP: 58716}
> progress 0.0%, elapsed 81 s, estimated 107772493106585448743774627952541254549504 s (3417443337981527057336257096974336 years), iters = {MDP: 61053}
> progress 0.0%, elapsed 84 s, estimated 111764723023456791433707699237613851377664 s (3544036118196879405746896039313408 years), iters = {MDP: 63401}
> progress 0.0%, elapsed 87 s, estimated 115755762996630800550010256408929537884160 s (3670591165545116352800722666913792 years), iters = {MDP: 65723}
> progress 0.0%, elapsed 90 s, estimated 119748054984119665974181099661712051666944 s (3797185914006838386963716197318656 years), iters = {MDP: 67873}
> progress 0.0%, elapsed 93 s, estimated 123739985437324417808011324097059708993536 s (3923769198291616714458631235436544 years), iters = {MDP: 70143}
> progress 0.0%, elapsed 96 s, estimated 127732167350940996769425536244094144086016 s (4050360456333745164385740419760128 years), iters = {MDP: 72409}
> progress 0.0%, elapsed 99 s, estimated 131724463760167055369803175268987258798080 s (4176955345007833819712701054582784 years), iters = {MDP: 74760}
> progress 0.0%, elapsed 102 s, estimated 135715925769873098921794341403058518360064 s (4303523775046711952499509920006144 years), iters = {MDP: 77101}
> progress 0.0%, elapsed 105 s, estimated 139707076269200691139701643944183342301184 s (4430082327156288211298258624970752 years), iters = {MDP: 79440}
> progress 0.0%, elapsed 108 s, estimated 143698528187658945122779777595982731018240 s (4556650437203796718196906843439104 years), iters = {MDP: 81782}
> progress 0.0%, elapsed 111 s, estimated 147689470261369950554842690242109149020160 s (4683202380180427137225976642011136 years), iters = {MDP: 84147}
> progress 0.0%, elapsed 114 s, estimated 151681615869909480729857574061664179847168 s (4809792486996114799249500579823616 years), iters = {MDP: 86442}
> progress 0.0%, elapsed 117 s, estimated 155672924652556750736518159984382250582016 s (4936356058236832462171516419702784 years), iters = {MDP: 88622}
> progress 0.0%, elapsed 120 s, estimated 159664986021934116635114999355539942539264 s (5062943493846210778120890762657792 years), iters = {MDP: 90835}
> progress 0.0%, elapsed 123 s, estimated 163656449772931416463574291011284569686016 s (5189511979101073087327883791171584 years), iters = {MDP: 93027}
> progress 0.0%, elapsed 126 s, estimated 167648971907628423562884642083258455031808 s (5316114025482890352426676196999168 years), iters = {MDP: 95320}
> progress 0.0%, elapsed 129 s, estimated 171640529993028188605875272728756329906176 s (5442685502062029908791591209795584 years), iters = {MDP: 97692}
> progress 0.0%, elapsed 132 s, estimated 175632336758619783958558565160126987108352 s (5569264864238323961087193857916928 years), iters = {MDP: 100101}
> progress 0.0%, elapsed 135 s, estimated 179624152094990032015111335926991121547264 s (5695844498192226680681026128183296 years), iters = {MDP: 102487}
> progress 0.0%, elapsed 138 s, estimated 183616478461360607722316452090144180142080 s (5822440336801135969075702628614144 years), iters = {MDP: 104818}
> progress 0.0%, elapsed 141 s, estimated 187608000523694943279336630866842191134720 s (5949010671096363742780864830898176 years), iters = {MDP: 107200}
> progress 0.0%, elapsed 144 s, estimated 191599687511270641712711606850284563726336 s (6075586235136689011951629584302080 years), iters = {MDP: 109511}
> progress 0.0%, elapsed 147 s, estimated 195590858431207130777971688397436755116032 s (6202145434779526655528097061797888 years), iters = {MDP: 111858}
> progress 0.0%, elapsed 150 s, estimated 199582481743892193856339958495483797700608 s (6328718979702315034439354884816896 years), iters = {MDP: 114015}
> progress 0.0%, elapsed 153 s, estimated 203574185512523286174614105243729897979904 s (6455295075866414947414788173463552 years), iters = {MDP: 116252}
> progress 0.0%, elapsed 156 s, estimated 207565974072371918669120180213877953265664 s (6581873860742387727417150785191936 years), iters = {MDP: 118616}
> progress 0.0%, elapsed 159 s, estimated 211558762965301422246859754510777493487616 s (6708484365972267066119462284427264 years), iters = {MDP: 120962}
> progress 0.0%, elapsed 162 s, estimated 215549667850656475939316401192908284231680 s (6835035129713865891358141277274112 years), iters = {MDP: 123315}
> progress 0.0%, elapsed 165 s, estimated 219541397032306279032085043608537331138560 s (6961612031719503870132948524072960 years), iters = {MDP: 125696}
> progress 0.0%, elapsed 168 s, estimated 223533625427377679971929663117248180518912 s (7088204763678896603502788932009984 years), iters = {MDP: 128037}
> progress 0.0%, elapsed 171 s, estimated 227525839962619522509200546767409260789760 s (7214797056145975686882511988719616 years), iters = {MDP: 130395}
> progress 0.0%, elapsed 174 s, estimated 231517626766542513181573917959896770281472 s (7341375785341912231938929922670592 years), iters = {MDP: 132802}
> progress 0.0%, elapsed 177 s, estimated 235509713397290896356579941655161100828672 s (7467964021984110039505237081849856 years), iters = {MDP: 135214}
> progress 0.0%, elapsed 180 s, estimated 239500580849517665728895750994662682263552 s (7594513598728998140844136070119424 years), iters = {MDP: 137371}
> progress 0.0%, elapsed 183 s, estimated 243491982188027225232794555940150615998464 s (7721080104896855781013734893289472 years), iters = {MDP: 139473}
> progress 0.0%, elapsed 186 s, estimated 247483495868484298699694679184439913742336 s (7847650173404499317192623860482048 years), iters = {MDP: 141805}
> progress 0.0%, elapsed 189 s, estimated 251475207090484624336121769947732440514560 s (7974226505913389438957231571730432 years), iters = {MDP: 144085}
> progress 0.0%, elapsed 192 s, estimated 255467746491769894327525679918098266718208 s (8100829099815129131564912932290560 years), iters = {MDP: 146336}
> progress 0.0%, elapsed 195 s, estimated 259459974455843727638637703722487542448128 s (8227421818107678515939242422566912 years), iters = {MDP: 148618}
> progress 0.0%, elapsed 198 s, estimated 263451001707871616656015433213908755677184 s (8353976462071018278748317504503808 years), iters = {MDP: 150840}
> progress 0.0%, elapsed 201 s, estimated 267443366248312755429902431580250724892672 s (8480573511171765073165667385999360 years), iters = {MDP: 153107}
> progress 0.0%, elapsed 204 s, estimated 271434332821163973364065734281619360972800 s (8607126231011034213997394010308608 years), iters = {MDP: 155384}
> progress 0.0%, elapsed 207 s, estimated 275426905702086840911774389806202181648384 s (8733729886545119063512572453978112 years), iters = {MDP: 157602}
> progress 0.0%, elapsed 210 s, estimated 279420295755842376448573173496494377926656 s (8860359454459739772555944272068608 years), iters = {MDP: 159607}
> progress 0.0%, elapsed 213 s, estimated 283411553238882421582442018246147572760576 s (8986921399000583318061048760631296 years), iters = {MDP: 161892}
> progress 0.0%, elapsed 216 s, estimated 287403267567007809881999901460363929976832 s (9113497830004053334635574575759360 years), iters = {MDP: 164216}
> progress 0.0%, elapsed 219 s, estimated 291395503676176373115937050551194851737600 s (9240090806575860597681885814980608 years), iters = {MDP: 166576}
> progress 0.0%, elapsed 222 s, estimated 295387008201878689181478663114675846119424 s (9366660584788138345698239411388416 years), iters = {MDP: 168896}
> progress 0.0%, elapsed 225 s, estimated 299379330883466655450283110989825996488704 s (9493256306553356517348067814408192 years), iters = {MDP: 171255}
> progress 0.0%, elapsed 228 s, estimated 303370566150066391035777686431746196766720 s (9619817546615499610690208671989760 years), iters = {MDP: 173620}
> progress 0.0%, elapsed 231 s, estimated 307362283104092743450055530433735498399744 s (9746394060885740383718830201896960 years), iters = {MDP: 175816}
> progress 0.0%, elapsed 234 s, estimated 311353841170870505309899120783061367652352 s (9872965536874382368461733364760576 years), iters = {MDP: 178057}
> progress 0.0%, elapsed 237 s, estimated 315345392394862125785000136208862127587328 s (9999536795879696916508049257005056 years), iters = {MDP: 180236}
> progress 0.0%, elapsed 240 s, estimated 319336590216365675663683777496165063327744 s (10126096848565627878886497325154304 years), iters = {MDP: 182290}
> progress 0.0%, elapsed 243 s, estimated 323327842752220216328705734782676713340928 s (10252658636232250392267650204958720 years), iters = {MDP: 184340}
> progress 0.0%, elapsed 246 s, estimated 327319001658701291673235759640966978338816 s (10379217454930912695223315307954176 years), iters = {MDP: 186618}
> progress 0.0%, elapsed 249 s, estimated 331311053274713429270133591564081157898240 s (10505804581263110855473317285986304 years), iters = {MDP: 188969}
> progress 0.0%, elapsed 252 s, estimated 335302429644505445631703291006978338324480 s (10632370295678128910296202984030208 years), iters = {MDP: 191330}
> progress 0.0%, elapsed 255 s, estimated 339293955548593381036641495269556162134016 s (10758940751794563883035885981138944 years), iters = {MDP: 193627}
> progress 0.0%, elapsed 258 s, estimated 343285999849580417495665127728563194167296 s (10885527646168834700761252459708416 years), iters = {MDP: 195989}
> progress 0.0%, elapsed 261 s, estimated 347277426527951344526823367947861838790656 s (11012094955858425518095742372151296 years), iters = {MDP: 198324}
> progress 0.0%, elapsed 264 s, estimated 351269291938774899894985996660162615574528 s (11138676177662825533217537320288256 years), iters = {MDP: 200623}
> progress 0.0%, elapsed 267 s, estimated 355260418928664566603790328927623718109184 s (11265233984293015648463667716947968 years), iters = {MDP: 203000}
> progress 0.0%, elapsed 270 s, estimated 359251569429322983049555642932398691188736 s (11391792536444791140174036234928128 years), iters = {MDP: 205239}
> progress 0.0%, elapsed 273 s, estimated 363242930820545178052163946898582107324416 s (11518357775892477853586129569185792 years), iters = {MDP: 207380}
> progress 0.0%, elapsed 276 s, estimated 367234315057412758376890815726125045514240 s (11644923739770824209954280929492992 years), iters = {MDP: 209626}
> progress 0.0%, elapsed 279 s, estimated 371225161370698089032820986539797163016192 s (11771472646204277605404372415545344 years), iters = {MDP: 211832}
> progress 0.0%, elapsed 282 s, estimated 375217672409810614681743193257866707337216 s (11898074340747418878456948232028160 years), iters = {MDP: 214031}
> progress 0.0%, elapsed 285 s, estimated 379210031512205228022065297822112702005248 s (12024671217408840245771258784907264 years), iters = {MDP: 216340}
> progress 0.0%, elapsed 288 s, estimated 383201927988266776202447833240968271757312 s (12151253424285477804559458466004992 years), iters = {MDP: 218642}
> progress 0.0%, elapsed 291 s, estimated 387193990804946225626670021663800881577984 s (12277840905788504360422550936748032 years), iters = {MDP: 220828}
> progress 0.0%, elapsed 294 s, estimated 391185264439836511500441286288364095406080 s (12404403362501158747253211138097152 years), iters = {MDP: 223160}
> progress 0.0%, elapsed 297 s, estimated 395176415626901885971472738890365334978560 s (12530961936418757162838515834159104 years), iters = {MDP: 225464}
> progress 0.0%, elapsed 300 s, estimated 399167715905288116435165542098607120842752 s (12657525237991123369003977919168512 years), iters = {MDP: 227597}
ERROR (ItemLabeling.cpp:135): Label 'goal' already exists.
no robust policy found
--------------------
Synthesis summary:
constraint 1: P>=19/20 [F ((bat = 0) & (lost = 0))]

method: None, synthesis time: 300.2 s
number of holes: 10, family size: 14580, quotient: 1594 states / 10508 actions
explored: 0 %
MDP stats: avg MDP size: 1230, iterations: 227688

feasible: no
--------------------
None, 300.2, 227688, 0
### POSMG ###
