dpm-switch-q10, 1594, 5, 14580, 819139181147931881905023352792069526823329295380403948350929152895424875686344781715505037611966898148554160889669771786796857085566636903402228512135326883847372009667431196426174288805437735659481530964652603241915574787826218645446293596794441400685986082181639842782641, 0.736, , 0.737387385924877
### AR-1by1-v2 ###
> progress 0.0%, elapsed 3 s, estimated 3000688 s (34 days), iters = {MDP: 3058}
> progress 0.0%, elapsed 6 s, estimated 6001116 s (69 days), iters = {MDP: 6077}
> progress 0.0%, elapsed 9 s, estimated 9002022 s (104 days), iters = {MDP: 9126}
> progress 0.0%, elapsed 12 s, estimated 12002541 s (138 days), iters = {MDP: 12174}
> progress 0.0%, elapsed 15 s, estimated 15002955 s (173 days), iters = {MDP: 15176}
> progress 0.0%, elapsed 18 s, estimated 18003606 s (208 days), iters = {MDP: 18383}
> progress 0.0%, elapsed 21 s, estimated 21004682 s (243 days), iters = {MDP: 21487}
> progress 0.0%, elapsed 24 s, estimated 24005187 s (277 days), iters = {MDP: 24502}
> progress 0.0%, elapsed 27 s, estimated 27005768 s (312 days), iters = {MDP: 27674}
> progress 0.0%, elapsed 30 s, estimated 30006483 s (347 days), iters = {MDP: 30817}
> progress 0.0%, elapsed 33 s, estimated 33006662 s (1 year), iters = {MDP: 33900}
> progress 0.0%, elapsed 36 s, estimated 36007012 s (1 year), iters = {MDP: 36894}
> progress 0.0%, elapsed 39 s, estimated 39007896 s (1 year), iters = {MDP: 39988}
> progress 0.0%, elapsed 42 s, estimated 42008213 s (1 year), iters = {MDP: 42956}
> progress 0.0%, elapsed 45 s, estimated 45009168 s (1 year), iters = {MDP: 46011}
> progress 0.0%, elapsed 48 s, estimated 48009652 s (1 year), iters = {MDP: 48950}
> progress 0.0%, elapsed 51 s, estimated 51009788 s (1 year), iters = {MDP: 52015}
> progress 0.0%, elapsed 54 s, estimated 54010316 s (1 year), iters = {MDP: 55115}
> progress 0.0%, elapsed 57 s, estimated 57011200 s (1 year), iters = {MDP: 58178}
> progress 0.0%, elapsed 60 s, estimated 60011488 s (1 year), iters = {MDP: 61201}
> progress 0.0%, elapsed 63 s, estimated 63011638 s (1 year), iters = {MDP: 64175}
> progress 0.0%, elapsed 66 s, estimated 66011769 s (2 years), iters = {MDP: 67116}
> progress 0.0%, elapsed 69 s, estimated 69012647 s (2 years), iters = {MDP: 70124}
> progress 0.0%, elapsed 72 s, estimated 72012967 s (2 years), iters = {MDP: 73172}
> progress 0.0%, elapsed 75 s, estimated 75013243 s (2 years), iters = {MDP: 76329}
> progress 0.0%, elapsed 78 s, estimated 78013618 s (2 years), iters = {MDP: 79478}
> progress 0.0%, elapsed 81 s, estimated 81014177 s (2 years), iters = {MDP: 82620}
> progress 0.0%, elapsed 84 s, estimated 84015103 s (2 years), iters = {MDP: 85714}
> progress 0.0%, elapsed 87 s, estimated 87015352 s (2 years), iters = {MDP: 88659}
> progress 0.0%, elapsed 90 s, estimated 90015714 s (2 years), iters = {MDP: 91739}
> progress 0.0%, elapsed 93 s, estimated 93016228 s (2 years), iters = {MDP: 94874}
> progress 0.0%, elapsed 96 s, estimated 96016733 s (3 years), iters = {MDP: 98044}
> progress 0.0%, elapsed 99 s, estimated 99018099 s (3 years), iters = {MDP: 101003}
> progress 0.0%, elapsed 102 s, estimated 102018266 s (3 years), iters = {MDP: 103889}
> progress 0.0%, elapsed 105 s, estimated 105019156 s (3 years), iters = {MDP: 106992}
> progress 0.0%, elapsed 108 s, estimated 108019256 s (3 years), iters = {MDP: 110024}
> progress 0.0%, elapsed 111 s, estimated 111019706 s (3 years), iters = {MDP: 113149}
> progress 0.0%, elapsed 114 s, estimated 114019946 s (3 years), iters = {MDP: 116115}
> progress 0.0%, elapsed 117 s, estimated 117020270 s (3 years), iters = {MDP: 118868}
> progress 0.0%, elapsed 120 s, estimated 120020426 s (3 years), iters = {MDP: 121865}
> progress 0.0%, elapsed 123 s, estimated 123021290 s (3 years), iters = {MDP: 124986}
> progress 0.0%, elapsed 126 s, estimated 126021734 s (3 years), iters = {MDP: 128107}
> progress 0.0%, elapsed 129 s, estimated 129022312 s (4 years), iters = {MDP: 131045}
> progress 0.0%, elapsed 132 s, estimated 132023093 s (4 years), iters = {MDP: 133855}
> progress 0.0%, elapsed 135 s, estimated 135023335 s (4 years), iters = {MDP: 136793}
> progress 0.0%, elapsed 138 s, estimated 138023644 s (4 years), iters = {MDP: 139690}
> progress 0.0%, elapsed 141 s, estimated 141024494 s (4 years), iters = {MDP: 142650}
> progress 0.0%, elapsed 144 s, estimated 144024735 s (4 years), iters = {MDP: 145500}
> progress 0.0%, elapsed 147 s, estimated 147025546 s (4 years), iters = {MDP: 148325}
> progress 0.0%, elapsed 150 s, estimated 150026296 s (4 years), iters = {MDP: 151298}
> progress 0.0%, elapsed 153 s, estimated 153026933 s (4 years), iters = {MDP: 154268}
> progress 0.0%, elapsed 156 s, estimated 156027050 s (4 years), iters = {MDP: 157206}
> progress 0.0%, elapsed 159 s, estimated 159027821 s (5 years), iters = {MDP: 160177}
> progress 0.0%, elapsed 162 s, estimated 162028593 s (5 years), iters = {MDP: 163260}
> progress 0.0%, elapsed 165 s, estimated 165029088 s (5 years), iters = {MDP: 166355}
> progress 0.0%, elapsed 168 s, estimated 168029533 s (5 years), iters = {MDP: 169442}
> progress 0.0%, elapsed 171 s, estimated 171029741 s (5 years), iters = {MDP: 172529}
> progress 0.0%, elapsed 174 s, estimated 174030318 s (5 years), iters = {MDP: 175613}
> progress 0.0%, elapsed 177 s, estimated 177031163 s (5 years), iters = {MDP: 178740}
> progress 0.0%, elapsed 180 s, estimated 180031556 s (5 years), iters = {MDP: 181888}
> progress 0.0%, elapsed 183 s, estimated 183031977 s (5 years), iters = {MDP: 184927}
> progress 0.0%, elapsed 186 s, estimated 186032388 s (5 years), iters = {MDP: 187934}
> progress 0.0%, elapsed 189 s, estimated 189033303 s (5 years), iters = {MDP: 190777}
> progress 0.0%, elapsed 192 s, estimated 192033467 s (6 years), iters = {MDP: 193708}
> progress 0.0%, elapsed 195 s, estimated 195033741 s (6 years), iters = {MDP: 196836}
> progress 0.0%, elapsed 198 s, estimated 198033877 s (6 years), iters = {MDP: 199755}
> progress 0.0%, elapsed 201 s, estimated 201034665 s (6 years), iters = {MDP: 202696}
> progress 0.0%, elapsed 204 s, estimated 204035027 s (6 years), iters = {MDP: 205530}
> progress 0.0%, elapsed 207 s, estimated 207035241 s (6 years), iters = {MDP: 208126}
> progress 0.0%, elapsed 210 s, estimated 210035588 s (6 years), iters = {MDP: 210986}
> progress 0.0%, elapsed 213 s, estimated 213036041 s (6 years), iters = {MDP: 213990}
> progress 0.0%, elapsed 216 s, estimated 216036195 s (6 years), iters = {MDP: 216926}
> progress 0.0%, elapsed 219 s, estimated 219037025 s (6 years), iters = {MDP: 219885}
> progress 0.0%, elapsed 222 s, estimated 222037822 s (7 years), iters = {MDP: 222888}
> progress 0.0%, elapsed 225 s, estimated 225038169 s (7 years), iters = {MDP: 225905}
> progress 0.0%, elapsed 228 s, estimated 228038871 s (7 years), iters = {MDP: 228938}
> progress 0.0%, elapsed 231 s, estimated 231038944 s (7 years), iters = {MDP: 231897}
> progress 0.0%, elapsed 234 s, estimated 234039465 s (7 years), iters = {MDP: 234849}
> progress 0.0%, elapsed 237 s, estimated 237040368 s (7 years), iters = {MDP: 237788}
> progress 0.0%, elapsed 240 s, estimated 240040904 s (7 years), iters = {MDP: 240797}
> progress 0.0%, elapsed 243 s, estimated 243041333 s (7 years), iters = {MDP: 243805}
> progress 0.0%, elapsed 246 s, estimated 246041848 s (7 years), iters = {MDP: 246836}
> progress 0.0%, elapsed 249 s, estimated 249041959 s (7 years), iters = {MDP: 249852}
> progress 0.0%, elapsed 252 s, estimated 252042544 s (7 years), iters = {MDP: 252708}
> progress 0.0%, elapsed 255 s, estimated 255043215 s (8 years), iters = {MDP: 255343}
> progress 0.0%, elapsed 258 s, estimated 258043952 s (8 years), iters = {MDP: 258022}
> progress 0.0%, elapsed 261 s, estimated 261044842 s (8 years), iters = {MDP: 260851}
> progress 0.0%, elapsed 264 s, estimated 264045552 s (8 years), iters = {MDP: 263708}
> progress 0.0%, elapsed 267 s, estimated 267046185 s (8 years), iters = {MDP: 266670}
> progress 0.0%, elapsed 270 s, estimated 270047382 s (8 years), iters = {MDP: 269585}
> progress 0.0%, elapsed 273 s, estimated 273048271 s (8 years), iters = {MDP: 272648}
> progress 0.0%, elapsed 276 s, estimated 276048367 s (8 years), iters = {MDP: 275656}
> progress 0.0%, elapsed 279 s, estimated 279049013 s (8 years), iters = {MDP: 278724}
> progress 0.0%, elapsed 282 s, estimated 282049405 s (8 years), iters = {MDP: 281753}
> progress 0.0%, elapsed 285 s, estimated 285050205 s (9 years), iters = {MDP: 284779}
> progress 0.0%, elapsed 288 s, estimated 288051178 s (9 years), iters = {MDP: 287782}
> progress 0.0%, elapsed 291 s, estimated 291051796 s (9 years), iters = {MDP: 290742}
> progress 0.0%, elapsed 294 s, estimated 294052267 s (9 years), iters = {MDP: 293688}
> progress 0.0%, elapsed 297 s, estimated 297052354 s (9 years), iters = {MDP: 296559}
> progress 0.0%, elapsed 300 s, estimated 300052719 s (9 years), iters = {MDP: 299573}
no robust policy found
--------------------
Synthesis summary:
constraint 1: P>=92/125 [F ((bat = 0) & (lost = 0))]

method: None, synthesis time: 302.91 s
number of holes: 10, family size: 14580, quotient: 1594 states / 10508 actions
explored: 0 %
MDP stats: avg MDP size: 332, iterations: 302442

feasible: no
--------------------
None, 302.91, 302442, 0
