bridge-5-3-1, 35, 6, 3, 268435456, 0.95, , 0.9025
### CEG-AR ###
robust policy found
--------------------
Synthesis summary:
constraint 1: P>=19/20 [F ((x = 5) & (y = 3))]

method: None, synthesis time: 0.04 s
number of holes: 1, family size: 3, quotient: 35 states / 89 actions
explored: 82 %
MDP stats: avg MDP size: 0, iterations: 25

feasible: yes
--------------------
True, 0.04, 25, 82
### CEG-1by1 ###
robust policy found
--------------------
Synthesis summary:
constraint 1: P>=19/20 [F ((x = 5) & (y = 3))]

method: None, synthesis time: 0.03 s
number of holes: 1, family size: 3, quotient: 35 states / 89 actions
explored: 82 %
DTMC stats: avg DTMC size: 8, iterations: 24

feasible: yes
--------------------
True, 0.03, 24, 82
### AR-1by1 ###
robust policy found
--------------------
Synthesis summary:
constraint 1: P>=19/20 [F ((x = 5) & (y = 3))]

method: None, synthesis time: 0.0 s
number of holes: 1, family size: 3, quotient: 35 states / 89 actions
explored: 0 %
MDP stats: avg MDP size: 28, iterations: 19

feasible: yes
--------------------
True, 0.0, 19, 0
### POSMG ###
created 3 POMDPs
constructed union POSMG with 94 states and 222 actions
--------------------
Synthesis summary:
optimality objective: Pmax=? [F "goal"] 

method: AR, synthesis time: 0.02 s
number of holes: 15, family size: 1e8, quotient: 94 states / 222 actions
explored: 100 %
Game stats: avg game size: 73, iterations: 73

optimum: 0.95
--------------------
A(P0,O0,M0)=up, A(P0,O5,M0)=right, A(P0,O6,M0)=up, A(P0,O10,M0)=up, A(P0,O11,M0)=right, A(P0,O13,M0)=right, A(P0,O18,M0)=right, A(P0,O19,M0)=right, A(P0,O20,M0)=right, A(P0,O25,M0)=up, A(P0,O26,M0)=right, A(P0,O28,M0)=down, A(P0,O31,M0)=up, A(P0,O32,M0)=down, A(P1,S0,M0)=model_1
--------------------
Synthesis summary:
constraint 1: P>=19/20 [F ((x = 5) & (y = 3))]

method: None, synthesis time: 0.02 s
number of holes: 1, family size: 3, quotient: 35 states / 89 actions
explored: 0 %

feasible: no
--------------------
None, 0.02, 0, 0
