mastermind-2-3-3, 13, 9, 8, 1073741824, 0.8999999999999999, , 0.0
### CEG-AR ###
no robust policy found
--------------------
Synthesis summary:
constraint 1: P>=9/10 [F "goal"]

method: None, synthesis time: 21.81 s
number of holes: 3, family size: 8, quotient: 13 states / 475 actions
explored: 187 %
MDP stats: avg MDP size: 0, iterations: 40241

feasible: no
--------------------
None, 21.81, 40241, 187
### CEG-1by1 ###
> progress 54.736%, elapsed 3 s, estimated 5 s, iters = {DTMC: 5397}
> progress 102.026%, elapsed 6 s, estimated 5 s, iters = {DTMC: 9903}
> progress 145.629%, elapsed 9 s, estimated 6 s, iters = {DTMC: 14304}
> progress 180.395%, elapsed 12 s, estimated 6 s, iters = {DTMC: 18328}
no robust policy found
--------------------
Synthesis summary:
constraint 1: P>=9/10 [F "goal"]

method: None, synthesis time: 12.66 s
number of holes: 3, family size: 8, quotient: 13 states / 475 actions
explored: 184 %
DTMC stats: avg DTMC size: 4, iterations: 18920

feasible: no
--------------------
None, 12.66, 18920, 184
### AR-1by1 ###
no robust policy found
--------------------
Synthesis summary:
constraint 1: P>=9/10 [F "goal"]

method: None, synthesis time: 0.47 s
number of holes: 3, family size: 8, quotient: 13 states / 475 actions
explored: 100 %
MDP stats: avg MDP size: 7, iterations: 8988

feasible: no
--------------------
None, 0.47, 8988, 100
### POSMG ###
created 8 POMDPs
constructed union POSMG with 105 states and 672 actions
> progress 11.31%, elapsed 3 s, estimated 26 s, iters = {game: 15863}, opt = 0.0
> progress 17.227%, elapsed 6 s, estimated 34 s, iters = {game: 32735}, opt = 0.0
> progress 23.325%, elapsed 9 s, estimated 38 s, iters = {game: 48920}, opt = 0.0
> progress 31.793%, elapsed 12 s, estimated 37 s, iters = {game: 65247}, opt = 0.0
> progress 39.598%, elapsed 15 s, estimated 37 s, iters = {game: 81098}, opt = 0.0
> progress 44.996%, elapsed 18 s, estimated 40 s, iters = {game: 97281}, opt = 0.0
> progress 50.842%, elapsed 21 s, estimated 41 s, iters = {game: 112876}, opt = 0.0
> progress 58.833%, elapsed 24 s, estimated 40 s, iters = {game: 128396}, opt = 0.0
> progress 65.396%, elapsed 27 s, estimated 41 s, iters = {game: 144390}, opt = 0.0
> progress 71.111%, elapsed 30 s, estimated 42 s, iters = {game: 159829}, opt = 0.0
> progress 77.099%, elapsed 33 s, estimated 42 s, iters = {game: 176124}, opt = 0.0
> progress 82.489%, elapsed 36 s, estimated 43 s, iters = {game: 193139}, opt = 0.0
> progress 88.904%, elapsed 39 s, estimated 43 s, iters = {game: 209242}, opt = 0.0
> progress 94.514%, elapsed 42 s, estimated 44 s, iters = {game: 225670}, opt = 0.0
> progress 99.635%, elapsed 45 s, estimated 45 s, iters = {game: 242456}, opt = 0.0
--------------------
Synthesis summary:
optimality objective: Pmax=? [F "goal"] 

method: AR, synthesis time: 45.22 s
number of holes: 11, family size: 1e9, quotient: 105 states / 672 actions
explored: 100 %
Game stats: avg game size: 53, iterations: 243705

optimum: 0.0
--------------------
A(P0,O0,M0)=g001, A(P0,O2,M0)=g010, A(P0,O3,M0)=g010, A(P0,O4,M0)=g001, A(P0,O6,M0)=g111, A(P0,O7,M0)=g111, A(P0,O8,M0)=g110, A(P0,O10,M0)=g000, A(P0,O11,M0)=g000, A(P0,O12,M0)=g000, A(P1,S0,M0)=model_0
--------------------
Synthesis summary:
constraint 1: P>=9/10 [F "goal"]

method: None, synthesis time: 45.23 s
number of holes: 3, family size: 8, quotient: 13 states / 475 actions
explored: 0 %

feasible: no
--------------------
None, 45.23, 0, 0
