pacman-6, 1296, 5, 81, 394084245522141626953485431836389151728191722497516426553221541823493367658800961065564478638820000356056388337167035542074008945401913950236214360506399705231203021164366069389563701733455174652493802096528279659381259483508916176782516892616322154881870596505654577774329808187256502370468256875376316278135937985788160888518809137837873180086327183792757748702946460720720770436177477377229784500022657580657233628383930137914619684009220791267089768552182903618603146950084219242780072578071648001265726679873751772302343114358428552134991938056446803917216962620267368806273089867659639177213488960155211698149211030681779788578141054359274289556411400436598704927821275214881488970218576557325551889577507340928956338410400961096026352642413831783448576, 1.0, , 1.0
### CEG-AR ###
robust policy found
--------------------
Synthesis summary:
constraint 1: P>=1 [F "goal"]

method: None, synthesis time: 197.08 s
number of holes: 4, family size: 81, quotient: 1296 states / 14876 actions
explored: 101 %
MDP stats: avg MDP size: 0, iterations: 89648

feasible: yes
--------------------
True, 197.08, 89648, 101
### CEG-1by1 ###
> progress 26.936%, elapsed 3 s, estimated 11 s, iters = {DTMC: 343}
> progress 27.361%, elapsed 6 s, estimated 22 s, iters = {DTMC: 999}
> progress 35.228%, elapsed 9 s, estimated 25 s, iters = {DTMC: 1890}
> progress 36.224%, elapsed 12 s, estimated 33 s, iters = {DTMC: 2898}
> progress 36.229%, elapsed 15 s, estimated 41 s, iters = {DTMC: 3021}
> progress 36.328%, elapsed 18 s, estimated 49 s, iters = {DTMC: 3789}
> progress 36.328%, elapsed 21 s, estimated 58 s, iters = {DTMC: 4723}
> progress 36.328%, elapsed 24 s, estimated 66 s, iters = {DTMC: 5455}
> progress 36.328%, elapsed 27 s, estimated 74 s, iters = {DTMC: 6074}
> progress 36.328%, elapsed 30 s, estimated 83 s, iters = {DTMC: 6982}
> progress 36.94%, elapsed 33 s, estimated 89 s, iters = {DTMC: 8085}
> progress 36.941%, elapsed 36 s, estimated 98 s, iters = {DTMC: 9027}
> progress 37.893%, elapsed 39 s, estimated 103 s, iters = {DTMC: 10361}
> progress 37.99%, elapsed 42 s, estimated 111 s, iters = {DTMC: 11686}
> progress 37.992%, elapsed 45 s, estimated 119 s, iters = {DTMC: 12993}
> progress 37.994%, elapsed 48 s, estimated 127 s, iters = {DTMC: 14301}
> progress 37.994%, elapsed 51 s, estimated 135 s, iters = {DTMC: 15316}
> progress 37.994%, elapsed 54 s, estimated 143 s, iters = {DTMC: 16085}
> progress 37.994%, elapsed 57 s, estimated 151 s, iters = {DTMC: 17220}
> progress 37.994%, elapsed 60 s, estimated 159 s, iters = {DTMC: 18747}
> progress 37.994%, elapsed 63 s, estimated 167 s, iters = {DTMC: 20035}
> progress 37.999%, elapsed 66 s, estimated 175 s, iters = {DTMC: 22038}
> progress 39.856%, elapsed 69 s, estimated 174 s, iters = {DTMC: 23960}
> progress 39.859%, elapsed 72 s, estimated 182 s, iters = {DTMC: 25896}
> progress 39.859%, elapsed 75 s, estimated 189 s, iters = {DTMC: 27926}
> progress 39.859%, elapsed 78 s, estimated 197 s, iters = {DTMC: 29821}
> progress 39.863%, elapsed 81 s, estimated 204 s, iters = {DTMC: 31362}
> progress 39.864%, elapsed 84 s, estimated 212 s, iters = {DTMC: 33007}
> progress 39.864%, elapsed 87 s, estimated 219 s, iters = {DTMC: 34513}
> progress 39.864%, elapsed 90 s, estimated 227 s, iters = {DTMC: 35925}
> progress 39.864%, elapsed 93 s, estimated 234 s, iters = {DTMC: 37889}
> progress 39.864%, elapsed 96 s, estimated 242 s, iters = {DTMC: 39837}
> progress 39.864%, elapsed 99 s, estimated 250 s, iters = {DTMC: 41802}
> progress 39.864%, elapsed 102 s, estimated 257 s, iters = {DTMC: 43552}
> progress 39.864%, elapsed 105 s, estimated 265 s, iters = {DTMC: 45174}
> progress 39.864%, elapsed 108 s, estimated 272 s, iters = {DTMC: 45904}
> progress 39.864%, elapsed 111 s, estimated 280 s, iters = {DTMC: 46737}
> progress 39.864%, elapsed 114 s, estimated 288 s, iters = {DTMC: 47807}
> progress 39.864%, elapsed 117 s, estimated 295 s, iters = {DTMC: 48770}
> progress 39.864%, elapsed 120 s, estimated 303 s, iters = {DTMC: 49940}
> progress 39.865%, elapsed 123 s, estimated 310 s, iters = {DTMC: 51774}
> progress 39.865%, elapsed 126 s, estimated 318 s, iters = {DTMC: 53442}
> progress 39.865%, elapsed 129 s, estimated 325 s, iters = {DTMC: 54992}
> progress 39.865%, elapsed 132 s, estimated 333 s, iters = {DTMC: 56602}
> progress 39.865%, elapsed 135 s, estimated 340 s, iters = {DTMC: 58536}
> progress 39.865%, elapsed 138 s, estimated 348 s, iters = {DTMC: 60412}
> progress 39.865%, elapsed 141 s, estimated 356 s, iters = {DTMC: 62043}
> progress 39.865%, elapsed 145 s, estimated 363 s, iters = {DTMC: 63735}
> progress 39.865%, elapsed 148 s, estimated 371 s, iters = {DTMC: 65678}
> progress 39.908%, elapsed 151 s, estimated 378 s, iters = {DTMC: 67801}
> progress 39.908%, elapsed 154 s, estimated 385 s, iters = {DTMC: 70152}
> progress 39.908%, elapsed 157 s, estimated 393 s, iters = {DTMC: 72192}
> progress 39.908%, elapsed 160 s, estimated 401 s, iters = {DTMC: 74078}
> progress 39.909%, elapsed 163 s, estimated 408 s, iters = {DTMC: 75011}
> progress 39.909%, elapsed 166 s, estimated 416 s, iters = {DTMC: 75452}
> progress 39.909%, elapsed 169 s, estimated 423 s, iters = {DTMC: 77168}
> progress 39.909%, elapsed 172 s, estimated 431 s, iters = {DTMC: 79484}
> progress 39.909%, elapsed 175 s, estimated 438 s, iters = {DTMC: 81732}
> progress 39.909%, elapsed 178 s, estimated 446 s, iters = {DTMC: 83955}
> progress 39.91%, elapsed 181 s, estimated 453 s, iters = {DTMC: 86124}
> progress 39.911%, elapsed 184 s, estimated 461 s, iters = {DTMC: 87766}
> progress 98.058%, elapsed 187 s, estimated 190 s, iters = {DTMC: 88928}
> progress 109.266%, elapsed 190 s, estimated 174 s, iters = {DTMC: 89014}
> progress 114.426%, elapsed 193 s, estimated 168 s, iters = {DTMC: 89094}
> progress 116.202%, elapsed 196 s, estimated 168 s, iters = {DTMC: 89144}
> progress 117.071%, elapsed 199 s, estimated 170 s, iters = {DTMC: 89228}
> progress 117.193%, elapsed 202 s, estimated 172 s, iters = {DTMC: 89537}
> progress 121.597%, elapsed 205 s, estimated 168 s, iters = {DTMC: 89972}
> progress 122.308%, elapsed 208 s, estimated 170 s, iters = {DTMC: 90399}
> progress 124.324%, elapsed 211 s, estimated 170 s, iters = {DTMC: 90876}
> progress 126.179%, elapsed 214 s, estimated 169 s, iters = {DTMC: 91327}
> progress 126.292%, elapsed 217 s, estimated 172 s, iters = {DTMC: 91799}
> progress 126.982%, elapsed 220 s, estimated 173 s, iters = {DTMC: 92262}
> progress 127.126%, elapsed 223 s, estimated 175 s, iters = {DTMC: 92749}
> progress 128.026%, elapsed 226 s, estimated 176 s, iters = {DTMC: 93194}
> progress 128.032%, elapsed 229 s, estimated 179 s, iters = {DTMC: 93644}
> progress 128.058%, elapsed 232 s, estimated 181 s, iters = {DTMC: 94110}
> progress 128.061%, elapsed 235 s, estimated 184 s, iters = {DTMC: 94605}
> progress 128.227%, elapsed 238 s, estimated 186 s, iters = {DTMC: 95030}
> progress 128.607%, elapsed 241 s, estimated 187 s, iters = {DTMC: 95438}
> progress 128.802%, elapsed 244 s, estimated 190 s, iters = {DTMC: 95903}
> progress 129.649%, elapsed 247 s, estimated 191 s, iters = {DTMC: 96199}
> progress 129.983%, elapsed 250 s, estimated 192 s, iters = {DTMC: 96590}
> progress 130.076%, elapsed 253 s, estimated 195 s, iters = {DTMC: 96944}
> progress 130.104%, elapsed 256 s, estimated 197 s, iters = {DTMC: 97481}
> progress 130.104%, elapsed 259 s, estimated 199 s, iters = {DTMC: 98007}
> progress 130.104%, elapsed 262 s, estimated 202 s, iters = {DTMC: 98701}
> progress 130.207%, elapsed 265 s, estimated 204 s, iters = {DTMC: 99546}
> progress 130.207%, elapsed 269 s, estimated 206 s, iters = {DTMC: 100423}
> progress 130.207%, elapsed 272 s, estimated 208 s, iters = {DTMC: 101321}
> progress 130.207%, elapsed 275 s, estimated 211 s, iters = {DTMC: 102234}
> progress 130.207%, elapsed 278 s, estimated 213 s, iters = {DTMC: 103152}
> progress 131.896%, elapsed 281 s, estimated 213 s, iters = {DTMC: 104103}
> progress 131.998%, elapsed 284 s, estimated 215 s, iters = {DTMC: 105051}
> progress 131.999%, elapsed 287 s, estimated 217 s, iters = {DTMC: 105972}
> progress 131.999%, elapsed 290 s, estimated 219 s, iters = {DTMC: 106780}
> progress 131.999%, elapsed 293 s, estimated 222 s, iters = {DTMC: 107856}
> progress 131.999%, elapsed 296 s, estimated 224 s, iters = {DTMC: 108939}
> progress 132.105%, elapsed 299 s, estimated 226 s, iters = {DTMC: 110014}
no robust policy found
--------------------
Synthesis summary:
constraint 1: P>=1 [F "goal"]

method: None, synthesis time: 300.05 s
number of holes: 4, family size: 81, quotient: 1296 states / 14876 actions
explored: 132 %
DTMC stats: avg DTMC size: 21, iterations: 110364

feasible: no
--------------------
None, 300.05, 110364, 132
### AR-1by1 ###
> progress 0.0%, elapsed 3 s, estimated 12584958 s (145 days), iters = {MDP: 3927}
> progress 0.0%, elapsed 6 s, estimated 25169298 s (291 days), iters = {MDP: 8274}
> progress 0.0%, elapsed 9 s, estimated 37754215 s (1 year), iters = {MDP: 12699}
> progress 0.0%, elapsed 12 s, estimated 50339599 s (1 year), iters = {MDP: 17145}
> progress 0.0%, elapsed 15 s, estimated 62924237 s (1 year), iters = {MDP: 21559}
> progress 0.0%, elapsed 18 s, estimated 75530536 s (2 years), iters = {MDP: 25725}
> progress 0.0%, elapsed 21 s, estimated 88114906 s (2 years), iters = {MDP: 29891}
> progress 0.0%, elapsed 24 s, estimated 100698507 s (3 years), iters = {MDP: 34523}
> progress 0.0%, elapsed 27 s, estimated 113281716 s (3 years), iters = {MDP: 39156}
> progress 0.0%, elapsed 30 s, estimated 125865418 s (3 years), iters = {MDP: 43629}
> progress 0.0%, elapsed 33 s, estimated 138449077 s (4 years), iters = {MDP: 48125}
> progress 0.0%, elapsed 36 s, estimated 151032549 s (4 years), iters = {MDP: 52595}
> progress 0.0%, elapsed 39 s, estimated 163617347 s (5 years), iters = {MDP: 57170}
> progress 0.0%, elapsed 42 s, estimated 176202884 s (5 years), iters = {MDP: 61706}
> progress 0.0%, elapsed 45 s, estimated 188787131 s (5 years), iters = {MDP: 66235}
> progress 0.0%, elapsed 48 s, estimated 201370619 s (6 years), iters = {MDP: 70550}
> progress 0.0%, elapsed 51 s, estimated 213954088 s (6 years), iters = {MDP: 74746}
> progress 0.0%, elapsed 54 s, estimated 226538465 s (7 years), iters = {MDP: 79183}
> progress 0.0%, elapsed 57 s, estimated 239122869 s (7 years), iters = {MDP: 83857}
> progress 0.0%, elapsed 60 s, estimated 251707221 s (7 years), iters = {MDP: 88544}
> progress 0.0%, elapsed 63 s, estimated 264292589 s (8 years), iters = {MDP: 93083}
> progress 0.0%, elapsed 66 s, estimated 276876678 s (8 years), iters = {MDP: 97571}
> progress 0.0%, elapsed 69 s, estimated 289460216 s (9 years), iters = {MDP: 102166}
> progress 0.0%, elapsed 72 s, estimated 302043554 s (9 years), iters = {MDP: 106705}
> progress 0.0%, elapsed 75 s, estimated 314627721 s (9 years), iters = {MDP: 111227}
> progress 0.0%, elapsed 78 s, estimated 327210965 s (10 years), iters = {MDP: 115605}
> progress 0.0%, elapsed 81 s, estimated 339796744 s (10 years), iters = {MDP: 120048}
> progress 0.0%, elapsed 84 s, estimated 352380509 s (11 years), iters = {MDP: 124683}
> progress 0.0%, elapsed 87 s, estimated 364995996 s (11 years), iters = {MDP: 129197}
> progress 0.0%, elapsed 90 s, estimated 377580920 s (11 years), iters = {MDP: 133653}
> progress 0.0%, elapsed 93 s, estimated 390164683 s (12 years), iters = {MDP: 138122}
> progress 0.0%, elapsed 96 s, estimated 402749442 s (12 years), iters = {MDP: 142640}
> progress 0.0%, elapsed 99 s, estimated 415332916 s (13 years), iters = {MDP: 147323}
> progress 0.0%, elapsed 102 s, estimated 427919672 s (13 years), iters = {MDP: 151879}
> progress 0.0%, elapsed 105 s, estimated 440504332 s (13 years), iters = {MDP: 156404}
> progress 0.0%, elapsed 108 s, estimated 453090656 s (14 years), iters = {MDP: 160475}
> progress 0.0%, elapsed 111 s, estimated 465678532 s (14 years), iters = {MDP: 164792}
> progress 0.0%, elapsed 114 s, estimated 478262042 s (15 years), iters = {MDP: 169197}
> progress 0.0%, elapsed 117 s, estimated 490845706 s (15 years), iters = {MDP: 173713}
> progress 0.0%, elapsed 120 s, estimated 503429159 s (15 years), iters = {MDP: 178122}
> progress 0.0%, elapsed 123 s, estimated 516014030 s (16 years), iters = {MDP: 182591}
> progress 0.0%, elapsed 126 s, estimated 528598762 s (16 years), iters = {MDP: 187136}
> progress 0.0%, elapsed 129 s, estimated 541182126 s (17 years), iters = {MDP: 191822}
> progress 0.0%, elapsed 132 s, estimated 553765598 s (17 years), iters = {MDP: 196371}
> progress 0.0%, elapsed 135 s, estimated 566348811 s (17 years), iters = {MDP: 200783}
> progress 0.0%, elapsed 138 s, estimated 578933990 s (18 years), iters = {MDP: 205117}
> progress 0.0%, elapsed 141 s, estimated 591517374 s (18 years), iters = {MDP: 209378}
> progress 0.0%, elapsed 144 s, estimated 604103114 s (19 years), iters = {MDP: 213983}
> progress 0.0%, elapsed 147 s, estimated 616699487 s (19 years), iters = {MDP: 218542}
> progress 0.0%, elapsed 150 s, estimated 629285126 s (19 years), iters = {MDP: 223326}
> progress 0.0%, elapsed 153 s, estimated 641869212 s (20 years), iters = {MDP: 227948}
> progress 0.0%, elapsed 156 s, estimated 654453263 s (20 years), iters = {MDP: 232558}
> progress 0.0%, elapsed 159 s, estimated 667038632 s (21 years), iters = {MDP: 237271}
> progress 0.0%, elapsed 162 s, estimated 679627822 s (21 years), iters = {MDP: 241904}
> progress 0.0%, elapsed 165 s, estimated 692212065 s (21 years), iters = {MDP: 246482}
> progress 0.0%, elapsed 168 s, estimated 704795315 s (22 years), iters = {MDP: 250916}
> progress 0.0%, elapsed 171 s, estimated 717379318 s (22 years), iters = {MDP: 255365}
> progress 0.0%, elapsed 174 s, estimated 729962535 s (23 years), iters = {MDP: 259958}
> progress 0.0%, elapsed 177 s, estimated 742545807 s (23 years), iters = {MDP: 264446}
> progress 0.0%, elapsed 180 s, estimated 755130535 s (23 years), iters = {MDP: 269142}
> progress 0.0%, elapsed 183 s, estimated 767721330 s (24 years), iters = {MDP: 273978}
> progress 0.0%, elapsed 186 s, estimated 780305228 s (24 years), iters = {MDP: 278739}
> progress 0.0%, elapsed 189 s, estimated 792891418 s (25 years), iters = {MDP: 283412}
> progress 0.0%, elapsed 192 s, estimated 805475018 s (25 years), iters = {MDP: 288136}
> progress 0.0%, elapsed 195 s, estimated 818059552 s (25 years), iters = {MDP: 292816}
> progress 0.0%, elapsed 198 s, estimated 830646305 s (26 years), iters = {MDP: 297087}
> progress 0.0%, elapsed 201 s, estimated 843249499 s (26 years), iters = {MDP: 301440}
> progress 0.0%, elapsed 204 s, estimated 855832889 s (27 years), iters = {MDP: 306118}
> progress 0.0%, elapsed 207 s, estimated 868417218 s (27 years), iters = {MDP: 310806}
> progress 0.0%, elapsed 210 s, estimated 881001381 s (27 years), iters = {MDP: 315506}
> progress 0.0%, elapsed 213 s, estimated 893584806 s (28 years), iters = {MDP: 320148}
> progress 0.0%, elapsed 216 s, estimated 906170149 s (28 years), iters = {MDP: 324938}
> progress 0.0%, elapsed 219 s, estimated 918753661 s (29 years), iters = {MDP: 329666}
> progress 0.0%, elapsed 222 s, estimated 931338350 s (29 years), iters = {MDP: 334299}
> progress 0.0%, elapsed 225 s, estimated 943923680 s (29 years), iters = {MDP: 338908}
> progress 0.0%, elapsed 228 s, estimated 956507994 s (30 years), iters = {MDP: 343294}
> progress 0.0%, elapsed 231 s, estimated 969091390 s (30 years), iters = {MDP: 347490}
> progress 0.0%, elapsed 234 s, estimated 981676425 s (31 years), iters = {MDP: 352102}
> progress 0.0%, elapsed 237 s, estimated 994261065 s (31 years), iters = {MDP: 356662}
> progress 0.0%, elapsed 240 s, estimated 1006854010 s (31 years), iters = {MDP: 361363}
> progress 0.0%, elapsed 243 s, estimated 1019437733 s (32 years), iters = {MDP: 366031}
> progress 0.0%, elapsed 246 s, estimated 1032046853 s (32 years), iters = {MDP: 370736}
> progress 0.0%, elapsed 249 s, estimated 1044630323 s (33 years), iters = {MDP: 375449}
> progress 0.0%, elapsed 252 s, estimated 1057214672 s (33 years), iters = {MDP: 380066}
> progress 0.0%, elapsed 255 s, estimated 1069798378 s (33 years), iters = {MDP: 384749}
> progress 0.0%, elapsed 258 s, estimated 1082382729 s (34 years), iters = {MDP: 389114}
> progress 0.0%, elapsed 261 s, estimated 1094966807 s (34 years), iters = {MDP: 393307}
> progress 0.0%, elapsed 264 s, estimated 1107552061 s (35 years), iters = {MDP: 397928}
> progress 0.0%, elapsed 267 s, estimated 1120137228 s (35 years), iters = {MDP: 402540}
> progress 0.0%, elapsed 270 s, estimated 1132720822 s (35 years), iters = {MDP: 407251}
> progress 0.0%, elapsed 273 s, estimated 1145305472 s (36 years), iters = {MDP: 411769}
> progress 0.0%, elapsed 276 s, estimated 1157889105 s (36 years), iters = {MDP: 416386}
> progress 0.0%, elapsed 279 s, estimated 1170472671 s (37 years), iters = {MDP: 421163}
> progress 0.0%, elapsed 282 s, estimated 1183056895 s (37 years), iters = {MDP: 425955}
> progress 0.0%, elapsed 285 s, estimated 1195640669 s (37 years), iters = {MDP: 430722}
> progress 0.0%, elapsed 288 s, estimated 1208236882 s (38 years), iters = {MDP: 435159}
> progress 0.0%, elapsed 291 s, estimated 1220822253 s (38 years), iters = {MDP: 439405}
> progress 0.0%, elapsed 294 s, estimated 1233406264 s (39 years), iters = {MDP: 443918}
> progress 0.0%, elapsed 297 s, estimated 1245992336 s (39 years), iters = {MDP: 448512}
> progress 0.0%, elapsed 300 s, estimated 1258577682 s (39 years), iters = {MDP: 453182}
no robust policy found
--------------------
Synthesis summary:
constraint 1: P>=1 [F "goal"]

method: None, synthesis time: 300.14 s
number of holes: 4, family size: 81, quotient: 1296 states / 14876 actions
explored: 0 %
MDP stats: avg MDP size: 100, iterations: 453263

feasible: no
--------------------
None, 300.14, 453263, 0
### POSMG ###
created 81 POMDPs
constructed union POSMG with 33763 states and 133332 actions
> progress 0.0%, elapsed 3 s, estimated 3424786 s (39 days), iters = {game: 8}
> progress 0.0%, elapsed 6 s, estimated 6743759 s (78 days), iters = {game: 16}
> progress 0.0%, elapsed 9 s, estimated 9853652 s (114 days), iters = {game: 24}
> progress 0.0%, elapsed 12 s, estimated 12988872 s (150 days), iters = {game: 32}
> progress 0.0%, elapsed 16 s, estimated 16260514 s (188 days), iters = {game: 41}
> progress 0.0%, elapsed 19 s, estimated 19546709 s (226 days), iters = {game: 51}
> progress 0.0%, elapsed 22 s, estimated 22548553 s (260 days), iters = {game: 61}
> progress 0.0%, elapsed 25 s, estimated 25775084 s (298 days), iters = {game: 72}
> progress 0.0%, elapsed 29 s, estimated 29011051 s (335 days), iters = {game: 83}
> progress 0.0%, elapsed 32 s, estimated 32131046 s (1 year), iters = {game: 95}
> progress 0.0%, elapsed 35 s, estimated 35177827 s (1 year), iters = {game: 107}
> progress 0.0%, elapsed 38 s, estimated 38224943 s (1 year), iters = {game: 119}
> progress 0.0%, elapsed 41 s, estimated 41234580 s (1 year), iters = {game: 132}
> progress 0.0%, elapsed 44 s, estimated 44417263 s (1 year), iters = {game: 148}
> progress 0.0%, elapsed 47 s, estimated 47589080 s (1 year), iters = {game: 164}
> progress 0.0%, elapsed 50 s, estimated 50774671 s (1 year), iters = {game: 180}
> progress 0.0%, elapsed 53 s, estimated 53820112 s (1 year), iters = {game: 202}
> progress 0.0%, elapsed 56 s, estimated 56838723 s (1 year), iters = {game: 232}
> progress 0.0%, elapsed 59 s, estimated 59880012 s (1 year), iters = {game: 274}
> progress 0.0%, elapsed 62 s, estimated 62897659 s (1 year), iters = {game: 340}
> progress 0.0%, elapsed 65 s, estimated 65909085 s (2 years), iters = {game: 474}
> progress 0.0%, elapsed 68 s, estimated 568881080172010800228841496976795363168131783641768461654415752840914055890071220269096883131185417943870463958455601214514514350999189974034659025974765199501162586970976707938436880916657156970255607259544515951527511666861141136204268999240382702269832700395853447168 s (18039100715753765013287257183768645362157953331898059295482971258983331725026044201460096275723741975529530646085381252360069557845875510625413114366295805062701743568961095539667443128721868381900055213094493128796678319224428612507592241398152194382191162032128 years), iters = {game: 765}, opt = 0.0
> progress 0.0%, elapsed 71 s, estimated 11545693558419775258498628610213760158806783865868605792056817840309602935397842746408809347383919913524098215353845647900625850873719056203203261203954633931624775461866095977816046300982917686346241022099456 s (366111541045781790352102992929448200964910140585341979490800618661611298582067825513904722187115672197419198318663883977901437169620134949316101820710902038950195136880040867607034847272149611175739392 years), iters = {game: 972}, opt = 0.0
> progress 0.0%, elapsed 74 s, estimated 36208105864185557526816202282570259476832126943449185995630687823745884275235350566261851797894375206409390158622361928062891775990609226507075945645949800471999970025668608 s (1148151505079450695044569552696848469629267668732740703837498596854758592950956994245903465737591586488929175991758520858866179611352229140998606100211274190856126464 years), iters = {game: 1092}, opt = 0.0
> progress 0.0%, elapsed 77 s, estimated 486964090312067886368969900921174366151667986913844512440862925225204443767202494681738542722122685162697419522767000175718147373196441410825355264 s (15441530007358824807090740380051574489553936614987043919525373521082918171901287855427148153625003953688395824193218799521498935959071227904 years), iters = {game: 1178}, opt = 0.0
> progress 0.0%, elapsed 81 s, estimated 219393742396729730737832834716510997070597620315398978686482927286443822917995905434007792687609807865193995591036448897421541376 s (6956929933939933074817842129430270260085969207158727032843618303546068745441993983472212596752984881075845927384737906688 years), iters = {game: 1239}, opt = 0.0
> progress 0.0%, elapsed 84 s, estimated 4313770924336210384362877066223102211071394548111488511628644220037193840826754966927650139557116009251623856504832 s (136788778676313124224152628151696182181150981140552836889147275020770121953269877416931560810677265630232576 years), iters = {game: 1287}, opt = 0.0
> progress 0.0%, elapsed 87 s, estimated 199724465455948389308351640884885323342440977621934742024660273867327791309466669024719128427145510598475776 s (6333221253676700596560742127853880131139915600611686877117268844842225756189819057008319065028034560 years), iters = {game: 1316}, opt = 0.0
> progress 0.0%, elapsed 90 s, estimated 98556645292363224482307153904306227257625341275115110613627308306060500459720834300482090024860385280 s (3125210720838509229885798161866082225499133425188556512368087123619254699138845280227490267136 years), iters = {game: 1342}, opt = 0.0
> progress 0.0%, elapsed 93 s, estimated 3036084273513874018887370815251284345236421914305332174738299174739335374385092975738832814080 s (96273600758303981340412378660848757790647012727192439532160651474636914943764161626112 years), iters = {game: 1369}, opt = 0.0
> progress 0.0%, elapsed 96 s, estimated 374004672099054006700470134550414002167184000553400330290274513037612338880247788208128 s (11859610353217084852476608031447271381821023479762145606547518042885100639617024 years), iters = {game: 1396}, opt = 0.0
> progress 0.0%, elapsed 99 s, estimated 23004864164306263187232731914757932264441908559339713242011533317674089884680192 s (729479457264911870385782514762821526389421072400745563259376819939311616 years), iters = {game: 1423}, opt = 0.0
> progress 0.0%, elapsed 102 s, estimated 22616701630568135105011187494764180108339937109949261984885188781517307904 s (717170904064184896060906828885512693355896108998434083406992113664 years), iters = {game: 1445}, opt = 0.0
> progress 0.0%, elapsed 105 s, estimated 22213161087517667524393678081251230648380672542183153794571200102400 s (704374717387039248524868211906687908559173563071692625936384 years), iters = {game: 1465}, opt = 0.0
> progress 0.0%, elapsed 108 s, estimated 21808149468403023074609207339422956344635580310283913615376384 s (691531883193906096688219348955696887488635105070546944 years), iters = {game: 1485}, opt = 0.0
> progress 0.0%, elapsed 111 s, estimated 21398045062651079224693778558909179303157674379860508672 s (678527557795886634070071067284879430543302721536 years), iters = {game: 1505}, opt = 0.0
> progress 0.0%, elapsed 114 s, estimated 41965659670162100132219518167205789156120530518016 s (1330722338602298970691212449012686748909568 years), iters = {game: 1524}, opt = 0.0
> progress 0.0%, elapsed 117 s, estimated 328776241614205192820858357070446622559698944 s (10425426230790373936396861879445618688 years), iters = {game: 1541}, opt = 0.0
> progress 0.0%, elapsed 120 s, estimated 2573145215656833461032343323296254656512 s (81593899532497265205869692321792 years), iters = {game: 1558}, opt = 0.0
> progress 0.0%, elapsed 124 s, estimated 20131976149299280608877911067328512 s (638380775916390244864229376 years), iters = {game: 1575}, opt = 0.0
> progress 0.0%, elapsed 127 s, estimated 629783008279151877259769413632 s (19970288187441397366784 years), iters = {game: 1590}, opt = 0.0
> progress 0.0%, elapsed 130 s, estimated 19698456877766082153152512 s (624633969995119232 years), iters = {game: 1605}, opt = 0.0
> progress 0.0%, elapsed 133 s, estimated 1231530185056755646464 s (39051565989876 years), iters = {game: 1619}, opt = 0.0
> progress 0.0%, elapsed 136 s, estimated 307823383772721152 s (9761015467 years), iters = {game: 1632}, opt = 0.0
> progress 0.0%, elapsed 139 s, estimated 76905299672062 s (2438651 years), iters = {game: 1645}, opt = 0.0
> progress 0.0%, elapsed 143 s, estimated 19204353537 s (608 years), iters = {game: 1658}, opt = 0.0
> progress 0.0%, elapsed 146 s, estimated 102349964 s (3 years), iters = {game: 1669}, opt = 0.0
> progress 0.0%, elapsed 149 s, estimated 104464165 s (3 years), iters = {game: 1676}, opt = 0.0
> progress 0.0%, elapsed 152 s, estimated 106682912 s (3 years), iters = {game: 1684}, opt = 0.0
> progress 0.0%, elapsed 155 s, estimated 109004370 s (3 years), iters = {game: 1693}, opt = 0.0
> progress 0.0%, elapsed 158 s, estimated 111127916 s (3 years), iters = {game: 1701}, opt = 0.0
> progress 0.0%, elapsed 162 s, estimated 113380059 s (3 years), iters = {game: 1710}, opt = 0.0
> progress 0.0%, elapsed 165 s, estimated 115598901 s (3 years), iters = {game: 1719}, opt = 0.0
> progress 0.0%, elapsed 168 s, estimated 117705577 s (3 years), iters = {game: 1726}, opt = 0.0
> progress 0.0%, elapsed 171 s, estimated 120003138 s (3 years), iters = {game: 1736}, opt = 0.0
> progress 0.0%, elapsed 174 s, estimated 122100592 s (3 years), iters = {game: 1745}, opt = 0.0
> progress 0.0%, elapsed 177 s, estimated 124279123 s (3 years), iters = {game: 1755}, opt = 0.0
> progress 0.0%, elapsed 180 s, estimated 126455520 s (4 years), iters = {game: 1766}, opt = 0.0
> progress 0.0%, elapsed 183 s, estimated 128587363 s (4 years), iters = {game: 1777}, opt = 0.0
> progress 0.0%, elapsed 186 s, estimated 130700746 s (4 years), iters = {game: 1788}, opt = 0.0
> progress 0.0%, elapsed 190 s, estimated 132928835 s (4 years), iters = {game: 1800}, opt = 0.0
> progress 0.0%, elapsed 193 s, estimated 135217923 s (4 years), iters = {game: 1813}, opt = 0.0
> progress 0.0%, elapsed 196 s, estimated 137321641 s (4 years), iters = {game: 1824}, opt = 0.0
> progress 0.0%, elapsed 199 s, estimated 139581152 s (4 years), iters = {game: 1837}, opt = 0.0
> progress 0.0%, elapsed 202 s, estimated 141751677 s (4 years), iters = {game: 1850}, opt = 0.0
> progress 0.0%, elapsed 205 s, estimated 143996821 s (4 years), iters = {game: 1863}, opt = 0.0
> progress 0.0%, elapsed 209 s, estimated 146189893 s (4 years), iters = {game: 1877}, opt = 0.0
> progress 0.0%, elapsed 212 s, estimated 148313662 s (4 years), iters = {game: 1892}, opt = 0.0
> progress 0.0%, elapsed 215 s, estimated 150412541 s (4 years), iters = {game: 1910}, opt = 0.0
> progress 0.0%, elapsed 218 s, estimated 152532078 s (4 years), iters = {game: 1929}, opt = 0.0
> progress 0.0%, elapsed 221 s, estimated 154630114 s (4 years), iters = {game: 1949}, opt = 0.0
> progress 0.0%, elapsed 224 s, estimated 156822300 s (4 years), iters = {game: 1970}, opt = 0.0
> progress 0.0%, elapsed 227 s, estimated 158960359 s (5 years), iters = {game: 1991}, opt = 0.0
> progress 0.0%, elapsed 230 s, estimated 161062425 s (5 years), iters = {game: 2013}, opt = 0.0
> progress 0.0%, elapsed 233 s, estimated 163247488 s (5 years), iters = {game: 2037}, opt = 0.0
> progress 0.0%, elapsed 236 s, estimated 165416804 s (5 years), iters = {game: 2060}, opt = 0.0
> progress 0.0%, elapsed 239 s, estimated 167556051 s (5 years), iters = {game: 2085}, opt = 0.0
> progress 0.0%, elapsed 242 s, estimated 169681481 s (5 years), iters = {game: 2111}, opt = 0.0
> progress 0.0%, elapsed 245 s, estimated 171843111 s (5 years), iters = {game: 2138}, opt = 0.0
> progress 0.0%, elapsed 248 s, estimated 173976426 s (5 years), iters = {game: 2168}, opt = 0.0
> progress 0.0%, elapsed 251 s, estimated 176100966 s (5 years), iters = {game: 2203}, opt = 0.0
> progress 0.0%, elapsed 254 s, estimated 178218410 s (5 years), iters = {game: 2241}, opt = 0.0
> progress 0.0%, elapsed 257 s, estimated 180343606 s (5 years), iters = {game: 2281}, opt = 0.0
> progress 0.0%, elapsed 261 s, estimated 182482453 s (5 years), iters = {game: 2324}, opt = 0.0
> progress 0.0%, elapsed 264 s, estimated 184588265 s (5 years), iters = {game: 2370}, opt = 0.0
> progress 0.0%, elapsed 267 s, estimated 186715719 s (5 years), iters = {game: 2420}, opt = 0.0
> progress 0.0%, elapsed 270 s, estimated 188826171 s (5 years), iters = {game: 2484}, opt = 0.0
> progress 0.0%, elapsed 273 s, estimated 190932629 s (6 years), iters = {game: 2579}, opt = 0.0
> progress 0.0%, elapsed 276 s, estimated 193037753 s (6 years), iters = {game: 2738}, opt = 1.0
> progress 0.0%, elapsed 279 s, estimated 195145809 s (6 years), iters = {game: 2870}, opt = 1.0
> progress 0.0%, elapsed 282 s, estimated 197267125 s (6 years), iters = {game: 2970}, opt = 1.0
> progress 0.0%, elapsed 285 s, estimated 199389806 s (6 years), iters = {game: 3052}, opt = 1.0
> progress 0.0%, elapsed 288 s, estimated 201503634 s (6 years), iters = {game: 3123}, opt = 1.0
> progress 0.0%, elapsed 291 s, estimated 203620580 s (6 years), iters = {game: 3190}, opt = 1.0
> progress 0.0%, elapsed 294 s, estimated 205724593 s (6 years), iters = {game: 3252}, opt = 1.0
> progress 0.0%, elapsed 297 s, estimated 207849738 s (6 years), iters = {game: 3311}, opt = 1.0
--------------------
Synthesis summary:
optimality objective: Pmax=? [F "goal"] 

method: AR, synthesis time: 300.1 s
number of holes: 1261, family size: 1e760, quotient: 33763 states / 133332 actions
explored: 0 %
Game stats: avg game size: 10947, iterations: 3361

optimum: 1.0
--------------------
A(P0,O0,M0)=north, A(P0,O1,M0)=north, A(P0,O4,M0)=north, A(P0,O9,M0)=north, A(P0,O12,M0)=north, A(P0,O27,M0)=north, A(P0,O36,M0)=north, A(P0,O39,M0)=north, A(P0,O48,M0)=north, A(P0,O86,M0)=north, A(P0,O100,M0)=north, A(P0,O103,M0)=north, A(P0,O112,M0)=north, A(P0,O130,M0)=north, A(P0,O205,M0)=east, A(P0,O224,M0)=west, A(P0,O227,M0)=north, A(P0,O236,M0)=north, A(P0,O254,M0)=north, A(P0,O284,M0)=north, A(P0,O413,M0)=east, A(P0,O439,M0)=west, A(P0,O445,M0)=north, A(P0,O459,M0)=north, A(P0,O484,M0)=north, A(P0,O523,M0)=east, A(P0,O676,M0)=west, A(P0,O686,M0)=north, A(P0,O706,M0)=north, A(P0,O739,M0)=east, A(P0,O900,M0)=west, A(P0,O915,M0)=north, A(P0,O942,M0)=east, A(P0,O1089,M0)=east, A(P0,O1110,M0)=east, A(P0,O2,M0)=north, A(P0,O5,M0)=north, A(P0,O7,M0)=north, A(P0,O10,M0)=east, A(P0,O13,M0)=north, A(P0,O15,M0)=north, A(P0,O17,M0)=north, A(P0,O19,M0)=north, A(P0,O21,M0)=north, A(P0,O28,M0)=north, A(P0,O30,M0)=north, A(P0,O32,M0)=north, A(P0,O37,M0)=east, A(P0,O40,M0)=north, A(P0,O42,M0)=east, A(P0,O44,M0)=north, A(P0,O49,M0)=north, A(P0,O51,M0)=north, A(P0,O54,M0)=north, A(P0,O56,M0)=north, A(P0,O58,M0)=north, A(P0,O60,M0)=north, A(P0,O66,M0)=north, A(P0,O68,M0)=north, A(P0,O72,M0)=north, A(P0,O74,M0)=north, A(P0,O87,M0)=north, A(P0,O89,M0)=north, A(P0,O92,M0)=north, A(P0,O94,M0)=north, A(P0,O101,M0)=east, A(P0,O104,M0)=east, A(P0,O106,M0)=west, A(P0,O108,M0)=north, A(P0,O113,M0)=north, A(P0,O115,M0)=north, A(P0,O118,M0)=north, A(P0,O120,M0)=north, A(P0,O124,M0)=north, A(P0,O131,M0)=south, A(P0,O133,M0)=north, A(P0,O136,M0)=north, A(P0,O140,M0)=north, A(P0,O142,M0)=north, A(P0,O144,M0)=north, A(P0,O146,M0)=north, A(P0,O152,M0)=north, A(P0,O154,M0)=north, A(P0,O158,M0)=north, A(P0,O160,M0)=north, A(P0,O164,M0)=north, A(P0,O176,M0)=north, A(P0,O178,M0)=north, A(P0,O182,M0)=north, A(P0,O188,M0)=north, A(P0,O206,M0)=west, A(P0,O208,M0)=north, A(P0,O211,M0)=north, A(P0,O214,M0)=north, A(P0,O216,M0)=north, A(P0,O225,M0)=west, A(P0,O228,M0)=east, A(P0,O230,M0)=west, A(P0,O232,M0)=north, A(P0,O237,M0)=north, A(P0,O239,M0)=north, A(P0,O242,M0)=west, A(P0,O244,M0)=north, A(P0,O248,M0)=north, A(P0,O255,M0)=north, A(P0,O257,M0)=south, A(P0,O260,M0)=north, A(P0,O264,M0)=west, A(P0,O266,M0)=north, A(P0,O270,M0)=north, A(P0,O276,M0)=north, A(P0,O285,M0)=east, A(P0,O287,M0)=west, A(P0,O290,M0)=north, A(P0,O294,M0)=north, A(P0,O299,M0)=west, A(P0,O301,M0)=north, A(P0,O303,M0)=north, A(P0,O305,M0)=north, A(P0,O311,M0)=north, A(P0,O313,M0)=north, A(P0,O317,M0)=north, A(P0,O319,M0)=north, A(P0,O323,M0)=north, A(P0,O335,M0)=north, A(P0,O337,M0)=north, A(P0,O341,M0)=north, A(P0,O347,M0)=north, A(P0,O349,M0)=north, A(P0,O353,M0)=north, A(P0,O374,M0)=north, A(P0,O376,M0)=north, A(P0,O380,M0)=north, A(P0,O389,M0)=north, A(P0,O414,M0)=south, A(P0,O416,M0)=south, A(P0,O418,M0)=south, A(P0,O423,M0)=south, A(P0,O427,M0)=south, A(P0,O429,M0)=east, A(P0,O440,M0)=west, A(P0,O442,M0)=west, A(P0,O446,M0)=east, A(P0,O448,M0)=north, A(P0,O451,M0)=west, A(P0,O454,M0)=north, A(P0,O460,M0)=north, A(P0,O462,M0)=north, A(P0,O465,M0)=south, A(P0,O469,M0)=west, A(P0,O472,M0)=north, A(P0,O477,M0)=north, A(P0,O485,M0)=north, A(P0,O487,M0)=east, A(P0,O490,M0)=west, A(P0,O494,M0)=north, A(P0,O499,M0)=south, A(P0,O502,M0)=north, A(P0,O507,M0)=north, A(P0,O514,M0)=north, A(P0,O524,M0)=east, A(P0,O526,M0)=south, A(P0,O529,M0)=south, A(P0,O533,M0)=south, A(P0,O538,M0)=east, A(P0,O677,M0)=west, A(P0,O679,M0)=west, A(P0,O682,M0)=west, A(P0,O687,M0)=north, A(P0,O689,M0)=north, A(P0,O692,M0)=north, A(P0,O696,M0)=west, A(P0,O700,M0)=south, A(P0,O707,M0)=north, A(P0,O709,M0)=north, A(P0,O712,M0)=east, A(P0,O716,M0)=west, A(P0,O721,M0)=south, A(P0,O725,M0)=north, A(P0,O731,M0)=north, A(P0,O740,M0)=south, A(P0,O742,M0)=east, A(P0,O745,M0)=west, A(P0,O749,M0)=south, A(P0,O754,M0)=east, A(P0,O901,M0)=west, A(P0,O903,M0)=west, A(P0,O906,M0)=west, A(P0,O910,M0)=west, A(P0,O916,M0)=north, A(P0,O918,M0)=north, A(P0,O921,M0)=north, A(P0,O925,M0)=east, A(P0,O930,M0)=west, A(P0,O935,M0)=north, A(P0,O943,M0)=south, A(P0,O945,M0)=south, A(P0,O948,M0)=east, A(P0,O952,M0)=west, A(P0,O957,M0)=east, A(P0,O1090,M0)=north, A(P0,O1092,M0)=north, A(P0,O1095,M0)=north, A(P0,O1099,M0)=north, A(P0,O1104,M0)=north, A(P0,O1111,M0)=east, A(P0,O1113,M0)=east, A(P0,O1116,M0)=east, A(P0,O1120,M0)=east, A(P0,O1125,M0)=east, A(P0,O3,M0)=north, A(P0,O6,M0)=north, A(P0,O8,M0)=north, A(P0,O11,M0)=north, A(P0,O14,M0)=north, A(P0,O23,M0)=north, A(P0,O24,M0)=north, A(P0,O25,M0)=north, A(P0,O26,M0)=north, A(P0,O29,M0)=south, A(P0,O34,M0)=north, A(P0,O35,M0)=east, A(P0,O38,M0)=north, A(P0,O41,M0)=north, A(P0,O46,M0)=south, A(P0,O47,M0)=north, A(P0,O50,M0)=north, A(P0,O53,M0)=north, A(P0,O79,M0)=north, A(P0,O80,M0)=north, A(P0,O81,M0)=north, A(P0,O82,M0)=north, A(P0,O83,M0)=east, A(P0,O84,M0)=north, A(P0,O85,M0)=north, A(P0,O88,M0)=north, A(P0,O91,M0)=east, A(P0,O98,M0)=north, A(P0,O99,M0)=east, A(P0,O102,M0)=north, A(P0,O105,M0)=north, A(P0,O111,M0)=south, A(P0,O114,M0)=north, A(P0,O117,M0)=north, A(P0,O129,M0)=north, A(P0,O132,M0)=north, A(P0,O135,M0)=north, A(P0,O139,M0)=north, A(P0,O197,M0)=north, A(P0,O199,M0)=north, A(P0,O200,M0)=north, A(P0,O201,M0)=north, A(P0,O202,M0)=east, A(P0,O203,M0)=east, A(P0,O204,M0)=north, A(P0,O207,M0)=east, A(P0,O210,M0)=north, A(P0,O222,M0)=north, A(P0,O223,M0)=west, A(P0,O229,M0)=north, A(P0,O238,M0)=north, A(P0,O241,M0)=south, A(P0,O256,M0)=north, A(P0,O259,M0)=north, A(P0,O263,M0)=west, A(P0,O286,M0)=north, A(P0,O289,M0)=west, A(P0,O293,M0)=east, A(P0,O298,M0)=south, A(P0,O404,M0)=north, A(P0,O407,M0)=east, A(P0,O409,M0)=east, A(P0,O410,M0)=north, A(P0,O415,M0)=south, A(P0,O421,M0)=south, A(P0,O422,M0)=west, A(P0,O437,M0)=east, A(P0,O438,M0)=north, A(P0,O447,M0)=north, A(P0,O461,M0)=north, A(P0,O464,M0)=south, A(P0,O486,M0)=north, A(P0,O489,M0)=east, A(P0,O493,M0)=west, A(P0,O525,M0)=west, A(P0,O528,M0)=south, A(P0,O532,M0)=south, A(P0,O537,M0)=south, A(P0,O669,M0)=south, A(P0,O670,M0)=south, A(P0,O688,M0)=north, A(P0,O708,M0)=north, A(P0,O711,M0)=south, A(P0,O741,M0)=south, A(P0,O744,M0)=north, A(P0,O748,M0)=south, A(P0,O917,M0)=north, A(P0,O944,M0)=south, A(P0,O947,M0)=north, A(P0,O1112,M0)=east, A(P0,O16,M0)=east, A(P0,O18,M0)=east, A(P0,O20,M0)=east, A(P0,O22,M0)=east, A(P0,O31,M0)=east, A(P0,O33,M0)=east, A(P0,O43,M0)=east, A(P0,O45,M0)=east, A(P0,O52,M0)=east, A(P0,O55,M0)=east, A(P0,O57,M0)=east, A(P0,O59,M0)=east, A(P0,O61,M0)=east, A(P0,O62,M0)=east, A(P0,O63,M0)=east, A(P0,O64,M0)=east, A(P0,O65,M0)=east, A(P0,O67,M0)=east, A(P0,O69,M0)=south, A(P0,O70,M0)=east, A(P0,O71,M0)=east, A(P0,O73,M0)=east, A(P0,O75,M0)=east, A(P0,O76,M0)=east, A(P0,O77,M0)=east, A(P0,O90,M0)=east, A(P0,O93,M0)=north, A(P0,O95,M0)=east, A(P0,O96,M0)=east, A(P0,O97,M0)=west, A(P0,O107,M0)=east, A(P0,O109,M0)=east, A(P0,O116,M0)=east, A(P0,O119,M0)=north, A(P0,O121,M0)=east, A(P0,O123,M0)=east, A(P0,O125,M0)=east, A(P0,O126,M0)=east, A(P0,O134,M0)=east, A(P0,O137,M0)=east, A(P0,O138,M0)=east, A(P0,O141,M0)=east, A(P0,O143,M0)=east, A(P0,O145,M0)=north, A(P0,O147,M0)=east, A(P0,O149,M0)=east, A(P0,O150,M0)=east, A(P0,O151,M0)=east, A(P0,O153,M0)=north, A(P0,O155,M0)=north, A(P0,O156,M0)=east, A(P0,O157,M0)=east, A(P0,O159,M0)=south, A(P0,O161,M0)=north, A(P0,O162,M0)=east, A(P0,O163,M0)=east, A(P0,O165,M0)=south, A(P0,O166,M0)=east, A(P0,O170,M0)=east, A(P0,O171,M0)=east, A(P0,O172,M0)=east, A(P0,O173,M0)=east, A(P0,O174,M0)=east, A(P0,O175,M0)=east, A(P0,O177,M0)=north, A(P0,O179,M0)=north, A(P0,O180,M0)=north, A(P0,O181,M0)=east, A(P0,O183,M0)=south, A(P0,O184,M0)=east, A(P0,O185,M0)=east, A(P0,O186,M0)=east, A(P0,O187,M0)=east, A(P0,O189,M0)=north, A(P0,O190,M0)=west, A(P0,O191,M0)=east, A(P0,O209,M0)=north, A(P0,O212,M0)=north, A(P0,O213,M0)=north, A(P0,O215,M0)=north, A(P0,O217,M0)=north, A(P0,O218,M0)=north, A(P0,O219,M0)=north, A(P0,O220,M0)=north, A(P0,O221,M0)=south, A(P0,O233,M0)=east, A(P0,O240,M0)=east, A(P0,O245,M0)=east, A(P0,O249,M0)=east, A(P0,O250,M0)=east, A(P0,O258,M0)=east, A(P0,O261,M0)=north, A(P0,O262,M0)=east, A(P0,O267,M0)=west, A(P0,O271,M0)=east, A(P0,O272,M0)=east, A(P0,O277,M0)=east, A(P0,O278,M0)=east, A(P0,O279,M0)=east, A(P0,O288,M0)=east, A(P0,O291,M0)=north, A(P0,O292,M0)=north, A(P0,O295,M0)=north, A(P0,O296,M0)=west, A(P0,O297,M0)=north, A(P0,O302,M0)=north, A(P0,O304,M0)=south, A(P0,O306,M0)=south, A(P0,O310,M0)=east, A(P0,O312,M0)=north, A(P0,O314,M0)=north, A(P0,O315,M0)=north, A(P0,O316,M0)=east, A(P0,O318,M0)=west, A(P0,O320,M0)=north, A(P0,O321,M0)=west, A(P0,O322,M0)=east, A(P0,O324,M0)=north, A(P0,O325,M0)=east, A(P0,O331,M0)=east, A(P0,O333,M0)=east, A(P0,O334,M0)=east, A(P0,O336,M0)=north, A(P0,O338,M0)=north, A(P0,O339,M0)=north, A(P0,O340,M0)=north, A(P0,O342,M0)=north, A(P0,O343,M0)=south, A(P0,O344,M0)=north, A(P0,O345,M0)=south, A(P0,O346,M0)=east, A(P0,O348,M0)=west, A(P0,O350,M0)=north, A(P0,O351,M0)=west, A(P0,O352,M0)=south, A(P0,O354,M0)=north, A(P0,O355,M0)=east, A(P0,O356,M0)=east, A(P0,O357,M0)=west, A(P0,O358,M0)=east, A(P0,O367,M0)=east, A(P0,O369,M0)=east, A(P0,O370,M0)=east, A(P0,O372,M0)=east, A(P0,O373,M0)=east, A(P0,O375,M0)=north, A(P0,O377,M0)=north, A(P0,O378,M0)=north, A(P0,O379,M0)=north, A(P0,O381,M0)=north, A(P0,O382,M0)=north, A(P0,O383,M0)=north, A(P0,O384,M0)=north, A(P0,O385,M0)=south, A(P0,O386,M0)=north, A(P0,O387,M0)=east, A(P0,O388,M0)=east, A(P0,O390,M0)=north, A(P0,O391,M0)=north, A(P0,O392,M0)=south, A(P0,O411,M0)=east, A(P0,O417,M0)=south, A(P0,O419,M0)=south, A(P0,O420,M0)=south, A(P0,O424,M0)=south, A(P0,O425,M0)=south, A(P0,O426,M0)=south, A(P0,O428,M0)=south, A(P0,O430,M0)=north, A(P0,O431,M0)=south, A(P0,O432,M0)=north, A(P0,O433,M0)=south, A(P0,O434,M0)=north, A(P0,O435,M0)=south, A(P0,O436,M0)=north, A(P0,O449,M0)=east, A(P0,O455,M0)=east, A(P0,O463,M0)=east, A(P0,O466,M0)=east, A(P0,O467,M0)=east, A(P0,O473,M0)=east, A(P0,O478,M0)=north, A(P0,O479,M0)=north, A(P0,O488,M0)=north, A(P0,O491,M0)=east, A(P0,O492,M0)=north, A(P0,O495,M0)=north, A(P0,O496,M0)=north, A(P0,O497,M0)=north, A(P0,O503,M0)=south, A(P0,O508,M0)=north, A(P0,O509,M0)=east, A(P0,O515,M0)=north, A(P0,O516,M0)=west, A(P0,O517,M0)=north, A(P0,O527,M0)=east, A(P0,O530,M0)=south, A(P0,O531,M0)=south, A(P0,O534,M0)=north, A(P0,O535,M0)=south, A(P0,O536,M0)=south, A(P0,O539,M0)=north, A(P0,O540,M0)=south, A(P0,O541,M0)=south, A(P0,O542,M0)=south, A(P0,O546,M0)=north, A(P0,O550,M0)=north, A(P0,O551,M0)=west, A(P0,O553,M0)=south, A(P0,O554,M0)=north, A(P0,O555,M0)=west, A(P0,O557,M0)=east, A(P0,O558,M0)=west, A(P0,O559,M0)=east, A(P0,O567,M0)=east, A(P0,O568,M0)=north, A(P0,O569,M0)=west, A(P0,O570,M0)=north, A(P0,O571,M0)=north, A(P0,O572,M0)=west, A(P0,O573,M0)=north, A(P0,O575,M0)=north, A(P0,O576,M0)=south, A(P0,O577,M0)=west, A(P0,O578,M0)=west, A(P0,O579,M0)=south, A(P0,O580,M0)=north, A(P0,O581,M0)=west, A(P0,O582,M0)=north, A(P0,O584,M0)=west, A(P0,O585,M0)=east, A(P0,O586,M0)=west, A(P0,O587,M0)=north, A(P0,O588,M0)=east, A(P0,O599,M0)=east, A(P0,O602,M0)=east, A(P0,O603,M0)=east, A(P0,O604,M0)=west, A(P0,O605,M0)=west, A(P0,O606,M0)=north, A(P0,O607,M0)=west, A(P0,O608,M0)=west, A(P0,O609,M0)=north, A(P0,O610,M0)=north, A(P0,O611,M0)=north, A(P0,O612,M0)=north, A(P0,O613,M0)=west, A(P0,O614,M0)=north, A(P0,O615,M0)=east, A(P0,O617,M0)=north, A(P0,O618,M0)=west, A(P0,O619,M0)=east, A(P0,O620,M0)=west, A(P0,O621,M0)=west, A(P0,O622,M0)=north, A(P0,O623,M0)=west, A(P0,O624,M0)=south, A(P0,O625,M0)=north, A(P0,O626,M0)=north, A(P0,O641,M0)=west, A(P0,O644,M0)=east, A(P0,O645,M0)=south, A(P0,O649,M0)=south, A(P0,O650,M0)=north, A(P0,O651,M0)=south, A(P0,O652,M0)=west, A(P0,O653,M0)=west, A(P0,O654,M0)=north, A(P0,O655,M0)=south, A(P0,O656,M0)=west, A(P0,O657,M0)=north, A(P0,O658,M0)=south, A(P0,O659,M0)=north, A(P0,O660,M0)=north, A(P0,O662,M0)=north, A(P0,O663,M0)=east, A(P0,O664,M0)=east, A(P0,O665,M0)=north, A(P0,O666,M0)=north, A(P0,O667,M0)=north, A(P0,O671,M0)=south, A(P0,O672,M0)=south, A(P0,O673,M0)=south, A(P0,O674,M0)=south, A(P0,O675,M0)=south, A(P0,O690,M0)=east, A(P0,O693,M0)=east, A(P0,O701,M0)=north, A(P0,O710,M0)=east, A(P0,O713,M0)=north, A(P0,O714,M0)=east, A(P0,O717,M0)=east, A(P0,O718,M0)=north, A(P0,O726,M0)=north, A(P0,O732,M0)=north, A(P0,O733,M0)=north, A(P0,O743,M0)=east, A(P0,O746,M0)=east, A(P0,O747,M0)=south, A(P0,O750,M0)=south, A(P0,O751,M0)=south, A(P0,O752,M0)=south, A(P0,O755,M0)=north, A(P0,O756,M0)=south, A(P0,O757,M0)=south, A(P0,O763,M0)=north, A(P0,O768,M0)=north, A(P0,O769,M0)=west, A(P0,O775,M0)=south, A(P0,O776,M0)=south, A(P0,O777,M0)=south, A(P0,O785,M0)=north, A(P0,O793,M0)=north, A(P0,O794,M0)=west, A(P0,O797,M0)=north, A(P0,O799,M0)=north, A(P0,O800,M0)=west, A(P0,O803,M0)=east, A(P0,O804,M0)=west, A(P0,O805,M0)=south, A(P0,O818,M0)=east, A(P0,O819,M0)=north, A(P0,O820,M0)=west, A(P0,O821,M0)=west, A(P0,O823,M0)=north, A(P0,O824,M0)=north, A(P0,O825,M0)=west, A(P0,O826,M0)=north, A(P0,O829,M0)=north, A(P0,O830,M0)=west, A(P0,O831,M0)=north, A(P0,O832,M0)=west, A(P0,O833,M0)=west, A(P0,O835,M0)=north, A(P0,O836,M0)=north, A(P0,O837,M0)=west, A(P0,O838,M0)=east, A(P0,O840,M0)=east, A(P0,O841,M0)=east, A(P0,O858,M0)=north, A(P0,O863,M0)=east, A(P0,O864,M0)=south, A(P0,O865,M0)=west, A(P0,O866,M0)=west, A(P0,O867,M0)=south, A(P0,O868,M0)=west, A(P0,O869,M0)=west, A(P0,O870,M0)=west, A(P0,O871,M0)=north, A(P0,O873,M0)=north, A(P0,O874,M0)=north, A(P0,O875,M0)=north, A(P0,O878,M0)=north, A(P0,O879,M0)=south, A(P0,O880,M0)=east, A(P0,O881,M0)=west, A(P0,O882,M0)=north, A(P0,O883,M0)=north, A(P0,O885,M0)=north, A(P0,O888,M0)=west, A(P0,O889,M0)=west, A(P0,O890,M0)=south, A(P0,O891,M0)=south, A(P0,O892,M0)=south, A(P0,O893,M0)=west, A(P0,O894,M0)=south, A(P0,O895,M0)=south, A(P0,O896,M0)=west, A(P0,O898,M0)=south, A(P0,O899,M0)=north, A(P0,O919,M0)=east, A(P0,O922,M0)=north, A(P0,O926,M0)=north, A(P0,O936,M0)=east, A(P0,O946,M0)=south, A(P0,O949,M0)=north, A(P0,O950,M0)=south, A(P0,O953,M0)=south, A(P0,O954,M0)=south, A(P0,O958,M0)=south, A(P0,O959,M0)=south, A(P0,O967,M0)=west, A(P0,O973,M0)=south, A(P0,O974,M0)=south, A(P0,O986,M0)=south, A(P0,O999,M0)=south, A(P0,O1012,M0)=south, A(P0,O1013,M0)=west, A(P0,O1017,M0)=west, A(P0,O1020,M0)=south, A(P0,O1021,M0)=west, A(P0,O1024,M0)=east, A(P0,O1025,M0)=west, A(P0,O1026,M0)=east, A(P0,O1046,M0)=east, A(P0,O1048,M0)=south, A(P0,O1049,M0)=west, A(P0,O1050,M0)=west, A(P0,O1053,M0)=north, A(P0,O1054,M0)=north, A(P0,O1055,M0)=west, A(P0,O1056,M0)=north, A(P0,O1060,M0)=north, A(P0,O1061,M0)=east, A(P0,O1063,M0)=south, A(P0,O1064,M0)=west, A(P0,O1067,M0)=north, A(P0,O1071,M0)=south, A(P0,O1072,M0)=west, A(P0,O1073,M0)=west, A(P0,O1074,M0)=south, A(P0,O1076,M0)=south, A(P0,O1077,M0)=west, A(P0,O1078,M0)=north, A(P0,O1081,M0)=north, A(P0,O1082,M0)=north, A(P0,O1083,M0)=west, A(P0,O1084,M0)=north, A(P0,O1086,M0)=west, A(P0,O1087,M0)=south, A(P0,O1088,M0)=south, A(P0,O1114,M0)=east, A(P0,O1117,M0)=east, A(P0,O1121,M0)=east, A(P0,O1126,M0)=east, A(P0,O1136,M0)=east, A(P0,O1169,M0)=south, A(P0,O1188,M0)=north, A(P0,O1189,M0)=west, A(P0,O1194,M0)=west, A(P0,O1198,M0)=north, A(P0,O1199,M0)=south, A(P0,O1203,M0)=east, A(P0,O1207,M0)=north, A(P0,O1208,M0)=west, A(P0,O1209,M0)=south, A(P0,O1213,M0)=north, A(P0,O1214,M0)=north, A(P0,O1216,M0)=north, A(P0,O1219,M0)=north, A(P0,O1220,M0)=west, A(P0,O1221,M0)=west, A(P0,O1223,M0)=west, A(P0,O1224,M0)=south, A(P0,O1280,M0)=east, A(P0,O1285,M0)=south, A(P0,O1286,M0)=south, A(P0,O1292,M0)=south, A(P0,O1293,M0)=south, A(P0,O1295,M0)=south, A(P0,O78,M0)=north, A(P0,O110,M0)=north, A(P0,O127,M0)=north, A(P0,O128,M0)=north, A(P0,O192,M0)=north, A(P0,O193,M0)=north, A(P0,O194,M0)=north, A(P0,O195,M0)=north, A(P0,O198,M0)=north, A(P0,O226,M0)=west, A(P0,O234,M0)=west, A(P0,O235,M0)=north, A(P0,O251,M0)=south, A(P0,O252,M0)=north, A(P0,O253,M0)=north, A(P0,O280,M0)=west, A(P0,O281,M0)=north, A(P0,O393,M0)=west, A(P0,O395,M0)=north, A(P0,O396,M0)=north, A(P0,O400,M0)=north, A(P0,O401,M0)=north, A(P0,O441,M0)=west, A(P0,O444,M0)=west, A(P0,O450,M0)=north, A(P0,O457,M0)=south, A(P0,O458,M0)=north, A(P0,O481,M0)=south, A(P0,O678,M0)=west, A(P0,O681,M0)=north, A(P0,O685,M0)=south, A(P0,O691,M0)=north, A(P0,O902,M0)=north, A(P0,O905,M0)=south, A(P0,O1091,M0)=north, A(P0,O122,M0)=east, A(P0,O148,M0)=east, A(P0,O167,M0)=east, A(P0,O168,M0)=east, A(P0,O169,M0)=east, A(P0,O231,M0)=south, A(P0,O243,M0)=west, A(P0,O246,M0)=west, A(P0,O247,M0)=east, A(P0,O265,M0)=south, A(P0,O268,M0)=south, A(P0,O269,M0)=east, A(P0,O273,M0)=south, A(P0,O274,M0)=east, A(P0,O275,M0)=east, A(P0,O300,M0)=south, A(P0,O307,M0)=west, A(P0,O308,M0)=east, A(P0,O309,M0)=east, A(P0,O326,M0)=west, A(P0,O327,M0)=east, A(P0,O328,M0)=east, A(P0,O329,M0)=east, A(P0,O330,M0)=east, A(P0,O332,M0)=east, A(P0,O359,M0)=west, A(P0,O360,M0)=east, A(P0,O361,M0)=east, A(P0,O362,M0)=east, A(P0,O364,M0)=east, A(P0,O365,M0)=east, A(P0,O366,M0)=east, A(P0,O443,M0)=east, A(P0,O452,M0)=east, A(P0,O453,M0)=south, A(P0,O456,M0)=east, A(P0,O470,M0)=east, A(P0,O471,M0)=south, A(P0,O474,M0)=east, A(P0,O475,M0)=south, A(P0,O476,M0)=east, A(P0,O500,M0)=east, A(P0,O501,M0)=west, A(P0,O504,M0)=east, A(P0,O505,M0)=south, A(P0,O506,M0)=east, A(P0,O511,M0)=west, A(P0,O544,M0)=west, A(P0,O545,M0)=west, A(P0,O547,M0)=west, A(P0,O548,M0)=west, A(P0,O549,M0)=south, A(P0,O552,M0)=north, A(P0,O556,M0)=south, A(P0,O560,M0)=south, A(P0,O561,M0)=south, A(P0,O562,M0)=east, A(P0,O563,M0)=east, A(P0,O564,M0)=east, A(P0,O565,M0)=east, A(P0,O566,M0)=east, A(P0,O583,M0)=east, A(P0,O589,M0)=south, A(P0,O590,M0)=west, A(P0,O591,M0)=east, A(P0,O593,M0)=east, A(P0,O594,M0)=north, A(P0,O595,M0)=east, A(P0,O596,M0)=east, A(P0,O601,M0)=east, A(P0,O627,M0)=west, A(P0,O629,M0)=west, A(P0,O633,M0)=north, A(P0,O634,M0)=east, A(P0,O640,M0)=east, A(P0,O680,M0)=east, A(P0,O683,M0)=east, A(P0,O684,M0)=south, A(P0,O694,M0)=east, A(P0,O697,M0)=east, A(P0,O698,M0)=west, A(P0,O699,M0)=south, A(P0,O702,M0)=east, A(P0,O722,M0)=north, A(P0,O723,M0)=west, A(P0,O724,M0)=south, A(P0,O727,M0)=north, A(P0,O760,M0)=west, A(P0,O761,M0)=west, A(P0,O762,M0)=south, A(P0,O764,M0)=east, A(P0,O780,M0)=south, A(P0,O781,M0)=west, A(P0,O782,M0)=south, A(P0,O783,M0)=west, A(P0,O784,M0)=south, A(P0,O786,M0)=west, A(P0,O787,M0)=west, A(P0,O788,M0)=south, A(P0,O789,M0)=west, A(P0,O790,M0)=north, A(P0,O791,M0)=east, A(P0,O792,M0)=west, A(P0,O796,M0)=north, A(P0,O798,M0)=south, A(P0,O801,M0)=east, A(P0,O802,M0)=north, A(P0,O806,M0)=west, A(P0,O807,M0)=south, A(P0,O808,M0)=south, A(P0,O810,M0)=east, A(P0,O811,M0)=east, A(P0,O814,M0)=south, A(P0,O816,M0)=east, A(P0,O817,M0)=east, A(P0,O842,M0)=west, A(P0,O844,M0)=north, A(P0,O847,M0)=west, A(P0,O853,M0)=east, A(P0,O854,M0)=west, A(P0,O904,M0)=east, A(P0,O907,M0)=east, A(P0,O908,M0)=south, A(P0,O911,M0)=east, A(P0,O912,M0)=south, A(P0,O931,M0)=south, A(P0,O932,M0)=north, A(P0,O963,M0)=south, A(P0,O964,M0)=north, A(P0,O990,M0)=west, A(P0,O991,M0)=west, A(P0,O992,M0)=west, A(P0,O994,M0)=west, A(P0,O995,M0)=south, A(P0,O997,M0)=south, A(P0,O998,M0)=south, A(P0,O1000,M0)=west, A(P0,O1001,M0)=west, A(P0,O1002,M0)=north, A(P0,O1004,M0)=east, A(P0,O1005,M0)=south, A(P0,O1008,M0)=north, A(P0,O1009,M0)=east, A(P0,O1019,M0)=south, A(P0,O1023,M0)=south, A(P0,O1027,M0)=west, A(P0,O1029,M0)=west, A(P0,O1032,M0)=east, A(P0,O1036,M0)=west, A(P0,O1045,M0)=north, A(P0,O1093,M0)=north, A(P0,O1096,M0)=north, A(P0,O1100,M0)=east, A(P0,O1105,M0)=east, A(P0,O1155,M0)=west, A(P0,O1157,M0)=west, A(P0,O1159,M0)=west, A(P0,O1160,M0)=west, A(P0,O1162,M0)=west, A(P0,O1163,M0)=west, A(P0,O1168,M0)=west, A(P0,O1170,M0)=west, A(P0,O1172,M0)=east, A(P0,O1175,M0)=west, A(P0,O1179,M0)=east, A(P0,O1184,M0)=east, A(P0,O1260,M0)=east, A(P0,O1262,M0)=north, A(P0,O1264,M0)=north, A(P0,O1269,M0)=north, A(P0,O1273,M0)=north, A(P0,O196,M0)=north, A(P0,O282,M0)=north, A(P0,O283,M0)=north, A(P0,O394,M0)=north, A(P0,O397,M0)=north, A(P0,O398,M0)=north, A(P0,O399,M0)=east, A(P0,O402,M0)=north, A(P0,O403,M0)=north, A(P0,O405,M0)=east, A(P0,O406,M0)=east, A(P0,O408,M0)=north, A(P0,O412,M0)=south, A(P0,O468,M0)=west, A(P0,O482,M0)=north, A(P0,O483,M0)=north, A(P0,O498,M0)=east, A(P0,O695,M0)=north, A(P0,O715,M0)=east, A(P0,O920,M0)=north, A(P0,O822,M0)=north, A(P0,O828,M0)=north, A(P0,O834,M0)=north, A(P0,O839,M0)=north, A(P0,O857,M0)=south, A(P0,O862,M0)=south, A(P0,O872,M0)=south, A(P0,O877,M0)=north, A(P0,O884,M0)=north, A(P0,O886,M0)=north, A(P0,O897,M0)=south, A(P0,O978,M0)=east, A(P0,O981,M0)=south, A(P0,O987,M0)=south, A(P0,O993,M0)=east, A(P0,O996,M0)=west, A(P0,O1010,M0)=south, A(P0,O1011,M0)=south, A(P0,O1015,M0)=north, A(P0,O1016,M0)=north, A(P0,O1018,M0)=north, A(P0,O1022,M0)=north, A(P0,O1039,M0)=north, A(P0,O1040,M0)=west, A(P0,O1044,M0)=north, A(P0,O1047,M0)=south, A(P0,O1051,M0)=south, A(P0,O1052,M0)=west, A(P0,O1058,M0)=north, A(P0,O1059,M0)=north, A(P0,O1062,M0)=east, A(P0,O1065,M0)=north, A(P0,O1066,M0)=north, A(P0,O1068,M0)=north, A(P0,O1069,M0)=north, A(P0,O1075,M0)=south, A(P0,O1079,M0)=south, A(P0,O1080,M0)=west, A(P0,O1085,M0)=north, A(P0,O1131,M0)=east, A(P0,O1141,M0)=east, A(P0,O1145,M0)=east, A(P0,O1149,M0)=north, A(P0,O1152,M0)=east, A(P0,O1156,M0)=east, A(P0,O1158,M0)=south, A(P0,O1161,M0)=west, A(P0,O1164,M0)=west, A(P0,O1165,M0)=north, A(P0,O1166,M0)=south, A(P0,O1167,M0)=west, A(P0,O1178,M0)=south, A(P0,O1182,M0)=north, A(P0,O1183,M0)=west, A(P0,O1185,M0)=east, A(P0,O1186,M0)=south, A(P0,O1187,M0)=north, A(P0,O1191,M0)=north, A(P0,O1192,M0)=north, A(P0,O1193,M0)=east, A(P0,O1195,M0)=north, A(P0,O1196,M0)=west, A(P0,O1197,M0)=west, A(P0,O1200,M0)=north, A(P0,O1201,M0)=north, A(P0,O1202,M0)=east, A(P0,O1205,M0)=north, A(P0,O1206,M0)=west, A(P0,O1210,M0)=south, A(P0,O1211,M0)=west, A(P0,O1212,M0)=north, A(P0,O1215,M0)=south, A(P0,O1217,M0)=west, A(P0,O1218,M0)=east, A(P0,O1222,M0)=south, A(P0,O1261,M0)=west, A(P0,O1263,M0)=west, A(P0,O1265,M0)=south, A(P0,O1266,M0)=north, A(P0,O1267,M0)=west, A(P0,O1268,M0)=north, A(P0,O1270,M0)=south, A(P0,O1271,M0)=west, A(P0,O1272,M0)=west, A(P0,O1274,M0)=north, A(P0,O1276,M0)=east, A(P0,O1277,M0)=north, A(P0,O1278,M0)=north, A(P0,O1279,M0)=north, A(P0,O1281,M0)=east, A(P0,O1282,M0)=south, A(P0,O1283,M0)=east, A(P0,O1284,M0)=north, A(P0,O1287,M0)=east, A(P0,O1288,M0)=north, A(P0,O1289,M0)=north, A(P0,O1290,M0)=east, A(P0,O1291,M0)=west, A(P0,O1294,M0)=east, A(P0,O519,M0)=south, A(P0,O704,M0)=south, A(P0,O705,M0)=south, A(P0,O736,M0)=south, A(P0,O909,M0)=north, A(P0,O914,M0)=south, A(P0,O924,M0)=south, A(P0,O929,M0)=north, A(P0,O940,M0)=south, A(P0,O1094,M0)=east, A(P0,O1098,M0)=east, A(P0,O1103,M0)=east, A(P0,O1109,M0)=east, A(P0,O1115,M0)=east, A(P0,O1119,M0)=east, A(P0,O363,M0)=east, A(P0,O480,M0)=east, A(P0,O510,M0)=north, A(P0,O512,M0)=east, A(P0,O513,M0)=east, A(P0,O574,M0)=north, A(P0,O592,M0)=east, A(P0,O597,M0)=north, A(P0,O598,M0)=east, A(P0,O600,M0)=east, A(P0,O616,M0)=north, A(P0,O628,M0)=south, A(P0,O630,M0)=west, A(P0,O632,M0)=north, A(P0,O646,M0)=north, A(P0,O703,M0)=east, A(P0,O719,M0)=north, A(P0,O728,M0)=east, A(P0,O729,M0)=south, A(P0,O730,M0)=east, A(P0,O734,M0)=north, A(P0,O735,M0)=north, A(P0,O765,M0)=east, A(P0,O766,M0)=west, A(P0,O767,M0)=north, A(P0,O770,M0)=north, A(P0,O771,M0)=north, A(P0,O772,M0)=south, A(P0,O773,M0)=east, A(P0,O795,M0)=north, A(P0,O809,M0)=west, A(P0,O812,M0)=north, A(P0,O813,M0)=north, A(P0,O815,M0)=north, A(P0,O827,M0)=north, A(P0,O843,M0)=south, A(P0,O845,M0)=west, A(P0,O846,M0)=south, A(P0,O848,M0)=north, A(P0,O849,M0)=east, A(P0,O851,M0)=east, A(P0,O852,M0)=south, A(P0,O855,M0)=north, A(P0,O859,M0)=north, A(P0,O860,M0)=east, A(P0,O913,M0)=east, A(P0,O923,M0)=east, A(P0,O927,M0)=east, A(P0,O928,M0)=east, A(P0,O933,M0)=east, A(P0,O934,M0)=west, A(P0,O937,M0)=north, A(P0,O938,M0)=north, A(P0,O939,M0)=north, A(P0,O955,M0)=south, A(P0,O960,M0)=south, A(P0,O965,M0)=south, A(P0,O966,M0)=south, A(P0,O968,M0)=north, A(P0,O969,M0)=north, A(P0,O970,M0)=north, A(P0,O971,M0)=west, A(P0,O972,M0)=north, A(P0,O975,M0)=north, A(P0,O976,M0)=south, A(P0,O979,M0)=west, A(P0,O980,M0)=west, A(P0,O982,M0)=north, A(P0,O983,M0)=north, A(P0,O984,M0)=south, A(P0,O985,M0)=north, A(P0,O988,M0)=south, A(P0,O1003,M0)=west, A(P0,O1006,M0)=north, A(P0,O1007,M0)=north, A(P0,O1014,M0)=north, A(P0,O1028,M0)=west, A(P0,O1030,M0)=south, A(P0,O1031,M0)=south, A(P0,O1033,M0)=south, A(P0,O1034,M0)=east, A(P0,O1035,M0)=east, A(P0,O1037,M0)=north, A(P0,O1038,M0)=north, A(P0,O1041,M0)=north, A(P0,O1042,M0)=east, A(P0,O1043,M0)=north, A(P0,O1057,M0)=east, A(P0,O1070,M0)=east, A(P0,O1097,M0)=east, A(P0,O1101,M0)=east, A(P0,O1102,M0)=north, A(P0,O1106,M0)=north, A(P0,O1107,M0)=north, A(P0,O1108,M0)=east, A(P0,O1118,M0)=east, A(P0,O1122,M0)=east, A(P0,O1123,M0)=east, A(P0,O1127,M0)=east, A(P0,O1128,M0)=east, A(P0,O1129,M0)=east, A(P0,O1132,M0)=north, A(P0,O1133,M0)=north, A(P0,O1134,M0)=east, A(P0,O1135,M0)=north, A(P0,O1137,M0)=east, A(P0,O1138,M0)=east, A(P0,O1139,M0)=east, A(P0,O1142,M0)=east, A(P0,O1143,M0)=east, A(P0,O1144,M0)=east, A(P0,O1146,M0)=east, A(P0,O1147,M0)=east, A(P0,O1148,M0)=east, A(P0,O1150,M0)=north, A(P0,O1151,M0)=east, A(P0,O1153,M0)=east, A(P0,O1154,M0)=east, A(P0,O1171,M0)=south, A(P0,O1173,M0)=south, A(P0,O1174,M0)=north, A(P0,O1176,M0)=south, A(P0,O1177,M0)=east, A(P0,O1180,M0)=north, A(P0,O1181,M0)=east, A(P0,O1190,M0)=east, A(P0,O1204,M0)=east, A(P0,O520,M0)=south, A(P0,O521,M0)=west, A(P0,O522,M0)=north, A(P0,O543,M0)=east, A(P0,O720,M0)=south, A(P0,O737,M0)=north, A(P0,O738,M0)=north, A(P0,O753,M0)=south, A(P0,O759,M0)=east, A(P0,O941,M0)=north, A(P0,O951,M0)=north, A(P0,O956,M0)=south, A(P0,O962,M0)=east, A(P0,O1124,M0)=east, A(P0,O1130,M0)=east, A(P0,O368,M0)=east, A(P0,O371,M0)=east, A(P0,O518,M0)=east, A(P0,O631,M0)=east, A(P0,O635,M0)=east, A(P0,O636,M0)=east, A(P0,O637,M0)=east, A(P0,O638,M0)=east, A(P0,O639,M0)=east, A(P0,O642,M0)=east, A(P0,O643,M0)=east, A(P0,O647,M0)=east, A(P0,O648,M0)=east, A(P0,O661,M0)=east, A(P0,O668,M0)=east, A(P0,O758,M0)=south, A(P0,O774,M0)=east, A(P0,O778,M0)=south, A(P0,O779,M0)=east, A(P0,O850,M0)=north, A(P0,O856,M0)=west, A(P0,O861,M0)=east, A(P0,O876,M0)=east, A(P0,O887,M0)=south, A(P0,O961,M0)=south, A(P0,O977,M0)=south, A(P0,O989,M0)=south, A(P0,O1140,M0)=east, A(P1,S0,M0)=model_0
--------------------
Synthesis summary:
constraint 1: P>=1 [F "goal"]

method: None, synthesis time: 320.85 s
number of holes: 4, family size: 81, quotient: 1296 states / 14876 actions
explored: 0 %

feasible: no
--------------------
None, 320.85, 0, 0
