rocks-8-1, 192, 6, 64, 340282366920938463463374607431768211456, 1.0, , 0.0
### CEG-AR ###
robust policy found
--------------------
Synthesis summary:
constraint 1: P>=1 [F (visit1)]

method: None, synthesis time: 152.49 s
number of holes: 2, family size: 64, quotient: 192 states / 4416 actions
explored: 49 %
MDP stats: avg MDP size: 0, iterations: 20317

feasible: yes
--------------------
True, 152.49, 20317, 49
### CEG-1by1 ###
> progress 41.998%, elapsed 3 s, estimated 7 s, iters = {DTMC: 659}
> progress 41.998%, elapsed 6 s, estimated 14 s, iters = {DTMC: 1364}
> progress 41.999%, elapsed 9 s, estimated 21 s, iters = {DTMC: 1991}
> progress 41.999%, elapsed 12 s, estimated 28 s, iters = {DTMC: 2703}
> progress 42.005%, elapsed 15 s, estimated 35 s, iters = {DTMC: 3264}
> progress 42.117%, elapsed 18 s, estimated 42 s, iters = {DTMC: 3560}
> progress 42.123%, elapsed 21 s, estimated 49 s, iters = {DTMC: 3850}
> progress 42.123%, elapsed 24 s, estimated 57 s, iters = {DTMC: 4313}
> progress 42.518%, elapsed 27 s, estimated 63 s, iters = {DTMC: 4904}
> progress 42.909%, elapsed 30 s, estimated 70 s, iters = {DTMC: 5624}
> progress 42.915%, elapsed 33 s, estimated 77 s, iters = {DTMC: 6046}
> progress 44.869%, elapsed 36 s, estimated 80 s, iters = {DTMC: 6288}
> progress 44.968%, elapsed 39 s, estimated 86 s, iters = {DTMC: 6503}
> progress 44.968%, elapsed 42 s, estimated 93 s, iters = {DTMC: 7501}
> progress 44.968%, elapsed 45 s, estimated 100 s, iters = {DTMC: 8257}
> progress 45.066%, elapsed 48 s, estimated 106 s, iters = {DTMC: 8476}
> progress 45.066%, elapsed 51 s, estimated 113 s, iters = {DTMC: 8673}
> progress 45.066%, elapsed 54 s, estimated 120 s, iters = {DTMC: 8804}
> progress 45.066%, elapsed 57 s, estimated 126 s, iters = {DTMC: 8969}
> progress 45.066%, elapsed 60 s, estimated 133 s, iters = {DTMC: 9144}
> progress 45.066%, elapsed 63 s, estimated 140 s, iters = {DTMC: 9308}
> progress 45.196%, elapsed 66 s, estimated 146 s, iters = {DTMC: 9498}
> progress 45.686%, elapsed 69 s, estimated 151 s, iters = {DTMC: 9922}
> progress 45.926%, elapsed 72 s, estimated 157 s, iters = {DTMC: 10196}
> progress 45.927%, elapsed 75 s, estimated 163 s, iters = {DTMC: 10532}
> progress 45.927%, elapsed 78 s, estimated 170 s, iters = {DTMC: 10905}
> progress 45.927%, elapsed 81 s, estimated 176 s, iters = {DTMC: 11207}
> progress 45.927%, elapsed 84 s, estimated 183 s, iters = {DTMC: 11543}
> progress 45.927%, elapsed 87 s, estimated 189 s, iters = {DTMC: 11761}
> progress 45.927%, elapsed 90 s, estimated 196 s, iters = {DTMC: 11963}
> progress 45.927%, elapsed 93 s, estimated 202 s, iters = {DTMC: 12152}
> progress 45.927%, elapsed 96 s, estimated 209 s, iters = {DTMC: 12335}
> progress 45.927%, elapsed 99 s, estimated 216 s, iters = {DTMC: 12493}
> progress 46.343%, elapsed 102 s, estimated 220 s, iters = {DTMC: 12681}
> progress 46.343%, elapsed 105 s, estimated 227 s, iters = {DTMC: 12917}
> progress 46.35%, elapsed 108 s, estimated 233 s, iters = {DTMC: 13062}
> progress 46.35%, elapsed 111 s, estimated 240 s, iters = {DTMC: 13207}
> progress 46.845%, elapsed 114 s, estimated 243 s, iters = {DTMC: 13405}
> progress 47.862%, elapsed 117 s, estimated 245 s, iters = {DTMC: 13613}
> progress 47.864%, elapsed 120 s, estimated 251 s, iters = {DTMC: 13861}
> progress 47.864%, elapsed 123 s, estimated 257 s, iters = {DTMC: 14001}
> progress 48.095%, elapsed 126 s, estimated 262 s, iters = {DTMC: 14168}
> progress 49.156%, elapsed 129 s, estimated 263 s, iters = {DTMC: 14417}
> progress 49.392%, elapsed 132 s, estimated 267 s, iters = {DTMC: 14591}
> progress 49.652%, elapsed 135 s, estimated 272 s, iters = {DTMC: 14825}
> progress 49.652%, elapsed 138 s, estimated 278 s, iters = {DTMC: 15005}
> progress 49.652%, elapsed 141 s, estimated 284 s, iters = {DTMC: 15457}
> progress 49.874%, elapsed 144 s, estimated 289 s, iters = {DTMC: 15628}
> progress 50.01%, elapsed 147 s, estimated 294 s, iters = {DTMC: 15872}
> progress 50.629%, elapsed 150 s, estimated 297 s, iters = {DTMC: 16045}
> progress 50.786%, elapsed 153 s, estimated 302 s, iters = {DTMC: 16182}
> progress 50.786%, elapsed 156 s, estimated 308 s, iters = {DTMC: 16283}
> progress 50.786%, elapsed 159 s, estimated 313 s, iters = {DTMC: 16371}
> progress 50.937%, elapsed 162 s, estimated 318 s, iters = {DTMC: 16516}
> progress 51.073%, elapsed 165 s, estimated 323 s, iters = {DTMC: 16695}
> progress 51.129%, elapsed 168 s, estimated 329 s, iters = {DTMC: 16882}
> progress 51.144%, elapsed 171 s, estimated 335 s, iters = {DTMC: 17010}
> progress 51.144%, elapsed 174 s, estimated 341 s, iters = {DTMC: 17116}
> progress 51.144%, elapsed 177 s, estimated 347 s, iters = {DTMC: 17215}
> progress 51.208%, elapsed 180 s, estimated 352 s, iters = {DTMC: 17360}
> progress 51.299%, elapsed 183 s, estimated 357 s, iters = {DTMC: 17546}
> progress 51.444%, elapsed 186 s, estimated 362 s, iters = {DTMC: 17704}
> progress 51.468%, elapsed 189 s, estimated 368 s, iters = {DTMC: 17827}
> progress 51.528%, elapsed 192 s, estimated 373 s, iters = {DTMC: 17957}
> progress 51.528%, elapsed 195 s, estimated 379 s, iters = {DTMC: 18058}
> progress 51.528%, elapsed 198 s, estimated 385 s, iters = {DTMC: 18158}
> progress 51.528%, elapsed 201 s, estimated 391 s, iters = {DTMC: 18254}
> progress 51.712%, elapsed 204 s, estimated 395 s, iters = {DTMC: 18398}
> progress 51.825%, elapsed 207 s, estimated 400 s, iters = {DTMC: 18559}
> progress 51.925%, elapsed 210 s, estimated 405 s, iters = {DTMC: 18788}
> progress 51.999%, elapsed 213 s, estimated 410 s, iters = {DTMC: 18923}
> progress 52.146%, elapsed 216 s, estimated 415 s, iters = {DTMC: 19040}
> progress 52.146%, elapsed 219 s, estimated 421 s, iters = {DTMC: 19114}
> progress 52.146%, elapsed 222 s, estimated 427 s, iters = {DTMC: 19188}
> progress 52.146%, elapsed 225 s, estimated 432 s, iters = {DTMC: 19284}
> progress 52.184%, elapsed 228 s, estimated 438 s, iters = {DTMC: 19391}
> progress 52.29%, elapsed 231 s, estimated 443 s, iters = {DTMC: 19544}
> progress 52.393%, elapsed 234 s, estimated 448 s, iters = {DTMC: 19677}
> progress 52.401%, elapsed 237 s, estimated 453 s, iters = {DTMC: 19811}
> progress 52.426%, elapsed 240 s, estimated 459 s, iters = {DTMC: 19944}
> progress 52.426%, elapsed 243 s, estimated 465 s, iters = {DTMC: 20164}
> progress 52.426%, elapsed 246 s, estimated 470 s, iters = {DTMC: 20394}
> progress 52.426%, elapsed 249 s, estimated 476 s, iters = {DTMC: 20507}
> progress 52.448%, elapsed 252 s, estimated 482 s, iters = {DTMC: 20654}
> progress 52.465%, elapsed 255 s, estimated 487 s, iters = {DTMC: 20785}
> progress 52.523%, elapsed 258 s, estimated 492 s, iters = {DTMC: 20918}
> progress 52.569%, elapsed 261 s, estimated 498 s, iters = {DTMC: 21035}
> progress 52.569%, elapsed 264 s, estimated 504 s, iters = {DTMC: 21106}
> progress 52.569%, elapsed 267 s, estimated 509 s, iters = {DTMC: 21177}
> progress 52.652%, elapsed 270 s, estimated 514 s, iters = {DTMC: 21298}
> progress 52.683%, elapsed 274 s, estimated 520 s, iters = {DTMC: 21442}
> progress 52.715%, elapsed 277 s, estimated 525 s, iters = {DTMC: 21596}
> progress 52.729%, elapsed 280 s, estimated 531 s, iters = {DTMC: 21686}
> progress 52.86%, elapsed 283 s, estimated 535 s, iters = {DTMC: 21765}
> progress 52.886%, elapsed 286 s, estimated 540 s, iters = {DTMC: 21899}
> progress 52.886%, elapsed 289 s, estimated 546 s, iters = {DTMC: 21978}
> progress 52.886%, elapsed 292 s, estimated 552 s, iters = {DTMC: 22047}
> progress 52.917%, elapsed 295 s, estimated 557 s, iters = {DTMC: 22142}
> progress 52.962%, elapsed 298 s, estimated 563 s, iters = {DTMC: 22245}
no robust policy found
--------------------
Synthesis summary:
constraint 1: P>=1 [F (visit1)]

method: None, synthesis time: 300.03 s
number of holes: 2, family size: 64, quotient: 192 states / 4416 actions
explored: 52 %
DTMC stats: avg DTMC size: 75, iterations: 22385

feasible: no
--------------------
None, 300.03, 22385, 52
### AR-1by1 ###
robust policy found
--------------------
Synthesis summary:
constraint 1: P>=1 [F (visit1)]

method: None, synthesis time: 0.26 s
number of holes: 2, family size: 64, quotient: 192 states / 4416 actions
explored: 1 %
MDP stats: avg MDP size: 116, iterations: 1203

feasible: yes
--------------------
True, 0.26, 1203, 1
### POSMG ###
created 64 POMDPs
constructed union POSMG with 8194 states and 20356 actions
> progress 0.0%, elapsed 3 s, estimated 3337341 s (38 days), iters = {game: 11}
> progress 0.0%, elapsed 7 s, estimated 7891331 s (91 days), iters = {game: 13}
> progress 0.0%, elapsed 11 s, estimated 11860096 s (137 days), iters = {game: 14}
> progress 0.0%, elapsed 15 s, estimated 15657693 s (181 days), iters = {game: 15}
> progress 0.0%, elapsed 19 s, estimated 19905178 s (230 days), iters = {game: 16}
> progress 0.0%, elapsed 24 s, estimated 24406215 s (282 days), iters = {game: 17}
> progress 0.0%, elapsed 29 s, estimated 29116076 s (336 days), iters = {game: 18}
> progress 0.0%, elapsed 34 s, estimated 34427206 s (1 year), iters = {game: 19}
> progress 0.0%, elapsed 40 s, estimated 40224671 s (1 year), iters = {game: 20}
> progress 0.0%, elapsed 55 s, estimated 55211460 s (1 year), iters = {game: 21}
> progress 0.0%, elapsed 92 s, estimated 92555490 s (2 years), iters = {game: 22}
> progress 0.0%, elapsed 135 s, estimated 135402892 s (4 years), iters = {game: 23}
> progress 0.0%, elapsed 228 s, estimated 228521778 s (7 years), iters = {game: 24}
--------------------
Synthesis summary:
optimality objective: Pmax=? [F "goal"] 

method: AR, synthesis time: 321.64 s
number of holes: 65, family size: 1e40, quotient: 8194 states / 20356 actions
explored: 0 %
Game stats: avg game size: 7784, iterations: 24

feasible: no
--------------------
None
--------------------
Synthesis summary:
constraint 1: P>=1 [F (visit1)]

method: None, synthesis time: 322.25 s
number of holes: 2, family size: 64, quotient: 192 states / 4416 actions
explored: 0 %

feasible: no
--------------------
None, 322.25, 0, 0
