rocks-4-1, 48, 6, 16, 4294967296, 1.0, , 0.0
### CEG-AR ###
robust policy found
--------------------
Synthesis summary:
constraint 1: P>=1 [F (visit1)]

method: None, synthesis time: 1.52 s
number of holes: 2, family size: 16, quotient: 48 states / 336 actions
explored: 46 %
MDP stats: avg MDP size: 0, iterations: 1361

feasible: yes
--------------------
True, 1.52, 1361, 46
### CEG-1by1 ###
robust policy found
--------------------
Synthesis summary:
constraint 1: P>=1 [F (visit1)]

method: None, synthesis time: 0.81 s
number of holes: 2, family size: 16, quotient: 48 states / 336 actions
explored: 41 %
DTMC stats: avg DTMC size: 29, iterations: 481

feasible: yes
--------------------
True, 0.81, 481, 41
### AR-1by1 ###
robust policy found
--------------------
Synthesis summary:
constraint 1: P>=1 [F (visit1)]

method: None, synthesis time: 0.01 s
number of holes: 2, family size: 16, quotient: 48 states / 336 actions
explored: 1 %
MDP stats: avg MDP size: 30, iterations: 71

feasible: yes
--------------------
True, 0.01, 71, 1
### POSMG ###
created 16 POMDPs
constructed union POSMG with 514 states and 1252 actions
> progress 0.0%, elapsed 3 s, estimated 3093778 s (35 days), iters = {game: 16}
> progress 0.0%, elapsed 6 s, estimated 112857184 s (3 years), iters = {game: 23}, opt = 1.0
--------------------
Synthesis summary:
optimality objective: Pmax=? [F "goal"] 

method: AR, synthesis time: 8.64 s
number of holes: 17, family size: 1e10, quotient: 514 states / 1252 actions
explored: 100 %
Game stats: avg game size: 366, iterations: 55

optimum: 1.0
--------------------
A(P0,O0,M0)=up, A(P0,O5,M0)=up, A(P0,O7,M0)=up, A(P0,O12,M0)=up, A(P0,O14,M0)=up, A(P0,O16,M0)=up, A(P0,O22,M0)=up, A(P0,O24,M0)=up, A(P0,O26,M0)=right, A(P0,O28,M0)=right, A(P0,O33,M0)=left, A(P0,O35,M0)=up, A(P0,O38,M0)=right, A(P0,O41,M0)=left, A(P0,O43,M0)=right, A(P0,O46,M0)=down, A(P1,S0,M0)=model_0
--------------------
Synthesis summary:
constraint 1: P>=1 [F (visit1)]

method: None, synthesis time: 8.66 s
number of holes: 2, family size: 16, quotient: 48 states / 336 actions
explored: 0 %

feasible: no
--------------------
None, 8.66, 0, 0
