rocks-4-1-prob, 80, 6, 16, 4294967296, 0.95, , 0.0
### CEG-AR ###
no robust policy found
--------------------
Synthesis summary:
constraint 1: P>=19/20 [F (visit1)]

method: None, synthesis time: 300.0 s
number of holes: 2, family size: 16, quotient: 80 states / 368 actions
explored: 76 %
MDP stats: avg MDP size: 0, iterations: 90011

feasible: no
--------------------
None, 300.0, 90011, 76
### CEG-1by1 ###
> progress 57.398%, elapsed 3 s, estimated 5 s, iters = {DTMC: 2027}
> progress 61.178%, elapsed 6 s, estimated 9 s, iters = {DTMC: 3655}
> progress 62.882%, elapsed 9 s, estimated 14 s, iters = {DTMC: 5128}
> progress 63.86%, elapsed 12 s, estimated 18 s, iters = {DTMC: 6368}
> progress 64.651%, elapsed 15 s, estimated 23 s, iters = {DTMC: 7448}
> progress 65.266%, elapsed 18 s, estimated 27 s, iters = {DTMC: 8433}
> progress 65.937%, elapsed 21 s, estimated 31 s, iters = {DTMC: 9482}
> progress 66.529%, elapsed 24 s, estimated 36 s, iters = {DTMC: 10551}
> progress 67.142%, elapsed 27 s, estimated 40 s, iters = {DTMC: 11462}
> progress 67.884%, elapsed 30 s, estimated 44 s, iters = {DTMC: 12258}
> progress 68.325%, elapsed 33 s, estimated 48 s, iters = {DTMC: 12958}
> progress 68.614%, elapsed 36 s, estimated 52 s, iters = {DTMC: 13684}
> progress 68.95%, elapsed 39 s, estimated 56 s, iters = {DTMC: 14417}
> progress 69.061%, elapsed 42 s, estimated 60 s, iters = {DTMC: 15015}
> progress 69.381%, elapsed 45 s, estimated 64 s, iters = {DTMC: 15737}
> progress 69.727%, elapsed 48 s, estimated 68 s, iters = {DTMC: 16278}
> progress 69.845%, elapsed 51 s, estimated 73 s, iters = {DTMC: 16835}
> progress 69.964%, elapsed 54 s, estimated 77 s, iters = {DTMC: 18025}
> progress 70.155%, elapsed 57 s, estimated 81 s, iters = {DTMC: 18529}
> progress 70.475%, elapsed 60 s, estimated 85 s, iters = {DTMC: 19161}
> progress 70.633%, elapsed 63 s, estimated 89 s, iters = {DTMC: 19805}
> progress 70.769%, elapsed 66 s, estimated 93 s, iters = {DTMC: 20324}
> progress 70.892%, elapsed 69 s, estimated 97 s, iters = {DTMC: 20855}
> progress 71.059%, elapsed 72 s, estimated 101 s, iters = {DTMC: 21331}
> progress 71.166%, elapsed 75 s, estimated 105 s, iters = {DTMC: 21749}
> progress 71.274%, elapsed 78 s, estimated 109 s, iters = {DTMC: 22119}
> progress 71.4%, elapsed 81 s, estimated 113 s, iters = {DTMC: 22553}
> progress 71.46%, elapsed 84 s, estimated 117 s, iters = {DTMC: 22972}
> progress 71.64%, elapsed 87 s, estimated 121 s, iters = {DTMC: 23560}
> progress 71.731%, elapsed 90 s, estimated 125 s, iters = {DTMC: 24259}
> progress 71.885%, elapsed 93 s, estimated 129 s, iters = {DTMC: 24665}
> progress 72.058%, elapsed 96 s, estimated 133 s, iters = {DTMC: 25120}
> progress 72.11%, elapsed 99 s, estimated 137 s, iters = {DTMC: 25636}
> progress 72.204%, elapsed 102 s, estimated 141 s, iters = {DTMC: 26067}
> progress 72.263%, elapsed 105 s, estimated 145 s, iters = {DTMC: 26362}
> progress 72.448%, elapsed 108 s, estimated 149 s, iters = {DTMC: 26714}
> progress 72.486%, elapsed 111 s, estimated 153 s, iters = {DTMC: 27054}
> progress 72.57%, elapsed 114 s, estimated 157 s, iters = {DTMC: 27405}
> progress 72.618%, elapsed 117 s, estimated 161 s, iters = {DTMC: 27792}
> progress 72.623%, elapsed 120 s, estimated 165 s, iters = {DTMC: 28133}
> progress 72.815%, elapsed 123 s, estimated 169 s, iters = {DTMC: 28543}
> progress 72.816%, elapsed 126 s, estimated 173 s, iters = {DTMC: 28872}
> progress 72.925%, elapsed 129 s, estimated 177 s, iters = {DTMC: 29206}
> progress 72.963%, elapsed 132 s, estimated 181 s, iters = {DTMC: 29606}
> progress 73.018%, elapsed 135 s, estimated 185 s, iters = {DTMC: 29869}
> progress 73.018%, elapsed 138 s, estimated 189 s, iters = {DTMC: 30119}
> progress 73.156%, elapsed 141 s, estimated 193 s, iters = {DTMC: 30447}
> progress 73.157%, elapsed 144 s, estimated 197 s, iters = {DTMC: 30722}
> progress 73.229%, elapsed 147 s, estimated 201 s, iters = {DTMC: 31161}
> progress 73.229%, elapsed 150 s, estimated 205 s, iters = {DTMC: 31596}
> progress 73.326%, elapsed 153 s, estimated 208 s, iters = {DTMC: 31927}
> progress 73.342%, elapsed 156 s, estimated 213 s, iters = {DTMC: 32195}
> progress 73.515%, elapsed 159 s, estimated 216 s, iters = {DTMC: 32480}
> progress 73.538%, elapsed 162 s, estimated 220 s, iters = {DTMC: 32740}
> progress 73.55%, elapsed 165 s, estimated 224 s, iters = {DTMC: 32960}
> progress 73.637%, elapsed 168 s, estimated 228 s, iters = {DTMC: 33292}
> progress 73.657%, elapsed 171 s, estimated 232 s, iters = {DTMC: 33709}
> progress 73.69%, elapsed 174 s, estimated 236 s, iters = {DTMC: 34009}
> progress 73.742%, elapsed 177 s, estimated 240 s, iters = {DTMC: 34271}
> progress 73.759%, elapsed 180 s, estimated 244 s, iters = {DTMC: 34502}
> progress 73.855%, elapsed 183 s, estimated 248 s, iters = {DTMC: 34794}
> progress 73.856%, elapsed 186 s, estimated 252 s, iters = {DTMC: 35075}
> progress 73.884%, elapsed 189 s, estimated 256 s, iters = {DTMC: 35327}
> progress 73.908%, elapsed 192 s, estimated 260 s, iters = {DTMC: 35544}
> progress 73.937%, elapsed 195 s, estimated 264 s, iters = {DTMC: 35801}
> progress 73.946%, elapsed 198 s, estimated 268 s, iters = {DTMC: 36001}
> progress 73.978%, elapsed 201 s, estimated 272 s, iters = {DTMC: 36281}
> progress 73.985%, elapsed 204 s, estimated 276 s, iters = {DTMC: 36611}
> progress 74.038%, elapsed 207 s, estimated 280 s, iters = {DTMC: 36922}
> progress 74.111%, elapsed 210 s, estimated 283 s, iters = {DTMC: 37187}
> progress 74.112%, elapsed 213 s, estimated 288 s, iters = {DTMC: 37394}
> progress 74.188%, elapsed 216 s, estimated 291 s, iters = {DTMC: 37659}
> progress 74.209%, elapsed 219 s, estimated 295 s, iters = {DTMC: 37926}
> progress 74.211%, elapsed 222 s, estimated 299 s, iters = {DTMC: 38134}
> progress 74.353%, elapsed 225 s, estimated 303 s, iters = {DTMC: 38352}
> progress 74.371%, elapsed 228 s, estimated 307 s, iters = {DTMC: 38550}
> progress 74.371%, elapsed 231 s, estimated 311 s, iters = {DTMC: 38739}
> progress 74.445%, elapsed 234 s, estimated 315 s, iters = {DTMC: 38967}
> progress 74.504%, elapsed 237 s, estimated 318 s, iters = {DTMC: 39200}
> progress 74.515%, elapsed 240 s, estimated 322 s, iters = {DTMC: 39404}
> progress 74.549%, elapsed 243 s, estimated 326 s, iters = {DTMC: 39622}
> progress 74.661%, elapsed 246 s, estimated 330 s, iters = {DTMC: 39913}
> progress 74.662%, elapsed 249 s, estimated 334 s, iters = {DTMC: 40192}
> progress 74.694%, elapsed 252 s, estimated 338 s, iters = {DTMC: 40546}
> progress 74.731%, elapsed 255 s, estimated 342 s, iters = {DTMC: 40757}
> progress 74.734%, elapsed 258 s, estimated 346 s, iters = {DTMC: 40910}
> progress 74.819%, elapsed 261 s, estimated 349 s, iters = {DTMC: 41124}
> progress 74.829%, elapsed 264 s, estimated 353 s, iters = {DTMC: 41629}
> progress 74.833%, elapsed 267 s, estimated 357 s, iters = {DTMC: 42138}
> progress 74.866%, elapsed 270 s, estimated 361 s, iters = {DTMC: 42345}
> progress 74.87%, elapsed 273 s, estimated 365 s, iters = {DTMC: 42541}
> progress 74.871%, elapsed 276 s, estimated 369 s, iters = {DTMC: 42716}
> progress 74.941%, elapsed 279 s, estimated 373 s, iters = {DTMC: 42893}
> progress 74.975%, elapsed 282 s, estimated 377 s, iters = {DTMC: 43089}
> progress 74.978%, elapsed 285 s, estimated 381 s, iters = {DTMC: 43270}
> progress 74.981%, elapsed 288 s, estimated 385 s, iters = {DTMC: 43444}
> progress 74.998%, elapsed 291 s, estimated 389 s, iters = {DTMC: 43630}
> progress 75.106%, elapsed 294 s, estimated 392 s, iters = {DTMC: 43865}
> progress 75.112%, elapsed 297 s, estimated 396 s, iters = {DTMC: 44095}
no robust policy found
--------------------
Synthesis summary:
constraint 1: P>=19/20 [F (visit1)]

method: None, synthesis time: 300.0 s
number of holes: 2, family size: 16, quotient: 80 states / 368 actions
explored: 75 %
DTMC stats: avg DTMC size: 38, iterations: 44216

feasible: no
--------------------
None, 300.0, 44216, 75
### AR-1by1 ###
robust policy found
--------------------
Synthesis summary:
constraint 1: P>=19/20 [F (visit1)]

method: None, synthesis time: 2.45 s
number of holes: 2, family size: 16, quotient: 80 states / 368 actions
explored: 0 %
MDP stats: avg MDP size: 30, iterations: 30912

feasible: yes
--------------------
True, 2.45, 30912, 0
### POSMG ###
created 16 POMDPs
constructed union POSMG with 770 states and 1508 actions
> progress 0.0%, elapsed 3 s, estimated 591383 s (6 days), iters = {game: 155}, opt = 0.5447
> progress 0.011%, elapsed 6 s, estimated 53469 s (14 hours), iters = {game: 392}, opt = 0.8813
> progress 0.18%, elapsed 9 s, estimated 4995 s, iters = {game: 677}, opt = 0.9034
> progress 0.92%, elapsed 12 s, estimated 1307 s, iters = {game: 1106}, opt = 0.9092
> progress 1.77%, elapsed 15 s, estimated 849 s, iters = {game: 1600}, opt = 0.9458
> progress 2.359%, elapsed 18 s, estimated 764 s, iters = {game: 2068}, opt = 0.9458
> progress 3.031%, elapsed 21 s, estimated 694 s, iters = {game: 2580}, opt = 0.9555
> progress 5.105%, elapsed 24 s, estimated 471 s, iters = {game: 3127}, opt = 0.9555
> progress 5.471%, elapsed 27 s, estimated 494 s, iters = {game: 3614}, opt = 0.9555
> progress 7.157%, elapsed 30 s, estimated 420 s, iters = {game: 4180}, opt = 0.9555
> progress 8.746%, elapsed 33 s, estimated 378 s, iters = {game: 4668}, opt = 0.9555
> progress 9.384%, elapsed 36 s, estimated 384 s, iters = {game: 5086}, opt = 0.9555
> progress 10.179%, elapsed 39 s, estimated 383 s, iters = {game: 5437}, opt = 0.9555
> progress 11.9%, elapsed 42 s, estimated 353 s, iters = {game: 5818}, opt = 0.9555
> progress 14.324%, elapsed 45 s, estimated 314 s, iters = {game: 6211}, opt = 0.9555
> progress 26.375%, elapsed 48 s, estimated 182 s, iters = {game: 6656}, opt = 0.9555
> progress 28.255%, elapsed 51 s, estimated 180 s, iters = {game: 7016}, opt = 0.9555
> progress 28.578%, elapsed 54 s, estimated 189 s, iters = {game: 7536}, opt = 0.9555
> progress 28.761%, elapsed 57 s, estimated 198 s, iters = {game: 8025}, opt = 0.9555
> progress 29.627%, elapsed 60 s, estimated 202 s, iters = {game: 8464}, opt = 0.9555
> progress 30.113%, elapsed 63 s, estimated 209 s, iters = {game: 8833}, opt = 0.9555
> progress 30.29%, elapsed 66 s, estimated 218 s, iters = {game: 9292}, opt = 0.9555
> progress 30.426%, elapsed 69 s, estimated 227 s, iters = {game: 9807}, opt = 0.9555
> progress 32.161%, elapsed 72 s, estimated 224 s, iters = {game: 10247}, opt = 0.9555
> progress 32.612%, elapsed 75 s, estimated 230 s, iters = {game: 10674}, opt = 0.9555
> progress 34.114%, elapsed 78 s, estimated 229 s, iters = {game: 11188}, opt = 0.9555
> progress 34.402%, elapsed 81 s, estimated 235 s, iters = {game: 11692}, opt = 0.9555
> progress 34.457%, elapsed 84 s, estimated 244 s, iters = {game: 12112}, opt = 0.9555
> progress 34.7%, elapsed 87 s, estimated 251 s, iters = {game: 12598}, opt = 0.9555
> progress 35.054%, elapsed 90 s, estimated 257 s, iters = {game: 13117}, opt = 0.9555
> progress 35.614%, elapsed 93 s, estimated 261 s, iters = {game: 13659}, opt = 0.9555
> progress 36.779%, elapsed 96 s, estimated 261 s, iters = {game: 14191}, opt = 0.9555
> progress 37.549%, elapsed 99 s, estimated 264 s, iters = {game: 14735}, opt = 0.9555
> progress 38.153%, elapsed 102 s, estimated 267 s, iters = {game: 15133}, opt = 0.9555
> progress 38.748%, elapsed 105 s, estimated 271 s, iters = {game: 15513}, opt = 0.9555
> progress 38.94%, elapsed 108 s, estimated 277 s, iters = {game: 15931}, opt = 0.9555
> progress 39.211%, elapsed 111 s, estimated 283 s, iters = {game: 16327}, opt = 0.9555
> progress 44.661%, elapsed 114 s, estimated 255 s, iters = {game: 16735}, opt = 0.9555
> progress 47.767%, elapsed 117 s, estimated 245 s, iters = {game: 17216}, opt = 0.9555
> progress 75.042%, elapsed 120 s, estimated 160 s, iters = {game: 17643}, opt = 0.9555
> progress 75.424%, elapsed 123 s, estimated 163 s, iters = {game: 17888}, opt = 0.9555
> progress 75.675%, elapsed 126 s, estimated 166 s, iters = {game: 18120}, opt = 0.9555
> progress 76.601%, elapsed 129 s, estimated 168 s, iters = {game: 18636}, opt = 0.9555
> progress 76.79%, elapsed 132 s, estimated 172 s, iters = {game: 18993}, opt = 0.9555
> progress 77.212%, elapsed 135 s, estimated 175 s, iters = {game: 19388}, opt = 0.9555
> progress 78.16%, elapsed 138 s, estimated 176 s, iters = {game: 19801}, opt = 0.9555
> progress 78.236%, elapsed 141 s, estimated 180 s, iters = {game: 20052}, opt = 0.9555
> progress 82.086%, elapsed 144 s, estimated 175 s, iters = {game: 20317}, opt = 0.9555
> progress 82.601%, elapsed 147 s, estimated 178 s, iters = {game: 20782}, opt = 0.9555
> progress 85.279%, elapsed 150 s, estimated 176 s, iters = {game: 21315}, opt = 0.9555
> progress 87.0%, elapsed 153 s, estimated 176 s, iters = {game: 21812}, opt = 0.9555
> progress 97.664%, elapsed 156 s, estimated 160 s, iters = {game: 22336}, opt = 0.9555
--------------------
Synthesis summary:
optimality objective: Pmax=? [F "goal"] 

method: AR, synthesis time: 157.88 s
number of holes: 17, family size: 1e10, quotient: 770 states / 1508 actions
explored: 100 %
Game stats: avg game size: 627, iterations: 22590

optimum: 0.955529
--------------------
A(P0,O0,M0)=up, A(P0,O8,M0)=left, A(P0,O12,M0)=up, A(P0,O19,M0)=left, A(P0,O23,M0)=right, A(P0,O27,M0)=up, A(P0,O35,M0)=left, A(P0,O39,M0)=up, A(P0,O43,M0)=down, A(P0,O47,M0)=right, A(P0,O54,M0)=down, A(P0,O58,M0)=up, A(P0,O64,M0)=down, A(P0,O68,M0)=down, A(P0,O72,M0)=right, A(P0,O77,M0)=down, A(P1,S0,M0)=model_4
--------------------
Synthesis summary:
constraint 1: P>=19/20 [F (visit1)]

method: None, synthesis time: 157.9 s
number of holes: 2, family size: 16, quotient: 80 states / 368 actions
explored: 0 %

feasible: no
--------------------
None, 157.9, 0, 0
