dpm-switch-q10, 1594, 5, 14580, 819139181147931881905023352792069526823329295380403948350929152895424875686344781715505037611966898148554160889669771786796857085566636903402228512135326883847372009667431196426174288805437735659481530964652603241915574787826218645446293596794441400685986082181639842782641, 0.736, , 0.737387385924877
### AR-MDP-EVAL ###
> progress 0.0%, elapsed 3 s, estimated 22897227897153 s (726066 years), iters = {MDP: 518}
> progress 0.0%, elapsed 6 s, estimated 45964870946347 s (1457536 years), iters = {MDP: 1035}
> progress 0.0%, elapsed 9 s, estimated 68884394771317 s (2184309 years), iters = {MDP: 1527}
> progress 0.0%, elapsed 12 s, estimated 92139098065787 s (2921711 years), iters = {MDP: 2021}
> progress 0.0%, elapsed 15 s, estimated 115060811420922 s (3648554 years), iters = {MDP: 2515}
> progress 0.0%, elapsed 18 s, estimated 138106975724227 s (4379343 years), iters = {MDP: 3009}
> progress 0.0%, elapsed 21 s, estimated 161202262761537 s (5111690 years), iters = {MDP: 3506}
> progress 0.0%, elapsed 24 s, estimated 184221513166693 s (5841625 years), iters = {MDP: 4000}
> progress 0.0%, elapsed 27 s, estimated 207678352398286 s (6585437 years), iters = {MDP: 4505}
> progress 0.0%, elapsed 30 s, estimated 230912239107993 s (7322179 years), iters = {MDP: 4999}
> progress 0.0%, elapsed 33 s, estimated 253915938677961 s (8051621 years), iters = {MDP: 5479}
> progress 0.0%, elapsed 36 s, estimated 277321254088426 s (8793799 years), iters = {MDP: 5972}
> progress 0.0%, elapsed 39 s, estimated 300801823973510 s (9538363 years), iters = {MDP: 6464}
> progress 0.0%, elapsed 42 s, estimated 323874723819847 s (10270000 years), iters = {MDP: 6975}
> progress 0.0%, elapsed 45 s, estimated 347226546335006 s (11010481 years), iters = {MDP: 7496}
> progress 0.0%, elapsed 48 s, estimated 370140796144216 s (11737087 years), iters = {MDP: 7976}
> progress 0.0%, elapsed 51 s, estimated 393577896204073 s (12480273 years), iters = {MDP: 8461}
> progress 0.0%, elapsed 54 s, estimated 416810765849711 s (13216982 years), iters = {MDP: 8923}
> progress 0.0%, elapsed 57 s, estimated 440346275327953 s (13963288 years), iters = {MDP: 9265}
> progress 0.0%, elapsed 60 s, estimated 463565481961815 s (14699565 years), iters = {MDP: 9590}
> progress 0.0%, elapsed 63 s, estimated 487101765438214 s (15445895 years), iters = {MDP: 9925}
> progress 0.0%, elapsed 66 s, estimated 510589572503353 s (16190689 years), iters = {MDP: 10246}
> progress 0.0%, elapsed 69 s, estimated 533592343969454 s (16920102 years), iters = {MDP: 10559}
> progress 0.0%, elapsed 73 s, estimated 557102271909200 s (17665597 years), iters = {MDP: 10893}
> progress 0.0%, elapsed 76 s, estimated 580500391516087 s (18407546 years), iters = {MDP: 11228}
> progress 0.0%, elapsed 79 s, estimated 603731259472890 s (19144192 years), iters = {MDP: 11550}
> progress 0.0%, elapsed 82 s, estimated 626734010288883 s (19873605 years), iters = {MDP: 11878}
> progress 0.0%, elapsed 85 s, estimated 649755168511770 s (20603601 years), iters = {MDP: 12204}
> progress 0.0%, elapsed 88 s, estimated 673128709780895 s (21344771 years), iters = {MDP: 12514}
> progress 0.0%, elapsed 91 s, estimated 696276206859254 s (22078773 years), iters = {MDP: 12840}
> progress 0.0%, elapsed 94 s, estimated 719551022697619 s (22816813 years), iters = {MDP: 13182}
> progress 0.0%, elapsed 97 s, estimated 742616448184957 s (23548213 years), iters = {MDP: 13510}
> progress 0.0%, elapsed 100 s, estimated 765499652410034 s (24273834 years), iters = {MDP: 13837}
> progress 0.0%, elapsed 103 s, estimated 788591088307114 s (25006059 years), iters = {MDP: 14173}
> progress 0.0%, elapsed 106 s, estimated 811872162458070 s (25744297 years), iters = {MDP: 14505}
> progress 0.0%, elapsed 109 s, estimated 835349057605852 s (26488744 years), iters = {MDP: 14853}
> progress 0.0%, elapsed 112 s, estimated 858896511842897 s (27235429 years), iters = {MDP: 15179}
> progress 0.0%, elapsed 115 s, estimated 881838004366010 s (27962899 years), iters = {MDP: 15482}
> progress 0.0%, elapsed 118 s, estimated 905203081321068 s (28703801 years), iters = {MDP: 15812}
> progress 0.0%, elapsed 121 s, estimated 928179762552671 s (29432387 years), iters = {MDP: 16148}
> progress 0.0%, elapsed 124 s, estimated 951247821456233 s (30163870 years), iters = {MDP: 16482}
> progress 0.0%, elapsed 127 s, estimated 974347656346516 s (30896361 years), iters = {MDP: 16805}
> progress 0.0%, elapsed 130 s, estimated 997534512473500 s (31631611 years), iters = {MDP: 17135}
> progress 0.0%, elapsed 133 s, estimated 1020693909426377 s (32365991 years), iters = {MDP: 17467}
> progress 0.0%, elapsed 136 s, estimated 1044007677380972 s (33105266 years), iters = {MDP: 17813}
> progress 0.0%, elapsed 139 s, estimated 1067570685023007 s (33852444 years), iters = {MDP: 18156}
> progress 0.0%, elapsed 143 s, estimated 1091026005738902 s (34596207 years), iters = {MDP: 18485}
> progress 0.0%, elapsed 146 s, estimated 1113928642121545 s (35322445 years), iters = {MDP: 18822}
> progress 0.0%, elapsed 149 s, estimated 1137220864987518 s (36061037 years), iters = {MDP: 19173}
> progress 0.0%, elapsed 152 s, estimated 1160854860468026 s (36810466 years), iters = {MDP: 19506}
> progress 0.0%, elapsed 155 s, estimated 1184291819835620 s (37553647 years), iters = {MDP: 19824}
> progress 0.0%, elapsed 158 s, estimated 1207440611115144 s (38287690 years), iters = {MDP: 20157}
> progress 0.0%, elapsed 161 s, estimated 1230389473244445 s (39015394 years), iters = {MDP: 20485}
> progress 0.0%, elapsed 164 s, estimated 1253769018832770 s (39756754 years), iters = {MDP: 20805}
> progress 0.0%, elapsed 167 s, estimated 1276671075258204 s (40482974 years), iters = {MDP: 21122}
> progress 0.0%, elapsed 170 s, estimated 1299914090669798 s (41220005 years), iters = {MDP: 21457}
> progress 0.0%, elapsed 173 s, estimated 1322794200671450 s (41945528 years), iters = {MDP: 21792}
> progress 0.0%, elapsed 176 s, estimated 1346033474392998 s (42682441 years), iters = {MDP: 22144}
> progress 0.0%, elapsed 179 s, estimated 1369169423968067 s (43416077 years), iters = {MDP: 22466}
> progress 0.0%, elapsed 182 s, estimated 1392375680987680 s (44151943 years), iters = {MDP: 22798}
> progress 0.0%, elapsed 185 s, estimated 1415528311381879 s (44886108 years), iters = {MDP: 23144}
> progress 0.0%, elapsed 188 s, estimated 1438578334031614 s (45617019 years), iters = {MDP: 23502}
> progress 0.0%, elapsed 191 s, estimated 1461579557913200 s (46346383 years), iters = {MDP: 23840}
> progress 0.0%, elapsed 194 s, estimated 1484811700038730 s (47083070 years), iters = {MDP: 24151}
> progress 0.0%, elapsed 197 s, estimated 1507861057133938 s (47813960 years), iters = {MDP: 24487}
> progress 0.0%, elapsed 200 s, estimated 1530785506652571 s (48540889 years), iters = {MDP: 24816}
> progress 0.0%, elapsed 203 s, estimated 1553864138790185 s (49272708 years), iters = {MDP: 25160}
> progress 0.0%, elapsed 206 s, estimated 1577182049030363 s (50012114 years), iters = {MDP: 25488}
> progress 0.0%, elapsed 209 s, estimated 1600479299963677 s (50750865 years), iters = {MDP: 25829}
> progress 0.0%, elapsed 212 s, estimated 1623663183930184 s (51486021 years), iters = {MDP: 26174}
> progress 0.0%, elapsed 215 s, estimated 1647036710802167 s (52227191 years), iters = {MDP: 26518}
> progress 0.0%, elapsed 219 s, estimated 1670495702701809 s (52971071 years), iters = {MDP: 26848}
> progress 0.0%, elapsed 222 s, estimated 1693380235870280 s (53696735 years), iters = {MDP: 27182}
> progress 0.0%, elapsed 225 s, estimated 1716482799222200 s (54429312 years), iters = {MDP: 27515}
> progress 0.0%, elapsed 228 s, estimated 1739710968884229 s (55165872 years), iters = {MDP: 27841}
> progress 0.0%, elapsed 231 s, estimated 1762917200693599 s (55901737 years), iters = {MDP: 28175}
> progress 0.0%, elapsed 234 s, estimated 1785850477756404 s (56628947 years), iters = {MDP: 28518}
> progress 0.0%, elapsed 237 s, estimated 1809090340166437 s (57365878 years), iters = {MDP: 28859}
> progress 0.0%, elapsed 240 s, estimated 1832058332342382 s (58094188 years), iters = {MDP: 29203}
> progress 0.0%, elapsed 243 s, estimated 1855394979773646 s (58834188 years), iters = {MDP: 29547}
> progress 0.0%, elapsed 246 s, estimated 1878272173266404 s (59559619 years), iters = {MDP: 29880}
> progress 0.0%, elapsed 249 s, estimated 1901245836965212 s (60288110 years), iters = {MDP: 30206}
> progress 0.0%, elapsed 252 s, estimated 1924257718564890 s (61017811 years), iters = {MDP: 30544}
> progress 0.0%, elapsed 255 s, estimated 1947382834918797 s (61751104 years), iters = {MDP: 30892}
> progress 0.0%, elapsed 258 s, estimated 1970262499509287 s (62476614 years), iters = {MDP: 31254}
> progress 0.0%, elapsed 261 s, estimated 1993292404361115 s (63206887 years), iters = {MDP: 31592}
> progress 0.0%, elapsed 264 s, estimated 2016284407606639 s (63935959 years), iters = {MDP: 31932}
> progress 0.0%, elapsed 267 s, estimated 2039346527580470 s (64667254 years), iters = {MDP: 32278}
> progress 0.0%, elapsed 270 s, estimated 2062600770311755 s (65404641 years), iters = {MDP: 32650}
> progress 0.0%, elapsed 273 s, estimated 2085886963404297 s (66143041 years), iters = {MDP: 33012}
> progress 0.0%, elapsed 276 s, estimated 2108853883901659 s (66871317 years), iters = {MDP: 33352}
> progress 0.0%, elapsed 279 s, estimated 2132360121708009 s (67616695 years), iters = {MDP: 33682}
> progress 0.0%, elapsed 282 s, estimated 2155435496625030 s (68348411 years), iters = {MDP: 34013}
> progress 0.0%, elapsed 285 s, estimated 2178749096656353 s (69087680 years), iters = {MDP: 34344}
> progress 0.0%, elapsed 288 s, estimated 2202005172954932 s (69825125 years), iters = {MDP: 34675}
> progress 0.0%, elapsed 291 s, estimated 2224889795846170 s (70550792 years), iters = {MDP: 35007}
> progress 0.0%, elapsed 294 s, estimated 2248411713459464 s (71296667 years), iters = {MDP: 35326}
> progress 0.0%, elapsed 297 s, estimated 2271351729994806 s (72024090 years), iters = {MDP: 35679}
--------------------
Synthesis summary:
constraint 1: P>=92/125 [F ((bat = 0) & (lost = 0))]

method: None, synthesis time: 300.34 s
number of holes: 10, family size: 14580, quotient: 1594 states / 10508 actions
explored: 0 %
MDP stats: avg MDP size: 255, iterations: 35963

feasible: no
--------------------
None, 300.34, 35963, 0
