2024-02-04 16:09:08,186 - cli.py - This is Paynt version 0.1.0.
2024-02-04 16:09:08,186 - sketch.py - loading sketch from models/tac24/case-studies/grid-meet-all-obs-sl-3fsc/sketch.templ ...
2024-02-04 16:09:08,186 - sketch.py - assuming sketch in PRISM format...
2024-02-04 16:09:08,200 - prism_parser.py - PRISM model type: DTMC
2024-02-04 16:09:08,200 - prism_parser.py - processing hole definitions...
2024-02-04 16:09:08,202 - prism_parser.py - loading properties from models/tac24/case-studies/grid-meet-all-obs-sl-3fsc/sketch.props ...
2024-02-04 16:09:08,203 - prism_parser.py - found the following specification: optimality: R[exp]{"moves"}min=? [F "goal"] 
2024-02-04 16:09:08,203 - jani.py - constructing JANI program...
2024-02-04 16:09:08,226 - jani.py - constructing the quotient...
2024-02-04 16:09:15,503 - jani.py - associating choices of the quotient with hole assignments...
2024-02-04 16:09:20,576 - sketch.py - sketch parsing OK
2024-02-04 16:09:20,577 - sketch.py - converting state rewards 'moves' to state-action rewards
2024-02-04 16:09:20,759 - sketch.py - constructed explicit quotient having 20727 states and 3326967 actions
2024-02-04 16:09:20,759 - sketch.py - found the following specification optimality: R[exp]{"moves"}min=? [F "goal"] 
2024-02-04 16:09:23,056 - synthesizer.py - synthesis initiated, design space: 16834112196028232574462890625
> progress 20.0%, elapsed 3 s, estimated 19 s, iters = {MDP: 3}, opt = 6.755
> progress 40.0%, elapsed 7 s, estimated 18 s, iters = {MDP: 5}, opt = 6.755
> progress 40.0%, elapsed 11 s, estimated 27 s, iters = {MDP: 7}, opt = 6.755
> progress 40.0%, elapsed 14 s, estimated 36 s, iters = {MDP: 9}, opt = 6.755
> progress 40.032%, elapsed 17 s, estimated 44 s, iters = {MDP: 12}, opt = 6.755
> progress 40.16%, elapsed 21 s, estimated 52 s, iters = {MDP: 15}, opt = 6.755
> progress 40.213%, elapsed 25 s, estimated 64 s, iters = {MDP: 18}, opt = 6.755
> progress 40.213%, elapsed 28 s, estimated 71 s, iters = {MDP: 20}, opt = 6.755
> progress 40.213%, elapsed 32 s, estimated 80 s, iters = {MDP: 24}, opt = 6.755
> progress 40.213%, elapsed 36 s, estimated 90 s, iters = {MDP: 29}, opt = 6.755
> progress 40.213%, elapsed 39 s, estimated 97 s, iters = {MDP: 33}, opt = 6.755
> progress 40.213%, elapsed 43 s, estimated 107 s, iters = {MDP: 40}, opt = 6.755
> progress 40.213%, elapsed 46 s, estimated 116 s, iters = {MDP: 46}, opt = 6.755
> progress 40.213%, elapsed 50 s, estimated 124 s, iters = {MDP: 51}, opt = 6.755
> progress 40.213%, elapsed 53 s, estimated 133 s, iters = {MDP: 55}, opt = 6.755
> progress 40.213%, elapsed 56 s, estimated 141 s, iters = {MDP: 59}, opt = 6.755
> progress 40.213%, elapsed 60 s, estimated 149 s, iters = {MDP: 66}, opt = 6.755
> progress 40.213%, elapsed 63 s, estimated 157 s, iters = {MDP: 72}, opt = 6.755
> progress 40.213%, elapsed 66 s, estimated 166 s, iters = {MDP: 76}, opt = 6.755
> progress 40.213%, elapsed 70 s, estimated 174 s, iters = {MDP: 85}, opt = 6.755
> progress 40.213%, elapsed 73 s, estimated 183 s, iters = {MDP: 91}, opt = 6.755
> progress 40.213%, elapsed 76 s, estimated 190 s, iters = {MDP: 95}, opt = 6.755
> progress 40.213%, elapsed 79 s, estimated 198 s, iters = {MDP: 99}, opt = 6.755
> progress 40.213%, elapsed 82 s, estimated 206 s, iters = {MDP: 103}, opt = 6.755
> progress 40.213%, elapsed 86 s, estimated 214 s, iters = {MDP: 107}, opt = 6.755
> progress 40.213%, elapsed 89 s, estimated 223 s, iters = {MDP: 114}, opt = 6.755
> progress 40.213%, elapsed 93 s, estimated 232 s, iters = {MDP: 120}, opt = 6.755
> progress 40.214%, elapsed 96 s, estimated 240 s, iters = {MDP: 124}, opt = 6.755
> progress 40.214%, elapsed 100 s, estimated 249 s, iters = {MDP: 128}, opt = 6.755
> progress 40.214%, elapsed 103 s, estimated 257 s, iters = {MDP: 133}, opt = 6.755
> progress 40.214%, elapsed 106 s, estimated 265 s, iters = {MDP: 137}, opt = 6.755
> progress 40.214%, elapsed 110 s, estimated 273 s, iters = {MDP: 141}, opt = 6.755
> progress 40.214%, elapsed 113 s, estimated 282 s, iters = {MDP: 149}, opt = 6.755
> progress 40.214%, elapsed 116 s, estimated 289 s, iters = {MDP: 157}, opt = 6.755
> progress 40.214%, elapsed 119 s, estimated 297 s, iters = {MDP: 162}, opt = 6.755
> progress 40.214%, elapsed 123 s, estimated 307 s, iters = {MDP: 166}, opt = 6.755
> progress 40.214%, elapsed 126 s, estimated 315 s, iters = {MDP: 173}, opt = 6.755
> progress 40.214%, elapsed 130 s, estimated 324 s, iters = {MDP: 176}, opt = 6.755
> progress 40.214%, elapsed 137 s, estimated 342 s, iters = {MDP: 178}, opt = 6.755
> progress 40.214%, elapsed 141 s, estimated 351 s, iters = {MDP: 179}, opt = 6.755
> progress 40.214%, elapsed 164 s, estimated 409 s, iters = {MDP: 180}, opt = 6.755
> progress 40.214%, elapsed 169 s, estimated 420 s, iters = {MDP: 182}, opt = 6.755
> progress 40.214%, elapsed 175 s, estimated 436 s, iters = {MDP: 185}, opt = 6.755
> progress 40.215%, elapsed 183 s, estimated 455 s, iters = {MDP: 187}, opt = 6.755
> progress 40.215%, elapsed 186 s, estimated 463 s, iters = {MDP: 192}, opt = 6.755
> progress 40.215%, elapsed 190 s, estimated 473 s, iters = {MDP: 195}, opt = 6.755
