2024-02-04 16:09:30,669 - cli.py - This is Paynt version 0.1.0.
2024-02-04 16:09:30,669 - sketch.py - loading sketch from models/tac24/case-studies/grid-meet-all-obs-sl-3fsc/sketch.templ ...
2024-02-04 16:09:30,669 - sketch.py - assuming sketch in PRISM format...
2024-02-04 16:09:30,683 - prism_parser.py - PRISM model type: DTMC
2024-02-04 16:09:30,683 - prism_parser.py - processing hole definitions...
2024-02-04 16:09:30,685 - prism_parser.py - loading properties from models/tac24/case-studies/grid-meet-all-obs-sl-3fsc/sketch.props ...
2024-02-04 16:09:30,686 - prism_parser.py - found the following specification: optimality: R[exp]{"moves"}min=? [F "goal"] 
2024-02-04 16:09:30,686 - jani.py - constructing JANI program...
2024-02-04 16:09:30,711 - jani.py - constructing the quotient...
2024-02-04 16:09:38,028 - jani.py - associating choices of the quotient with hole assignments...
2024-02-04 16:09:43,325 - sketch.py - sketch parsing OK
2024-02-04 16:09:43,326 - sketch.py - converting state rewards 'moves' to state-action rewards
2024-02-04 16:09:43,508 - sketch.py - constructed explicit quotient having 20727 states and 3326967 actions
2024-02-04 16:09:43,508 - sketch.py - found the following specification optimality: R[exp]{"moves"}min=? [F "goal"] 
2024-02-04 16:09:45,915 - synthesizer.py - synthesis initiated, design space: 16834112196028232574462890625
2024-02-04 16:09:46,060 - smt.py - using Python Z3 for SMT solving.
> progress 2.253%, elapsed 3 s, estimated 133 s, iters = {MDP: 1, DTMC: 15}, opt = 6.755
> progress 22.255%, elapsed 6 s, estimated 29 s, iters = {MDP: 3, DTMC: 52}, opt = 6.755
> progress 42.255%, elapsed 9 s, estimated 22 s, iters = {MDP: 4, DTMC: 55}, opt = 6.755
> progress 42.255%, elapsed 12 s, estimated 29 s, iters = {MDP: 4, DTMC: 128}, opt = 6.755
> progress 42.255%, elapsed 15 s, estimated 37 s, iters = {MDP: 4, DTMC: 196}, opt = 6.755
> progress 42.255%, elapsed 18 s, estimated 44 s, iters = {MDP: 4, DTMC: 267}, opt = 6.755
> progress 42.255%, elapsed 22 s, estimated 52 s, iters = {MDP: 5, DTMC: 330}, opt = 6.755
> progress 42.255%, elapsed 25 s, estimated 61 s, iters = {MDP: 7, DTMC: 330}, opt = 6.755
> progress 42.255%, elapsed 29 s, estimated 69 s, iters = {MDP: 9, DTMC: 330}, opt = 6.755
> progress 42.287%, elapsed 32 s, estimated 77 s, iters = {MDP: 12, DTMC: 330}, opt = 6.755
> progress 42.415%, elapsed 36 s, estimated 85 s, iters = {MDP: 15, DTMC: 330}, opt = 6.755
> progress 42.469%, elapsed 40 s, estimated 95 s, iters = {MDP: 18, DTMC: 330}, opt = 6.755
> progress 42.469%, elapsed 43 s, estimated 102 s, iters = {MDP: 20, DTMC: 330}, opt = 6.755
> progress 42.469%, elapsed 47 s, estimated 111 s, iters = {MDP: 24, DTMC: 330}, opt = 6.755
> progress 42.469%, elapsed 51 s, estimated 121 s, iters = {MDP: 29, DTMC: 330}, opt = 6.755
> progress 42.469%, elapsed 54 s, estimated 129 s, iters = {MDP: 34, DTMC: 330}, opt = 6.755
> progress 42.469%, elapsed 58 s, estimated 136 s, iters = {MDP: 40, DTMC: 330}, opt = 6.755
> progress 42.469%, elapsed 61 s, estimated 145 s, iters = {MDP: 46, DTMC: 330}, opt = 6.755
> progress 42.469%, elapsed 64 s, estimated 152 s, iters = {MDP: 50, DTMC: 330}, opt = 6.755
> progress 42.469%, elapsed 68 s, estimated 160 s, iters = {MDP: 54, DTMC: 330}, opt = 6.755
> progress 42.469%, elapsed 71 s, estimated 167 s, iters = {MDP: 58, DTMC: 330}, opt = 6.755
> progress 42.469%, elapsed 74 s, estimated 175 s, iters = {MDP: 64, DTMC: 330}, opt = 6.755
> progress 42.469%, elapsed 78 s, estimated 184 s, iters = {MDP: 70, DTMC: 331}, opt = 6.755
> progress 42.469%, elapsed 81 s, estimated 191 s, iters = {MDP: 74, DTMC: 343}, opt = 6.755
> progress 42.469%, elapsed 84 s, estimated 199 s, iters = {MDP: 79, DTMC: 354}, opt = 6.755
> progress 42.469%, elapsed 87 s, estimated 206 s, iters = {MDP: 87, DTMC: 355}, opt = 6.755
> progress 42.469%, elapsed 90 s, estimated 214 s, iters = {MDP: 92, DTMC: 355}, opt = 6.755
> progress 42.469%, elapsed 93 s, estimated 221 s, iters = {MDP: 94, DTMC: 370}, opt = 6.755
> progress 42.469%, elapsed 97 s, estimated 229 s, iters = {MDP: 97, DTMC: 397}, opt = 6.755
> progress 42.469%, elapsed 100 s, estimated 236 s, iters = {MDP: 100, DTMC: 405}, opt = 6.755
> progress 42.469%, elapsed 103 s, estimated 244 s, iters = {MDP: 103, DTMC: 421}, opt = 6.755
> progress 42.469%, elapsed 110 s, estimated 260 s, iters = {MDP: 105, DTMC: 432}, opt = 6.755
> progress 42.469%, elapsed 115 s, estimated 272 s, iters = {MDP: 108, DTMC: 432}, opt = 6.755
> progress 42.469%, elapsed 119 s, estimated 280 s, iters = {MDP: 112, DTMC: 432}, opt = 6.755
> progress 42.469%, elapsed 125 s, estimated 294 s, iters = {MDP: 116, DTMC: 432}, opt = 6.755
> progress 42.469%, elapsed 128 s, estimated 303 s, iters = {MDP: 119, DTMC: 432}, opt = 6.755
> progress 42.469%, elapsed 134 s, estimated 317 s, iters = {MDP: 121, DTMC: 432}, opt = 6.755
> progress 42.469%, elapsed 142 s, estimated 334 s, iters = {MDP: 122, DTMC: 432}, opt = 6.755
> progress 42.47%, elapsed 145 s, estimated 342 s, iters = {MDP: 123, DTMC: 433}, opt = 6.755
> progress 42.47%, elapsed 148 s, estimated 349 s, iters = {MDP: 123, DTMC: 490}, opt = 6.755
> progress 42.47%, elapsed 151 s, estimated 356 s, iters = {MDP: 124, DTMC: 523}, opt = 6.755
> progress 42.47%, elapsed 156 s, estimated 369 s, iters = {MDP: 126, DTMC: 524}, opt = 6.755
> progress 42.47%, elapsed 159 s, estimated 376 s, iters = {MDP: 127, DTMC: 554}, opt = 6.755
> progress 42.47%, elapsed 162 s, estimated 383 s, iters = {MDP: 132, DTMC: 560}, opt = 6.755
> progress 42.47%, elapsed 165 s, estimated 390 s, iters = {MDP: 135, DTMC: 583}, opt = 6.755
> progress 42.47%, elapsed 169 s, estimated 399 s, iters = {MDP: 137, DTMC: 583}, opt = 6.755
> progress 42.47%, elapsed 173 s, estimated 407 s, iters = {MDP: 139, DTMC: 610}, opt = 6.755
> progress 42.47%, elapsed 176 s, estimated 415 s, iters = {MDP: 144, DTMC: 621}, opt = 6.755
> progress 42.47%, elapsed 179 s, estimated 423 s, iters = {MDP: 151, DTMC: 626}, opt = 6.755
> progress 42.47%, elapsed 183 s, estimated 431 s, iters = {MDP: 158, DTMC: 641}, opt = 6.755
> progress 42.47%, elapsed 186 s, estimated 438 s, iters = {MDP: 162, DTMC: 644}, opt = 6.755
> progress 42.47%, elapsed 189 s, estimated 445 s, iters = {MDP: 164, DTMC: 677}, opt = 6.755
> progress 42.47%, elapsed 192 s, estimated 453 s, iters = {MDP: 169, DTMC: 686}, opt = 6.755
> progress 42.47%, elapsed 195 s, estimated 461 s, iters = {MDP: 175, DTMC: 686}, opt = 6.755
> progress 42.47%, elapsed 199 s, estimated 469 s, iters = {MDP: 180, DTMC: 686}, opt = 6.755
> progress 42.471%, elapsed 202 s, estimated 476 s, iters = {MDP: 181, DTMC: 710}, opt = 6.755
> progress 42.471%, elapsed 205 s, estimated 484 s, iters = {MDP: 183, DTMC: 738}, opt = 6.755
> progress 42.471%, elapsed 209 s, estimated 493 s, iters = {MDP: 186, DTMC: 756}, opt = 6.755
> progress 42.471%, elapsed 214 s, estimated 504 s, iters = {MDP: 186, DTMC: 757}, opt = 6.755
> progress 42.471%, elapsed 217 s, estimated 512 s, iters = {MDP: 192, DTMC: 757}, opt = 6.755
> progress 42.471%, elapsed 221 s, estimated 520 s, iters = {MDP: 194, DTMC: 757}, opt = 6.755
> progress 42.471%, elapsed 224 s, estimated 528 s, iters = {MDP: 197, DTMC: 757}, opt = 6.755
> progress 42.471%, elapsed 228 s, estimated 536 s, iters = {MDP: 199, DTMC: 758}, opt = 6.755
> progress 42.471%, elapsed 232 s, estimated 546 s, iters = {MDP: 201, DTMC: 800}, opt = 6.755
> progress 42.471%, elapsed 235 s, estimated 555 s, iters = {MDP: 202, DTMC: 801}, opt = 6.755
> progress 42.471%, elapsed 239 s, estimated 562 s, iters = {MDP: 206, DTMC: 822}, opt = 6.755
> progress 42.471%, elapsed 242 s, estimated 570 s, iters = {MDP: 209, DTMC: 838}, opt = 6.755
> progress 42.471%, elapsed 245 s, estimated 577 s, iters = {MDP: 212, DTMC: 851}, opt = 6.755
> progress 42.471%, elapsed 248 s, estimated 584 s, iters = {MDP: 222, DTMC: 853}, opt = 6.755
> progress 42.471%, elapsed 252 s, estimated 594 s, iters = {MDP: 227, DTMC: 853}, opt = 6.755
> progress 42.471%, elapsed 255 s, estimated 601 s, iters = {MDP: 228, DTMC: 854}, opt = 6.755
> progress 42.471%, elapsed 259 s, estimated 610 s, iters = {MDP: 229, DTMC: 909}, opt = 6.755
> progress 42.471%, elapsed 262 s, estimated 619 s, iters = {MDP: 231, DTMC: 921}, opt = 6.755
> progress 42.471%, elapsed 266 s, estimated 627 s, iters = {MDP: 233, DTMC: 938}, opt = 6.755
> progress 42.471%, elapsed 270 s, estimated 636 s, iters = {MDP: 235, DTMC: 953}, opt = 6.755
 WARN (GmmxxLinearEquationSolver.cpp:123): Iterative solver did not converge within 0 iteration(s).
 WARN (GmmxxLinearEquationSolver.cpp:123): Iterative solver did not converge within 0 iteration(s).
 WARN (GmmxxLinearEquationSolver.cpp:123): Iterative solver did not converge within 0 iteration(s).
 WARN (GmmxxLinearEquationSolver.cpp:123): Iterative solver did not converge within 0 iteration(s).
 WARN (GmmxxLinearEquationSolver.cpp:123): Iterative solver did not converge within 0 iteration(s).
 WARN (GmmxxLinearEquationSolver.cpp:123): Iterative solver did not converge within 0 iteration(s).
 WARN (GmmxxLinearEquationSolver.cpp:123): Iterative solver did not converge within 0 iteration(s).
 WARN (GmmxxLinearEquationSolver.cpp:123): Iterative solver did not converge within 0 iteration(s).
 WARN (GmmxxLinearEquationSolver.cpp:123): Iterative solver did not converge within 0 iteration(s).
 WARN (GmmxxLinearEquationSolver.cpp:123): Iterative solver did not converge within 0 iteration(s).
 WARN (GmmxxLinearEquationSolver.cpp:123): Iterative solver did not converge within 0 iteration(s).
 WARN (GmmxxLinearEquationSolver.cpp:123): Iterative solver did not converge within 0 iteration(s).
 WARN (GmmxxLinearEquationSolver.cpp:123): Iterative solver did not converge within 0 iteration(s).
 WARN (GmmxxLinearEquationSolver.cpp:123): Iterative solver did not converge within 0 iteration(s).
 WARN (GmmxxLinearEquationSolver.cpp:123): Iterative solver did not converge within 0 iteration(s).
 WARN (GmmxxLinearEquationSolver.cpp:123): Iterative solver did not converge within 0 iteration(s).
 WARN (GmmxxLinearEquationSolver.cpp:123): Iterative solver did not converge within 0 iteration(s).
> progress 42.471%, elapsed 274 s, estimated 645 s, iters = {MDP: 238, DTMC: 978}, opt = 6.755
> progress 42.471%, elapsed 277 s, estimated 652 s, iters = {MDP: 242, DTMC: 991}, opt = 6.755
> progress 42.471%, elapsed 280 s, estimated 661 s, iters = {MDP: 246, DTMC: 991}, opt = 6.755
 WARN (GmmxxLinearEquationSolver.cpp:123): Iterative solver did not converge within 0 iteration(s).
 WARN (GmmxxLinearEquationSolver.cpp:123): Iterative solver did not converge within 0 iteration(s).
 WARN (GmmxxLinearEquationSolver.cpp:123): Iterative solver did not converge within 0 iteration(s).
 WARN (GmmxxLinearEquationSolver.cpp:123): Iterative solver did not converge within 0 iteration(s).
 WARN (GmmxxLinearEquationSolver.cpp:123): Iterative solver did not converge within 0 iteration(s).
 WARN (GmmxxLinearEquationSolver.cpp:123): Iterative solver did not converge within 0 iteration(s).
 WARN (GmmxxLinearEquationSolver.cpp:123): Iterative solver did not converge within 0 iteration(s).
 WARN (GmmxxLinearEquationSolver.cpp:123): Iterative solver did not converge within 0 iteration(s).
 WARN (GmmxxLinearEquationSolver.cpp:123): Iterative solver did not converge within 0 iteration(s).
 WARN (GmmxxLinearEquationSolver.cpp:123): Iterative solver did not converge within 0 iteration(s).
 WARN (GmmxxLinearEquationSolver.cpp:123): Iterative solver did not converge within 0 iteration(s).
> progress 42.471%, elapsed 283 s, estimated 668 s, iters = {MDP: 247, DTMC: 1013}, opt = 6.755
 WARN (GmmxxLinearEquationSolver.cpp:123): Iterative solver did not converge within 0 iteration(s).
> progress 42.471%, elapsed 287 s, estimated 675 s, iters = {MDP: 249, DTMC: 1032}, opt = 6.755
> progress 42.471%, elapsed 290 s, estimated 683 s, iters = {MDP: 255, DTMC: 1045}, opt = 6.755
> progress 42.471%, elapsed 293 s, estimated 691 s, iters = {MDP: 258, DTMC: 1045}, opt = 6.755
> progress 42.471%, elapsed 296 s, estimated 699 s, iters = {MDP: 259, DTMC: 1084}, opt = 6.755
> progress 42.471%, elapsed 300 s, estimated 707 s, iters = {MDP: 263, DTMC: 1095}, opt = 6.755
> progress 42.471%, elapsed 304 s, estimated 717 s, iters = {MDP: 268, DTMC: 1095}, opt = 6.755
> progress 42.471%, elapsed 307 s, estimated 724 s, iters = {MDP: 269, DTMC: 1115}, opt = 6.755
> progress 42.471%, elapsed 310 s, estimated 731 s, iters = {MDP: 270, DTMC: 1144}, opt = 6.755
> progress 42.471%, elapsed 314 s, estimated 739 s, iters = {MDP: 274, DTMC: 1146}, opt = 6.755
 WARN (GmmxxLinearEquationSolver.cpp:123): Iterative solver did not converge within 0 iteration(s).
 WARN (GmmxxLinearEquationSolver.cpp:123): Iterative solver did not converge within 0 iteration(s).
 WARN (GmmxxLinearEquationSolver.cpp:123): Iterative solver did not converge within 0 iteration(s).
 WARN (GmmxxLinearEquationSolver.cpp:123): Iterative solver did not converge within 0 iteration(s).
 WARN (GmmxxLinearEquationSolver.cpp:123): Iterative solver did not converge within 0 iteration(s).
 WARN (GmmxxLinearEquationSolver.cpp:123): Iterative solver did not converge within 0 iteration(s).
 WARN (GmmxxLinearEquationSolver.cpp:123): Iterative solver did not converge within 0 iteration(s).
 WARN (GmmxxLinearEquationSolver.cpp:123): Iterative solver did not converge within 0 iteration(s).
 WARN (GmmxxLinearEquationSolver.cpp:123): Iterative solver did not converge within 0 iteration(s).
 WARN (GmmxxLinearEquationSolver.cpp:123): Iterative solver did not converge within 0 iteration(s).
 WARN (GmmxxLinearEquationSolver.cpp:123): Iterative solver did not converge within 0 iteration(s).
 WARN (GmmxxLinearEquationSolver.cpp:123): Iterative solver did not converge within 0 iteration(s).
 WARN (GmmxxLinearEquationSolver.cpp:123): Iterative solver did not converge within 0 iteration(s).
 WARN (GmmxxLinearEquationSolver.cpp:123): Iterative solver did not converge within 0 iteration(s).
 WARN (GmmxxLinearEquationSolver.cpp:123): Iterative solver did not converge within 0 iteration(s).
 WARN (GmmxxLinearEquationSolver.cpp:123): Iterative solver did not converge within 0 iteration(s).
> progress 42.471%, elapsed 317 s, estimated 746 s, iters = {MDP: 277, DTMC: 1171}, opt = 6.755
> progress 42.471%, elapsed 320 s, estimated 754 s, iters = {MDP: 285, DTMC: 1171}, opt = 6.755
 WARN (GmmxxLinearEquationSolver.cpp:123): Iterative solver did not converge within 0 iteration(s).
 WARN (GmmxxLinearEquationSolver.cpp:123): Iterative solver did not converge within 0 iteration(s).
> progress 42.471%, elapsed 324 s, estimated 763 s, iters = {MDP: 287, DTMC: 1199}, opt = 6.755
> progress 42.471%, elapsed 327 s, estimated 770 s, iters = {MDP: 289, DTMC: 1201}, opt = 6.755
> progress 42.471%, elapsed 330 s, estimated 779 s, iters = {MDP: 296, DTMC: 1225}, opt = 6.755
> progress 42.471%, elapsed 333 s, estimated 786 s, iters = {MDP: 297, DTMC: 1236}, opt = 6.755
 WARN (GmmxxLinearEquationSolver.cpp:123): Iterative solver did not converge within 0 iteration(s).
 WARN (GmmxxLinearEquationSolver.cpp:123): Iterative solver did not converge within 0 iteration(s).
 WARN (GmmxxLinearEquationSolver.cpp:123): Iterative solver did not converge within 0 iteration(s).
 WARN (GmmxxLinearEquationSolver.cpp:123): Iterative solver did not converge within 0 iteration(s).
> progress 42.471%, elapsed 337 s, estimated 794 s, iters = {MDP: 301, DTMC: 1247}, opt = 6.755
> progress 42.471%, elapsed 341 s, estimated 803 s, iters = {MDP: 303, DTMC: 1276}, opt = 6.755
> progress 42.471%, elapsed 344 s, estimated 811 s, iters = {MDP: 312, DTMC: 1276}, opt = 6.755
> progress 42.471%, elapsed 349 s, estimated 822 s, iters = {MDP: 318, DTMC: 1276}, opt = 6.755
> progress 42.471%, elapsed 352 s, estimated 829 s, iters = {MDP: 320, DTMC: 1305}, opt = 6.755
> progress 42.471%, elapsed 355 s, estimated 837 s, iters = {MDP: 324, DTMC: 1325}, opt = 6.755
> progress 42.471%, elapsed 358 s, estimated 844 s, iters = {MDP: 327, DTMC: 1339}, opt = 6.755
> progress 42.471%, elapsed 361 s, estimated 851 s, iters = {MDP: 335, DTMC: 1339}, opt = 6.755
> progress 42.471%, elapsed 365 s, estimated 859 s, iters = {MDP: 338, DTMC: 1366}, opt = 6.755
> progress 42.471%, elapsed 368 s, estimated 866 s, iters = {MDP: 341, DTMC: 1371}, opt = 6.755
> progress 42.471%, elapsed 371 s, estimated 874 s, iters = {MDP: 349, DTMC: 1382}, opt = 6.755
> progress 42.471%, elapsed 374 s, estimated 881 s, iters = {MDP: 352, DTMC: 1382}, opt = 6.755
> progress 42.471%, elapsed 377 s, estimated 888 s, iters = {MDP: 354, DTMC: 1409}, opt = 6.755
> progress 42.472%, elapsed 380 s, estimated 895 s, iters = {MDP: 357, DTMC: 1415}, opt = 6.755
> progress 42.473%, elapsed 383 s, estimated 903 s, iters = {MDP: 360, DTMC: 1438}, opt = 6.755
> progress 42.473%, elapsed 387 s, estimated 911 s, iters = {MDP: 362, DTMC: 1463}, opt = 6.755
> progress 42.473%, elapsed 390 s, estimated 918 s, iters = {MDP: 363, DTMC: 1466}, opt = 6.755
> progress 42.473%, elapsed 393 s, estimated 926 s, iters = {MDP: 365, DTMC: 1473}, opt = 6.755
> progress 42.473%, elapsed 397 s, estimated 934 s, iters = {MDP: 367, DTMC: 1500}, opt = 6.755
> progress 42.473%, elapsed 400 s, estimated 941 s, iters = {MDP: 368, DTMC: 1506}, opt = 6.755
> progress 42.473%, elapsed 403 s, estimated 950 s, iters = {MDP: 370, DTMC: 1517}, opt = 6.755
> progress 42.473%, elapsed 406 s, estimated 957 s, iters = {MDP: 372, DTMC: 1539}, opt = 6.755
 WARN (GmmxxLinearEquationSolver.cpp:123): Iterative solver did not converge within 0 iteration(s).
 WARN (GmmxxLinearEquationSolver.cpp:123): Iterative solver did not converge within 0 iteration(s).
 WARN (GmmxxLinearEquationSolver.cpp:123): Iterative solver did not converge within 0 iteration(s).
> progress 42.473%, elapsed 409 s, estimated 964 s, iters = {MDP: 376, DTMC: 1550}, opt = 6.755
> progress 42.473%, elapsed 413 s, estimated 973 s, iters = {MDP: 379, DTMC: 1550}, opt = 6.755
> progress 42.473%, elapsed 426 s, estimated 1005 s, iters = {MDP: 380, DTMC: 1551}, opt = 6.755
 WARN (GmmxxLinearEquationSolver.cpp:123): Iterative solver did not converge within 0 iteration(s).
 WARN (GmmxxLinearEquationSolver.cpp:123): Iterative solver did not converge within 0 iteration(s).
 WARN (GmmxxLinearEquationSolver.cpp:123): Iterative solver did not converge within 0 iteration(s).
> progress 42.473%, elapsed 429 s, estimated 1012 s, iters = {MDP: 380, DTMC: 1622}, opt = 6.755
 WARN (GmmxxLinearEquationSolver.cpp:123): Iterative solver did not converge within 0 iteration(s).
 WARN (GmmxxLinearEquationSolver.cpp:123): Iterative solver did not converge within 0 iteration(s).
 WARN (GmmxxLinearEquationSolver.cpp:123): Iterative solver did not converge within 0 iteration(s).
> progress 42.473%, elapsed 432 s, estimated 1019 s, iters = {MDP: 382, DTMC: 1651}, opt = 6.755
> progress 42.473%, elapsed 437 s, estimated 1029 s, iters = {MDP: 388, DTMC: 1660}, opt = 6.755
> progress 42.473%, elapsed 440 s, estimated 1036 s, iters = {MDP: 389, DTMC: 1687}, opt = 6.755
> progress 42.473%, elapsed 443 s, estimated 1044 s, iters = {MDP: 393, DTMC: 1701}, opt = 6.755
> progress 42.473%, elapsed 446 s, estimated 1051 s, iters = {MDP: 397, DTMC: 1701}, opt = 6.755
> progress 42.473%, elapsed 451 s, estimated 1062 s, iters = {MDP: 403, DTMC: 1701}, opt = 6.755
> progress 42.473%, elapsed 455 s, estimated 1071 s, iters = {MDP: 408, DTMC: 1701}, opt = 6.755
> progress 42.473%, elapsed 463 s, estimated 1092 s, iters = {MDP: 408, DTMC: 1702}, opt = 6.755
> progress 42.473%, elapsed 466 s, estimated 1099 s, iters = {MDP: 408, DTMC: 1770}, opt = 6.755
> progress 42.473%, elapsed 469 s, estimated 1106 s, iters = {MDP: 410, DTMC: 1810}, opt = 6.755
> progress 42.473%, elapsed 473 s, estimated 1114 s, iters = {MDP: 412, DTMC: 1823}, opt = 6.755
> progress 42.473%, elapsed 482 s, estimated 1135 s, iters = {MDP: 413, DTMC: 1824}, opt = 6.755
> progress 42.473%, elapsed 485 s, estimated 1142 s, iters = {MDP: 415, DTMC: 1880}, opt = 6.755
> progress 42.473%, elapsed 489 s, estimated 1152 s, iters = {MDP: 420, DTMC: 1880}, opt = 6.755
> progress 42.473%, elapsed 493 s, estimated 1161 s, iters = {MDP: 423, DTMC: 1880}, opt = 6.755
