2024-02-04 16:11:12,413 - cli.py - This is Paynt version 0.1.0.
2024-02-04 16:11:12,413 - sketch.py - loading sketch from models/tac24/case-studies/grid-meet-sl-3fsc/sketch.templ ...
2024-02-04 16:11:12,413 - sketch.py - assuming sketch in PRISM format...
2024-02-04 16:11:12,418 - prism_parser.py - PRISM model type: DTMC
2024-02-04 16:11:12,418 - prism_parser.py - processing hole definitions...
2024-02-04 16:11:12,419 - prism_parser.py - loading properties from models/tac24/case-studies/grid-meet-sl-3fsc/sketch.props ...
2024-02-04 16:11:12,420 - prism_parser.py - found the following specification: optimality: R[exp]{"moves"}min=? [F "goal"] 
2024-02-04 16:11:12,420 - jani.py - constructing JANI program...
2024-02-04 16:11:12,428 - jani.py - constructing the quotient...
2024-02-04 16:11:20,017 - jani.py - associating choices of the quotient with hole assignments...
2024-02-04 16:11:25,193 - sketch.py - sketch parsing OK
2024-02-04 16:11:25,193 - sketch.py - converting state rewards 'moves' to state-action rewards
2024-02-04 16:11:25,383 - sketch.py - constructed explicit quotient having 20736 states and 2924208 actions
2024-02-04 16:11:25,383 - sketch.py - found the following specification optimality: R[exp]{"moves"}min=? [F "goal"] 
2024-02-04 16:11:28,195 - synthesizer.py - synthesis initiated, design space: 8916100448256
> progress 0.0%, elapsed 5 s, estimated 5700508 s (65 days), iters = {MDP: 3}, opt = 9.77
> progress 0.0%, elapsed 14 s, estimated 14726421 s (170 days), iters = {MDP: 5}, opt = 9.77
> progress 0.0%, elapsed 18 s, estimated 18153350 s (210 days), iters = {MDP: 6}, opt = 9.77
> progress 0.26%, elapsed 22 s, estimated 8465 s (2 hours), iters = {MDP: 12}, opt = 9.77
> progress 0.26%, elapsed 25 s, estimated 9680 s (2 hours), iters = {MDP: 34}, opt = 9.77
> progress 0.26%, elapsed 29 s, estimated 11168 s (3 hours), iters = {MDP: 59}, opt = 9.77
> progress 0.26%, elapsed 32 s, estimated 12330 s (3 hours), iters = {MDP: 73}, opt = 7.788
> progress 0.26%, elapsed 35 s, estimated 13502 s (3 hours), iters = {MDP: 113}, opt = 7.788
> progress 0.26%, elapsed 38 s, estimated 14654 s (4 hours), iters = {MDP: 153}, opt = 7.788
> progress 0.26%, elapsed 41 s, estimated 15817 s (4 hours), iters = {MDP: 184}, opt = 7.788
> progress 0.26%, elapsed 44 s, estimated 16967 s (4 hours), iters = {MDP: 208}, opt = 7.788
> progress 0.26%, elapsed 47 s, estimated 18141 s (5 hours), iters = {MDP: 238}, opt = 7.788
> progress 0.26%, elapsed 51 s, estimated 19808 s (5 hours), iters = {MDP: 272}, opt = 7.788
> progress 0.26%, elapsed 54 s, estimated 21016 s (5 hours), iters = {MDP: 329}, opt = 7.788
> progress 0.26%, elapsed 57 s, estimated 22179 s (6 hours), iters = {MDP: 350}, opt = 7.788
> progress 0.26%, elapsed 61 s, estimated 23733 s (6 hours), iters = {MDP: 381}, opt = 7.788
> progress 0.26%, elapsed 64 s, estimated 24918 s (6 hours), iters = {MDP: 397}, opt = 7.788
> progress 0.26%, elapsed 68 s, estimated 26084 s (7 hours), iters = {MDP: 407}, opt = 7.788
> progress 0.26%, elapsed 71 s, estimated 27244 s (7 hours), iters = {MDP: 434}, opt = 7.788
> progress 0.26%, elapsed 74 s, estimated 28400 s (7 hours), iters = {MDP: 490}, opt = 7.788
> progress 0.26%, elapsed 77 s, estimated 29563 s (8 hours), iters = {MDP: 545}, opt = 7.788
> progress 0.26%, elapsed 80 s, estimated 30738 s (8 hours), iters = {MDP: 605}, opt = 7.788
> progress 0.261%, elapsed 83 s, estimated 31886 s (8 hours), iters = {MDP: 649}, opt = 7.788
> progress 0.261%, elapsed 86 s, estimated 33034 s (9 hours), iters = {MDP: 683}, opt = 7.788
> progress 0.261%, elapsed 89 s, estimated 34191 s (9 hours), iters = {MDP: 743}, opt = 7.788
> progress 0.261%, elapsed 92 s, estimated 35345 s (9 hours), iters = {MDP: 770}, opt = 7.788
> progress 0.261%, elapsed 97 s, estimated 37324 s (10 hours), iters = {MDP: 799}, opt = 7.788
> progress 0.261%, elapsed 101 s, estimated 38658 s (10 hours), iters = {MDP: 807}, opt = 7.788
> progress 0.265%, elapsed 104 s, estimated 39229 s (10 hours), iters = {MDP: 836}, opt = 7.788
> progress 0.265%, elapsed 107 s, estimated 40377 s (11 hours), iters = {MDP: 873}, opt = 7.788
> progress 0.265%, elapsed 110 s, estimated 41511 s (11 hours), iters = {MDP: 900}, opt = 7.788
> progress 0.265%, elapsed 113 s, estimated 42637 s (11 hours), iters = {MDP: 946}, opt = 7.788
> progress 0.266%, elapsed 116 s, estimated 43635 s (12 hours), iters = {MDP: 969}, opt = 7.788
> progress 0.266%, elapsed 124 s, estimated 46652 s (12 hours), iters = {MDP: 995}, opt = 7.788
> progress 0.266%, elapsed 127 s, estimated 47762 s (13 hours), iters = {MDP: 1016}, opt = 7.788
> progress 0.266%, elapsed 130 s, estimated 48882 s (13 hours), iters = {MDP: 1061}, opt = 7.788
> progress 0.267%, elapsed 133 s, estimated 49961 s (13 hours), iters = {MDP: 1102}, opt = 7.788
> progress 0.27%, elapsed 136 s, estimated 50532 s (14 hours), iters = {MDP: 1123}, opt = 7.788
> progress 0.27%, elapsed 139 s, estimated 51667 s (14 hours), iters = {MDP: 1159}, opt = 7.788
> progress 0.27%, elapsed 147 s, estimated 54560 s (15 hours), iters = {MDP: 1185}, opt = 7.788
> progress 0.27%, elapsed 150 s, estimated 55673 s (15 hours), iters = {MDP: 1208}, opt = 7.788
> progress 0.27%, elapsed 153 s, estimated 56803 s (15 hours), iters = {MDP: 1249}, opt = 7.788
> progress 0.27%, elapsed 156 s, estimated 57919 s (16 hours), iters = {MDP: 1278}, opt = 7.788
> progress 0.27%, elapsed 162 s, estimated 60136 s (16 hours), iters = {MDP: 1292}, opt = 7.788
> progress 0.27%, elapsed 165 s, estimated 61264 s (17 hours), iters = {MDP: 1315}, opt = 7.788
> progress 0.27%, elapsed 168 s, estimated 62501 s (17 hours), iters = {MDP: 1338}, opt = 7.788
> progress 0.27%, elapsed 172 s, estimated 63662 s (17 hours), iters = {MDP: 1399}, opt = 7.788
> progress 0.27%, elapsed 175 s, estimated 64778 s (17 hours), iters = {MDP: 1426}, opt = 7.788
> progress 0.27%, elapsed 178 s, estimated 65912 s (18 hours), iters = {MDP: 1469}, opt = 7.788
> progress 0.27%, elapsed 181 s, estimated 67040 s (18 hours), iters = {MDP: 1506}, opt = 7.788
> progress 0.27%, elapsed 184 s, estimated 68168 s (18 hours), iters = {MDP: 1569}, opt = 7.788
> progress 0.27%, elapsed 187 s, estimated 69306 s (19 hours), iters = {MDP: 1586}, opt = 7.788
> progress 0.27%, elapsed 190 s, estimated 70421 s (19 hours), iters = {MDP: 1627}, opt = 7.788
> progress 0.27%, elapsed 193 s, estimated 71533 s (19 hours), iters = {MDP: 1667}, opt = 7.788
> progress 0.27%, elapsed 196 s, estimated 72695 s (20 hours), iters = {MDP: 1713}, opt = 7.788
> progress 0.27%, elapsed 199 s, estimated 73829 s (20 hours), iters = {MDP: 1737}, opt = 7.788
> progress 0.27%, elapsed 202 s, estimated 74928 s (20 hours), iters = {MDP: 1777}, opt = 7.788
> progress 0.27%, elapsed 205 s, estimated 76039 s (21 hours), iters = {MDP: 1829}, opt = 7.788
> progress 0.27%, elapsed 208 s, estimated 77154 s (21 hours), iters = {MDP: 1883}, opt = 7.788
> progress 0.27%, elapsed 211 s, estimated 78266 s (21 hours), iters = {MDP: 1941}, opt = 7.788
> progress 0.27%, elapsed 214 s, estimated 79375 s (22 hours), iters = {MDP: 2000}, opt = 7.788
> progress 0.27%, elapsed 217 s, estimated 80491 s (22 hours), iters = {MDP: 2054}, opt = 7.788
> progress 0.27%, elapsed 220 s, estimated 81599 s (22 hours), iters = {MDP: 2108}, opt = 7.788
> progress 0.27%, elapsed 223 s, estimated 82611 s (22 hours), iters = {MDP: 2149}, opt = 7.788
> progress 0.27%, elapsed 226 s, estimated 83734 s (23 hours), iters = {MDP: 2193}, opt = 7.788
> progress 0.27%, elapsed 229 s, estimated 84863 s (23 hours), iters = {MDP: 2236}, opt = 7.788
> progress 0.27%, elapsed 232 s, estimated 86001 s (23 hours), iters = {MDP: 2280}, opt = 7.788
> progress 0.27%, elapsed 238 s, estimated 87959 s (24 hours), iters = {MDP: 2301}, opt = 7.788
> progress 0.27%, elapsed 241 s, estimated 89093 s (24 hours), iters = {MDP: 2335}, opt = 7.788
> progress 0.27%, elapsed 244 s, estimated 90212 s (25 hours), iters = {MDP: 2368}, opt = 7.788
> progress 0.27%, elapsed 247 s, estimated 91319 s (25 hours), iters = {MDP: 2406}, opt = 7.788
> progress 0.303%, elapsed 250 s, estimated 82442 s (22 hours), iters = {MDP: 2427}, opt = 7.788
> progress 0.52%, elapsed 253 s, estimated 48747 s (13 hours), iters = {MDP: 2432}, opt = 7.788
> progress 0.564%, elapsed 256 s, estimated 45545 s (12 hours), iters = {MDP: 2435}, opt = 7.788
> progress 0.568%, elapsed 260 s, estimated 45846 s (12 hours), iters = {MDP: 2439}, opt = 7.788
> progress 0.568%, elapsed 263 s, estimated 46374 s (12 hours), iters = {MDP: 2461}, opt = 7.788
> progress 0.568%, elapsed 266 s, estimated 46900 s (13 hours), iters = {MDP: 2481}, opt = 7.788
> progress 0.568%, elapsed 269 s, estimated 47441 s (13 hours), iters = {MDP: 2516}, opt = 7.788
> progress 0.568%, elapsed 272 s, estimated 47973 s (13 hours), iters = {MDP: 2547}, opt = 7.788
> progress 0.568%, elapsed 276 s, estimated 48527 s (13 hours), iters = {MDP: 2561}, opt = 7.788
> progress 0.568%, elapsed 279 s, estimated 49122 s (13 hours), iters = {MDP: 2599}, opt = 7.788
> progress 0.568%, elapsed 282 s, estimated 49692 s (13 hours), iters = {MDP: 2619}, opt = 7.788
> progress 0.568%, elapsed 285 s, estimated 50220 s (13 hours), iters = {MDP: 2658}, opt = 7.788
> progress 0.568%, elapsed 288 s, estimated 50763 s (14 hours), iters = {MDP: 2677}, opt = 7.788
> progress 0.568%, elapsed 291 s, estimated 51293 s (14 hours), iters = {MDP: 2714}, opt = 7.788
> progress 0.569%, elapsed 294 s, estimated 51825 s (14 hours), iters = {MDP: 2744}, opt = 7.788
> progress 0.569%, elapsed 297 s, estimated 52355 s (14 hours), iters = {MDP: 2769}, opt = 7.788
> progress 0.569%, elapsed 301 s, estimated 52892 s (14 hours), iters = {MDP: 2813}, opt = 7.788
> progress 0.569%, elapsed 304 s, estimated 53401 s (14 hours), iters = {MDP: 2826}, opt = 7.788
> progress 0.569%, elapsed 307 s, estimated 53934 s (14 hours), iters = {MDP: 2866}, opt = 7.788
> progress 0.569%, elapsed 310 s, estimated 54468 s (15 hours), iters = {MDP: 2896}, opt = 7.788
> progress 0.569%, elapsed 314 s, estimated 55229 s (15 hours), iters = {MDP: 2904}, opt = 7.788
> progress 0.569%, elapsed 317 s, estimated 55812 s (15 hours), iters = {MDP: 2908}, opt = 7.788
> progress 0.569%, elapsed 320 s, estimated 56342 s (15 hours), iters = {MDP: 2946}, opt = 7.788
> progress 0.569%, elapsed 324 s, estimated 56919 s (15 hours), iters = {MDP: 2996}, opt = 7.788
> progress 0.569%, elapsed 327 s, estimated 57450 s (15 hours), iters = {MDP: 3032}, opt = 7.788
> progress 0.569%, elapsed 330 s, estimated 58002 s (16 hours), iters = {MDP: 3059}, opt = 7.788
> progress 0.569%, elapsed 333 s, estimated 58534 s (16 hours), iters = {MDP: 3100}, opt = 7.788
> progress 0.569%, elapsed 339 s, estimated 59545 s (16 hours), iters = {MDP: 3116}, opt = 7.788
> progress 0.569%, elapsed 342 s, estimated 60097 s (16 hours), iters = {MDP: 3156}, opt = 7.788
> progress 0.569%, elapsed 345 s, estimated 60633 s (16 hours), iters = {MDP: 3183}, opt = 7.788
> progress 0.569%, elapsed 348 s, estimated 61207 s (17 hours), iters = {MDP: 3200}, opt = 7.788
> progress 0.569%, elapsed 351 s, estimated 61753 s (17 hours), iters = {MDP: 3210}, opt = 7.788
> progress 0.569%, elapsed 354 s, estimated 62282 s (17 hours), iters = {MDP: 3248}, opt = 7.788
> progress 0.569%, elapsed 359 s, estimated 63091 s (17 hours), iters = {MDP: 3308}, opt = 7.788
> progress 0.569%, elapsed 362 s, estimated 63621 s (17 hours), iters = {MDP: 3338}, opt = 7.788
> progress 0.569%, elapsed 365 s, estimated 64160 s (17 hours), iters = {MDP: 3378}, opt = 7.788
> progress 0.569%, elapsed 368 s, estimated 64688 s (17 hours), iters = {MDP: 3416}, opt = 7.788
> progress 0.569%, elapsed 374 s, estimated 65809 s (18 hours), iters = {MDP: 3443}, opt = 7.788
> progress 0.569%, elapsed 378 s, estimated 66358 s (18 hours), iters = {MDP: 3483}, opt = 7.788
> progress 0.569%, elapsed 381 s, estimated 66917 s (18 hours), iters = {MDP: 3511}, opt = 7.788
> progress 0.569%, elapsed 384 s, estimated 67446 s (18 hours), iters = {MDP: 3533}, opt = 7.788
> progress 0.569%, elapsed 387 s, estimated 67977 s (18 hours), iters = {MDP: 3565}, opt = 7.788
> progress 0.569%, elapsed 390 s, estimated 68614 s (19 hours), iters = {MDP: 3579}, opt = 7.788
> progress 0.569%, elapsed 395 s, estimated 69412 s (19 hours), iters = {MDP: 3586}, opt = 7.788
> progress 0.569%, elapsed 398 s, estimated 69949 s (19 hours), iters = {MDP: 3598}, opt = 7.788
> progress 0.569%, elapsed 401 s, estimated 70478 s (19 hours), iters = {MDP: 3643}, opt = 7.788
> progress 0.569%, elapsed 404 s, estimated 71006 s (19 hours), iters = {MDP: 3689}, opt = 7.788
> progress 0.569%, elapsed 407 s, estimated 71539 s (19 hours), iters = {MDP: 3724}, opt = 7.788
> progress 0.569%, elapsed 410 s, estimated 72070 s (20 hours), iters = {MDP: 3749}, opt = 7.788
> progress 0.569%, elapsed 413 s, estimated 72601 s (20 hours), iters = {MDP: 3789}, opt = 7.788
> progress 0.569%, elapsed 418 s, estimated 73537 s (20 hours), iters = {MDP: 3798}, opt = 7.788
> progress 0.569%, elapsed 422 s, estimated 74081 s (20 hours), iters = {MDP: 3838}, opt = 7.788
> progress 0.569%, elapsed 425 s, estimated 74615 s (20 hours), iters = {MDP: 3865}, opt = 7.788
> progress 0.569%, elapsed 428 s, estimated 75208 s (20 hours), iters = {MDP: 3880}, opt = 7.788
> progress 0.569%, elapsed 431 s, estimated 75757 s (21 hours), iters = {MDP: 3891}, opt = 7.788
> progress 0.569%, elapsed 434 s, estimated 76287 s (21 hours), iters = {MDP: 3917}, opt = 7.788
> progress 0.569%, elapsed 437 s, estimated 76824 s (21 hours), iters = {MDP: 3940}, opt = 7.788
> progress 0.569%, elapsed 441 s, estimated 77396 s (21 hours), iters = {MDP: 3968}, opt = 7.788
> progress 0.569%, elapsed 444 s, estimated 77948 s (21 hours), iters = {MDP: 3999}, opt = 7.788
> progress 0.569%, elapsed 447 s, estimated 78487 s (21 hours), iters = {MDP: 4016}, opt = 7.788
> progress 0.569%, elapsed 450 s, estimated 79021 s (21 hours), iters = {MDP: 4041}, opt = 7.788
> progress 0.569%, elapsed 453 s, estimated 79577 s (22 hours), iters = {MDP: 4052}, opt = 7.788
> progress 0.569%, elapsed 456 s, estimated 80110 s (22 hours), iters = {MDP: 4067}, opt = 7.788
> progress 0.569%, elapsed 459 s, estimated 80637 s (22 hours), iters = {MDP: 4087}, opt = 7.788
> progress 0.569%, elapsed 462 s, estimated 81169 s (22 hours), iters = {MDP: 4133}, opt = 7.788
> progress 0.569%, elapsed 465 s, estimated 81763 s (22 hours), iters = {MDP: 4181}, opt = 7.788
> progress 0.569%, elapsed 468 s, estimated 82295 s (22 hours), iters = {MDP: 4214}, opt = 7.788
> progress 0.569%, elapsed 471 s, estimated 82827 s (23 hours), iters = {MDP: 4255}, opt = 7.788
> progress 0.569%, elapsed 477 s, estimated 83873 s (23 hours), iters = {MDP: 4277}, opt = 7.788
> progress 0.569%, elapsed 481 s, estimated 84423 s (23 hours), iters = {MDP: 4318}, opt = 7.788
> progress 0.569%, elapsed 484 s, estimated 84987 s (23 hours), iters = {MDP: 4347}, opt = 7.788
> progress 0.569%, elapsed 487 s, estimated 85564 s (23 hours), iters = {MDP: 4360}, opt = 7.788
> progress 0.569%, elapsed 490 s, estimated 86092 s (23 hours), iters = {MDP: 4376}, opt = 7.788
> progress 0.569%, elapsed 493 s, estimated 86618 s (24 hours), iters = {MDP: 4397}, opt = 7.788
> progress 0.569%, elapsed 496 s, estimated 87163 s (24 hours), iters = {MDP: 4415}, opt = 7.788
> progress 0.575%, elapsed 499 s, estimated 86915 s (24 hours), iters = {MDP: 4423}, opt = 7.788
> progress 0.578%, elapsed 503 s, estimated 86944 s (24 hours), iters = {MDP: 4426}, opt = 7.788
> progress 0.579%, elapsed 506 s, estimated 87371 s (24 hours), iters = {MDP: 4432}, opt = 7.788
> progress 0.579%, elapsed 509 s, estimated 87898 s (24 hours), iters = {MDP: 4483}, opt = 7.788
> progress 0.579%, elapsed 512 s, estimated 88441 s (24 hours), iters = {MDP: 4496}, opt = 7.788
> progress 0.579%, elapsed 515 s, estimated 88971 s (24 hours), iters = {MDP: 4525}, opt = 7.788
> progress 0.579%, elapsed 518 s, estimated 89487 s (24 hours), iters = {MDP: 4544}, opt = 7.788
> progress 0.579%, elapsed 521 s, estimated 90011 s (25 hours), iters = {MDP: 4561}, opt = 7.788
> progress 0.579%, elapsed 525 s, estimated 90608 s (25 hours), iters = {MDP: 4581}, opt = 7.788
> progress 0.579%, elapsed 528 s, estimated 91130 s (25 hours), iters = {MDP: 4599}, opt = 7.788
> progress 0.579%, elapsed 531 s, estimated 91653 s (25 hours), iters = {MDP: 4612}, opt = 7.788
> progress 0.579%, elapsed 534 s, estimated 92191 s (25 hours), iters = {MDP: 4626}, opt = 7.788
> progress 0.579%, elapsed 537 s, estimated 92702 s (25 hours), iters = {MDP: 4643}, opt = 7.788
> progress 0.579%, elapsed 540 s, estimated 93254 s (25 hours), iters = {MDP: 4662}, opt = 7.788
> progress 0.579%, elapsed 543 s, estimated 93796 s (26 hours), iters = {MDP: 4685}, opt = 7.788
> progress 0.579%, elapsed 546 s, estimated 94315 s (26 hours), iters = {MDP: 4711}, opt = 7.788
> progress 0.579%, elapsed 550 s, estimated 94849 s (26 hours), iters = {MDP: 4745}, opt = 7.788
> progress 0.579%, elapsed 553 s, estimated 95363 s (26 hours), iters = {MDP: 4778}, opt = 7.788
> progress 0.579%, elapsed 556 s, estimated 95876 s (26 hours), iters = {MDP: 4817}, opt = 7.788
> progress 0.58%, elapsed 559 s, estimated 96388 s (26 hours), iters = {MDP: 4831}, opt = 7.788
> progress 0.58%, elapsed 562 s, estimated 96910 s (26 hours), iters = {MDP: 4868}, opt = 7.788
> progress 0.58%, elapsed 565 s, estimated 97451 s (27 hours), iters = {MDP: 4903}, opt = 7.788
> progress 0.58%, elapsed 568 s, estimated 97984 s (27 hours), iters = {MDP: 4909}, opt = 7.788
> progress 0.58%, elapsed 571 s, estimated 98513 s (27 hours), iters = {MDP: 4930}, opt = 7.788
> progress 0.58%, elapsed 577 s, estimated 99419 s (27 hours), iters = {MDP: 4965}, opt = 7.788
> progress 0.58%, elapsed 580 s, estimated 99937 s (27 hours), iters = {MDP: 5008}, opt = 7.788
> progress 0.58%, elapsed 583 s, estimated 100456 s (27 hours), iters = {MDP: 5043}, opt = 7.788
> progress 0.58%, elapsed 586 s, estimated 101050 s (28 hours), iters = {MDP: 5058}, opt = 7.788
> progress 0.58%, elapsed 589 s, estimated 101588 s (28 hours), iters = {MDP: 5069}, opt = 7.788
> progress 0.58%, elapsed 592 s, estimated 102109 s (28 hours), iters = {MDP: 5098}, opt = 7.788
> progress 0.58%, elapsed 595 s, estimated 102642 s (28 hours), iters = {MDP: 5129}, opt = 7.788
> progress 0.58%, elapsed 599 s, estimated 103176 s (28 hours), iters = {MDP: 5177}, opt = 7.788
> progress 0.58%, elapsed 602 s, estimated 103710 s (28 hours), iters = {MDP: 5209}, opt = 7.788
> progress 0.58%, elapsed 605 s, estimated 104252 s (28 hours), iters = {MDP: 5216}, opt = 7.788
> progress 0.58%, elapsed 608 s, estimated 104779 s (29 hours), iters = {MDP: 5233}, opt = 7.788
> progress 0.58%, elapsed 611 s, estimated 105302 s (29 hours), iters = {MDP: 5279}, opt = 7.788
> progress 0.58%, elapsed 614 s, estimated 105838 s (29 hours), iters = {MDP: 5330}, opt = 7.788
> progress 0.58%, elapsed 617 s, estimated 106397 s (29 hours), iters = {MDP: 5371}, opt = 7.788
> progress 0.58%, elapsed 620 s, estimated 106915 s (29 hours), iters = {MDP: 5420}, opt = 7.788
> progress 0.58%, elapsed 623 s, estimated 107435 s (29 hours), iters = {MDP: 5461}, opt = 7.788
> progress 0.58%, elapsed 626 s, estimated 107961 s (29 hours), iters = {MDP: 5498}, opt = 7.788
> progress 0.58%, elapsed 629 s, estimated 108482 s (30 hours), iters = {MDP: 5514}, opt = 7.788
> progress 0.58%, elapsed 632 s, estimated 109000 s (30 hours), iters = {MDP: 5526}, opt = 7.788
> progress 0.58%, elapsed 635 s, estimated 109535 s (30 hours), iters = {MDP: 5554}, opt = 7.788
> progress 0.58%, elapsed 639 s, estimated 110116 s (30 hours), iters = {MDP: 5574}, opt = 7.788
> progress 0.58%, elapsed 642 s, estimated 110685 s (30 hours), iters = {MDP: 5592}, opt = 7.788
> progress 0.58%, elapsed 645 s, estimated 111201 s (30 hours), iters = {MDP: 5607}, opt = 7.788
> progress 0.58%, elapsed 648 s, estimated 111723 s (31 hours), iters = {MDP: 5651}, opt = 7.788
> progress 0.58%, elapsed 651 s, estimated 112252 s (31 hours), iters = {MDP: 5697}, opt = 7.788
> progress 0.58%, elapsed 655 s, estimated 112835 s (31 hours), iters = {MDP: 5715}, opt = 7.788
> progress 0.58%, elapsed 658 s, estimated 113355 s (31 hours), iters = {MDP: 5733}, opt = 7.788
> progress 0.58%, elapsed 661 s, estimated 113874 s (31 hours), iters = {MDP: 5783}, opt = 7.788
> progress 0.58%, elapsed 664 s, estimated 114417 s (31 hours), iters = {MDP: 5817}, opt = 7.788
> progress 0.58%, elapsed 667 s, estimated 114939 s (31 hours), iters = {MDP: 5830}, opt = 7.788
> progress 0.58%, elapsed 670 s, estimated 115461 s (32 hours), iters = {MDP: 5873}, opt = 7.788
> progress 0.58%, elapsed 673 s, estimated 116014 s (32 hours), iters = {MDP: 5915}, opt = 7.788
> progress 0.58%, elapsed 676 s, estimated 116544 s (32 hours), iters = {MDP: 5927}, opt = 7.788
> progress 0.58%, elapsed 679 s, estimated 117064 s (32 hours), iters = {MDP: 5972}, opt = 7.788
> progress 0.58%, elapsed 682 s, estimated 117597 s (32 hours), iters = {MDP: 6016}, opt = 7.788
> progress 0.58%, elapsed 685 s, estimated 118114 s (32 hours), iters = {MDP: 6056}, opt = 7.788
> progress 0.58%, elapsed 688 s, estimated 118634 s (32 hours), iters = {MDP: 6087}, opt = 7.788
> progress 0.58%, elapsed 691 s, estimated 119165 s (33 hours), iters = {MDP: 6137}, opt = 7.788
> progress 0.58%, elapsed 695 s, estimated 119686 s (33 hours), iters = {MDP: 6167}, opt = 7.788
> progress 0.58%, elapsed 699 s, estimated 120456 s (33 hours), iters = {MDP: 6194}, opt = 7.788
> progress 0.58%, elapsed 702 s, estimated 120977 s (33 hours), iters = {MDP: 6235}, opt = 7.788
> progress 0.58%, elapsed 705 s, estimated 121501 s (33 hours), iters = {MDP: 6261}, opt = 7.788
> progress 0.58%, elapsed 708 s, estimated 122025 s (33 hours), iters = {MDP: 6289}, opt = 7.788
> progress 0.58%, elapsed 711 s, estimated 122545 s (34 hours), iters = {MDP: 6322}, opt = 7.788
> progress 0.58%, elapsed 715 s, estimated 123126 s (34 hours), iters = {MDP: 6341}, opt = 7.788
> progress 0.585%, elapsed 718 s, estimated 122649 s (34 hours), iters = {MDP: 6346}, opt = 7.788
> progress 0.593%, elapsed 721 s, estimated 121694 s (33 hours), iters = {MDP: 6349}, opt = 7.788
> progress 0.595%, elapsed 725 s, estimated 121691 s (33 hours), iters = {MDP: 6355}, opt = 7.788
> progress 0.598%, elapsed 728 s, estimated 121668 s (33 hours), iters = {MDP: 6359}, opt = 7.788
> progress 0.607%, elapsed 731 s, estimated 120428 s (33 hours), iters = {MDP: 6363}, opt = 7.788
> progress 0.737%, elapsed 735 s, estimated 99742 s (27 hours), iters = {MDP: 6367}, opt = 7.788
> progress 0.738%, elapsed 739 s, estimated 100067 s (27 hours), iters = {MDP: 6371}, opt = 7.788
> progress 0.738%, elapsed 742 s, estimated 100478 s (27 hours), iters = {MDP: 6389}, opt = 7.788
> progress 0.738%, elapsed 745 s, estimated 100889 s (28 hours), iters = {MDP: 6405}, opt = 7.788
> progress 0.738%, elapsed 748 s, estimated 101290 s (28 hours), iters = {MDP: 6426}, opt = 7.788
> progress 0.738%, elapsed 751 s, estimated 101692 s (28 hours), iters = {MDP: 6438}, opt = 7.788
> progress 0.738%, elapsed 754 s, estimated 102127 s (28 hours), iters = {MDP: 6460}, opt = 7.788
> progress 0.739%, elapsed 757 s, estimated 102534 s (28 hours), iters = {MDP: 6494}, opt = 7.788
> progress 0.739%, elapsed 760 s, estimated 102944 s (28 hours), iters = {MDP: 6511}, opt = 7.788
> progress 0.739%, elapsed 764 s, estimated 103335 s (28 hours), iters = {MDP: 6532}, opt = 7.788
> progress 0.739%, elapsed 767 s, estimated 103748 s (28 hours), iters = {MDP: 6556}, opt = 7.788
> progress 0.739%, elapsed 770 s, estimated 104233 s (28 hours), iters = {MDP: 6569}, opt = 7.788
> progress 0.74%, elapsed 774 s, estimated 104636 s (29 hours), iters = {MDP: 6574}, opt = 7.788
> progress 0.74%, elapsed 777 s, estimated 105051 s (29 hours), iters = {MDP: 6581}, opt = 7.788
> progress 0.74%, elapsed 780 s, estimated 105473 s (29 hours), iters = {MDP: 6598}, opt = 7.788
> progress 0.74%, elapsed 789 s, estimated 106644 s (29 hours), iters = {MDP: 6606}, opt = 7.788
> progress 0.74%, elapsed 795 s, estimated 107485 s (29 hours), iters = {MDP: 6607}, opt = 7.788
> progress 0.74%, elapsed 800 s, estimated 108127 s (30 hours), iters = {MDP: 6617}, opt = 7.788
> progress 0.74%, elapsed 807 s, estimated 109097 s (30 hours), iters = {MDP: 6618}, opt = 7.788
> progress 0.74%, elapsed 810 s, estimated 109504 s (30 hours), iters = {MDP: 6640}, opt = 7.788
> progress 0.74%, elapsed 815 s, estimated 110123 s (30 hours), iters = {MDP: 6655}, opt = 7.788
> progress 0.74%, elapsed 818 s, estimated 110550 s (30 hours), iters = {MDP: 6657}, opt = 7.788
> progress 0.74%, elapsed 822 s, estimated 111133 s (30 hours), iters = {MDP: 6659}, opt = 7.788
> progress 0.74%, elapsed 825 s, estimated 111586 s (30 hours), iters = {MDP: 6673}, opt = 7.788
> progress 0.74%, elapsed 828 s, estimated 112003 s (31 hours), iters = {MDP: 6684}, opt = 7.788
> progress 0.74%, elapsed 832 s, estimated 112422 s (31 hours), iters = {MDP: 6700}, opt = 7.788
> progress 0.74%, elapsed 835 s, estimated 112881 s (31 hours), iters = {MDP: 6725}, opt = 7.788
> progress 0.74%, elapsed 838 s, estimated 113294 s (31 hours), iters = {MDP: 6743}, opt = 7.788
> progress 0.74%, elapsed 841 s, estimated 113699 s (31 hours), iters = {MDP: 6761}, opt = 7.788
> progress 0.74%, elapsed 844 s, estimated 114110 s (31 hours), iters = {MDP: 6791}, opt = 7.788
> progress 0.74%, elapsed 847 s, estimated 114536 s (31 hours), iters = {MDP: 6825}, opt = 7.788
> progress 0.74%, elapsed 850 s, estimated 114941 s (31 hours), iters = {MDP: 6834}, opt = 7.788
> progress 0.74%, elapsed 853 s, estimated 115357 s (32 hours), iters = {MDP: 6874}, opt = 7.788
> progress 0.74%, elapsed 857 s, estimated 115797 s (32 hours), iters = {MDP: 6896}, opt = 7.788
> progress 0.74%, elapsed 860 s, estimated 116150 s (32 hours), iters = {MDP: 6903}, opt = 7.788
> progress 0.741%, elapsed 863 s, estimated 116455 s (32 hours), iters = {MDP: 6908}, opt = 7.788
> progress 0.741%, elapsed 866 s, estimated 116883 s (32 hours), iters = {MDP: 6924}, opt = 7.788
> progress 0.741%, elapsed 869 s, estimated 117278 s (32 hours), iters = {MDP: 6947}, opt = 7.788
> progress 0.741%, elapsed 872 s, estimated 117676 s (32 hours), iters = {MDP: 6953}, opt = 7.788
> progress 0.741%, elapsed 875 s, estimated 118077 s (32 hours), iters = {MDP: 6976}, opt = 7.788
> progress 0.741%, elapsed 878 s, estimated 118493 s (32 hours), iters = {MDP: 7002}, opt = 7.788
> progress 0.741%, elapsed 882 s, estimated 118876 s (33 hours), iters = {MDP: 7021}, opt = 7.788
> progress 0.742%, elapsed 885 s, estimated 119264 s (33 hours), iters = {MDP: 7040}, opt = 7.788
> progress 0.742%, elapsed 888 s, estimated 119652 s (33 hours), iters = {MDP: 7061}, opt = 7.788
> progress 0.742%, elapsed 891 s, estimated 120053 s (33 hours), iters = {MDP: 7088}, opt = 7.788
> progress 0.742%, elapsed 894 s, estimated 120465 s (33 hours), iters = {MDP: 7105}, opt = 7.788
> progress 0.742%, elapsed 897 s, estimated 120907 s (33 hours), iters = {MDP: 7132}, opt = 7.788
> progress 0.742%, elapsed 901 s, estimated 121335 s (33 hours), iters = {MDP: 7160}, opt = 7.788
> progress 0.742%, elapsed 904 s, estimated 121743 s (33 hours), iters = {MDP: 7193}, opt = 7.788
> progress 0.742%, elapsed 907 s, estimated 122148 s (33 hours), iters = {MDP: 7219}, opt = 7.788
> progress 0.742%, elapsed 910 s, estimated 122530 s (34 hours), iters = {MDP: 7245}, opt = 7.788
> progress 0.743%, elapsed 913 s, estimated 122933 s (34 hours), iters = {MDP: 7281}, opt = 7.788
> progress 0.743%, elapsed 916 s, estimated 123269 s (34 hours), iters = {MDP: 7288}, opt = 7.788
> progress 0.743%, elapsed 919 s, estimated 123698 s (34 hours), iters = {MDP: 7294}, opt = 7.788
> progress 0.743%, elapsed 923 s, estimated 124117 s (34 hours), iters = {MDP: 7311}, opt = 7.788
> progress 0.743%, elapsed 926 s, estimated 124522 s (34 hours), iters = {MDP: 7333}, opt = 7.788
> progress 0.743%, elapsed 929 s, estimated 124929 s (34 hours), iters = {MDP: 7351}, opt = 7.788
> progress 0.743%, elapsed 932 s, estimated 125345 s (34 hours), iters = {MDP: 7382}, opt = 7.788
> progress 0.743%, elapsed 935 s, estimated 125767 s (34 hours), iters = {MDP: 7408}, opt = 7.788
> progress 0.743%, elapsed 938 s, estimated 126204 s (35 hours), iters = {MDP: 7420}, opt = 7.788
> progress 0.743%, elapsed 942 s, estimated 126664 s (35 hours), iters = {MDP: 7442}, opt = 7.788
> progress 0.743%, elapsed 945 s, estimated 127069 s (35 hours), iters = {MDP: 7484}, opt = 7.788
> progress 0.743%, elapsed 948 s, estimated 127477 s (35 hours), iters = {MDP: 7502}, opt = 7.788
> progress 0.743%, elapsed 951 s, estimated 127881 s (35 hours), iters = {MDP: 7522}, opt = 7.788
> progress 0.743%, elapsed 954 s, estimated 128289 s (35 hours), iters = {MDP: 7547}, opt = 7.788
> progress 0.743%, elapsed 957 s, estimated 128701 s (35 hours), iters = {MDP: 7594}, opt = 7.788
> progress 0.743%, elapsed 960 s, estimated 129160 s (35 hours), iters = {MDP: 7609}, opt = 7.788
> progress 0.743%, elapsed 963 s, estimated 129572 s (35 hours), iters = {MDP: 7650}, opt = 7.788
> progress 0.743%, elapsed 966 s, estimated 129977 s (36 hours), iters = {MDP: 7674}, opt = 7.788
> progress 0.743%, elapsed 969 s, estimated 130380 s (36 hours), iters = {MDP: 7688}, opt = 7.788
> progress 0.743%, elapsed 972 s, estimated 130788 s (36 hours), iters = {MDP: 7747}, opt = 7.788
> progress 0.743%, elapsed 975 s, estimated 131193 s (36 hours), iters = {MDP: 7789}, opt = 7.788
> progress 0.743%, elapsed 979 s, estimated 131620 s (36 hours), iters = {MDP: 7835}, opt = 7.788
> progress 0.744%, elapsed 982 s, estimated 132017 s (36 hours), iters = {MDP: 7843}, opt = 7.788
> progress 0.744%, elapsed 985 s, estimated 132425 s (36 hours), iters = {MDP: 7869}, opt = 7.788
> progress 0.744%, elapsed 988 s, estimated 132821 s (36 hours), iters = {MDP: 7881}, opt = 7.788
> progress 0.744%, elapsed 991 s, estimated 133250 s (37 hours), iters = {MDP: 7894}, opt = 7.788
> progress 0.744%, elapsed 995 s, estimated 133683 s (37 hours), iters = {MDP: 7916}, opt = 7.788
> progress 0.744%, elapsed 998 s, estimated 134098 s (37 hours), iters = {MDP: 7938}, opt = 7.788
> progress 0.744%, elapsed 1001 s, estimated 134517 s (37 hours), iters = {MDP: 7970}, opt = 7.788
> progress 0.744%, elapsed 1004 s, estimated 134909 s (37 hours), iters = {MDP: 7990}, opt = 7.788
> progress 0.744%, elapsed 1007 s, estimated 135273 s (37 hours), iters = {MDP: 8005}, opt = 7.788
> progress 0.744%, elapsed 1010 s, estimated 135659 s (37 hours), iters = {MDP: 8030}, opt = 7.788
> progress 0.746%, elapsed 1014 s, estimated 135778 s (37 hours), iters = {MDP: 8036}, opt = 7.788
> progress 0.746%, elapsed 1017 s, estimated 136203 s (37 hours), iters = {MDP: 8041}, opt = 7.788
> progress 0.746%, elapsed 1021 s, estimated 136726 s (37 hours), iters = {MDP: 8045}, opt = 7.788
> progress 0.746%, elapsed 1024 s, estimated 137151 s (38 hours), iters = {MDP: 8051}, opt = 7.788
> progress 0.746%, elapsed 1027 s, estimated 137564 s (38 hours), iters = {MDP: 8063}, opt = 7.788
> progress 0.746%, elapsed 1031 s, estimated 138025 s (38 hours), iters = {MDP: 8067}, opt = 7.788
> progress 0.746%, elapsed 1035 s, estimated 138601 s (38 hours), iters = {MDP: 8080}, opt = 7.788
> progress 0.746%, elapsed 1038 s, estimated 139055 s (38 hours), iters = {MDP: 8088}, opt = 7.788
> progress 0.746%, elapsed 1041 s, estimated 139493 s (38 hours), iters = {MDP: 8097}, opt = 7.788
> progress 0.746%, elapsed 1044 s, estimated 139897 s (38 hours), iters = {MDP: 8114}, opt = 7.788
> progress 0.746%, elapsed 1048 s, estimated 140304 s (38 hours), iters = {MDP: 8138}, opt = 7.788
> progress 0.746%, elapsed 1051 s, estimated 140710 s (39 hours), iters = {MDP: 8169}, opt = 7.788
> progress 0.746%, elapsed 1054 s, estimated 141136 s (39 hours), iters = {MDP: 8212}, opt = 7.788
> progress 0.746%, elapsed 1057 s, estimated 141541 s (39 hours), iters = {MDP: 8253}, opt = 7.788
> progress 0.746%, elapsed 1060 s, estimated 141955 s (39 hours), iters = {MDP: 8276}, opt = 7.788
> progress 0.747%, elapsed 1063 s, estimated 142369 s (39 hours), iters = {MDP: 8291}, opt = 7.788
> progress 0.747%, elapsed 1066 s, estimated 142777 s (39 hours), iters = {MDP: 8346}, opt = 7.788
> progress 0.747%, elapsed 1069 s, estimated 143189 s (39 hours), iters = {MDP: 8384}, opt = 7.788
> progress 0.747%, elapsed 1072 s, estimated 143592 s (39 hours), iters = {MDP: 8407}, opt = 7.788
> progress 0.747%, elapsed 1076 s, estimated 144063 s (40 hours), iters = {MDP: 8431}, opt = 7.788
> progress 0.747%, elapsed 1079 s, estimated 144471 s (40 hours), iters = {MDP: 8437}, opt = 7.788
> progress 0.747%, elapsed 1082 s, estimated 144873 s (40 hours), iters = {MDP: 8458}, opt = 7.788
> progress 0.747%, elapsed 1085 s, estimated 145293 s (40 hours), iters = {MDP: 8492}, opt = 7.788
> progress 0.747%, elapsed 1088 s, estimated 145733 s (40 hours), iters = {MDP: 8522}, opt = 7.788
> progress 0.747%, elapsed 1091 s, estimated 146137 s (40 hours), iters = {MDP: 8546}, opt = 7.788
> progress 0.747%, elapsed 1094 s, estimated 146556 s (40 hours), iters = {MDP: 8558}, opt = 7.788
> progress 0.747%, elapsed 1098 s, estimated 147027 s (40 hours), iters = {MDP: 8571}, opt = 7.788
> progress 0.747%, elapsed 1101 s, estimated 147452 s (40 hours), iters = {MDP: 8584}, opt = 7.788
> progress 0.747%, elapsed 1104 s, estimated 147860 s (41 hours), iters = {MDP: 8595}, opt = 7.788
> progress 0.747%, elapsed 1107 s, estimated 148271 s (41 hours), iters = {MDP: 8615}, opt = 7.788
> progress 0.747%, elapsed 1110 s, estimated 148682 s (41 hours), iters = {MDP: 8629}, opt = 7.788
> progress 0.747%, elapsed 1113 s, estimated 149090 s (41 hours), iters = {MDP: 8648}, opt = 7.788
> progress 0.747%, elapsed 1116 s, estimated 149492 s (41 hours), iters = {MDP: 8654}, opt = 7.788
> progress 0.747%, elapsed 1119 s, estimated 149902 s (41 hours), iters = {MDP: 8688}, opt = 7.788
> progress 0.747%, elapsed 1123 s, estimated 150321 s (41 hours), iters = {MDP: 8715}, opt = 7.788
> progress 0.747%, elapsed 1126 s, estimated 150725 s (41 hours), iters = {MDP: 8755}, opt = 7.788
> progress 0.747%, elapsed 1129 s, estimated 151143 s (41 hours), iters = {MDP: 8772}, opt = 7.788
> progress 0.747%, elapsed 1132 s, estimated 151565 s (42 hours), iters = {MDP: 8807}, opt = 7.788
> progress 0.747%, elapsed 1135 s, estimated 151973 s (42 hours), iters = {MDP: 8846}, opt = 7.788
> progress 0.747%, elapsed 1140 s, estimated 152646 s (42 hours), iters = {MDP: 8856}, opt = 7.788
> progress 0.747%, elapsed 1143 s, estimated 153060 s (42 hours), iters = {MDP: 8867}, opt = 7.788
> progress 0.747%, elapsed 1146 s, estimated 153478 s (42 hours), iters = {MDP: 8879}, opt = 7.788
> progress 0.747%, elapsed 1149 s, estimated 153881 s (42 hours), iters = {MDP: 8904}, opt = 7.788
> progress 0.747%, elapsed 1152 s, estimated 154298 s (42 hours), iters = {MDP: 8928}, opt = 7.788
> progress 0.747%, elapsed 1159 s, estimated 155231 s (43 hours), iters = {MDP: 8934}, opt = 7.788
> progress 0.747%, elapsed 1165 s, estimated 155955 s (43 hours), iters = {MDP: 8935}, opt = 7.788
> progress 0.747%, elapsed 1169 s, estimated 156505 s (43 hours), iters = {MDP: 8949}, opt = 7.788
> progress 0.747%, elapsed 1172 s, estimated 156921 s (43 hours), iters = {MDP: 8954}, opt = 7.788
> progress 0.747%, elapsed 1175 s, estimated 157326 s (43 hours), iters = {MDP: 8980}, opt = 7.788
> progress 0.747%, elapsed 1178 s, estimated 157730 s (43 hours), iters = {MDP: 9019}, opt = 7.788
> progress 0.747%, elapsed 1181 s, estimated 158146 s (43 hours), iters = {MDP: 9056}, opt = 7.788
> progress 0.747%, elapsed 1184 s, estimated 158551 s (44 hours), iters = {MDP: 9082}, opt = 7.788
> progress 0.747%, elapsed 1188 s, estimated 158995 s (44 hours), iters = {MDP: 9092}, opt = 7.788
> progress 0.747%, elapsed 1191 s, estimated 159400 s (44 hours), iters = {MDP: 9146}, opt = 7.788
> progress 0.747%, elapsed 1194 s, estimated 159803 s (44 hours), iters = {MDP: 9186}, opt = 7.788
> progress 0.747%, elapsed 1197 s, estimated 160208 s (44 hours), iters = {MDP: 9257}, opt = 7.788
> progress 0.747%, elapsed 1200 s, estimated 160623 s (44 hours), iters = {MDP: 9303}, opt = 7.788
> progress 0.747%, elapsed 1204 s, estimated 161146 s (44 hours), iters = {MDP: 9329}, opt = 7.788
> progress 0.747%, elapsed 1207 s, estimated 161567 s (44 hours), iters = {MDP: 9348}, opt = 7.788
> progress 0.747%, elapsed 1210 s, estimated 161972 s (44 hours), iters = {MDP: 9399}, opt = 7.788
> progress 0.747%, elapsed 1213 s, estimated 162382 s (45 hours), iters = {MDP: 9425}, opt = 7.788
> progress 0.747%, elapsed 1216 s, estimated 162794 s (45 hours), iters = {MDP: 9435}, opt = 7.788
> progress 0.747%, elapsed 1220 s, estimated 163218 s (45 hours), iters = {MDP: 9445}, opt = 7.788
> progress 0.747%, elapsed 1223 s, estimated 163637 s (45 hours), iters = {MDP: 9448}, opt = 7.788
> progress 0.747%, elapsed 1227 s, estimated 164162 s (45 hours), iters = {MDP: 9459}, opt = 7.788
> progress 0.747%, elapsed 1230 s, estimated 164565 s (45 hours), iters = {MDP: 9484}, opt = 7.788
> progress 0.747%, elapsed 1233 s, estimated 164974 s (45 hours), iters = {MDP: 9494}, opt = 7.788
> progress 0.747%, elapsed 1246 s, estimated 166752 s (46 hours), iters = {MDP: 9498}, opt = 7.788
> progress 0.747%, elapsed 1250 s, estimated 167329 s (46 hours), iters = {MDP: 9505}, opt = 7.788
> progress 0.747%, elapsed 1254 s, estimated 167790 s (46 hours), iters = {MDP: 9513}, opt = 7.788
> progress 0.747%, elapsed 1257 s, estimated 168233 s (46 hours), iters = {MDP: 9516}, opt = 7.788
> progress 0.747%, elapsed 1260 s, estimated 168658 s (46 hours), iters = {MDP: 9522}, opt = 7.788
> progress 0.747%, elapsed 1264 s, estimated 169156 s (46 hours), iters = {MDP: 9532}, opt = 7.788
> progress 0.747%, elapsed 1267 s, estimated 169577 s (47 hours), iters = {MDP: 9538}, opt = 7.788
> progress 0.748%, elapsed 1271 s, estimated 169822 s (47 hours), iters = {MDP: 9543}, opt = 7.788
> progress 0.749%, elapsed 1274 s, estimated 170026 s (47 hours), iters = {MDP: 9551}, opt = 7.788
> progress 0.749%, elapsed 1277 s, estimated 170447 s (47 hours), iters = {MDP: 9575}, opt = 7.788
> progress 0.749%, elapsed 1280 s, estimated 170845 s (47 hours), iters = {MDP: 9596}, opt = 7.788
> progress 0.749%, elapsed 1283 s, estimated 171237 s (47 hours), iters = {MDP: 9608}, opt = 7.788
> progress 0.749%, elapsed 1288 s, estimated 171849 s (47 hours), iters = {MDP: 9625}, opt = 7.788
> progress 0.749%, elapsed 1291 s, estimated 172250 s (47 hours), iters = {MDP: 9645}, opt = 7.788
> progress 0.75%, elapsed 1294 s, estimated 172617 s (47 hours), iters = {MDP: 9674}, opt = 7.788
> progress 0.75%, elapsed 1298 s, estimated 172992 s (2 days), iters = {MDP: 9696}, opt = 7.788
> progress 0.75%, elapsed 1301 s, estimated 173341 s (2 days), iters = {MDP: 9700}, opt = 7.788
> progress 0.75%, elapsed 1304 s, estimated 173700 s (2 days), iters = {MDP: 9705}, opt = 7.788
> progress 0.75%, elapsed 1307 s, estimated 174108 s (2 days), iters = {MDP: 9718}, opt = 7.788
> progress 0.75%, elapsed 1310 s, estimated 174566 s (2 days), iters = {MDP: 9741}, opt = 7.788
> progress 0.75%, elapsed 1313 s, estimated 174973 s (2 days), iters = {MDP: 9774}, opt = 7.788
> progress 0.75%, elapsed 1317 s, estimated 175377 s (2 days), iters = {MDP: 9817}, opt = 7.788
> progress 0.75%, elapsed 1320 s, estimated 175794 s (2 days), iters = {MDP: 9836}, opt = 7.788
> progress 0.75%, elapsed 1323 s, estimated 176232 s (2 days), iters = {MDP: 9857}, opt = 7.788
> progress 0.75%, elapsed 1326 s, estimated 176654 s (2 days), iters = {MDP: 9872}, opt = 7.788
> progress 0.75%, elapsed 1329 s, estimated 177064 s (2 days), iters = {MDP: 9885}, opt = 7.788
> progress 0.75%, elapsed 1332 s, estimated 177469 s (2 days), iters = {MDP: 9898}, opt = 7.788
> progress 0.75%, elapsed 1335 s, estimated 177882 s (2 days), iters = {MDP: 9929}, opt = 7.788
> progress 0.75%, elapsed 1339 s, estimated 178311 s (2 days), iters = {MDP: 9943}, opt = 7.788
> progress 0.75%, elapsed 1342 s, estimated 178721 s (2 days), iters = {MDP: 9956}, opt = 7.788
> progress 0.751%, elapsed 1345 s, estimated 179157 s (2 days), iters = {MDP: 9980}, opt = 7.788
> progress 0.751%, elapsed 1348 s, estimated 179558 s (2 days), iters = {MDP: 10000}, opt = 7.788
> progress 0.751%, elapsed 1351 s, estimated 179959 s (2 days), iters = {MDP: 10010}, opt = 7.788
> progress 0.751%, elapsed 1354 s, estimated 180278 s (2 days), iters = {MDP: 10018}, opt = 7.788
> progress 0.767%, elapsed 1357 s, estimated 176886 s (2 days), iters = {MDP: 10023}, opt = 7.788
> progress 0.767%, elapsed 1361 s, estimated 177289 s (2 days), iters = {MDP: 10033}, opt = 7.788
> progress 0.767%, elapsed 1364 s, estimated 177691 s (2 days), iters = {MDP: 10046}, opt = 7.788
> progress 0.767%, elapsed 1367 s, estimated 178105 s (2 days), iters = {MDP: 10069}, opt = 7.788
> progress 0.767%, elapsed 1370 s, estimated 178507 s (2 days), iters = {MDP: 10073}, opt = 7.788
