ERROR (SpiritErrorHandler.h:27): Parsing error at 3:1:  expecting <model type>, here:
	@type: POMDP
	^

Finished exploring under-approximation MDP.
Start analysis...
starting Storm POMDP analysis
Storm value: 194.50658155392264
===========================
belief count: 1000
max prob >0.5: 300 (30.0%)
max prob >0.9: 117 (11.7%)
Observations (overall count: 2 - count: 2): 1: 506 (50.6%), 0: 494 (49.4%), 
Supports (overall count: 3 - count: 3): (17, 15, 13, 8): 506 (50.6%), (16, 14, 12, 11, 10, 9): 336 (33.6%), (16, 14, 12, 11, 10): 158 (15.8%), 
===========================
network 19 5 1000 30.0 11.7 2 2 3 3
constructing pomdps
True	296.579        298.782        298.782        367.071        295.362
False	296.579        298.782        298.782        367.071        295.362
True	187.771        298.782        298.782        180.689        185.242
False	186.461        298.782        298.782        179.681        185.242
True	337.034        306.542        305.169        355.289        331.86
False	337.034        306.542        306.542        354.986        331.86
True	274.446        306.542        305.169        231.255        274.458
False	275.306        306.542        306.542        231.255        274.458
True	288.957        306.542        305.169        231.255        288.09
False	288.957        306.542        306.542        231.255        288.09
True	281.313        306.542        305.169        231.255        280.457
False	281.313        306.542        306.542        231.255        280.457
True	260.561        298.782        298.782        180.689        259.439
False	260.561        298.782        298.782        179.681        259.439
True	332.318        306.542        305.169        367.071        327.271
False	332.318        306.542        306.542        367.071        327.271
True	289.283        306.542        305.169        231.255        289.295
False	290.164        306.542        306.542        231.255        289.295
True	284.899        298.782        298.782        359.644        283.694
False	284.899        298.782        298.782        359.644        283.694
True	334.662        306.542        305.169        367.071        328.922
False	334.662        306.542        306.542        367.071        328.922
True	290.12        306.542        305.169        231.255        290.132
False	291.003        306.542        306.542        231.255        290.132
True	282.979        298.782        298.782        180.689        281.79
False	282.979        298.782        298.782        179.681        281.79
True	196.532        298.782        298.782        180.689        193.748
False	195.161        298.782        298.782        179.681        193.748
True	303.498        306.542        305.169        317.932        302.623
False	303.498        306.542        306.542        317.932        302.623
True	349.5        327.041        305.169        367.071        341.391
False	349.5        327.041        306.542        367.071        341.391
True	333.43        306.542        305.169        367.071        328.082
False	333.43        306.542        306.542        367.071        328.082
True	331.069        306.542        305.169        367.071        326.363
False	331.069        306.542        306.542        367.071        326.363
True	330.608        306.542        305.169        367.071        326.041
False	330.608        306.542        306.542        367.071        326.041
True	265.263        298.782        298.782        180.689        264.105
False	265.263        298.782        298.782        179.681        264.105
True	333.192        306.542        305.169        367.071        327.914
False	333.192        306.542        306.542        367.071        327.914
True	197.547        298.782        298.782        180.689        196.105
False	197.547        298.782        298.782        179.681        196.105
True	352.718        327.041        305.169        367.071        343.287
False	352.718        327.041        306.542        367.071        343.287
True	300.183        298.782        298.782        367.071        298.959
False	300.183        298.782        298.782        367.071        298.959
True	261.177        298.782        298.782        180.689        260.052
False	261.177        298.782        298.782        179.681        260.052
True	180.689        298.782        298.782        180.689        178.929
False	179.681        298.782        298.782        179.681        178.929
True	310.007        306.542        305.169        355.289        309.105
False	310.007        306.542        306.542        354.986        309.105
True	351.877        327.041        305.169        367.071        342.86
False	351.877        327.041        306.542        367.071        342.86
True	264.521        298.782        298.782        180.689        263.387
False	264.521        298.782        298.782        179.681        263.387
True	350.074        327.041        305.169        348.219        340.945
False	350.074        327.041        306.542        359.095        340.945
True	348.804        327.041        305.169        348.219        341.764
False	351.567        327.041        306.542        359.095        341.764
True	277.053        298.782        298.782        180.689        275.88
False	277.053        298.782        298.782        179.681        275.88
True	348.81        327.041        305.169        367.071        340.226
False	348.81        327.041        306.542        367.071        340.226
True	232.976        298.782        298.782        180.689        231.029
False	232.976        298.782        298.782        179.681        231.029
True	239.972        298.782        298.782        180.689        237.964
False	239.972        298.782        298.782        179.681        237.964
True	180.689        298.782        298.782        180.689        178.929
False	179.681        298.782        298.782        179.681        178.929
True	304.776        306.542        305.169        355.289        303.898
False	304.776        306.542        306.542        354.986        303.898
True	332.814        306.542        305.169        367.071        327.684
False	332.814        306.542        306.542        367.071        327.684
True	185.4        298.782        298.782        180.689        182.885
False	184.136        298.782        298.782        179.681        182.885
True	280.462        306.542        305.169        231.255        279.607
False	280.462        306.542        306.542        231.255        279.607
True	180.689        298.782        298.782        180.689        178.929
False	179.681        298.782        298.782        179.681        178.929
True	350.958        327.041        305.169        367.071        342.264
False	350.958        327.041        306.542        367.071        342.264
True	334.148        306.542        305.169        355.289        329.228
False	334.148        306.542        306.542        354.986        329.228
True	332.33        306.542        305.169        367.071        327.277
False	332.33        306.542        306.542        367.071        327.277
True	180.689        298.782        298.782        180.689        178.929
False	179.681        298.782        298.782        179.681        178.929
True	273.28        298.782        298.782        180.689        272.113
False	273.28        298.782        298.782        179.681        272.113
True	257.51        298.782        298.782        180.689        256.394
False	257.51        298.782        298.782        179.681        256.394
True	192.148        298.782        298.782        180.689        189.507
False	190.797        298.782        298.782        179.681        189.507
True	340.238        306.542        305.169        367.071        333.902
False	340.238        306.542        306.542        367.071        333.902
True	289.463        306.542        305.169        231.255        289.475
False	290.345        306.542        306.542        231.255        289.475
True	190.572        298.782        298.782        180.689        187.934
False	189.257        298.782        298.782        179.681        187.934
True	180.689        298.782        298.782        180.689        178.929
False	179.681        298.782        298.782        179.681        178.929
True	333.157        306.542        305.169        367.071        327.891
False	333.157        306.542        306.542        367.071        327.891
True	315.766        306.542        305.169        355.289        314.027
False	315.766        306.542        306.542        354.986        314.027
True	264.586        298.782        298.782        180.689        263.452
False	264.586        298.782        298.782        179.681        263.452
True	311.403        298.782        298.782        367.071        310.153
False	311.403        298.782        298.782        367.071        310.153
True	337.578        306.542        305.169        355.289        331.878
False	337.578        306.542        306.542        354.986        331.878
True	352.027        327.041        305.169        367.071        342.944
False	352.027        327.041        306.542        367.071        342.944
True	333.494        306.542        305.169        367.071        328.125
False	333.494        306.542        306.542        367.071        328.125
True	180.689        298.782        298.782        180.689        178.929
False	179.681        298.782        298.782        179.681        178.929
True	180.689        298.782        298.782        180.689        178.929
False	179.681        298.782        298.782        179.681        178.929
True	274.436        298.782        298.782        180.689        273.266
False	274.436        298.782        298.782        179.681        273.266
True	298.258        306.542        305.169        317.932        297.391
False	298.258        306.542        306.542        317.932        297.391
True	351.248        327.041        305.169        367.071        342.573
False	351.248        327.041        306.542        367.071        342.573
True	351.005        327.041        305.169        367.071        342.427
False	351.005        327.041        306.542        367.071        342.427
True	317.161        306.542        305.169        355.289        315.595
False	317.161        306.542        306.542        354.986        315.595
True	180.689        298.782        298.782        180.689        178.929
False	179.681        298.782        298.782        179.681        178.929
True	275.412        298.782        298.782        180.689        274.24
False	275.412        298.782        298.782        179.681        274.24
True	180.689        298.782        298.782        180.689        178.929
False	179.681        298.782        298.782        179.681        178.929
True	277.585        298.782        298.782        180.689        276.409
False	277.585        298.782        298.782        179.681        276.409
True	281.617        298.782        298.782        180.689        280.431
False	281.617        298.782        298.782        179.681        280.431
True	273.966        298.782        298.782        180.689        272.786
False	273.966        298.782        298.782        179.681        272.786
True	334.737        306.542        305.169        367.071        328.973
False	334.737        306.542        306.542        367.071        328.973
True	180.689        298.782        298.782        180.689        178.929
False	179.681        298.782        298.782        179.681        178.929
True	331.701        306.542        305.169        367.071        326.837
False	331.701        306.542        306.542        367.071        326.837
True	180.689        298.782        298.782        180.689        178.929
False	179.681        298.782        298.782        179.681        178.929
True	285.445        298.782        298.782        180.689        284.242
False	285.445        298.782        298.782        179.681        284.242
True	180.689        298.782        298.782        180.689        178.929
False	179.681        298.782        298.782        179.681        178.929
True	284.919        298.782        298.782        180.689        283.716
False	284.919        298.782        298.782        179.681        283.716
True	351.84        327.041        305.169        367.071        342.741
False	351.84        327.041        306.542        367.071        342.741
True	351.755        327.041        305.169        367.071        342.699
False	351.755        327.041        306.542        367.071        342.699
True	336.013        306.542        305.169        355.289        331.067
False	336.013        306.542        306.542        354.986        331.067
True	190.395        298.782        298.782        180.689        187.807
False	189.06        298.782        298.782        179.681        187.807
True	317.252        306.542        305.169        355.289        315.305
False	317.252        306.542        306.542        354.986        315.305
True	351.165        327.041        305.169        358.373        341.569
False	351.165        327.041        306.542        359.095        341.569
True	284.003        298.782        298.782        180.689        282.812
False	284.003        298.782        298.782        179.681        282.812
True	338.274        306.542        305.169        355.289        332.399
False	338.274        306.542        306.542        354.986        332.399
True	350.444        327.041        305.169        367.071        342.042
False	350.444        327.041        306.542        367.071        342.042
True	302.886        306.542        305.169        355.289        302.011
False	302.886        306.542        306.542        354.986        302.011
True	278.551        298.782        298.782        180.689        277.36
False	278.551        298.782        298.782        179.681        277.36
True	210.279        298.782        298.782        180.689        208.677
False	210.279        298.782        298.782        179.681        208.677
True	184.786        298.782        298.782        180.689        182.292
False	183.524        298.782        298.782        179.681        182.292
True	293.362        306.542        305.169        231.255        292.501
False	293.362        306.542        306.542        231.255        292.501
True	285.981        306.542        305.169        231.255        285.119
False	285.981        306.542        306.542        231.255        285.119
True	325.236        306.542        305.169        355.289        322.129
False	325.236        306.542        306.542        354.986        322.129
True	333.546        306.542        305.169        367.071        328.165
False	333.546        306.542        306.542        367.071        328.165
True	206.266        298.782        298.782        180.689        204.698
False	206.266        298.782        298.782        179.681        204.698
True	296.541        298.782        298.782        367.071        295.313
False	296.541        298.782        298.782        367.071        295.313
True	180.689        298.782        298.782        180.689        178.929
False	179.681        298.782        298.782        179.681        178.929
True	350.57        327.041        305.169        348.219        341.241
False	350.57        327.041        306.542        359.095        341.241
True	277.568        298.782        298.782        180.689        276.394
False	277.568        298.782        298.782        179.681        276.394
True	285.182        298.782        298.782        359.644        283.978
False	285.182        298.782        298.782        359.644        283.978
True	350.041        327.041        305.169        348.219        340.941
False	350.041        327.041        306.542        359.095        340.941
True	351.017        327.041        305.169        367.071        342.437
False	351.017        327.041        306.542        367.071        342.437
True	301.555        306.542        305.169        355.289        300.68
False	301.555        306.542        306.542        354.986        300.68
True	301.685        298.782        298.782        367.071        300.45
False	301.685        298.782        298.782        367.071        300.45
True	322.344        306.542        305.169        355.289        319.893
False	322.344        306.542        306.542        354.986        319.893
True	348.874        327.041        305.169        348.219        341.796
False	351.635        327.041        306.542        359.095        341.796
True	337.052        306.542        305.169        355.289        331.707
False	337.052        306.542        306.542        354.986        331.707
True	320.094        306.542        305.169        355.289        317.347
False	320.094        306.542        306.542        354.986        317.347
True	349.114        327.041        305.169        367.071        340.398
False	349.114        327.041        306.542        367.071        340.398
True	348.821        327.041        305.169        367.071        341.019
False	348.821        327.041        306.542        367.071        341.019
True	285.155        298.782        298.782        180.689        283.962
False	285.155        298.782        298.782        179.681        283.962
True	180.689        298.782        298.782        180.689        178.929
False	179.681        298.782        298.782        179.681        178.929
True	180.689        298.782        298.782        180.689        178.929
False	179.681        298.782        298.782        179.681        178.929
True	243.587        298.782        298.782        180.689        241.537
False	243.587        298.782        298.782        179.681        241.537
True	280.464        298.782        298.782        180.689        279.283
False	280.464        298.782        298.782        179.681        279.283
True	350.617        327.041        305.169        348.219        341.27
False	350.617        327.041        306.542        359.095        341.27
True	348.609        327.041        305.169        348.219        341.674
False	351.376        327.041        306.542        359.095        341.674
True	290.548        298.782        298.782        359.644        289.333
False	290.548        298.782        298.782        359.644        289.333
True	315.817        306.542        305.169        355.289        314.074
False	315.817        306.542        306.542        354.986        314.074
True	279.347        298.782        298.782        180.689        278.166
False	279.347        298.782        298.782        179.681        278.166
True	258.736        298.782        298.782        180.689        257.617
False	258.736        298.782        298.782        179.681        257.617
True	327.044        306.542        305.169        355.289        323.386
False	327.044        306.542        306.542        354.986        323.386
True	290.307        298.782        298.782        367.071        289.104
False	290.307        298.782        298.782        367.071        289.104
True	322.293        306.542        305.169        355.289        319.677
False	322.293        306.542        306.542        354.986        319.677
True	348.822        327.041        305.169        348.219        341.773
False	351.585        327.041        306.542        359.095        341.773
True	321.69        306.542        305.169        355.289        319.176
False	321.69        306.542        306.542        354.986        319.176
True	334.62        306.542        305.169        355.289        329.793
False	334.62        306.542        306.542        354.986        329.793
True	336.11        306.542        305.169        355.289        330.601
False	336.11        306.542        306.542        354.986        330.601
True	334.7        306.542        305.169        367.071        328.956
False	334.7        306.542        306.542        367.071        328.956
True	348.476        327.041        305.169        367.071        340.017
False	348.476        327.041        306.542        367.071        340.017
True	180.689        298.782        298.782        180.689        178.929
False	179.681        298.782        298.782        179.681        178.929
True	285.871        298.782        298.782        359.644        284.667
False	285.871        298.782        298.782        359.644        284.667
True	276.877        298.782        298.782        180.689        275.693
False	276.877        298.782        298.782        179.681        275.693
True	350.584        327.041        305.169        348.219        341.251
False	350.584        327.041        306.542        359.095        341.251
True	180.689        298.782        298.782        180.689        178.929
False	179.681        298.782        298.782        179.681        178.929
True	329.927        306.542        305.169        355.289        325.548
False	329.927        306.542        306.542        354.986        325.548
True	261.823        298.782        298.782        180.689        260.696
False	261.823        298.782        298.782        179.681        260.696
True	197.489        298.782        298.782        180.689        196.058
False	197.489        298.782        298.782        179.681        196.058
True	290.61        306.542        305.169        231.255        289.739
False	290.61        306.542        306.542        231.255        289.739
True	339.616        306.542        305.169        355.289        333.872
False	339.616        306.542        306.542        354.986        333.872
True	198.192        298.782        298.782        180.689        196.808
False	198.192        298.782        298.782        179.681        196.808
True	340.371        306.542        305.169        367.071        334.002
False	340.371        306.542        306.542        367.071        334.002
True	340.509        306.542        305.169        367.071        334.106
False	340.509        306.542        306.542        367.071        334.106
True	289.602        298.782        298.782        359.644        288.388
False	289.602        298.782        298.782        359.644        288.388
True	317.874        306.542        305.169        355.289        315.599
False	317.874        306.542        306.542        354.986        315.599
True	351.038        327.041        305.169        367.071        342.337
False	351.038        327.041        306.542        367.071        342.337
True	270.327        298.782        298.782        180.689        269.163
False	270.327        298.782        298.782        179.681        269.163
True	187.984        298.782        298.782        180.689        185.451
False	186.673        298.782        298.782        179.681        185.451
True	332.895        306.542        305.169        367.071        327.743
False	332.895        306.542        306.542        367.071        327.743
True	185.931        298.782        298.782        180.689        183.404
False	184.663        298.782        298.782        179.681        183.404
True	302.071        306.542        305.169        317.932        301.198
False	302.071        306.542        306.542        317.932        301.198
True	335.742        306.542        305.169        355.289        330.676
False	335.742        306.542        306.542        354.986        330.676
True	180.689        298.782        298.782        180.689        178.929
False	179.681        298.782        298.782        179.681        178.929
True	180.689        298.782        298.782        180.689        178.929
False	179.681        298.782        298.782        179.681        178.929
True	180.689        298.782        298.782        180.689        178.929
False	179.681        298.782        298.782        179.681        178.929
True	298.442        298.782        298.782        367.071        297.213
False	298.442        298.782        298.782        367.071        297.213
True	291.958        306.542        305.169        231.255        291.098
False	291.958        306.542        306.542        231.255        291.098
True	191.739        298.782        298.782        180.689        189.074
False	190.413        298.782        298.782        179.681        189.074
True	301.144        298.782        298.782        367.071        299.909
False	301.144        298.782        298.782        367.071        299.909
True	338.12        306.542        305.169        354.986        332.295
False	338.12        306.542        306.542        354.986        332.295
True	349.643        327.041        305.169        348.219        340.703
False	349.643        327.041        306.542        359.095        340.703
True	288.02        306.542        305.169        231.255        287.154
False	288.02        306.542        306.542        231.255        287.154
True	333.039        306.542        305.169        367.071        327.806
False	333.039        306.542        306.542        367.071        327.806
True	351.246        327.041        305.169        367.071        342.573
False	351.246        327.041        306.542        367.071        342.573
True	285.987        306.542        305.169        231.255        285.124
False	285.987        306.542        306.542        231.255        285.124
True	266.895        298.782        298.782        180.689        265.733
False	266.895        298.782        298.782        179.681        265.733
True	349.875        327.041        305.169        348.219        340.865
False	349.875        327.041        306.542        359.095        340.865
True	350.748        327.041        305.169        367.071        342.261
False	350.748        327.041        306.542        367.071        342.261
True	330.838        306.542        305.169        367.071        326.192
False	330.838        306.542        306.542        367.071        326.192
True	350.203        327.041        305.169        348.219        341.011
False	350.203        327.041        306.542        359.095        341.011
True	205.303        298.782        298.782        180.689        203.768
False	205.303        298.782        298.782        179.681        203.768
True	188.978        298.782        298.782        180.689        186.377
False	187.679        298.782        298.782        179.681        186.377
True	290.314        298.782        298.782        367.071        289.11
False	290.314        298.782        298.782        367.071        289.11
True	244.211        298.782        298.782        180.689        242.158
False	244.211        298.782        298.782        179.681        242.158
True	301.151        298.782        298.782        367.071        299.926
False	301.151        298.782        298.782        367.071        299.926
True	289.49        306.542        305.169        231.255        288.622
False	289.49        306.542        306.542        231.255        288.622
True	180.689        298.782        298.782        180.689        178.929
False	179.681        298.782        298.782        179.681        178.929
True	351.193        327.041        305.169        348.219        341.575
False	351.193        327.041        306.542        359.095        341.575
True	347.482        327.041        305.169        367.071        340.161
False	347.482        327.041        306.542        367.071        340.161
True	350.666        327.041        305.169        367.071        342.205
False	350.666        327.041        306.542        367.071        342.205
True	336.355        306.542        305.169        355.289        330.926
False	336.355        306.542        306.542        354.986        330.926
True	348.019        327.041        305.169        367.071        340.506
False	348.019        327.041        306.542        367.071        340.506
True	338.392        306.542        305.169        355.289        332.383
False	338.392        306.542        306.542        354.986        332.383
True	290.722        298.782        298.782        180.689        289.533
False	290.722        298.782        298.782        179.681        289.533
True	198.158        298.782        298.782        180.689        196.719
False	198.158        298.782        298.782        179.681        196.719
True	281.235        306.542        305.169        231.255        280.379
False	281.235        306.542        306.542        231.255        280.379
True	299.62        306.542        305.169        231.255        298.748
False	299.62        306.542        306.542        231.255        298.748
True	307.708        306.542        305.169        355.289        306.825
False	307.708        306.542        306.542        354.986        306.825
True	198.859        298.782        298.782        180.689        197.466
False	198.859        298.782        298.782        179.681        197.466
True	192.097        298.782        298.782        180.689        189.42
False	190.769        298.782        298.782        179.681        189.42
True	349.422        327.041        305.169        367.071        341.385
False	349.422        327.041        306.542        367.071        341.385
True	271.337        306.542        305.169        231.255        271.349
False	272.193        306.542        306.542        231.255        271.349
True	303.044        306.542        305.169        355.289        302.169
False	303.044        306.542        306.542        354.986        302.169
True	334.2        306.542        305.169        355.289        329.458
False	334.2        306.542        306.542        354.986        329.458
True	289.772        298.782        298.782        359.644        288.558
False	289.772        298.782        298.782        359.644        288.558
True	283.794        298.782        298.782        180.689        282.593
False	283.794        298.782        298.782        179.681        282.593
True	289.04        306.542        305.169        231.255        288.172
False	289.04        306.542        306.542        231.255        288.172
True	289.382        306.542        305.169        231.255        288.515
False	289.382        306.542        306.542        231.255        288.515
Storm value: 194.50658155392264
Storm POMDP analysis completed
