DEBUG:2025-11-10 15:07:06,282 - (0.00s) - MonitorLearning.py:97 - Filtering SUL is using the following risk function: [<Rational  (gmp)4967/480000>, <Rational  (gmp)7361/480000>, <Rational  (gmp)161/360>, <Rational  (gmp)4967/480000>, <Rational  (gmp)41/360>, <Rational  (gmp)7361/480000>, <Rational  (gmp)7361/480000>, <Rational  (gmp)161/360>, <Rational  (gmp)161/360>, <Rational  (gmp)161/360>, <Rational  (gmp)4967/480000>, <Rational  (gmp)41/360>, <Rational  (gmp)41/360>, <Rational  (gmp)41/360>, <Rational  (gmp)399/40000>, <Rational  (gmp)1>, <Rational  (gmp)7361/480000>, <Rational  (gmp)161/360>, <Rational  (gmp)399/40000>, <Rational  (gmp)1>, <Rational  (gmp)0>, <Rational  (gmp)1>, <Rational  (gmp)0>, <Rational  (gmp)161/360>, <Rational  (gmp)0>, <Rational  (gmp)0>, <Rational  (gmp)0>, <Rational  (gmp)0>, <Rational  (gmp)4967/480000>, <Rational  (gmp)41/360>, <Rational  (gmp)0>, <Rational  (gmp)41/360>, <Rational  (gmp)0>, <Rational  (gmp)0>, <Rational  (gmp)399/40000>, <Rational  (gmp)399/40000>, <Rational  (gmp)1>, <Rational  (gmp)1>, <Rational  (gmp)1>, <Rational  (gmp)0>, <Rational  (gmp)0>, <Rational  (gmp)0>, <Rational  (gmp)0>, <Rational  (gmp)0>, <Rational  (gmp)0>]
INFO:2025-11-10 15:07:06,282 - (0.00s) - MonitorLearning.py:278 - Finding counterexample for hypothesis with 1 states
DEBUG:2025-11-10 15:07:06,282 - (0.00s) - MonitorLearning.py:288 - Trying eq oracle
DEBUG:2025-11-10 15:07:06,282 - (0.00s) - MonitorLearning.py:289 - Finding fn using eq oracle, threshold: 7/20
DEBUG:2025-11-10 15:07:06,283 - (0.00s) - MonitorLearning.py:317 - Found counterexample using eq oracle
INFO:2025-11-10 15:07:06,284 - (0.00s) - MonitorLearning.py:278 - Finding counterexample for hypothesis with 3 states
DEBUG:2025-11-10 15:07:06,284 - (0.00s) - MonitorLearning.py:288 - Trying eq oracle
DEBUG:2025-11-10 15:07:06,284 - (0.00s) - MonitorLearning.py:289 - Finding fn using eq oracle, threshold: 7/20
DEBUG:2025-11-10 15:07:06,289 - (0.00s) - MonitorLearning.py:317 - Found counterexample using eq oracle
INFO:2025-11-10 15:07:06,298 - (0.01s) - MonitorLearning.py:278 - Finding counterexample for hypothesis with 7 states
DEBUG:2025-11-10 15:07:06,298 - (0.00s) - MonitorLearning.py:288 - Trying eq oracle
DEBUG:2025-11-10 15:07:06,298 - (0.00s) - MonitorLearning.py:289 - Finding fn using eq oracle, threshold: 7/20
DEBUG:2025-11-10 15:07:06,298 - (0.00s) - MonitorLearning.py:317 - Found counterexample using eq oracle
INFO:2025-11-10 15:07:06,313 - (0.02s) - MonitorLearning.py:278 - Finding counterexample for hypothesis with 11 states
DEBUG:2025-11-10 15:07:06,313 - (0.00s) - MonitorLearning.py:288 - Trying eq oracle
DEBUG:2025-11-10 15:07:06,313 - (0.00s) - MonitorLearning.py:289 - Finding fn using eq oracle, threshold: 7/20
DEBUG:2025-11-10 15:07:06,314 - (0.00s) - MonitorLearning.py:317 - Found counterexample using eq oracle
INFO:2025-11-10 15:07:06,375 - (0.06s) - MonitorLearning.py:278 - Finding counterexample for hypothesis with 20 states
DEBUG:2025-11-10 15:07:06,375 - (0.00s) - MonitorLearning.py:288 - Trying eq oracle
DEBUG:2025-11-10 15:07:06,375 - (0.00s) - MonitorLearning.py:289 - Finding fn using eq oracle, threshold: 7/20
DEBUG:2025-11-10 15:07:06,377 - (0.00s) - MonitorLearning.py:297 - Finding fp using eq oracle, threshold: 1/10
DEBUG:2025-11-10 15:07:06,378 - (0.00s) - MonitorLearning.py:305 - No counter example found using eq oracle
DEBUG:2025-11-10 15:07:06,378 - (0.00s) - MonitorLearning.py:320 - Finding false negative probability
INFO:2025-11-10 15:07:06,380 - (0.00s) - verify.py:158 - Building model
DEBUG:2025-11-10 15:07:06,403 - (0.02s) - verify.py:162 - Unrolling done
DEBUG:2025-11-10 15:07:06,403 - (0.00s) - generator.py:142 - Risk function becomes: [<Rational  (gmp)4967/480000>, <Rational  (gmp)7361/480000>, <Rational  (gmp)161/360>, <Rational  (gmp)4967/480000>, <Rational  (gmp)41/360>, <Rational  (gmp)7361/480000>, <Rational  (gmp)7361/480000>, <Rational  (gmp)161/360>, <Rational  (gmp)161/360>, <Rational  (gmp)161/360>, <Rational  (gmp)4967/480000>, <Rational  (gmp)41/360>, <Rational  (gmp)41/360>, <Rational  (gmp)41/360>, <Rational  (gmp)399/40000>, <Rational  (gmp)1>, <Rational  (gmp)7361/480000>, <Rational  (gmp)161/360>, <Rational  (gmp)399/40000>, <Rational  (gmp)1>, <Rational  (gmp)0>, <Rational  (gmp)1>, <Rational  (gmp)0>, <Rational  (gmp)161/360>, <Rational  (gmp)0>, <Rational  (gmp)0>, <Rational  (gmp)0>, <Rational  (gmp)0>, <Rational  (gmp)4967/480000>, <Rational  (gmp)41/360>, <Rational  (gmp)0>, <Rational  (gmp)41/360>, <Rational  (gmp)0>, <Rational  (gmp)0>, <Rational  (gmp)399/40000>, <Rational  (gmp)399/40000>, <Rational  (gmp)1>, <Rational  (gmp)1>, <Rational  (gmp)1>, <Rational  (gmp)0>, <Rational  (gmp)0>, <Rational  (gmp)0>, <Rational  (gmp)0>, <Rational  (gmp)0>, <Rational  (gmp)0>]
DEBUG:2025-11-10 15:07:06,403 - (0.00s) - verify.py:175 - Apply risk done
DEBUG:2025-11-10 15:07:06,418 - (0.01s) - verify.py:182 - creating product done
DEBUG:2025-11-10 15:07:06,424 - (0.01s) - verify.py:193 - Finding specified trace
INFO:2025-11-10 15:07:06,808 - (0.38s) - generator.py:199 - counterexample found: A(2,0)={d:2,pobs:2,turn:0}, A(3,0)={d:2,pobs:0,turn:1}, A(4,0)={d:1,pobs:0,turn:0}, A(5,0)={d:1,pobs:0,turn:0}, A(6,0)={d:2,pobs:2,turn:1}, A(7,0)={d:1,pobs:2,turn:1}, A(8,0)={d:1,pobs:2,turn:0}, A(9,0)={d:1,pobs:2,turn:0}, A(10,0)={d:0,pobs:0,turn:1}, A(11,0)={d:1,pobs:0,turn:1}, A(12,0)={d:0,pobs:0,turn:0}, A(13,0)={d:1,pobs:0,turn:0}, A(14,0)={d:0,pobs:0,turn:1}, A(15,0)={d:1,pobs:1,turn:1}, A(17,0)=end (None)
INFO:2025-11-10 15:07:06,808 - (0.00s) - generator.py:202 - --------------------
                                                            Synthesis summary:
                                                            constraint 1: P>(7 / 20) [F "goal"]
                                                            
                                                            method: AR, synthesis time: 0.37 s
                                                            number of holes: 15, family size: 1e12, quotient: 284 states / 2325 actions
                                                            explored: 0 %
                                                            MDP stats: avg MDP size: 32, iterations: 331
                                                            
                                                            feasible: yes
                                                            --------------------

INFO:2025-11-10 15:07:06,810 - (0.00s) - verify.py:215 - Found trace: ['{d:2,pobs:2,turn:0}', '{d:2,pobs:0,turn:1}', '{d:1,pobs:0,turn:0}', '{d:1,pobs:2,turn:1}', '{d:1,pobs:2,turn:0}', '{d:1,pobs:0,turn:1}', '{d:1,pobs:0,turn:0}', '{d:1,pobs:1,turn:1}']
INFO:2025-11-10 15:07:06,810 - (0.00s) - verify.py:236 - Goal probability counterexample: 6601/15900
INFO:2025-11-10 15:07:06,811 - (0.00s) - MonitorLearning.py:358 - Trace should not be in hyp: False
DEBUG:2025-11-10 15:07:06,811 - (0.00s) - MonitorLearning.py:114 - reset tracker, 4967/480000
DEBUG:2025-11-10 15:07:06,811 - (0.00s) - MonitorLearning.py:148 - Risk after observing {d:2,pobs:2,turn:0} (1): 679031/32000000 | 3/10 [['id: 14874; 3 : 179/200, 4 : 21/200 (from 14873)']]
DEBUG:2025-11-10 15:07:06,811 - (0.00s) - MonitorLearning.py:148 - Risk after observing {d:2,pobs:0,turn:1} (2): 41/360 | 3/10 [['id: 14875; 11 : 1 (from 14874)']]
DEBUG:2025-11-10 15:07:06,811 - (0.00s) - MonitorLearning.py:148 - Risk after observing {d:1,pobs:0,turn:0} (3): 6601/21600 | 3/10 [['id: 14876; 22 : 19/60, 23 : 41/60 (from 14875)']]
DEBUG:2025-11-10 15:07:06,811 - (0.00s) - MonitorLearning.py:148 - Risk after observing {d:1,pobs:2,turn:1} (4): 161/360 | 3/10 [['id: 14877; 9 : 1 (from 14876)']]
DEBUG:2025-11-10 15:07:06,811 - (0.00s) - MonitorLearning.py:148 - Risk after observing {d:1,pobs:2,turn:0} (5): 6601/21600 | 3/10 [['id: 14878; 2 : 41/60, 27 : 19/60 (from 14877)']]
DEBUG:2025-11-10 15:07:06,811 - (0.00s) - MonitorLearning.py:148 - Risk after observing {d:1,pobs:0,turn:1} (6): 6601/62640 | 3/10 [['id: 14879; 7 : 41/174, 41 : 133/174 (from 14878)']]
DEBUG:2025-11-10 15:07:06,811 - (0.00s) - MonitorLearning.py:148 - Risk after observing {d:1,pobs:0,turn:0} (7): 6601/21600 | 3/10 [['id: 14880; 22 : 19/60, 23 : 41/60 (from 14879)']]
DEBUG:2025-11-10 15:07:06,812 - (0.00s) - MonitorLearning.py:148 - Risk after observing {d:1,pobs:1,turn:1} (8): 6601/15900 | 3/10 [['id: 14881; 8 : 246/265, 42 : 19/265 (from 14880)']]
INFO:2025-11-10 15:07:06,812 - (0.00s) - MonitorLearning.py:363 - Trace should be in SUL: True
INFO:2025-11-10 15:07:06,895 - (0.08s) - MonitorLearning.py:278 - Finding counterexample for hypothesis with 28 states
DEBUG:2025-11-10 15:07:06,895 - (0.00s) - MonitorLearning.py:288 - Trying eq oracle
DEBUG:2025-11-10 15:07:06,895 - (0.00s) - MonitorLearning.py:289 - Finding fn using eq oracle, threshold: 7/20
DEBUG:2025-11-10 15:07:06,896 - (0.00s) - MonitorLearning.py:297 - Finding fp using eq oracle, threshold: 1/10
DEBUG:2025-11-10 15:07:06,896 - (0.00s) - MonitorLearning.py:305 - No counter example found using eq oracle
DEBUG:2025-11-10 15:07:06,896 - (0.00s) - MonitorLearning.py:320 - Finding false negative probability
INFO:2025-11-10 15:07:06,899 - (0.00s) - verify.py:158 - Building model
DEBUG:2025-11-10 15:07:06,916 - (0.02s) - verify.py:162 - Unrolling done
DEBUG:2025-11-10 15:07:06,917 - (0.00s) - generator.py:142 - Risk function becomes: [<Rational  (gmp)4967/480000>, <Rational  (gmp)7361/480000>, <Rational  (gmp)161/360>, <Rational  (gmp)4967/480000>, <Rational  (gmp)41/360>, <Rational  (gmp)7361/480000>, <Rational  (gmp)7361/480000>, <Rational  (gmp)161/360>, <Rational  (gmp)161/360>, <Rational  (gmp)161/360>, <Rational  (gmp)4967/480000>, <Rational  (gmp)41/360>, <Rational  (gmp)41/360>, <Rational  (gmp)41/360>, <Rational  (gmp)399/40000>, <Rational  (gmp)1>, <Rational  (gmp)7361/480000>, <Rational  (gmp)161/360>, <Rational  (gmp)399/40000>, <Rational  (gmp)1>, <Rational  (gmp)0>, <Rational  (gmp)1>, <Rational  (gmp)0>, <Rational  (gmp)161/360>, <Rational  (gmp)0>, <Rational  (gmp)0>, <Rational  (gmp)0>, <Rational  (gmp)0>, <Rational  (gmp)4967/480000>, <Rational  (gmp)41/360>, <Rational  (gmp)0>, <Rational  (gmp)41/360>, <Rational  (gmp)0>, <Rational  (gmp)0>, <Rational  (gmp)399/40000>, <Rational  (gmp)399/40000>, <Rational  (gmp)1>, <Rational  (gmp)1>, <Rational  (gmp)1>, <Rational  (gmp)0>, <Rational  (gmp)0>, <Rational  (gmp)0>, <Rational  (gmp)0>, <Rational  (gmp)0>, <Rational  (gmp)0>]
DEBUG:2025-11-10 15:07:06,917 - (0.00s) - verify.py:175 - Apply risk done
DEBUG:2025-11-10 15:07:06,931 - (0.01s) - verify.py:182 - creating product done
DEBUG:2025-11-10 15:07:06,938 - (0.01s) - verify.py:193 - Finding specified trace
INFO:2025-11-10 15:07:07,357 - (0.42s) - generator.py:199 - counterexample found: A(2,0)={d:1,pobs:2,turn:0}, A(3,0)={d:1,pobs:2,turn:1}, A(4,0)={d:1,pobs:2,turn:0}, A(5,0)={d:1,pobs:0,turn:0}, A(6,0)={d:1,pobs:2,turn:1}, A(7,0)={d:1,pobs:1,turn:1}, A(8,0)={d:1,pobs:2,turn:0}, A(9,0)={d:0,pobs:2,turn:0}, A(10,0)={d:1,pobs:1,turn:1}, A(11,0)={d:0,pobs:0,turn:1}, A(12,0)={d:1,pobs:2,turn:0}, A(13,0)={d:0,pobs:0,turn:0}, A(14,0)={d:1,pobs:1,turn:1}, A(15,0)=end, A(17,0)=end (None)
INFO:2025-11-10 15:07:07,358 - (0.00s) - generator.py:202 - --------------------
                                                            Synthesis summary:
                                                            constraint 1: P>(7 / 20) [F "goal"]
                                                            
                                                            method: AR, synthesis time: 0.41 s
                                                            number of holes: 15, family size: 1e12, quotient: 325 states / 2679 actions
                                                            explored: 0 %
                                                            MDP stats: avg MDP size: 18, iterations: 517
                                                            
                                                            feasible: yes
                                                            --------------------

INFO:2025-11-10 15:07:07,358 - (0.00s) - verify.py:215 - Found trace: ['{d:1,pobs:2,turn:0}', '{d:1,pobs:2,turn:1}', '{d:1,pobs:2,turn:0}', '{d:1,pobs:2,turn:1}', '{d:0,pobs:2,turn:0}', '{d:0,pobs:0,turn:1}', '{d:0,pobs:0,turn:0}']
INFO:2025-11-10 15:07:07,359 - (0.00s) - verify.py:236 - Goal probability counterexample: 2/3
INFO:2025-11-10 15:07:07,359 - (0.00s) - MonitorLearning.py:358 - Trace should not be in hyp: False
DEBUG:2025-11-10 15:07:07,360 - (0.00s) - MonitorLearning.py:114 - reset tracker, 4967/480000
DEBUG:2025-11-10 15:07:07,360 - (0.00s) - MonitorLearning.py:148 - Risk after observing {d:1,pobs:2,turn:0} (1): 11257687/288000000 | 3/10 [['id: 23666; 1 : 189/200, 2 : 11/200 (from 23665)']]
DEBUG:2025-11-10 15:07:07,360 - (0.00s) - MonitorLearning.py:148 - Risk after observing {d:1,pobs:2,turn:1} (2): 36299809/1920960000 | 3/10 [['id: 23667; 6 : 1323/1334, 9 : 11/1334 (from 23666)']]
DEBUG:2025-11-10 15:07:07,360 - (0.00s) - MonitorLearning.py:148 - Risk after observing {d:1,pobs:2,turn:0} (3): 47586199703/1152576000000 | 3/10 [['id: 23668; 1 : 250047/266800, 2 : 1661/27600, 27 : 209/80040 (from 23667)']]
DEBUG:2025-11-10 15:07:07,360 - (0.00s) - MonitorLearning.py:148 - Risk after observing {d:1,pobs:2,turn:1} (4): 146978381921/7630784640000 | 3/10 [['id: 23669; 6 : 5250987/5299156, 9 : 48169/5299156 (from 23668)']]
DEBUG:2025-11-10 15:07:07,360 - (0.00s) - MonitorLearning.py:148 - Risk after observing {d:0,pobs:2,turn:0} (5): 37346806991/1791264000000 | 3/10 [['id: 23670; 18 : 1044946413/1059831200, 19 : 88213/8008800, 26 : 48169/15897468 (from 23669)']]
DEBUG:2025-11-10 15:07:07,360 - (0.00s) - MonitorLearning.py:148 - Risk after observing {d:0,pobs:0,turn:1} (6): 35020561/218062761 | 3/10 [['id: 23671; 36 : 35020561/218062761, 39 : 183042200/218062761 (from 23670)']]
DEBUG:2025-11-10 15:07:07,360 - (0.00s) - MonitorLearning.py:148 - Risk after observing {d:0,pobs:0,turn:0} (7): 2/3 | 3/10 [['id: 23672; 20 : 1/3, 21 : 2/3 (from 23671)']]
INFO:2025-11-10 15:07:07,360 - (0.00s) - MonitorLearning.py:363 - Trace should be in SUL: True
INFO:2025-11-10 15:07:07,442 - (0.08s) - MonitorLearning.py:278 - Finding counterexample for hypothesis with 36 states
DEBUG:2025-11-10 15:07:07,442 - (0.00s) - MonitorLearning.py:288 - Trying eq oracle
DEBUG:2025-11-10 15:07:07,442 - (0.00s) - MonitorLearning.py:289 - Finding fn using eq oracle, threshold: 7/20
DEBUG:2025-11-10 15:07:07,443 - (0.00s) - MonitorLearning.py:297 - Finding fp using eq oracle, threshold: 1/10
DEBUG:2025-11-10 15:07:07,443 - (0.00s) - MonitorLearning.py:305 - No counter example found using eq oracle
DEBUG:2025-11-10 15:07:07,443 - (0.00s) - MonitorLearning.py:320 - Finding false negative probability
INFO:2025-11-10 15:07:07,446 - (0.00s) - verify.py:158 - Building model
DEBUG:2025-11-10 15:07:07,465 - (0.02s) - verify.py:162 - Unrolling done
DEBUG:2025-11-10 15:07:07,466 - (0.00s) - generator.py:142 - Risk function becomes: [<Rational  (gmp)4967/480000>, <Rational  (gmp)7361/480000>, <Rational  (gmp)161/360>, <Rational  (gmp)4967/480000>, <Rational  (gmp)41/360>, <Rational  (gmp)7361/480000>, <Rational  (gmp)7361/480000>, <Rational  (gmp)161/360>, <Rational  (gmp)161/360>, <Rational  (gmp)161/360>, <Rational  (gmp)4967/480000>, <Rational  (gmp)41/360>, <Rational  (gmp)41/360>, <Rational  (gmp)41/360>, <Rational  (gmp)399/40000>, <Rational  (gmp)1>, <Rational  (gmp)7361/480000>, <Rational  (gmp)161/360>, <Rational  (gmp)399/40000>, <Rational  (gmp)1>, <Rational  (gmp)0>, <Rational  (gmp)1>, <Rational  (gmp)0>, <Rational  (gmp)161/360>, <Rational  (gmp)0>, <Rational  (gmp)0>, <Rational  (gmp)0>, <Rational  (gmp)0>, <Rational  (gmp)4967/480000>, <Rational  (gmp)41/360>, <Rational  (gmp)0>, <Rational  (gmp)41/360>, <Rational  (gmp)0>, <Rational  (gmp)0>, <Rational  (gmp)399/40000>, <Rational  (gmp)399/40000>, <Rational  (gmp)1>, <Rational  (gmp)1>, <Rational  (gmp)1>, <Rational  (gmp)0>, <Rational  (gmp)0>, <Rational  (gmp)0>, <Rational  (gmp)0>, <Rational  (gmp)0>, <Rational  (gmp)0>]
DEBUG:2025-11-10 15:07:07,466 - (0.00s) - verify.py:175 - Apply risk done
DEBUG:2025-11-10 15:07:07,481 - (0.02s) - verify.py:182 - creating product done
DEBUG:2025-11-10 15:07:07,489 - (0.01s) - verify.py:193 - Finding specified trace
INFO:2025-11-10 15:07:08,626 - (1.14s) - generator.py:199 - counterexample found: A(2,0)={d:1,pobs:2,turn:0}, A(3,0)={d:1,pobs:2,turn:1}, A(4,0)={d:1,pobs:2,turn:0}, A(5,0)={d:1,pobs:0,turn:0}, A(6,0)={d:1,pobs:0,turn:1}, A(7,0)={d:1,pobs:1,turn:1}, A(8,0)={d:1,pobs:0,turn:0}, A(9,0)={d:1,pobs:2,turn:0}, A(10,0)={d:1,pobs:0,turn:1}, A(11,0)=end, A(12,0)={d:1,pobs:2,turn:0}, A(13,0)={d:0,pobs:0,turn:0}, A(14,0)={d:1,pobs:1,turn:1}, A(15,0)={d:0,pobs:2,turn:1}, A(17,0)=end (None)
INFO:2025-11-10 15:07:08,626 - (0.00s) - generator.py:202 - --------------------
                                                            Synthesis summary:
                                                            constraint 1: P>(7 / 20) [F "goal"]
                                                            
                                                            method: AR, synthesis time: 1.12 s
                                                            number of holes: 15, family size: 1e12, quotient: 345 states / 2819 actions
                                                            explored: 2 %
                                                            MDP stats: avg MDP size: 18, iterations: 1511
                                                            
                                                            feasible: yes
                                                            --------------------

INFO:2025-11-10 15:07:08,627 - (0.00s) - verify.py:215 - Found trace: ['{d:1,pobs:2,turn:0}', '{d:1,pobs:2,turn:1}', '{d:1,pobs:2,turn:0}', '{d:1,pobs:0,turn:1}', '{d:1,pobs:0,turn:0}', '{d:1,pobs:0,turn:1}', '{d:0,pobs:0,turn:0}', '{d:0,pobs:2,turn:1}']
INFO:2025-11-10 15:07:08,627 - (0.00s) - verify.py:236 - Goal probability counterexample: 1
INFO:2025-11-10 15:07:08,628 - (0.00s) - MonitorLearning.py:358 - Trace should not be in hyp: False
DEBUG:2025-11-10 15:07:08,628 - (0.00s) - MonitorLearning.py:114 - reset tracker, 4967/480000
DEBUG:2025-11-10 15:07:08,628 - (0.00s) - MonitorLearning.py:148 - Risk after observing {d:1,pobs:2,turn:0} (1): 11257687/288000000 | 3/10 [['id: 36828; 1 : 189/200, 2 : 11/200 (from 36827)']]
DEBUG:2025-11-10 15:07:08,628 - (0.00s) - MonitorLearning.py:148 - Risk after observing {d:1,pobs:2,turn:1} (2): 36299809/1920960000 | 3/10 [['id: 36829; 6 : 1323/1334, 9 : 11/1334 (from 36828)']]
DEBUG:2025-11-10 15:07:08,628 - (0.00s) - MonitorLearning.py:148 - Risk after observing {d:1,pobs:2,turn:0} (3): 47586199703/1152576000000 | 3/10 [['id: 36830; 1 : 250047/266800, 2 : 1661/27600, 27 : 209/80040 (from 36829)']]
DEBUG:2025-11-10 15:07:08,628 - (0.00s) - MonitorLearning.py:148 - Risk after observing {d:1,pobs:0,turn:1} (4): 705019/2055240 | 3/10 [['id: 36831; 7 : 4379/5709, 41 : 1330/5709 (from 36830)']]
DEBUG:2025-11-10 15:07:08,628 - (0.00s) - MonitorLearning.py:148 - Risk after observing {d:1,pobs:0,turn:0} (5): 6601/21600 | 3/10 [['id: 36832; 22 : 19/60, 23 : 41/60 (from 36831)']]
DEBUG:2025-11-10 15:07:08,628 - (0.00s) - MonitorLearning.py:148 - Risk after observing {d:1,pobs:0,turn:1} (6): 6601/62640 | 3/10 [['id: 36833; 7 : 41/174, 41 : 133/174 (from 36832)']]
DEBUG:2025-11-10 15:07:08,629 - (0.00s) - MonitorLearning.py:148 - Risk after observing {d:0,pobs:0,turn:0} (7): 82/921 | 3/10 [['id: 36834; 20 : 839/921, 21 : 82/921 (from 36833)']]
DEBUG:2025-11-10 15:07:08,629 - (0.00s) - MonitorLearning.py:148 - Risk after observing {d:0,pobs:2,turn:1} (8): 1 | 3/10 [['id: 36835; 38 : 1 (from 36834)']]
INFO:2025-11-10 15:07:08,629 - (0.00s) - MonitorLearning.py:363 - Trace should be in SUL: True
INFO:2025-11-10 15:07:08,664 - (0.04s) - MonitorLearning.py:278 - Finding counterexample for hypothesis with 38 states
DEBUG:2025-11-10 15:07:08,664 - (0.00s) - MonitorLearning.py:288 - Trying eq oracle
DEBUG:2025-11-10 15:07:08,664 - (0.00s) - MonitorLearning.py:289 - Finding fn using eq oracle, threshold: 7/20
DEBUG:2025-11-10 15:07:08,665 - (0.00s) - MonitorLearning.py:297 - Finding fp using eq oracle, threshold: 1/10
DEBUG:2025-11-10 15:07:08,666 - (0.00s) - MonitorLearning.py:305 - No counter example found using eq oracle
DEBUG:2025-11-10 15:07:08,666 - (0.00s) - MonitorLearning.py:320 - Finding false negative probability
INFO:2025-11-10 15:07:08,669 - (0.00s) - verify.py:158 - Building model
DEBUG:2025-11-10 15:07:08,689 - (0.02s) - verify.py:162 - Unrolling done
DEBUG:2025-11-10 15:07:08,689 - (0.00s) - generator.py:142 - Risk function becomes: [<Rational  (gmp)4967/480000>, <Rational  (gmp)7361/480000>, <Rational  (gmp)161/360>, <Rational  (gmp)4967/480000>, <Rational  (gmp)41/360>, <Rational  (gmp)7361/480000>, <Rational  (gmp)7361/480000>, <Rational  (gmp)161/360>, <Rational  (gmp)161/360>, <Rational  (gmp)161/360>, <Rational  (gmp)4967/480000>, <Rational  (gmp)41/360>, <Rational  (gmp)41/360>, <Rational  (gmp)41/360>, <Rational  (gmp)399/40000>, <Rational  (gmp)1>, <Rational  (gmp)7361/480000>, <Rational  (gmp)161/360>, <Rational  (gmp)399/40000>, <Rational  (gmp)1>, <Rational  (gmp)0>, <Rational  (gmp)1>, <Rational  (gmp)0>, <Rational  (gmp)161/360>, <Rational  (gmp)0>, <Rational  (gmp)0>, <Rational  (gmp)0>, <Rational  (gmp)0>, <Rational  (gmp)4967/480000>, <Rational  (gmp)41/360>, <Rational  (gmp)0>, <Rational  (gmp)41/360>, <Rational  (gmp)0>, <Rational  (gmp)0>, <Rational  (gmp)399/40000>, <Rational  (gmp)399/40000>, <Rational  (gmp)1>, <Rational  (gmp)1>, <Rational  (gmp)1>, <Rational  (gmp)0>, <Rational  (gmp)0>, <Rational  (gmp)0>, <Rational  (gmp)0>, <Rational  (gmp)0>, <Rational  (gmp)0>]
DEBUG:2025-11-10 15:07:08,689 - (0.00s) - verify.py:175 - Apply risk done
DEBUG:2025-11-10 15:07:08,706 - (0.02s) - verify.py:182 - creating product done
DEBUG:2025-11-10 15:07:08,714 - (0.01s) - verify.py:193 - Finding specified trace
INFO:2025-11-10 15:07:09,192 - (0.48s) - generator.py:199 - counterexample found: A(2,0)={d:2,pobs:2,turn:0}, A(3,0)={d:2,pobs:2,turn:1}, A(4,0)={d:2,pobs:2,turn:0}, A(5,0)={d:1,pobs:0,turn:0}, A(6,0)={d:2,pobs:1,turn:1}, A(7,0)={d:1,pobs:1,turn:1}, A(8,0)={d:1,pobs:2,turn:0}, A(9,0)={d:1,pobs:1,turn:0}, A(10,0)={d:1,pobs:1,turn:1}, A(11,0)={d:1,pobs:1,turn:1}, A(12,0)={d:1,pobs:2,turn:0}, A(13,0)={d:0,pobs:1,turn:0}, A(14,0)={d:1,pobs:1,turn:1}, A(15,0)=end, A(17,0)=end (None)
INFO:2025-11-10 15:07:09,192 - (0.00s) - generator.py:202 - --------------------
                                                            Synthesis summary:
                                                            constraint 1: P>(7 / 20) [F "goal"]
                                                            
                                                            method: AR, synthesis time: 0.47 s
                                                            number of holes: 15, family size: 1e12, quotient: 351 states / 2855 actions
                                                            explored: 1 %
                                                            MDP stats: avg MDP size: 27, iterations: 396
                                                            
                                                            feasible: yes
                                                            --------------------

INFO:2025-11-10 15:07:09,193 - (0.00s) - verify.py:215 - Found trace: ['{d:2,pobs:2,turn:0}', '{d:2,pobs:2,turn:1}', '{d:2,pobs:2,turn:0}', '{d:2,pobs:1,turn:1}', '{d:1,pobs:1,turn:0}', '{d:1,pobs:1,turn:1}', '{d:0,pobs:1,turn:0}']
INFO:2025-11-10 15:07:09,194 - (0.00s) - verify.py:236 - Goal probability counterexample: 70962774486349/169483320000000
INFO:2025-11-10 15:07:09,194 - (0.00s) - MonitorLearning.py:358 - Trace should not be in hyp: False
DEBUG:2025-11-10 15:07:09,194 - (0.00s) - MonitorLearning.py:114 - reset tracker, 4967/480000
DEBUG:2025-11-10 15:07:09,195 - (0.00s) - MonitorLearning.py:148 - Risk after observing {d:2,pobs:2,turn:0} (1): 679031/32000000 | 3/10 [['id: 42640; 3 : 179/200, 4 : 21/200 (from 42639)']]
DEBUG:2025-11-10 15:07:09,195 - (0.00s) - MonitorLearning.py:148 - Risk after observing {d:2,pobs:2,turn:1} (2): 392031/29480000 | 3/10 [['id: 42641; 0 : 716/737, 13 : 21/737 (from 42640)']]
DEBUG:2025-11-10 15:07:09,195 - (0.00s) - MonitorLearning.py:148 - Risk after observing {d:2,pobs:2,turn:0} (3): 404819647/17688000000 | 3/10 [['id: 42642; 3 : 32041/36850, 4 : 2247/18425, 33 : 63/7370 (from 42641)']]
DEBUG:2025-11-10 15:07:09,195 - (0.00s) - MonitorLearning.py:148 - Risk after observing {d:2,pobs:1,turn:1} (4): 896163647/22002240000 | 3/10 [['id: 42643; 10 : 32041/45838, 12 : 6741/22919, 44 : 315/45838 (from 42642)']]
DEBUG:2025-11-10 15:07:09,195 - (0.00s) - MonitorLearning.py:148 - Risk after observing {d:1,pobs:1,turn:0} (5): 1547303309167/13292064000000 | 3/10 [['id: 42644; 16 : 6055749/9230600, 17 : 2194991/9230600, 25 : 48993/461530 (from 42643)']]
DEBUG:2025-11-10 15:07:09,195 - (0.00s) - MonitorLearning.py:148 - Risk after observing {d:1,pobs:1,turn:1} (6): 2871724776389/9698666400000 | 3/10 [['id: 42645; 5 : 2018583/6735185, 8 : 4389982/6735185, 42 : 65324/1347037 (from 42644)']]
DEBUG:2025-11-10 15:07:09,195 - (0.00s) - MonitorLearning.py:148 - Risk after observing {d:0,pobs:1,turn:0} (7): 70962774486349/169483320000000 | 3/10 [['id: 42646; 14 : 44633113/156929000, 15 : 1762048549/4237083000, 24 : 276074/921105 (from 42645)']]
INFO:2025-11-10 15:07:09,195 - (0.00s) - MonitorLearning.py:363 - Trace should be in SUL: True
INFO:2025-11-10 15:07:09,321 - (0.13s) - MonitorLearning.py:278 - Finding counterexample for hypothesis with 45 states
DEBUG:2025-11-10 15:07:09,321 - (0.00s) - MonitorLearning.py:288 - Trying eq oracle
DEBUG:2025-11-10 15:07:09,321 - (0.00s) - MonitorLearning.py:289 - Finding fn using eq oracle, threshold: 7/20
DEBUG:2025-11-10 15:07:09,323 - (0.00s) - MonitorLearning.py:297 - Finding fp using eq oracle, threshold: 1/10
DEBUG:2025-11-10 15:07:09,323 - (0.00s) - MonitorLearning.py:305 - No counter example found using eq oracle
DEBUG:2025-11-10 15:07:09,323 - (0.00s) - MonitorLearning.py:320 - Finding false negative probability
INFO:2025-11-10 15:07:09,327 - (0.00s) - verify.py:158 - Building model
DEBUG:2025-11-10 15:07:09,350 - (0.02s) - verify.py:162 - Unrolling done
DEBUG:2025-11-10 15:07:09,351 - (0.00s) - generator.py:142 - Risk function becomes: [<Rational  (gmp)4967/480000>, <Rational  (gmp)7361/480000>, <Rational  (gmp)161/360>, <Rational  (gmp)4967/480000>, <Rational  (gmp)41/360>, <Rational  (gmp)7361/480000>, <Rational  (gmp)7361/480000>, <Rational  (gmp)161/360>, <Rational  (gmp)161/360>, <Rational  (gmp)161/360>, <Rational  (gmp)4967/480000>, <Rational  (gmp)41/360>, <Rational  (gmp)41/360>, <Rational  (gmp)41/360>, <Rational  (gmp)399/40000>, <Rational  (gmp)1>, <Rational  (gmp)7361/480000>, <Rational  (gmp)161/360>, <Rational  (gmp)399/40000>, <Rational  (gmp)1>, <Rational  (gmp)0>, <Rational  (gmp)1>, <Rational  (gmp)0>, <Rational  (gmp)161/360>, <Rational  (gmp)0>, <Rational  (gmp)0>, <Rational  (gmp)0>, <Rational  (gmp)0>, <Rational  (gmp)4967/480000>, <Rational  (gmp)41/360>, <Rational  (gmp)0>, <Rational  (gmp)41/360>, <Rational  (gmp)0>, <Rational  (gmp)0>, <Rational  (gmp)399/40000>, <Rational  (gmp)399/40000>, <Rational  (gmp)1>, <Rational  (gmp)1>, <Rational  (gmp)1>, <Rational  (gmp)0>, <Rational  (gmp)0>, <Rational  (gmp)0>, <Rational  (gmp)0>, <Rational  (gmp)0>, <Rational  (gmp)0>]
DEBUG:2025-11-10 15:07:09,351 - (0.00s) - verify.py:175 - Apply risk done
DEBUG:2025-11-10 15:07:09,368 - (0.02s) - verify.py:182 - creating product done
DEBUG:2025-11-10 15:07:09,376 - (0.01s) - verify.py:193 - Finding specified trace
INFO:2025-11-10 15:07:09,489 - (0.11s) - generator.py:199 - counterexample found: A(2,0)={d:2,pobs:2,turn:0}, A(3,0)={d:2,pobs:2,turn:1}, A(4,0)={d:2,pobs:2,turn:0}, A(5,0)={d:1,pobs:0,turn:0}, A(6,0)={d:2,pobs:1,turn:1}, A(7,0)={d:1,pobs:1,turn:1}, A(8,0)={d:1,pobs:2,turn:0}, A(9,0)={d:1,pobs:1,turn:0}, A(10,0)={d:1,pobs:1,turn:1}, A(11,0)={d:1,pobs:1,turn:1}, A(12,0)={d:1,pobs:2,turn:0}, A(13,0)={d:0,pobs:1,turn:0}, A(14,0)={d:0,pobs:1,turn:1}, A(15,0)=end, A(17,0)=end (None)
INFO:2025-11-10 15:07:09,489 - (0.00s) - generator.py:202 - --------------------
                                                            Synthesis summary:
                                                            constraint 1: P>(7 / 20) [F "goal"]
                                                            
                                                            method: AR, synthesis time: 0.1 s
                                                            number of holes: 15, family size: 1e12, quotient: 393 states / 3201 actions
                                                            explored: 0 %
                                                            MDP stats: avg MDP size: 57, iterations: 33
                                                            
                                                            feasible: yes
                                                            --------------------

INFO:2025-11-10 15:07:09,490 - (0.00s) - verify.py:215 - Found trace: ['{d:2,pobs:2,turn:0}', '{d:2,pobs:2,turn:1}', '{d:2,pobs:2,turn:0}', '{d:2,pobs:1,turn:1}', '{d:1,pobs:1,turn:0}', '{d:1,pobs:1,turn:1}', '{d:0,pobs:1,turn:0}', '{d:0,pobs:1,turn:1}']
INFO:2025-11-10 15:07:09,491 - (0.00s) - verify.py:236 - Goal probability counterexample: 1269155787806349/1367676333320000
INFO:2025-11-10 15:07:09,491 - (0.00s) - MonitorLearning.py:358 - Trace should not be in hyp: False
DEBUG:2025-11-10 15:07:09,491 - (0.00s) - MonitorLearning.py:114 - reset tracker, 4967/480000
DEBUG:2025-11-10 15:07:09,492 - (0.00s) - MonitorLearning.py:148 - Risk after observing {d:2,pobs:2,turn:0} (1): 679031/32000000 | 3/10 [['id: 62429; 3 : 179/200, 4 : 21/200 (from 62428)']]
DEBUG:2025-11-10 15:07:09,492 - (0.00s) - MonitorLearning.py:148 - Risk after observing {d:2,pobs:2,turn:1} (2): 392031/29480000 | 3/10 [['id: 62430; 0 : 716/737, 13 : 21/737 (from 62429)']]
DEBUG:2025-11-10 15:07:09,492 - (0.00s) - MonitorLearning.py:148 - Risk after observing {d:2,pobs:2,turn:0} (3): 404819647/17688000000 | 3/10 [['id: 62431; 3 : 32041/36850, 4 : 2247/18425, 33 : 63/7370 (from 62430)']]
DEBUG:2025-11-10 15:07:09,492 - (0.00s) - MonitorLearning.py:148 - Risk after observing {d:2,pobs:1,turn:1} (4): 896163647/22002240000 | 3/10 [['id: 62432; 10 : 32041/45838, 12 : 6741/22919, 44 : 315/45838 (from 62431)']]
DEBUG:2025-11-10 15:07:09,492 - (0.00s) - MonitorLearning.py:148 - Risk after observing {d:1,pobs:1,turn:0} (5): 1547303309167/13292064000000 | 3/10 [['id: 62433; 16 : 6055749/9230600, 17 : 2194991/9230600, 25 : 48993/461530 (from 62432)']]
DEBUG:2025-11-10 15:07:09,492 - (0.00s) - MonitorLearning.py:148 - Risk after observing {d:1,pobs:1,turn:1} (6): 2871724776389/9698666400000 | 3/10 [['id: 62434; 5 : 2018583/6735185, 8 : 4389982/6735185, 42 : 65324/1347037 (from 62433)']]
DEBUG:2025-11-10 15:07:09,492 - (0.00s) - MonitorLearning.py:148 - Risk after observing {d:0,pobs:1,turn:0} (7): 70962774486349/169483320000000 | 3/10 [['id: 62435; 14 : 44633113/156929000, 15 : 1762048549/4237083000, 24 : 276074/921105 (from 62434)']]
DEBUG:2025-11-10 15:07:09,492 - (0.00s) - MonitorLearning.py:148 - Risk after observing {d:0,pobs:1,turn:1} (8): 1269155787806349/1367676333320000 | 3/10 [['id: 62436; 34 : 1205094051/34191908333, 37 : 31716873882/34191908333, 40 : 1269940400/34191908333 (from 62435)']]
INFO:2025-11-10 15:07:09,492 - (0.00s) - MonitorLearning.py:363 - Trace should be in SUL: True
INFO:2025-11-10 15:07:09,671 - (0.18s) - MonitorLearning.py:278 - Finding counterexample for hypothesis with 56 states
DEBUG:2025-11-10 15:07:09,671 - (0.00s) - MonitorLearning.py:288 - Trying eq oracle
DEBUG:2025-11-10 15:07:09,671 - (0.00s) - MonitorLearning.py:289 - Finding fn using eq oracle, threshold: 7/20
DEBUG:2025-11-10 15:07:09,671 - (0.00s) - MonitorLearning.py:317 - Found counterexample using eq oracle
INFO:2025-11-10 15:07:09,800 - (0.13s) - MonitorLearning.py:278 - Finding counterexample for hypothesis with 62 states
DEBUG:2025-11-10 15:07:09,800 - (0.00s) - MonitorLearning.py:288 - Trying eq oracle
DEBUG:2025-11-10 15:07:09,800 - (0.00s) - MonitorLearning.py:289 - Finding fn using eq oracle, threshold: 7/20
DEBUG:2025-11-10 15:07:09,801 - (0.00s) - MonitorLearning.py:297 - Finding fp using eq oracle, threshold: 1/10
DEBUG:2025-11-10 15:07:09,801 - (0.00s) - MonitorLearning.py:305 - No counter example found using eq oracle
DEBUG:2025-11-10 15:07:09,801 - (0.00s) - MonitorLearning.py:320 - Finding false negative probability
INFO:2025-11-10 15:07:09,806 - (0.01s) - verify.py:158 - Building model
DEBUG:2025-11-10 15:07:09,833 - (0.03s) - verify.py:162 - Unrolling done
DEBUG:2025-11-10 15:07:09,834 - (0.00s) - generator.py:142 - Risk function becomes: [<Rational  (gmp)4967/480000>, <Rational  (gmp)7361/480000>, <Rational  (gmp)161/360>, <Rational  (gmp)4967/480000>, <Rational  (gmp)41/360>, <Rational  (gmp)7361/480000>, <Rational  (gmp)7361/480000>, <Rational  (gmp)161/360>, <Rational  (gmp)161/360>, <Rational  (gmp)161/360>, <Rational  (gmp)4967/480000>, <Rational  (gmp)41/360>, <Rational  (gmp)41/360>, <Rational  (gmp)41/360>, <Rational  (gmp)399/40000>, <Rational  (gmp)1>, <Rational  (gmp)7361/480000>, <Rational  (gmp)161/360>, <Rational  (gmp)399/40000>, <Rational  (gmp)1>, <Rational  (gmp)0>, <Rational  (gmp)1>, <Rational  (gmp)0>, <Rational  (gmp)161/360>, <Rational  (gmp)0>, <Rational  (gmp)0>, <Rational  (gmp)0>, <Rational  (gmp)0>, <Rational  (gmp)4967/480000>, <Rational  (gmp)41/360>, <Rational  (gmp)0>, <Rational  (gmp)41/360>, <Rational  (gmp)0>, <Rational  (gmp)0>, <Rational  (gmp)399/40000>, <Rational  (gmp)399/40000>, <Rational  (gmp)1>, <Rational  (gmp)1>, <Rational  (gmp)1>, <Rational  (gmp)0>, <Rational  (gmp)0>, <Rational  (gmp)0>, <Rational  (gmp)0>, <Rational  (gmp)0>, <Rational  (gmp)0>]
DEBUG:2025-11-10 15:07:09,834 - (0.00s) - verify.py:175 - Apply risk done
DEBUG:2025-11-10 15:07:09,853 - (0.02s) - verify.py:182 - creating product done
DEBUG:2025-11-10 15:07:09,862 - (0.01s) - verify.py:193 - Finding specified trace
INFO:2025-11-10 15:07:12,922 - (3.06s) - generator.py:199 - counterexample found: A(2,0)={d:2,pobs:2,turn:0}, A(3,0)={d:2,pobs:1,turn:1}, A(4,0)={d:1,pobs:1,turn:0}, A(5,0)={d:1,pobs:0,turn:0}, A(6,0)={d:1,pobs:1,turn:1}, A(7,0)={d:1,pobs:1,turn:1}, A(8,0)={d:1,pobs:2,turn:0}, A(9,0)={d:0,pobs:1,turn:0}, A(10,0)={d:0,pobs:2,turn:1}, A(11,0)=end, A(12,0)={d:1,pobs:2,turn:0}, A(13,0)={d:0,pobs:2,turn:0}, A(14,0)={d:1,pobs:1,turn:1}, A(15,0)={d:0,pobs:1,turn:1}, A(17,0)=end (None)
INFO:2025-11-10 15:07:12,922 - (0.00s) - generator.py:202 - --------------------
                                                            Synthesis summary:
                                                            constraint 1: P>(7 / 20) [F "goal"]
                                                            
                                                            method: AR, synthesis time: 3.05 s
                                                            number of holes: 15, family size: 1e12, quotient: 410 states / 3203 actions
                                                            explored: 14 %
                                                            MDP stats: avg MDP size: 24, iterations: 3283
                                                            
                                                            feasible: yes
                                                            --------------------

INFO:2025-11-10 15:07:12,923 - (0.00s) - verify.py:215 - Found trace: ['{d:2,pobs:2,turn:0}', '{d:2,pobs:1,turn:1}', '{d:1,pobs:1,turn:0}', '{d:1,pobs:1,turn:1}', '{d:0,pobs:1,turn:0}', '{d:0,pobs:2,turn:1}', '{d:0,pobs:2,turn:0}', '{d:0,pobs:1,turn:1}']
INFO:2025-11-10 15:07:12,924 - (0.00s) - verify.py:236 - Goal probability counterexample: 2753911091125233/5846028062440000
INFO:2025-11-10 15:07:12,924 - (0.00s) - MonitorLearning.py:358 - Trace should not be in hyp: False
DEBUG:2025-11-10 15:07:12,924 - (0.00s) - MonitorLearning.py:114 - reset tracker, 4967/480000
DEBUG:2025-11-10 15:07:12,924 - (0.00s) - MonitorLearning.py:148 - Risk after observing {d:2,pobs:2,turn:0} (1): 679031/32000000 | 3/10 [['id: 113569; 3 : 179/200, 4 : 21/200 (from 113568)']]
DEBUG:2025-11-10 15:07:12,925 - (0.00s) - MonitorLearning.py:148 - Risk after observing {d:2,pobs:1,turn:1} (2): 4333093/116160000 | 3/10 [['id: 113570; 10 : 179/242, 12 : 63/242 (from 113569)']]
DEBUG:2025-11-10 15:07:12,925 - (0.00s) - MonitorLearning.py:148 - Risk after observing {d:1,pobs:1,turn:0} (3): 7559965973/69696000000 | 3/10 [['id: 113571; 16 : 33831/48400, 17 : 10579/48400, 25 : 399/4840 (from 113570)']]
DEBUG:2025-11-10 15:07:12,925 - (0.00s) - MonitorLearning.py:148 - Risk after observing {d:1,pobs:1,turn:1} (4): 13874781991/48621600000 | 3/10 [['id: 113572; 5 : 3759/11255, 8 : 21158/33765, 42 : 266/6753 (from 113571)']]
DEBUG:2025-11-10 15:07:12,925 - (0.00s) - MonitorLearning.py:148 - Risk after observing {d:0,pobs:1,turn:0} (5): 342567455231/842280000000 | 3/10 [['id: 113573; 14 : 2244123/7019000, 15 : 8497031/21057000, 24 : 29138/105285 (from 113572)']]
DEBUG:2025-11-10 15:07:12,925 - (0.00s) - MonitorLearning.py:148 - Risk after observing {d:0,pobs:2,turn:1} (6): 390919329389/5456481680000 | 3/10 [['id: 113574; 35 : 127915011/136412042, 38 : 8497031/136412042 (from 113573)']]
DEBUG:2025-11-10 15:07:12,925 - (0.00s) - MonitorLearning.py:148 - Risk after observing {d:0,pobs:2,turn:0} (7): 181772036685233/3273889008000000 | 3/10 [['id: 113575; 18 : 25455087189/27282408400, 19 : 3782557433/81847225200, 26 : 8497031/409236126 (from 113574)']]
DEBUG:2025-11-10 15:07:12,925 - (0.00s) - MonitorLearning.py:148 - Risk after observing {d:0,pobs:1,turn:1} (8): 2753911091125233/5846028062440000 | 3/10 [['id: 113576; 34 : 76365261567/146150701561, 37 : 68086033794/146150701561, 40 : 1699406200/146150701561 (from 113575)']]
INFO:2025-11-10 15:07:12,925 - (0.00s) - MonitorLearning.py:363 - Trace should be in SUL: True
INFO:2025-11-10 15:07:12,981 - (0.06s) - MonitorLearning.py:278 - Finding counterexample for hypothesis with 63 states
DEBUG:2025-11-10 15:07:12,981 - (0.00s) - MonitorLearning.py:288 - Trying eq oracle
DEBUG:2025-11-10 15:07:12,981 - (0.00s) - MonitorLearning.py:289 - Finding fn using eq oracle, threshold: 7/20
DEBUG:2025-11-10 15:07:12,981 - (0.00s) - MonitorLearning.py:297 - Finding fp using eq oracle, threshold: 1/10
DEBUG:2025-11-10 15:07:12,982 - (0.00s) - MonitorLearning.py:305 - No counter example found using eq oracle
DEBUG:2025-11-10 15:07:12,982 - (0.00s) - MonitorLearning.py:320 - Finding false negative probability
INFO:2025-11-10 15:07:12,987 - (0.01s) - verify.py:158 - Building model
DEBUG:2025-11-10 15:07:13,015 - (0.03s) - verify.py:162 - Unrolling done
DEBUG:2025-11-10 15:07:13,016 - (0.00s) - generator.py:142 - Risk function becomes: [<Rational  (gmp)4967/480000>, <Rational  (gmp)7361/480000>, <Rational  (gmp)161/360>, <Rational  (gmp)4967/480000>, <Rational  (gmp)41/360>, <Rational  (gmp)7361/480000>, <Rational  (gmp)7361/480000>, <Rational  (gmp)161/360>, <Rational  (gmp)161/360>, <Rational  (gmp)161/360>, <Rational  (gmp)4967/480000>, <Rational  (gmp)41/360>, <Rational  (gmp)41/360>, <Rational  (gmp)41/360>, <Rational  (gmp)399/40000>, <Rational  (gmp)1>, <Rational  (gmp)7361/480000>, <Rational  (gmp)161/360>, <Rational  (gmp)399/40000>, <Rational  (gmp)1>, <Rational  (gmp)0>, <Rational  (gmp)1>, <Rational  (gmp)0>, <Rational  (gmp)161/360>, <Rational  (gmp)0>, <Rational  (gmp)0>, <Rational  (gmp)0>, <Rational  (gmp)0>, <Rational  (gmp)4967/480000>, <Rational  (gmp)41/360>, <Rational  (gmp)0>, <Rational  (gmp)41/360>, <Rational  (gmp)0>, <Rational  (gmp)0>, <Rational  (gmp)399/40000>, <Rational  (gmp)399/40000>, <Rational  (gmp)1>, <Rational  (gmp)1>, <Rational  (gmp)1>, <Rational  (gmp)0>, <Rational  (gmp)0>, <Rational  (gmp)0>, <Rational  (gmp)0>, <Rational  (gmp)0>, <Rational  (gmp)0>]
DEBUG:2025-11-10 15:07:13,016 - (0.00s) - verify.py:175 - Apply risk done
DEBUG:2025-11-10 15:07:13,035 - (0.02s) - verify.py:182 - creating product done
DEBUG:2025-11-10 15:07:13,044 - (0.01s) - verify.py:193 - Finding specified trace
INFO:2025-11-10 15:07:18,225 - (5.18s) - generator.py:199 - counterexample found: A(2,0)={d:2,pobs:2,turn:0}, A(3,0)={d:2,pobs:1,turn:1}, A(4,0)={d:2,pobs:1,turn:0}, A(5,0)={d:1,pobs:0,turn:0}, A(6,0)={d:2,pobs:0,turn:1}, A(7,0)={d:1,pobs:1,turn:1}, A(8,0)={d:1,pobs:2,turn:0}, A(9,0)={d:1,pobs:0,turn:0}, A(10,0)={d:1,pobs:1,turn:1}, A(11,0)={d:1,pobs:0,turn:1}, A(12,0)={d:1,pobs:2,turn:0}, A(13,0)={d:0,pobs:0,turn:0}, A(14,0)={d:1,pobs:1,turn:1}, A(15,0)={d:0,pobs:2,turn:1}, A(17,0)=end (None)
INFO:2025-11-10 15:07:18,225 - (0.00s) - generator.py:202 - --------------------
                                                            Synthesis summary:
                                                            constraint 1: P>(7 / 20) [F "goal"]
                                                            
                                                            method: AR, synthesis time: 5.17 s
                                                            number of holes: 15, family size: 1e12, quotient: 414 states / 3231 actions
                                                            explored: 17 %
                                                            MDP stats: avg MDP size: 26, iterations: 5164
                                                            
                                                            feasible: yes
                                                            --------------------

INFO:2025-11-10 15:07:18,226 - (0.00s) - verify.py:215 - Found trace: ['{d:2,pobs:2,turn:0}', '{d:2,pobs:1,turn:1}', '{d:2,pobs:1,turn:0}', '{d:2,pobs:0,turn:1}', '{d:1,pobs:0,turn:0}', '{d:1,pobs:0,turn:1}', '{d:0,pobs:0,turn:0}', '{d:0,pobs:2,turn:1}']
INFO:2025-11-10 15:07:18,227 - (0.00s) - verify.py:236 - Goal probability counterexample: 1
INFO:2025-11-10 15:07:18,227 - (0.00s) - MonitorLearning.py:358 - Trace should not be in hyp: False
DEBUG:2025-11-10 15:07:18,227 - (0.00s) - MonitorLearning.py:114 - reset tracker, 4967/480000
DEBUG:2025-11-10 15:07:18,227 - (0.00s) - MonitorLearning.py:148 - Risk after observing {d:2,pobs:2,turn:0} (1): 679031/32000000 | 3/10 [['id: 121988; 3 : 179/200, 4 : 21/200 (from 121987)']]
DEBUG:2025-11-10 15:07:18,227 - (0.00s) - MonitorLearning.py:148 - Risk after observing {d:2,pobs:1,turn:1} (2): 4333093/116160000 | 3/10 [['id: 121989; 10 : 179/242, 12 : 63/242 (from 121988)']]
DEBUG:2025-11-10 15:07:18,227 - (0.00s) - MonitorLearning.py:148 - Risk after observing {d:2,pobs:1,turn:0} (3): 282266549/7744000000 | 3/10 [['id: 121990; 28 : 32041/48400, 29 : 12579/48400, 32 : 189/2420 (from 121989)']]
DEBUG:2025-11-10 15:07:18,227 - (0.00s) - MonitorLearning.py:148 - Risk after observing {d:2,pobs:0,turn:1} (4): 24559/474840 | 3/10 [['id: 121991; 11 : 599/1319, 43 : 720/1319 (from 121990)']]
DEBUG:2025-11-10 15:07:18,228 - (0.00s) - MonitorLearning.py:148 - Risk after observing {d:1,pobs:0,turn:0} (5): 3953999/44042400 | 3/10 [['id: 121992; 22 : 97781/122340, 23 : 24559/122340 (from 121991)']]
DEBUG:2025-11-10 15:07:18,228 - (0.00s) - MonitorLearning.py:148 - Risk after observing {d:1,pobs:0,turn:1} (6): 3953999/255249360 | 3/10 [['id: 121993; 7 : 24559/709026, 41 : 684467/709026 (from 121992)']]
DEBUG:2025-11-10 15:07:18,228 - (0.00s) - MonitorLearning.py:148 - Risk after observing {d:0,pobs:0,turn:0} (7): 49118/4180479 | 3/10 [['id: 121994; 20 : 4131361/4180479, 21 : 49118/4180479 (from 121993)']]
DEBUG:2025-11-10 15:07:18,228 - (0.00s) - MonitorLearning.py:148 - Risk after observing {d:0,pobs:2,turn:1} (8): 1 | 3/10 [['id: 121995; 38 : 1 (from 121994)']]
INFO:2025-11-10 15:07:18,228 - (0.00s) - MonitorLearning.py:363 - Trace should be in SUL: True
INFO:2025-11-10 15:07:18,333 - (0.10s) - MonitorLearning.py:278 - Finding counterexample for hypothesis with 67 states
DEBUG:2025-11-10 15:07:18,333 - (0.00s) - MonitorLearning.py:288 - Trying eq oracle
DEBUG:2025-11-10 15:07:18,333 - (0.00s) - MonitorLearning.py:289 - Finding fn using eq oracle, threshold: 7/20
DEBUG:2025-11-10 15:07:18,333 - (0.00s) - MonitorLearning.py:297 - Finding fp using eq oracle, threshold: 1/10
DEBUG:2025-11-10 15:07:18,333 - (0.00s) - MonitorLearning.py:305 - No counter example found using eq oracle
DEBUG:2025-11-10 15:07:18,334 - (0.00s) - MonitorLearning.py:320 - Finding false negative probability
INFO:2025-11-10 15:07:18,339 - (0.01s) - verify.py:158 - Building model
DEBUG:2025-11-10 15:07:18,367 - (0.03s) - verify.py:162 - Unrolling done
DEBUG:2025-11-10 15:07:18,368 - (0.00s) - generator.py:142 - Risk function becomes: [<Rational  (gmp)4967/480000>, <Rational  (gmp)7361/480000>, <Rational  (gmp)161/360>, <Rational  (gmp)4967/480000>, <Rational  (gmp)41/360>, <Rational  (gmp)7361/480000>, <Rational  (gmp)7361/480000>, <Rational  (gmp)161/360>, <Rational  (gmp)161/360>, <Rational  (gmp)161/360>, <Rational  (gmp)4967/480000>, <Rational  (gmp)41/360>, <Rational  (gmp)41/360>, <Rational  (gmp)41/360>, <Rational  (gmp)399/40000>, <Rational  (gmp)1>, <Rational  (gmp)7361/480000>, <Rational  (gmp)161/360>, <Rational  (gmp)399/40000>, <Rational  (gmp)1>, <Rational  (gmp)0>, <Rational  (gmp)1>, <Rational  (gmp)0>, <Rational  (gmp)161/360>, <Rational  (gmp)0>, <Rational  (gmp)0>, <Rational  (gmp)0>, <Rational  (gmp)0>, <Rational  (gmp)4967/480000>, <Rational  (gmp)41/360>, <Rational  (gmp)0>, <Rational  (gmp)41/360>, <Rational  (gmp)0>, <Rational  (gmp)0>, <Rational  (gmp)399/40000>, <Rational  (gmp)399/40000>, <Rational  (gmp)1>, <Rational  (gmp)1>, <Rational  (gmp)1>, <Rational  (gmp)0>, <Rational  (gmp)0>, <Rational  (gmp)0>, <Rational  (gmp)0>, <Rational  (gmp)0>, <Rational  (gmp)0>]
DEBUG:2025-11-10 15:07:18,368 - (0.00s) - verify.py:175 - Apply risk done
DEBUG:2025-11-10 15:07:18,387 - (0.02s) - verify.py:182 - creating product done
DEBUG:2025-11-10 15:07:18,396 - (0.01s) - verify.py:193 - Finding specified trace
INFO:2025-11-10 15:08:06,182 - (47.79s) - generator.py:209 - no counterexamples above threshold
INFO:2025-11-10 15:08:06,182 - (0.00s) - generator.py:210 - --------------------
                                                            Synthesis summary:
                                                            constraint 1: P>(7 / 20) [F "goal"]
                                                            
                                                            method: AR, synthesis time: 47.77 s
                                                            number of holes: 15, family size: 1e12, quotient: 418 states / 3246 actions
                                                            explored: 100 %
                                                            MDP stats: avg MDP size: 26, iterations: 52114
                                                            
                                                            feasible: no
                                                            --------------------

INFO:2025-11-10 15:08:06,182 - (0.00s) - verify.py:208 - no counter example during verification
DEBUG:2025-11-10 15:08:06,183 - (0.00s) - MonitorLearning.py:375 - Finding false positive probability
INFO:2025-11-10 15:08:06,185 - (0.00s) - verify.py:158 - Building model
DEBUG:2025-11-10 15:08:06,215 - (0.03s) - verify.py:162 - Unrolling done
DEBUG:2025-11-10 15:08:06,216 - (0.00s) - generator.py:142 - Risk function becomes: [<Rational  (gmp)4967/480000>, <Rational  (gmp)7361/480000>, <Rational  (gmp)161/360>, <Rational  (gmp)4967/480000>, <Rational  (gmp)41/360>, <Rational  (gmp)7361/480000>, <Rational  (gmp)7361/480000>, <Rational  (gmp)161/360>, <Rational  (gmp)161/360>, <Rational  (gmp)161/360>, <Rational  (gmp)4967/480000>, <Rational  (gmp)41/360>, <Rational  (gmp)41/360>, <Rational  (gmp)41/360>, <Rational  (gmp)399/40000>, <Rational  (gmp)1>, <Rational  (gmp)7361/480000>, <Rational  (gmp)161/360>, <Rational  (gmp)399/40000>, <Rational  (gmp)1>, <Rational  (gmp)0>, <Rational  (gmp)1>, <Rational  (gmp)0>, <Rational  (gmp)161/360>, <Rational  (gmp)0>, <Rational  (gmp)0>, <Rational  (gmp)0>, <Rational  (gmp)0>, <Rational  (gmp)4967/480000>, <Rational  (gmp)41/360>, <Rational  (gmp)0>, <Rational  (gmp)41/360>, <Rational  (gmp)0>, <Rational  (gmp)0>, <Rational  (gmp)399/40000>, <Rational  (gmp)399/40000>, <Rational  (gmp)1>, <Rational  (gmp)1>, <Rational  (gmp)1>, <Rational  (gmp)0>, <Rational  (gmp)0>, <Rational  (gmp)0>, <Rational  (gmp)0>, <Rational  (gmp)0>, <Rational  (gmp)0>]
DEBUG:2025-11-10 15:08:06,216 - (0.00s) - verify.py:175 - Apply risk done
DEBUG:2025-11-10 15:08:06,235 - (0.02s) - verify.py:182 - creating product done
DEBUG:2025-11-10 15:08:06,244 - (0.01s) - verify.py:193 - Finding specified trace
INFO:2025-11-10 15:08:06,440 - (0.20s) - generator.py:199 - counterexample found: A(2,0)={d:2,pobs:2,turn:0}, A(3,0)={d:2,pobs:2,turn:1}, A(4,0)={d:2,pobs:2,turn:0}, A(5,0)={d:1,pobs:0,turn:0}, A(6,0)={d:2,pobs:1,turn:1}, A(7,0)={d:1,pobs:1,turn:1}, A(8,0)={d:1,pobs:2,turn:0}, A(9,0)={d:2,pobs:1,turn:0}, A(10,0)={d:1,pobs:1,turn:1}, A(11,0)={d:2,pobs:1,turn:1}, A(12,0)={d:1,pobs:2,turn:0}, A(13,0)={d:1,pobs:1,turn:0}, A(14,0)=end, A(15,0)={d:1,pobs:2,turn:1}, A(16,0)=end (None)
INFO:2025-11-10 15:08:06,440 - (0.00s) - generator.py:202 - --------------------
                                                            Synthesis summary:
                                                            constraint 1: P>(9 / 10) [F "stop"]
                                                            
                                                            method: AR, synthesis time: 0.18 s
                                                            number of holes: 15, family size: 1e12, quotient: 418 states / 3046 actions
                                                            explored: 1 %
                                                            MDP stats: avg MDP size: 37, iterations: 126
                                                            
                                                            feasible: yes
                                                            --------------------

INFO:2025-11-10 15:08:06,441 - (0.00s) - verify.py:215 - Found trace: ['{d:2,pobs:2,turn:0}', '{d:2,pobs:2,turn:1}', '{d:2,pobs:2,turn:0}', '{d:2,pobs:1,turn:1}', '{d:2,pobs:1,turn:0}', '{d:2,pobs:1,turn:1}', '{d:1,pobs:1,turn:0}', '{d:1,pobs:2,turn:1}']
INFO:2025-11-10 15:08:06,442 - (0.00s) - verify.py:236 - Goal probability counterexample: 884224147890251/12528982131840000
INFO:2025-11-10 15:08:06,443 - (0.00s) - MonitorLearning.py:403 - Trace should be in hyp: True
DEBUG:2025-11-10 15:08:06,443 - (0.00s) - MonitorLearning.py:114 - reset tracker, 4967/480000
DEBUG:2025-11-10 15:08:06,444 - (0.00s) - MonitorLearning.py:148 - Risk after observing {d:2,pobs:2,turn:0} (1): 679031/32000000 | 3/10 [['id: 139979; 3 : 179/200, 4 : 21/200 (from 139978)']]
DEBUG:2025-11-10 15:08:06,444 - (0.00s) - MonitorLearning.py:148 - Risk after observing {d:2,pobs:2,turn:1} (2): 392031/29480000 | 3/10 [['id: 139980; 0 : 716/737, 13 : 21/737 (from 139979)']]
DEBUG:2025-11-10 15:08:06,444 - (0.00s) - MonitorLearning.py:148 - Risk after observing {d:2,pobs:2,turn:0} (3): 404819647/17688000000 | 3/10 [['id: 139981; 3 : 32041/36850, 4 : 2247/18425, 33 : 63/7370 (from 139980)']]
DEBUG:2025-11-10 15:08:06,444 - (0.00s) - MonitorLearning.py:148 - Risk after observing {d:2,pobs:1,turn:1} (4): 896163647/22002240000 | 3/10 [['id: 139982; 10 : 32041/45838, 12 : 6741/22919, 44 : 315/45838 (from 139981)']]
DEBUG:2025-11-10 15:08:06,444 - (0.00s) - MonitorLearning.py:148 - Risk after observing {d:2,pobs:1,turn:0} (5): 56150912271/1456736000000 | 3/10 [['id: 139983; 28 : 5735339/9104600, 29 : 2560341/9104600, 32 : 20223/227615 (from 139982)']]
DEBUG:2025-11-10 15:08:06,444 - (0.00s) - MonitorLearning.py:148 - Risk after observing {d:2,pobs:1,turn:1} (6): 448383352813/6828135360000 | 3/10 [['id: 139984; 10 : 5735339/14225282, 12 : 7681023/14225282, 44 : 404460/7112641 (from 139983)']]
DEBUG:2025-11-10 15:08:06,444 - (0.00s) - MonitorLearning.py:148 - Risk after observing {d:1,pobs:1,turn:0} (7): 740599088940893/4329850176000000 | 3/10 [['id: 139985; 16 : 1083979071/3006840400, 17 : 1112828539/3006840400, 25 : 81003279/300684040 (from 139984)']]
DEBUG:2025-11-10 15:08:06,444 - (0.00s) - MonitorLearning.py:148 - Risk after observing {d:1,pobs:2,turn:1} (8): 884224147890251/12528982131840000 | 3/10 [['id: 139986; 6 : 7587853497/8700682036, 9 : 1112828539/8700682036 (from 139985)']]
INFO:2025-11-10 15:08:06,444 - (0.00s) - MonitorLearning.py:408 - Trace should not be in SUL: False
INFO:2025-11-10 15:08:06,513 - (0.07s) - MonitorLearning.py:278 - Finding counterexample for hypothesis with 69 states
DEBUG:2025-11-10 15:08:06,513 - (0.00s) - MonitorLearning.py:288 - Trying eq oracle
DEBUG:2025-11-10 15:08:06,513 - (0.00s) - MonitorLearning.py:289 - Finding fn using eq oracle, threshold: 7/20
DEBUG:2025-11-10 15:08:06,517 - (0.00s) - MonitorLearning.py:297 - Finding fp using eq oracle, threshold: 1/10
DEBUG:2025-11-10 15:08:06,518 - (0.00s) - MonitorLearning.py:305 - No counter example found using eq oracle
DEBUG:2025-11-10 15:08:06,518 - (0.00s) - MonitorLearning.py:320 - Finding false negative probability
INFO:2025-11-10 15:08:06,524 - (0.01s) - verify.py:158 - Building model
DEBUG:2025-11-10 15:08:06,554 - (0.03s) - verify.py:162 - Unrolling done
DEBUG:2025-11-10 15:08:06,554 - (0.00s) - generator.py:142 - Risk function becomes: [<Rational  (gmp)4967/480000>, <Rational  (gmp)7361/480000>, <Rational  (gmp)161/360>, <Rational  (gmp)4967/480000>, <Rational  (gmp)41/360>, <Rational  (gmp)7361/480000>, <Rational  (gmp)7361/480000>, <Rational  (gmp)161/360>, <Rational  (gmp)161/360>, <Rational  (gmp)161/360>, <Rational  (gmp)4967/480000>, <Rational  (gmp)41/360>, <Rational  (gmp)41/360>, <Rational  (gmp)41/360>, <Rational  (gmp)399/40000>, <Rational  (gmp)1>, <Rational  (gmp)7361/480000>, <Rational  (gmp)161/360>, <Rational  (gmp)399/40000>, <Rational  (gmp)1>, <Rational  (gmp)0>, <Rational  (gmp)1>, <Rational  (gmp)0>, <Rational  (gmp)161/360>, <Rational  (gmp)0>, <Rational  (gmp)0>, <Rational  (gmp)0>, <Rational  (gmp)0>, <Rational  (gmp)4967/480000>, <Rational  (gmp)41/360>, <Rational  (gmp)0>, <Rational  (gmp)41/360>, <Rational  (gmp)0>, <Rational  (gmp)0>, <Rational  (gmp)399/40000>, <Rational  (gmp)399/40000>, <Rational  (gmp)1>, <Rational  (gmp)1>, <Rational  (gmp)1>, <Rational  (gmp)0>, <Rational  (gmp)0>, <Rational  (gmp)0>, <Rational  (gmp)0>, <Rational  (gmp)0>, <Rational  (gmp)0>]
DEBUG:2025-11-10 15:08:06,555 - (0.00s) - verify.py:175 - Apply risk done
DEBUG:2025-11-10 15:08:06,574 - (0.02s) - verify.py:182 - creating product done
DEBUG:2025-11-10 15:08:06,582 - (0.01s) - verify.py:193 - Finding specified trace
INFO:2025-11-10 15:08:54,445 - (47.86s) - generator.py:209 - no counterexamples above threshold
INFO:2025-11-10 15:08:54,445 - (0.00s) - generator.py:210 - --------------------
                                                            Synthesis summary:
                                                            constraint 1: P>(7 / 20) [F "goal"]
                                                            
                                                            method: AR, synthesis time: 47.85 s
                                                            number of holes: 15, family size: 1e12, quotient: 411 states / 3228 actions
                                                            explored: 100 %
                                                            MDP stats: avg MDP size: 26, iterations: 51868
                                                            
                                                            feasible: no
                                                            --------------------

INFO:2025-11-10 15:08:54,446 - (0.00s) - verify.py:208 - no counter example during verification
DEBUG:2025-11-10 15:08:54,446 - (0.00s) - MonitorLearning.py:375 - Finding false positive probability
INFO:2025-11-10 15:08:54,449 - (0.00s) - verify.py:158 - Building model
DEBUG:2025-11-10 15:08:54,478 - (0.03s) - verify.py:162 - Unrolling done
DEBUG:2025-11-10 15:08:54,479 - (0.00s) - generator.py:142 - Risk function becomes: [<Rational  (gmp)4967/480000>, <Rational  (gmp)7361/480000>, <Rational  (gmp)161/360>, <Rational  (gmp)4967/480000>, <Rational  (gmp)41/360>, <Rational  (gmp)7361/480000>, <Rational  (gmp)7361/480000>, <Rational  (gmp)161/360>, <Rational  (gmp)161/360>, <Rational  (gmp)161/360>, <Rational  (gmp)4967/480000>, <Rational  (gmp)41/360>, <Rational  (gmp)41/360>, <Rational  (gmp)41/360>, <Rational  (gmp)399/40000>, <Rational  (gmp)1>, <Rational  (gmp)7361/480000>, <Rational  (gmp)161/360>, <Rational  (gmp)399/40000>, <Rational  (gmp)1>, <Rational  (gmp)0>, <Rational  (gmp)1>, <Rational  (gmp)0>, <Rational  (gmp)161/360>, <Rational  (gmp)0>, <Rational  (gmp)0>, <Rational  (gmp)0>, <Rational  (gmp)0>, <Rational  (gmp)4967/480000>, <Rational  (gmp)41/360>, <Rational  (gmp)0>, <Rational  (gmp)41/360>, <Rational  (gmp)0>, <Rational  (gmp)0>, <Rational  (gmp)399/40000>, <Rational  (gmp)399/40000>, <Rational  (gmp)1>, <Rational  (gmp)1>, <Rational  (gmp)1>, <Rational  (gmp)0>, <Rational  (gmp)0>, <Rational  (gmp)0>, <Rational  (gmp)0>, <Rational  (gmp)0>, <Rational  (gmp)0>]
DEBUG:2025-11-10 15:08:54,479 - (0.00s) - verify.py:175 - Apply risk done
DEBUG:2025-11-10 15:08:54,498 - (0.02s) - verify.py:182 - creating product done
DEBUG:2025-11-10 15:08:54,507 - (0.01s) - verify.py:193 - Finding specified trace
INFO:2025-11-10 15:08:55,813 - (1.31s) - generator.py:199 - counterexample found: A(2,0)={d:2,pobs:2,turn:0}, A(3,0)={d:2,pobs:1,turn:1}, A(4,0)={d:1,pobs:1,turn:0}, A(5,0)={d:1,pobs:0,turn:0}, A(6,0)={d:1,pobs:2,turn:1}, A(7,0)={d:1,pobs:1,turn:1}, A(8,0)={d:1,pobs:2,turn:0}, A(9,0)={d:0,pobs:2,turn:0}, A(10,0)={d:1,pobs:1,turn:1}, A(11,0)={d:0,pobs:1,turn:1}, A(12,0)={d:0,pobs:1,turn:0}, A(13,0)={d:1,pobs:1,turn:0}, A(14,0)={d:0,pobs:2,turn:1}, A(15,0)={d:1,pobs:1,turn:1}, A(16,0)=end (None)
INFO:2025-11-10 15:08:55,813 - (0.00s) - generator.py:202 - --------------------
                                                            Synthesis summary:
                                                            constraint 1: P>(9 / 10) [F "stop"]
                                                            
                                                            method: AR, synthesis time: 1.29 s
                                                            number of holes: 15, family size: 1e12, quotient: 411 states / 3015 actions
                                                            explored: 20 %
                                                            MDP stats: avg MDP size: 30, iterations: 1312
                                                            
                                                            feasible: yes
                                                            --------------------

INFO:2025-11-10 15:08:55,814 - (0.00s) - verify.py:215 - Found trace: ['{d:2,pobs:2,turn:0}', '{d:2,pobs:1,turn:1}', '{d:1,pobs:1,turn:0}', '{d:1,pobs:2,turn:1}', '{d:0,pobs:2,turn:0}', '{d:0,pobs:1,turn:1}', '{d:0,pobs:1,turn:0}', '{d:0,pobs:2,turn:1}']
INFO:2025-11-10 15:08:55,815 - (0.00s) - verify.py:236 - Goal probability counterexample: 231126753838877/7287455108240000
INFO:2025-11-10 15:08:55,816 - (0.00s) - MonitorLearning.py:403 - Trace should be in hyp: True
DEBUG:2025-11-10 15:08:55,817 - (0.00s) - MonitorLearning.py:114 - reset tracker, 4967/480000
DEBUG:2025-11-10 15:08:55,817 - (0.00s) - MonitorLearning.py:148 - Risk after observing {d:2,pobs:2,turn:0} (1): 679031/32000000 | 3/10 [['id: 150911; 3 : 179/200, 4 : 21/200 (from 150910)']]
DEBUG:2025-11-10 15:08:55,817 - (0.00s) - MonitorLearning.py:148 - Risk after observing {d:2,pobs:1,turn:1} (2): 4333093/116160000 | 3/10 [['id: 150912; 10 : 179/242, 12 : 63/242 (from 150911)']]
DEBUG:2025-11-10 15:08:55,817 - (0.00s) - MonitorLearning.py:148 - Risk after observing {d:1,pobs:1,turn:0} (3): 7559965973/69696000000 | 3/10 [['id: 150913; 16 : 33831/48400, 17 : 10579/48400, 25 : 399/4840 (from 150912)']]
DEBUG:2025-11-10 15:08:55,817 - (0.00s) - MonitorLearning.py:148 - Risk after observing {d:1,pobs:2,turn:1} (4): 12042505811/356250240000 | 3/10 [['id: 150914; 6 : 236817/247396, 9 : 10579/247396 (from 150913)']]
DEBUG:2025-11-10 15:08:55,817 - (0.00s) - MonitorLearning.py:148 - Risk after observing {d:0,pobs:2,turn:0} (5): 254092559851/5937504000000 | 3/10 [['id: 150915; 18 : 47126583/49479200, 19 : 4942051/148437600, 26 : 10579/742188 (from 150914)']]
DEBUG:2025-11-10 15:08:55,817 - (0.00s) - MonitorLearning.py:148 - Risk after observing {d:0,pobs:1,turn:1} (6): 3614687239851/9298098680000 | 3/10 [['id: 150916; 34 : 141379749/232452467, 37 : 88956918/232452467, 40 : 2115800/232452467 (from 150915)']]
DEBUG:2025-11-10 15:08:55,817 - (0.00s) - MonitorLearning.py:148 - Risk after observing {d:0,pobs:1,turn:0} (7): 163772593136783/614231112000000 | 3/10 [['id: 150917; 14 : 3126063339/5118592600, 15 : 4000767383/15355777800, 24 : 9884102/76778889 (from 150916)']]
DEBUG:2025-11-10 15:08:55,817 - (0.00s) - MonitorLearning.py:148 - Risk after observing {d:0,pobs:2,turn:1} (8): 231126753838877/7287455108240000 | 3/10 [['id: 150918; 35 : 178185610323/182186377706, 38 : 4000767383/182186377706 (from 150917)']]
INFO:2025-11-10 15:08:55,818 - (0.00s) - MonitorLearning.py:408 - Trace should not be in SUL: False
INFO:2025-11-10 15:08:55,875 - (0.06s) - MonitorLearning.py:278 - Finding counterexample for hypothesis with 70 states
DEBUG:2025-11-10 15:08:55,875 - (0.00s) - MonitorLearning.py:288 - Trying eq oracle
DEBUG:2025-11-10 15:08:55,875 - (0.00s) - MonitorLearning.py:289 - Finding fn using eq oracle, threshold: 7/20
DEBUG:2025-11-10 15:08:55,876 - (0.00s) - MonitorLearning.py:297 - Finding fp using eq oracle, threshold: 1/10
DEBUG:2025-11-10 15:08:55,876 - (0.00s) - MonitorLearning.py:305 - No counter example found using eq oracle
DEBUG:2025-11-10 15:08:55,876 - (0.00s) - MonitorLearning.py:320 - Finding false negative probability
INFO:2025-11-10 15:08:55,882 - (0.01s) - verify.py:158 - Building model
DEBUG:2025-11-10 15:08:55,913 - (0.03s) - verify.py:162 - Unrolling done
DEBUG:2025-11-10 15:08:55,914 - (0.00s) - generator.py:142 - Risk function becomes: [<Rational  (gmp)4967/480000>, <Rational  (gmp)7361/480000>, <Rational  (gmp)161/360>, <Rational  (gmp)4967/480000>, <Rational  (gmp)41/360>, <Rational  (gmp)7361/480000>, <Rational  (gmp)7361/480000>, <Rational  (gmp)161/360>, <Rational  (gmp)161/360>, <Rational  (gmp)161/360>, <Rational  (gmp)4967/480000>, <Rational  (gmp)41/360>, <Rational  (gmp)41/360>, <Rational  (gmp)41/360>, <Rational  (gmp)399/40000>, <Rational  (gmp)1>, <Rational  (gmp)7361/480000>, <Rational  (gmp)161/360>, <Rational  (gmp)399/40000>, <Rational  (gmp)1>, <Rational  (gmp)0>, <Rational  (gmp)1>, <Rational  (gmp)0>, <Rational  (gmp)161/360>, <Rational  (gmp)0>, <Rational  (gmp)0>, <Rational  (gmp)0>, <Rational  (gmp)0>, <Rational  (gmp)4967/480000>, <Rational  (gmp)41/360>, <Rational  (gmp)0>, <Rational  (gmp)41/360>, <Rational  (gmp)0>, <Rational  (gmp)0>, <Rational  (gmp)399/40000>, <Rational  (gmp)399/40000>, <Rational  (gmp)1>, <Rational  (gmp)1>, <Rational  (gmp)1>, <Rational  (gmp)0>, <Rational  (gmp)0>, <Rational  (gmp)0>, <Rational  (gmp)0>, <Rational  (gmp)0>, <Rational  (gmp)0>]
DEBUG:2025-11-10 15:08:55,914 - (0.00s) - verify.py:175 - Apply risk done
DEBUG:2025-11-10 15:08:55,934 - (0.02s) - verify.py:182 - creating product done
DEBUG:2025-11-10 15:08:55,943 - (0.01s) - verify.py:193 - Finding specified trace
INFO:2025-11-10 15:09:42,880 - (46.94s) - generator.py:209 - no counterexamples above threshold
INFO:2025-11-10 15:09:42,880 - (0.00s) - generator.py:210 - --------------------
                                                            Synthesis summary:
                                                            constraint 1: P>(7 / 20) [F "goal"]
                                                            
                                                            method: AR, synthesis time: 46.92 s
                                                            number of holes: 15, family size: 1e12, quotient: 416 states / 3249 actions
                                                            explored: 100 %
                                                            MDP stats: avg MDP size: 26, iterations: 50334
                                                            
                                                            feasible: no
                                                            --------------------

INFO:2025-11-10 15:09:42,881 - (0.00s) - verify.py:208 - no counter example during verification
DEBUG:2025-11-10 15:09:42,881 - (0.00s) - MonitorLearning.py:375 - Finding false positive probability
INFO:2025-11-10 15:09:42,884 - (0.00s) - verify.py:158 - Building model
DEBUG:2025-11-10 15:09:42,916 - (0.03s) - verify.py:162 - Unrolling done
DEBUG:2025-11-10 15:09:42,917 - (0.00s) - generator.py:142 - Risk function becomes: [<Rational  (gmp)4967/480000>, <Rational  (gmp)7361/480000>, <Rational  (gmp)161/360>, <Rational  (gmp)4967/480000>, <Rational  (gmp)41/360>, <Rational  (gmp)7361/480000>, <Rational  (gmp)7361/480000>, <Rational  (gmp)161/360>, <Rational  (gmp)161/360>, <Rational  (gmp)161/360>, <Rational  (gmp)4967/480000>, <Rational  (gmp)41/360>, <Rational  (gmp)41/360>, <Rational  (gmp)41/360>, <Rational  (gmp)399/40000>, <Rational  (gmp)1>, <Rational  (gmp)7361/480000>, <Rational  (gmp)161/360>, <Rational  (gmp)399/40000>, <Rational  (gmp)1>, <Rational  (gmp)0>, <Rational  (gmp)1>, <Rational  (gmp)0>, <Rational  (gmp)161/360>, <Rational  (gmp)0>, <Rational  (gmp)0>, <Rational  (gmp)0>, <Rational  (gmp)0>, <Rational  (gmp)4967/480000>, <Rational  (gmp)41/360>, <Rational  (gmp)0>, <Rational  (gmp)41/360>, <Rational  (gmp)0>, <Rational  (gmp)0>, <Rational  (gmp)399/40000>, <Rational  (gmp)399/40000>, <Rational  (gmp)1>, <Rational  (gmp)1>, <Rational  (gmp)1>, <Rational  (gmp)0>, <Rational  (gmp)0>, <Rational  (gmp)0>, <Rational  (gmp)0>, <Rational  (gmp)0>, <Rational  (gmp)0>]
DEBUG:2025-11-10 15:09:42,917 - (0.00s) - verify.py:175 - Apply risk done
DEBUG:2025-11-10 15:09:42,936 - (0.02s) - verify.py:182 - creating product done
DEBUG:2025-11-10 15:09:42,945 - (0.01s) - verify.py:193 - Finding specified trace
INFO:2025-11-10 15:10:21,851 - (38.91s) - generator.py:209 - no counterexamples above threshold
INFO:2025-11-10 15:10:21,852 - (0.00s) - generator.py:210 - --------------------
                                                            Synthesis summary:
                                                            constraint 1: P>(9 / 10) [F "stop"]
                                                            
                                                            method: AR, synthesis time: 38.89 s
                                                            number of holes: 15, family size: 1e12, quotient: 416 states / 3041 actions
                                                            explored: 100 %
                                                            MDP stats: avg MDP size: 29, iterations: 43599
                                                            
                                                            feasible: no
                                                            --------------------

INFO:2025-11-10 15:10:21,852 - (0.00s) - verify.py:208 - no counter example during verification
