2024-01-03 18:52:16,378 - cli.py - This is Paynt version 0.1.0.
2024-01-03 18:52:16,378 - sketch.py - loading sketch from models/mdp/sketches/dpm/switch-big-q10/sketch.templ ...
2024-01-03 18:52:16,378 - sketch.py - assuming sketch in PRISM format...
2024-01-03 18:52:16,400 - prism_parser.py - PRISM model type: MDP
2024-01-03 18:52:16,400 - prism_parser.py - processing hole definitions...
2024-01-03 18:52:16,401 - prism_parser.py - loading properties from models/mdp/sketches/dpm/switch-big-q10/sketch.props ...
2024-01-03 18:52:16,406 - prism_parser.py - found the following specification: constraints: P>=9/10 [F ((bat = 0) & (lost = 0))]; 
2024-01-03 18:52:16,407 - jani.py - constructing JANI program...
2024-01-03 18:52:16,418 - jani.py - constructing the quotient...
2024-01-03 18:52:16,907 - jani.py - associating choices of the quotient with hole assignments...
2024-01-03 18:52:17,057 - sketch.py - sketch parsing OK
2024-01-03 18:52:17,058 - sketch.py - constructed explicit quotient having 8767 states and 117194 actions
2024-01-03 18:52:17,058 - sketch.py - found the following specification constraints: P>=9/10 [F ((bat = 0) & (lost = 0))]; 
2024-01-03 18:52:17,140 - mdp_family.py - associating choices with action labels...
2024-01-03 18:52:17,262 - synthesizer.py - evaluation initiated, design space: 131220
> Progress 0.255%, elapsed 3 s, estimated 1175 s, iters = {MDP: 336}
> Progress 0.482%, elapsed 6 s, estimated 1244 s, iters = {MDP: 634}
> Progress 0.707%, elapsed 9 s, estimated 1273 s, iters = {MDP: 929}
> Progress 0.93%, elapsed 12 s, estimated 1291 s, iters = {MDP: 1222}
> Progress 1.147%, elapsed 15 s, estimated 1308 s, iters = {MDP: 1507}
> Progress 1.39%, elapsed 18 s, estimated 1295 s, iters = {MDP: 1826}
> Progress 1.626%, elapsed 21 s, estimated 1292 s, iters = {MDP: 2135}
> Progress 1.835%, elapsed 24 s, estimated 1309 s, iters = {MDP: 2409}
> Progress 2.045%, elapsed 27 s, estimated 1323 s, iters = {MDP: 2685}
> Progress 2.245%, elapsed 30 s, estimated 1338 s, iters = {MDP: 2948}
> Progress 2.45%, elapsed 33 s, estimated 1349 s, iters = {MDP: 3217}
> Progress 2.687%, elapsed 36 s, estimated 1342 s, iters = {MDP: 3527}
> Progress 2.892%, elapsed 39 s, estimated 1351 s, iters = {MDP: 3796}
> Progress 3.094%, elapsed 42 s, estimated 1360 s, iters = {MDP: 4062}
> Progress 3.299%, elapsed 45 s, estimated 1366 s, iters = {MDP: 4331}
> Progress 3.507%, elapsed 48 s, estimated 1371 s, iters = {MDP: 4603}
> Progress 3.705%, elapsed 51 s, estimated 1379 s, iters = {MDP: 4863}
> Progress 3.93%, elapsed 54 s, estimated 1376 s, iters = {MDP: 5159}
> Progress 4.138%, elapsed 57 s, estimated 1380 s, iters = {MDP: 5432}
> Progress 4.341%, elapsed 60 s, estimated 1384 s, iters = {MDP: 5698}
> Progress 4.535%, elapsed 63 s, estimated 1392 s, iters = {MDP: 5952}
> Progress 4.729%, elapsed 66 s, estimated 1398 s, iters = {MDP: 6207}
> Progress 4.918%, elapsed 69 s, estimated 1406 s, iters = {MDP: 6455}
> Progress 5.14%, elapsed 72 s, estimated 1403 s, iters = {MDP: 6747}
> Progress 5.344%, elapsed 75 s, estimated 1406 s, iters = {MDP: 7014}
> Progress 5.54%, elapsed 78 s, estimated 1410 s, iters = {MDP: 7271}
> Progress 5.734%, elapsed 81 s, estimated 1415 s, iters = {MDP: 7526}
> Progress 5.928%, elapsed 84 s, estimated 1419 s, iters = {MDP: 7780}
> Progress 6.113%, elapsed 87 s, estimated 1426 s, iters = {MDP: 8023}
> Progress 6.294%, elapsed 90 s, estimated 1432 s, iters = {MDP: 8260}
> Progress 6.489%, elapsed 93 s, estimated 1435 s, iters = {MDP: 8517}
> Progress 6.672%, elapsed 96 s, estimated 1441 s, iters = {MDP: 8756}
> Progress 6.854%, elapsed 99 s, estimated 1447 s, iters = {MDP: 8996}
> Progress 7.032%, elapsed 102 s, estimated 1453 s, iters = {MDP: 9229}
> Progress 7.202%, elapsed 105 s, estimated 1460 s, iters = {MDP: 9452}
> Progress 7.376%, elapsed 108 s, estimated 1467 s, iters = {MDP: 9680}
> Progress 7.575%, elapsed 111 s, estimated 1468 s, iters = {MDP: 9942}
> Progress 7.752%, elapsed 114 s, estimated 1473 s, iters = {MDP: 10174}
> Progress 7.904%, elapsed 117 s, estimated 1483 s, iters = {MDP: 10373}
> Progress 8.072%, elapsed 120 s, estimated 1489 s, iters = {MDP: 10594}
> Progress 8.222%, elapsed 123 s, estimated 1498 s, iters = {MDP: 10791}
> Progress 8.377%, elapsed 126 s, estimated 1507 s, iters = {MDP: 10994}
> Progress 8.53%, elapsed 129 s, estimated 1515 s, iters = {MDP: 11195}
> Progress 8.695%, elapsed 132 s, estimated 1521 s, iters = {MDP: 11411}
> Progress 8.882%, elapsed 135 s, estimated 1523 s, iters = {MDP: 11656}
> Progress 9.059%, elapsed 138 s, estimated 1526 s, iters = {MDP: 11889}
> Progress 9.235%, elapsed 141 s, estimated 1529 s, iters = {MDP: 12120}
> Progress 9.406%, elapsed 144 s, estimated 1534 s, iters = {MDP: 12344}
> Progress 9.576%, elapsed 147 s, estimated 1538 s, iters = {MDP: 12567}
> Progress 9.746%, elapsed 150 s, estimated 1542 s, iters = {MDP: 12791}
> Progress 9.91%, elapsed 153 s, estimated 1547 s, iters = {MDP: 13006}
> Progress 10.096%, elapsed 156 s, estimated 1548 s, iters = {MDP: 13250}
> Progress 10.27%, elapsed 159 s, estimated 1551 s, iters = {MDP: 13478}
> Progress 10.44%, elapsed 162 s, estimated 1555 s, iters = {MDP: 13701}
> Progress 10.605%, elapsed 165 s, estimated 1559 s, iters = {MDP: 13917}
> Progress 10.771%, elapsed 168 s, estimated 1563 s, iters = {MDP: 14136}
> Progress 10.941%, elapsed 171 s, estimated 1566 s, iters = {MDP: 14358}
> Progress 11.108%, elapsed 174 s, estimated 1569 s, iters = {MDP: 14577}
> Progress 11.292%, elapsed 177 s, estimated 1570 s, iters = {MDP: 14819}
> Progress 11.49%, elapsed 180 s, estimated 1569 s, iters = {MDP: 15079}
> Progress 11.678%, elapsed 183 s, estimated 1570 s, iters = {MDP: 15326}
> Progress 11.854%, elapsed 186 s, estimated 1572 s, iters = {MDP: 15556}
> Progress 12.032%, elapsed 189 s, estimated 1574 s, iters = {MDP: 15790}
> Progress 12.208%, elapsed 192 s, estimated 1576 s, iters = {MDP: 16021}
> Progress 12.384%, elapsed 195 s, estimated 1577 s, iters = {MDP: 16252}
> Progress 12.586%, elapsed 198 s, estimated 1576 s, iters = {MDP: 16517}
> Progress 12.793%, elapsed 201 s, estimated 1574 s, iters = {MDP: 16789}
> Progress 12.97%, elapsed 204 s, estimated 1576 s, iters = {MDP: 17021}
> Progress 13.133%, elapsed 207 s, estimated 1579 s, iters = {MDP: 17235}
> Progress 13.312%, elapsed 210 s, estimated 1580 s, iters = {MDP: 17470}
> Progress 13.498%, elapsed 213 s, estimated 1581 s, iters = {MDP: 17714}
> Progress 13.697%, elapsed 216 s, estimated 1580 s, iters = {MDP: 17975}
> Progress 13.904%, elapsed 219 s, estimated 1578 s, iters = {MDP: 18247}
> Progress 14.11%, elapsed 222 s, estimated 1576 s, iters = {MDP: 18517}
> Progress 14.295%, elapsed 225 s, estimated 1577 s, iters = {MDP: 18760}
> Progress 14.481%, elapsed 228 s, estimated 1577 s, iters = {MDP: 19004}
> Progress 14.667%, elapsed 231 s, estimated 1578 s, iters = {MDP: 19248}
> Progress 14.855%, elapsed 234 s, estimated 1578 s, iters = {MDP: 19495}
> Progress 15.066%, elapsed 237 s, estimated 1576 s, iters = {MDP: 19771}
> Progress 15.278%, elapsed 240 s, estimated 1574 s, iters = {MDP: 20049}
> Progress 15.469%, elapsed 243 s, estimated 1574 s, iters = {MDP: 20300}
> Progress 15.658%, elapsed 246 s, estimated 1574 s, iters = {MDP: 20548}
> Progress 15.843%, elapsed 249 s, estimated 1574 s, iters = {MDP: 20791}
> Progress 16.028%, elapsed 252 s, estimated 1575 s, iters = {MDP: 21033}
> Progress 16.215%, elapsed 255 s, estimated 1575 s, iters = {MDP: 21279}
> Progress 16.399%, elapsed 258 s, estimated 1576 s, iters = {MDP: 21520}
> Progress 16.596%, elapsed 261 s, estimated 1575 s, iters = {MDP: 21779}
> Progress 16.778%, elapsed 264 s, estimated 1576 s, iters = {MDP: 22018}
> Progress 16.95%, elapsed 267 s, estimated 1578 s, iters = {MDP: 22244}
> Progress 17.119%, elapsed 270 s, estimated 1580 s, iters = {MDP: 22465}
> Progress 17.264%, elapsed 273 s, estimated 1584 s, iters = {MDP: 22655}
> Progress 17.458%, elapsed 276 s, estimated 1584 s, iters = {MDP: 22910}
> Progress 17.657%, elapsed 279 s, estimated 1583 s, iters = {MDP: 23171}
> Progress 17.852%, elapsed 282 s, estimated 1582 s, iters = {MDP: 23427}
> Progress 18.033%, elapsed 285 s, estimated 1583 s, iters = {MDP: 23665}
> Progress 18.211%, elapsed 288 s, estimated 1584 s, iters = {MDP: 23898}
> Progress 18.385%, elapsed 291 s, estimated 1586 s, iters = {MDP: 24126}
> Progress 18.565%, elapsed 294 s, estimated 1587 s, iters = {MDP: 24362}
> Progress 18.762%, elapsed 297 s, estimated 1586 s, iters = {MDP: 24621}
> Progress 18.947%, elapsed 300 s, estimated 1586 s, iters = {MDP: 24864}
> Progress 19.132%, elapsed 303 s, estimated 1587 s, iters = {MDP: 25107}
> Progress 19.309%, elapsed 306 s, estimated 1588 s, iters = {MDP: 25339}
> Progress 19.482%, elapsed 309 s, estimated 1589 s, iters = {MDP: 25566}
> Progress 19.654%, elapsed 312 s, estimated 1590 s, iters = {MDP: 25791}
> Progress 19.816%, elapsed 315 s, estimated 1592 s, iters = {MDP: 26004}
> Progress 19.982%, elapsed 318 s, estimated 1594 s, iters = {MDP: 26222}
> Progress 20.162%, elapsed 321 s, estimated 1595 s, iters = {MDP: 26458}
> Progress 20.35%, elapsed 324 s, estimated 1595 s, iters = {MDP: 26705}
> Progress 20.513%, elapsed 327 s, estimated 1597 s, iters = {MDP: 26919}
> Progress 20.663%, elapsed 330 s, estimated 1600 s, iters = {MDP: 27116}
> Progress 20.816%, elapsed 333 s, estimated 1603 s, iters = {MDP: 27316}
> Progress 20.97%, elapsed 336 s, estimated 1605 s, iters = {MDP: 27518}
> Progress 21.164%, elapsed 339 s, estimated 1605 s, iters = {MDP: 27773}
> Progress 21.346%, elapsed 342 s, estimated 1605 s, iters = {MDP: 28012}
> Progress 21.531%, elapsed 345 s, estimated 1605 s, iters = {MDP: 28254}
> Progress 21.707%, elapsed 348 s, estimated 1606 s, iters = {MDP: 28485}
> Progress 21.884%, elapsed 351 s, estimated 1607 s, iters = {MDP: 28718}
> Progress 22.06%, elapsed 354 s, estimated 1608 s, iters = {MDP: 28949}
> Progress 22.232%, elapsed 357 s, estimated 1609 s, iters = {MDP: 29174}
> Progress 22.422%, elapsed 360 s, estimated 1609 s, iters = {MDP: 29424}
> Progress 22.613%, elapsed 363 s, estimated 1608 s, iters = {MDP: 29674}
> Progress 22.8%, elapsed 366 s, estimated 1608 s, iters = {MDP: 29920}
> Progress 22.974%, elapsed 369 s, estimated 1609 s, iters = {MDP: 30148}
> Progress 23.144%, elapsed 372 s, estimated 1610 s, iters = {MDP: 30371}
> Progress 23.318%, elapsed 375 s, estimated 1611 s, iters = {MDP: 30599}
> Progress 23.491%, elapsed 378 s, estimated 1612 s, iters = {MDP: 30827}
> Progress 23.68%, elapsed 381 s, estimated 1612 s, iters = {MDP: 31075}
> Progress 23.876%, elapsed 384 s, estimated 1611 s, iters = {MDP: 31332}
> Progress 24.062%, elapsed 387 s, estimated 1611 s, iters = {MDP: 31576}
> Progress 24.234%, elapsed 390 s, estimated 1612 s, iters = {MDP: 31802}
> Progress 24.406%, elapsed 393 s, estimated 1613 s, iters = {MDP: 32027}
> Progress 24.577%, elapsed 396 s, estimated 1614 s, iters = {MDP: 32252}
> Progress 24.753%, elapsed 399 s, estimated 1615 s, iters = {MDP: 32482}
> Progress 24.948%, elapsed 402 s, estimated 1614 s, iters = {MDP: 32738}
> Progress 25.147%, elapsed 405 s, estimated 1613 s, iters = {MDP: 33000}
> Progress 25.327%, elapsed 408 s, estimated 1614 s, iters = {MDP: 33236}
> Progress 25.504%, elapsed 411 s, estimated 1614 s, iters = {MDP: 33468}
> Progress 25.678%, elapsed 414 s, estimated 1615 s, iters = {MDP: 33696}
> Progress 25.852%, elapsed 417 s, estimated 1616 s, iters = {MDP: 33925}
> Progress 26.035%, elapsed 420 s, estimated 1616 s, iters = {MDP: 34165}
> Progress 26.229%, elapsed 423 s, estimated 1616 s, iters = {MDP: 34419}
> Progress 26.422%, elapsed 426 s, estimated 1615 s, iters = {MDP: 34673}
> Progress 26.597%, elapsed 429 s, estimated 1616 s, iters = {MDP: 34902}
> Progress 26.769%, elapsed 432 s, estimated 1617 s, iters = {MDP: 35128}
> Progress 26.941%, elapsed 435 s, estimated 1618 s, iters = {MDP: 35353}
> Progress 27.111%, elapsed 438 s, estimated 1619 s, iters = {MDP: 35577}
> Progress 27.298%, elapsed 441 s, estimated 1618 s, iters = {MDP: 35822}
> Progress 27.492%, elapsed 444 s, estimated 1618 s, iters = {MDP: 36077}
> Progress 27.688%, elapsed 447 s, estimated 1617 s, iters = {MDP: 36334}
> Progress 27.861%, elapsed 450 s, estimated 1618 s, iters = {MDP: 36561}
> Progress 28.036%, elapsed 453 s, estimated 1619 s, iters = {MDP: 36790}
> Progress 28.208%, elapsed 456 s, estimated 1620 s, iters = {MDP: 37016}
> Progress 28.379%, elapsed 459 s, estimated 1620 s, iters = {MDP: 37241}
> Progress 28.569%, elapsed 462 s, estimated 1620 s, iters = {MDP: 37490}
> Progress 28.767%, elapsed 465 s, estimated 1619 s, iters = {MDP: 37750}
> Progress 28.96%, elapsed 469 s, estimated 1619 s, iters = {MDP: 38003}
> Progress 29.136%, elapsed 472 s, estimated 1619 s, iters = {MDP: 38234}
> Progress 29.307%, elapsed 475 s, estimated 1620 s, iters = {MDP: 38458}
> Progress 29.481%, elapsed 478 s, estimated 1621 s, iters = {MDP: 38686}
> Progress 29.651%, elapsed 481 s, estimated 1622 s, iters = {MDP: 38910}
> Progress 29.839%, elapsed 484 s, estimated 1622 s, iters = {MDP: 39156}
> Progress 30.034%, elapsed 487 s, estimated 1621 s, iters = {MDP: 39412}
> Progress 30.215%, elapsed 490 s, estimated 1621 s, iters = {MDP: 39650}
> Progress 30.387%, elapsed 493 s, estimated 1622 s, iters = {MDP: 39876}
> Progress 30.554%, elapsed 496 s, estimated 1623 s, iters = {MDP: 40094}
> Progress 30.721%, elapsed 499 s, estimated 1624 s, iters = {MDP: 40314}
> Progress 30.89%, elapsed 502 s, estimated 1625 s, iters = {MDP: 40536}
> Progress 31.075%, elapsed 505 s, estimated 1625 s, iters = {MDP: 40778}
> Progress 31.271%, elapsed 508 s, estimated 1624 s, iters = {MDP: 41036}
> Progress 31.455%, elapsed 511 s, estimated 1624 s, iters = {MDP: 41277}
> Progress 31.621%, elapsed 514 s, estimated 1625 s, iters = {MDP: 41495}
> Progress 31.792%, elapsed 517 s, estimated 1626 s, iters = {MDP: 41719}
> Progress 31.963%, elapsed 520 s, estimated 1627 s, iters = {MDP: 41943}
> Progress 32.136%, elapsed 523 s, estimated 1627 s, iters = {MDP: 42171}
> Progress 32.328%, elapsed 526 s, estimated 1627 s, iters = {MDP: 42422}
> Progress 32.527%, elapsed 529 s, estimated 1626 s, iters = {MDP: 42683}
> Progress 32.671%, elapsed 532 s, estimated 1628 s, iters = {MDP: 42873}
> Progress 32.845%, elapsed 535 s, estimated 1629 s, iters = {MDP: 43101}
> Progress 33.02%, elapsed 538 s, estimated 1629 s, iters = {MDP: 43330}
> Progress 33.194%, elapsed 541 s, estimated 1630 s, iters = {MDP: 43559}
> Progress 33.363%, elapsed 544 s, estimated 1631 s, iters = {MDP: 43781}
> Progress 33.557%, elapsed 547 s, estimated 1630 s, iters = {MDP: 44035}
> Progress 33.759%, elapsed 550 s, estimated 1629 s, iters = {MDP: 44300}
> Progress 33.956%, elapsed 553 s, estimated 1629 s, iters = {MDP: 44559}
> Progress 34.153%, elapsed 556 s, estimated 1628 s, iters = {MDP: 44817}
> Progress 34.353%, elapsed 559 s, estimated 1627 s, iters = {MDP: 45080}
> Progress 34.541%, elapsed 562 s, estimated 1627 s, iters = {MDP: 45327}
> Progress 34.734%, elapsed 565 s, estimated 1627 s, iters = {MDP: 45579}
> Progress 34.929%, elapsed 568 s, estimated 1626 s, iters = {MDP: 45835}
> Progress 35.114%, elapsed 571 s, estimated 1626 s, iters = {MDP: 46078}
> Progress 35.306%, elapsed 574 s, estimated 1626 s, iters = {MDP: 46330}
> Progress 35.496%, elapsed 577 s, estimated 1626 s, iters = {MDP: 46580}
> Progress 35.694%, elapsed 580 s, estimated 1625 s, iters = {MDP: 46839}
> Progress 35.889%, elapsed 583 s, estimated 1625 s, iters = {MDP: 47095}
> Progress 36.077%, elapsed 586 s, estimated 1625 s, iters = {MDP: 47342}
> Progress 36.271%, elapsed 589 s, estimated 1624 s, iters = {MDP: 47597}
> Progress 36.463%, elapsed 592 s, estimated 1624 s, iters = {MDP: 47849}
> Progress 36.654%, elapsed 595 s, estimated 1624 s, iters = {MDP: 48099}
> Progress 36.853%, elapsed 598 s, estimated 1623 s, iters = {MDP: 48360}
> Progress 37.049%, elapsed 601 s, estimated 1622 s, iters = {MDP: 48617}
> Progress 37.241%, elapsed 604 s, estimated 1622 s, iters = {MDP: 48869}
> Progress 37.437%, elapsed 607 s, estimated 1622 s, iters = {MDP: 49126}
> Progress 37.641%, elapsed 610 s, estimated 1621 s, iters = {MDP: 49394}
> Progress 37.838%, elapsed 613 s, estimated 1620 s, iters = {MDP: 49653}
> Progress 38.037%, elapsed 616 s, estimated 1620 s, iters = {MDP: 49914}
> Progress 38.241%, elapsed 619 s, estimated 1619 s, iters = {MDP: 50181}
> Progress 38.443%, elapsed 622 s, estimated 1618 s, iters = {MDP: 50447}
> Progress 38.643%, elapsed 625 s, estimated 1618 s, iters = {MDP: 50709}
> Progress 38.84%, elapsed 628 s, estimated 1617 s, iters = {MDP: 50968}
> Progress 39.035%, elapsed 631 s, estimated 1617 s, iters = {MDP: 51223}
> Progress 39.23%, elapsed 634 s, estimated 1617 s, iters = {MDP: 51479}
> Progress 39.41%, elapsed 637 s, estimated 1617 s, iters = {MDP: 51716}
> Progress 39.581%, elapsed 640 s, estimated 1617 s, iters = {MDP: 51940}
> Progress 39.741%, elapsed 643 s, estimated 1618 s, iters = {MDP: 52150}
> Progress 39.907%, elapsed 646 s, estimated 1619 s, iters = {MDP: 52367}
> Progress 40.086%, elapsed 649 s, estimated 1620 s, iters = {MDP: 52603}
> Progress 40.275%, elapsed 652 s, estimated 1619 s, iters = {MDP: 52851}
> Progress 40.474%, elapsed 655 s, estimated 1619 s, iters = {MDP: 53112}
> Progress 40.683%, elapsed 658 s, estimated 1618 s, iters = {MDP: 53386}
> Progress 40.892%, elapsed 661 s, estimated 1617 s, iters = {MDP: 53660}
> Progress 41.097%, elapsed 664 s, estimated 1616 s, iters = {MDP: 53929}
> Progress 41.299%, elapsed 667 s, estimated 1616 s, iters = {MDP: 54194}
> Progress 41.507%, elapsed 670 s, estimated 1615 s, iters = {MDP: 54467}
> Progress 41.717%, elapsed 673 s, estimated 1614 s, iters = {MDP: 54743}
> Progress 41.921%, elapsed 676 s, estimated 1613 s, iters = {MDP: 55011}
> Progress 42.132%, elapsed 679 s, estimated 1612 s, iters = {MDP: 55287}
> Progress 42.313%, elapsed 682 s, estimated 1612 s, iters = {MDP: 55525}
> Progress 42.507%, elapsed 685 s, estimated 1612 s, iters = {MDP: 55779}
> Progress 42.707%, elapsed 688 s, estimated 1612 s, iters = {MDP: 56042}
> Progress 42.914%, elapsed 691 s, estimated 1611 s, iters = {MDP: 56314}
> Progress 43.123%, elapsed 694 s, estimated 1610 s, iters = {MDP: 56588}
> Progress 43.324%, elapsed 697 s, estimated 1609 s, iters = {MDP: 56851}
> Progress 43.527%, elapsed 700 s, estimated 1609 s, iters = {MDP: 57118}
> Progress 43.731%, elapsed 703 s, estimated 1608 s, iters = {MDP: 57385}
> Progress 43.933%, elapsed 706 s, estimated 1608 s, iters = {MDP: 57651}
> Progress 44.141%, elapsed 709 s, estimated 1607 s, iters = {MDP: 57924}
> Progress 44.334%, elapsed 712 s, estimated 1607 s, iters = {MDP: 58177}
> Progress 44.522%, elapsed 715 s, estimated 1607 s, iters = {MDP: 58423}
> Progress 44.716%, elapsed 718 s, estimated 1606 s, iters = {MDP: 58678}
> Progress 44.924%, elapsed 721 s, estimated 1606 s, iters = {MDP: 58951}
> Progress 45.134%, elapsed 724 s, estimated 1605 s, iters = {MDP: 59226}
> Progress 45.34%, elapsed 727 s, estimated 1604 s, iters = {MDP: 59497}
> Progress 45.554%, elapsed 730 s, estimated 1603 s, iters = {MDP: 59778}
> Progress 45.756%, elapsed 733 s, estimated 1603 s, iters = {MDP: 60043}
> Progress 45.941%, elapsed 736 s, estimated 1603 s, iters = {MDP: 60286}
> Progress 46.117%, elapsed 739 s, estimated 1603 s, iters = {MDP: 60516}
> Progress 46.303%, elapsed 742 s, estimated 1603 s, iters = {MDP: 60761}
> Progress 46.499%, elapsed 745 s, estimated 1603 s, iters = {MDP: 61018}
> Progress 46.689%, elapsed 748 s, estimated 1603 s, iters = {MDP: 61267}
> Progress 46.883%, elapsed 751 s, estimated 1603 s, iters = {MDP: 61522}
> Progress 47.078%, elapsed 754 s, estimated 1602 s, iters = {MDP: 61778}
> Progress 47.266%, elapsed 757 s, estimated 1602 s, iters = {MDP: 62024}
> Progress 47.447%, elapsed 760 s, estimated 1603 s, iters = {MDP: 62261}
> Progress 47.635%, elapsed 763 s, estimated 1603 s, iters = {MDP: 62508}
> Progress 47.831%, elapsed 766 s, estimated 1602 s, iters = {MDP: 62765}
> Progress 48.025%, elapsed 769 s, estimated 1602 s, iters = {MDP: 63020}
> Progress 48.22%, elapsed 772 s, estimated 1602 s, iters = {MDP: 63276}
> Progress 48.414%, elapsed 775 s, estimated 1602 s, iters = {MDP: 63530}
> Progress 48.604%, elapsed 778 s, estimated 1602 s, iters = {MDP: 63780}
> Progress 48.798%, elapsed 781 s, estimated 1601 s, iters = {MDP: 64035}
> Progress 48.994%, elapsed 784 s, estimated 1601 s, iters = {MDP: 64292}
> Progress 49.181%, elapsed 787 s, estimated 1601 s, iters = {MDP: 64537}
> Progress 49.362%, elapsed 790 s, estimated 1601 s, iters = {MDP: 64774}
> Progress 49.555%, elapsed 793 s, estimated 1601 s, iters = {MDP: 65028}
> Progress 49.752%, elapsed 796 s, estimated 1601 s, iters = {MDP: 65286}
> Progress 49.948%, elapsed 799 s, estimated 1601 s, iters = {MDP: 65544}
> Progress 50.144%, elapsed 802 s, estimated 1600 s, iters = {MDP: 65801}
> Progress 50.345%, elapsed 805 s, estimated 1600 s, iters = {MDP: 66064}
> Progress 50.541%, elapsed 808 s, estimated 1600 s, iters = {MDP: 66322}
> Progress 50.739%, elapsed 811 s, estimated 1599 s, iters = {MDP: 66582}
> Progress 50.941%, elapsed 814 s, estimated 1599 s, iters = {MDP: 66847}
> Progress 51.135%, elapsed 817 s, estimated 1599 s, iters = {MDP: 67101}
> Progress 51.319%, elapsed 820 s, estimated 1599 s, iters = {MDP: 67342}
> Progress 51.515%, elapsed 823 s, estimated 1599 s, iters = {MDP: 67599}
> Progress 51.715%, elapsed 826 s, estimated 1598 s, iters = {MDP: 67862}
> Progress 51.918%, elapsed 829 s, estimated 1598 s, iters = {MDP: 68128}
> Progress 52.117%, elapsed 832 s, estimated 1597 s, iters = {MDP: 68390}
> Progress 52.315%, elapsed 835 s, estimated 1597 s, iters = {MDP: 68649}
> Progress 52.51%, elapsed 838 s, estimated 1597 s, iters = {MDP: 68905}
> Progress 52.703%, elapsed 841 s, estimated 1597 s, iters = {MDP: 69159}
> Progress 52.895%, elapsed 844 s, estimated 1597 s, iters = {MDP: 69410}
> Progress 53.082%, elapsed 847 s, estimated 1597 s, iters = {MDP: 69656}
> Progress 53.259%, elapsed 850 s, estimated 1597 s, iters = {MDP: 69888}
> Progress 53.404%, elapsed 853 s, estimated 1598 s, iters = {MDP: 70078}
> Progress 53.597%, elapsed 856 s, estimated 1598 s, iters = {MDP: 70331}
> Progress 53.794%, elapsed 859 s, estimated 1598 s, iters = {MDP: 70590}
> Progress 53.988%, elapsed 862 s, estimated 1598 s, iters = {MDP: 70845}
> Progress 54.18%, elapsed 865 s, estimated 1598 s, iters = {MDP: 71097}
> Progress 54.373%, elapsed 868 s, estimated 1597 s, iters = {MDP: 71350}
> Progress 54.561%, elapsed 871 s, estimated 1597 s, iters = {MDP: 71596}
> Progress 54.756%, elapsed 874 s, estimated 1597 s, iters = {MDP: 71852}
> Progress 54.935%, elapsed 877 s, estimated 1598 s, iters = {MDP: 72088}
> Progress 55.118%, elapsed 880 s, estimated 1598 s, iters = {MDP: 72328}
> Progress 55.311%, elapsed 883 s, estimated 1598 s, iters = {MDP: 72581}
> Progress 55.509%, elapsed 886 s, estimated 1597 s, iters = {MDP: 72840}
> Progress 55.699%, elapsed 889 s, estimated 1597 s, iters = {MDP: 73090}
> Progress 55.888%, elapsed 892 s, estimated 1597 s, iters = {MDP: 73338}
> Progress 56.076%, elapsed 895 s, estimated 1597 s, iters = {MDP: 73585}
> Progress 56.263%, elapsed 898 s, estimated 1597 s, iters = {MDP: 73830}
> Progress 56.46%, elapsed 901 s, estimated 1597 s, iters = {MDP: 74088}
> Progress 56.658%, elapsed 904 s, estimated 1597 s, iters = {MDP: 74348}
> Progress 56.841%, elapsed 907 s, estimated 1597 s, iters = {MDP: 74588}
> Progress 57.016%, elapsed 910 s, estimated 1597 s, iters = {MDP: 74818}
> Progress 57.204%, elapsed 913 s, estimated 1597 s, iters = {MDP: 75065}
> Progress 57.385%, elapsed 916 s, estimated 1597 s, iters = {MDP: 75302}
> Progress 57.562%, elapsed 919 s, estimated 1598 s, iters = {MDP: 75534}
> Progress 57.76%, elapsed 922 s, estimated 1597 s, iters = {MDP: 75794}
> Progress 57.959%, elapsed 925 s, estimated 1597 s, iters = {MDP: 76056}
> Progress 58.15%, elapsed 928 s, estimated 1597 s, iters = {MDP: 76306}
> Progress 58.345%, elapsed 931 s, estimated 1597 s, iters = {MDP: 76562}
> Progress 58.542%, elapsed 934 s, estimated 1597 s, iters = {MDP: 76821}
> Progress 58.732%, elapsed 937 s, estimated 1597 s, iters = {MDP: 77070}
> Progress 58.914%, elapsed 941 s, estimated 1597 s, iters = {MDP: 77309}
> Progress 59.11%, elapsed 944 s, estimated 1597 s, iters = {MDP: 77566}
> Progress 59.308%, elapsed 947 s, estimated 1596 s, iters = {MDP: 77825}
> Progress 59.5%, elapsed 950 s, estimated 1596 s, iters = {MDP: 78078}
> Progress 59.694%, elapsed 953 s, estimated 1596 s, iters = {MDP: 78332}
> Progress 59.892%, elapsed 956 s, estimated 1596 s, iters = {MDP: 78592}
> Progress 60.09%, elapsed 959 s, estimated 1595 s, iters = {MDP: 78852}
> Progress 60.291%, elapsed 962 s, estimated 1595 s, iters = {MDP: 79115}
> Progress 60.49%, elapsed 965 s, estimated 1595 s, iters = {MDP: 79376}
> Progress 60.682%, elapsed 968 s, estimated 1595 s, iters = {MDP: 79628}
> Progress 60.861%, elapsed 971 s, estimated 1595 s, iters = {MDP: 79864}
> Progress 61.059%, elapsed 974 s, estimated 1595 s, iters = {MDP: 80123}
> Progress 61.258%, elapsed 977 s, estimated 1594 s, iters = {MDP: 80385}
> Progress 61.463%, elapsed 980 s, estimated 1594 s, iters = {MDP: 80654}
> Progress 61.669%, elapsed 983 s, estimated 1594 s, iters = {MDP: 80924}
> Progress 61.859%, elapsed 986 s, estimated 1594 s, iters = {MDP: 81173}
> Progress 62.056%, elapsed 989 s, estimated 1593 s, iters = {MDP: 81432}
> Progress 62.249%, elapsed 992 s, estimated 1593 s, iters = {MDP: 81685}
> Progress 62.443%, elapsed 995 s, estimated 1593 s, iters = {MDP: 81940}
> Progress 62.626%, elapsed 998 s, estimated 1593 s, iters = {MDP: 82179}
> Progress 62.81%, elapsed 1001 s, estimated 1593 s, iters = {MDP: 82421}
> Progress 63.004%, elapsed 1004 s, estimated 1593 s, iters = {MDP: 82675}
> Progress 63.2%, elapsed 1007 s, estimated 1593 s, iters = {MDP: 82933}
> Progress 63.395%, elapsed 1010 s, estimated 1593 s, iters = {MDP: 83189}
> Progress 63.597%, elapsed 1013 s, estimated 1593 s, iters = {MDP: 83453}
> Progress 63.801%, elapsed 1016 s, estimated 1592 s, iters = {MDP: 83721}
> Progress 64.002%, elapsed 1019 s, estimated 1592 s, iters = {MDP: 83985}
> Progress 64.204%, elapsed 1022 s, estimated 1592 s, iters = {MDP: 84250}
> Progress 64.402%, elapsed 1025 s, estimated 1591 s, iters = {MDP: 84510}
> Progress 64.585%, elapsed 1028 s, estimated 1591 s, iters = {MDP: 84750}
> Progress 64.766%, elapsed 1031 s, estimated 1592 s, iters = {MDP: 84988}
> Progress 64.967%, elapsed 1034 s, estimated 1591 s, iters = {MDP: 85251}
> Progress 65.163%, elapsed 1037 s, estimated 1591 s, iters = {MDP: 85509}
> Progress 65.362%, elapsed 1040 s, estimated 1591 s, iters = {MDP: 85770}
> Progress 65.56%, elapsed 1043 s, estimated 1591 s, iters = {MDP: 86029}
> Progress 65.756%, elapsed 1046 s, estimated 1591 s, iters = {MDP: 86287}
> Progress 65.956%, elapsed 1049 s, estimated 1590 s, iters = {MDP: 86549}
> Progress 66.151%, elapsed 1052 s, estimated 1590 s, iters = {MDP: 86805}
> Progress 66.346%, elapsed 1055 s, estimated 1590 s, iters = {MDP: 87061}
> Progress 66.537%, elapsed 1058 s, estimated 1590 s, iters = {MDP: 87311}
> Progress 66.716%, elapsed 1061 s, estimated 1590 s, iters = {MDP: 87546}
> Progress 66.901%, elapsed 1064 s, estimated 1590 s, iters = {MDP: 87789}
> Progress 67.098%, elapsed 1067 s, estimated 1590 s, iters = {MDP: 88047}
> Progress 67.293%, elapsed 1070 s, estimated 1590 s, iters = {MDP: 88303}
> Progress 67.484%, elapsed 1073 s, estimated 1590 s, iters = {MDP: 88554}
> Progress 67.674%, elapsed 1076 s, estimated 1590 s, iters = {MDP: 88803}
> Progress 67.866%, elapsed 1079 s, estimated 1590 s, iters = {MDP: 89056}
> Progress 68.06%, elapsed 1082 s, estimated 1590 s, iters = {MDP: 89310}
> Progress 68.252%, elapsed 1085 s, estimated 1590 s, iters = {MDP: 89562}
> Progress 68.438%, elapsed 1088 s, estimated 1590 s, iters = {MDP: 89806}
> Progress 68.615%, elapsed 1091 s, estimated 1590 s, iters = {MDP: 90038}
> Progress 68.802%, elapsed 1094 s, estimated 1590 s, iters = {MDP: 90283}
> Progress 68.991%, elapsed 1097 s, estimated 1590 s, iters = {MDP: 90531}
> Progress 69.175%, elapsed 1100 s, estimated 1590 s, iters = {MDP: 90773}
> Progress 69.366%, elapsed 1103 s, estimated 1590 s, iters = {MDP: 91024}
> Progress 69.551%, elapsed 1106 s, estimated 1590 s, iters = {MDP: 91266}
> Progress 69.727%, elapsed 1109 s, estimated 1590 s, iters = {MDP: 91498}
> Progress 69.9%, elapsed 1112 s, estimated 1591 s, iters = {MDP: 91725}
> Progress 70.086%, elapsed 1115 s, estimated 1591 s, iters = {MDP: 91968}
> Progress 70.264%, elapsed 1118 s, estimated 1591 s, iters = {MDP: 92202}
> Progress 70.438%, elapsed 1121 s, estimated 1592 s, iters = {MDP: 92430}
> Progress 70.629%, elapsed 1124 s, estimated 1591 s, iters = {MDP: 92681}
> Progress 70.819%, elapsed 1127 s, estimated 1591 s, iters = {MDP: 92930}
> Progress 71.002%, elapsed 1130 s, estimated 1592 s, iters = {MDP: 93170}
> Progress 71.19%, elapsed 1133 s, estimated 1592 s, iters = {MDP: 93417}
> Progress 71.377%, elapsed 1136 s, estimated 1592 s, iters = {MDP: 93663}
> Progress 71.562%, elapsed 1139 s, estimated 1592 s, iters = {MDP: 93905}
> Progress 71.753%, elapsed 1142 s, estimated 1592 s, iters = {MDP: 94156}
> Progress 71.943%, elapsed 1145 s, estimated 1592 s, iters = {MDP: 94405}
> Progress 72.121%, elapsed 1148 s, estimated 1592 s, iters = {MDP: 94639}
> Progress 72.297%, elapsed 1151 s, estimated 1592 s, iters = {MDP: 94870}
> Progress 72.489%, elapsed 1154 s, estimated 1592 s, iters = {MDP: 95122}
> Progress 72.683%, elapsed 1157 s, estimated 1592 s, iters = {MDP: 95376}
> Progress 72.873%, elapsed 1160 s, estimated 1592 s, iters = {MDP: 95625}
> Progress 73.069%, elapsed 1163 s, estimated 1592 s, iters = {MDP: 95883}
> Progress 73.254%, elapsed 1166 s, estimated 1592 s, iters = {MDP: 96125}
> Progress 73.449%, elapsed 1169 s, estimated 1592 s, iters = {MDP: 96381}
> Progress 73.641%, elapsed 1172 s, estimated 1592 s, iters = {MDP: 96634}
> Progress 73.835%, elapsed 1175 s, estimated 1592 s, iters = {MDP: 96888}
> Progress 74.026%, elapsed 1178 s, estimated 1592 s, iters = {MDP: 97138}
> Progress 74.202%, elapsed 1181 s, estimated 1592 s, iters = {MDP: 97369}
> Progress 74.391%, elapsed 1184 s, estimated 1592 s, iters = {MDP: 97617}
> Progress 74.587%, elapsed 1187 s, estimated 1592 s, iters = {MDP: 97875}
> Progress 74.77%, elapsed 1190 s, estimated 1592 s, iters = {MDP: 98115}
> Progress 74.955%, elapsed 1193 s, estimated 1592 s, iters = {MDP: 98357}
> Progress 75.159%, elapsed 1196 s, estimated 1592 s, iters = {MDP: 98625}
> Progress 75.361%, elapsed 1199 s, estimated 1591 s, iters = {MDP: 98891}
> Progress 75.57%, elapsed 1202 s, estimated 1591 s, iters = {MDP: 99165}
> Progress 75.778%, elapsed 1205 s, estimated 1590 s, iters = {MDP: 99438}
> Progress 75.983%, elapsed 1208 s, estimated 1590 s, iters = {MDP: 99706}
> Progress 76.192%, elapsed 1211 s, estimated 1590 s, iters = {MDP: 99981}
> Progress 76.37%, elapsed 1214 s, estimated 1590 s, iters = {MDP: 100214}
> Progress 76.555%, elapsed 1217 s, estimated 1590 s, iters = {MDP: 100457}
> Progress 76.758%, elapsed 1220 s, estimated 1590 s, iters = {MDP: 100724}
> Progress 76.968%, elapsed 1223 s, estimated 1589 s, iters = {MDP: 100999}
> Progress 77.178%, elapsed 1226 s, estimated 1589 s, iters = {MDP: 101275}
> Progress 77.388%, elapsed 1229 s, estimated 1588 s, iters = {MDP: 101550}
> Progress 77.564%, elapsed 1232 s, estimated 1589 s, iters = {MDP: 101781}
> Progress 77.742%, elapsed 1235 s, estimated 1589 s, iters = {MDP: 102015}
> Progress 77.924%, elapsed 1238 s, estimated 1589 s, iters = {MDP: 102253}
> Progress 78.103%, elapsed 1241 s, estimated 1589 s, iters = {MDP: 102489}
> Progress 78.29%, elapsed 1244 s, estimated 1589 s, iters = {MDP: 102734}
> Progress 78.485%, elapsed 1247 s, estimated 1589 s, iters = {MDP: 102990}
> Progress 78.677%, elapsed 1250 s, estimated 1589 s, iters = {MDP: 103241}
> Progress 78.873%, elapsed 1253 s, estimated 1589 s, iters = {MDP: 103499}
> Progress 79.019%, elapsed 1256 s, estimated 1590 s, iters = {MDP: 103691}
> Progress 79.217%, elapsed 1259 s, estimated 1590 s, iters = {MDP: 103950}
> Progress 79.408%, elapsed 1262 s, estimated 1590 s, iters = {MDP: 104201}
> Progress 79.599%, elapsed 1265 s, estimated 1590 s, iters = {MDP: 104452}
> Progress 79.778%, elapsed 1268 s, estimated 1590 s, iters = {MDP: 104687}
> Progress 79.955%, elapsed 1271 s, estimated 1590 s, iters = {MDP: 104918}
> Progress 80.144%, elapsed 1274 s, estimated 1590 s, iters = {MDP: 105167}
> Progress 80.334%, elapsed 1277 s, estimated 1590 s, iters = {MDP: 105416}
> Progress 80.527%, elapsed 1280 s, estimated 1590 s, iters = {MDP: 105669}
> Progress 80.717%, elapsed 1283 s, estimated 1590 s, iters = {MDP: 105919}
> Progress 80.908%, elapsed 1286 s, estimated 1590 s, iters = {MDP: 106169}
> Progress 81.097%, elapsed 1289 s, estimated 1590 s, iters = {MDP: 106417}
> Progress 81.283%, elapsed 1292 s, estimated 1590 s, iters = {MDP: 106661}
> Progress 81.473%, elapsed 1295 s, estimated 1590 s, iters = {MDP: 106910}
> Progress 81.654%, elapsed 1298 s, estimated 1590 s, iters = {MDP: 107148}
> Progress 81.835%, elapsed 1301 s, estimated 1590 s, iters = {MDP: 107385}
> Progress 82.025%, elapsed 1304 s, estimated 1590 s, iters = {MDP: 107635}
> Progress 82.217%, elapsed 1307 s, estimated 1590 s, iters = {MDP: 107887}
> Progress 82.408%, elapsed 1310 s, estimated 1590 s, iters = {MDP: 108137}
> Progress 82.597%, elapsed 1313 s, estimated 1590 s, iters = {MDP: 108385}
> Progress 82.789%, elapsed 1316 s, estimated 1590 s, iters = {MDP: 108637}
> Progress 82.982%, elapsed 1319 s, estimated 1590 s, iters = {MDP: 108891}
> Progress 83.175%, elapsed 1322 s, estimated 1590 s, iters = {MDP: 109144}
> Progress 83.369%, elapsed 1325 s, estimated 1590 s, iters = {MDP: 109398}
> Progress 83.551%, elapsed 1328 s, estimated 1590 s, iters = {MDP: 109637}
> Progress 83.728%, elapsed 1331 s, estimated 1590 s, iters = {MDP: 109869}
> Progress 83.924%, elapsed 1334 s, estimated 1590 s, iters = {MDP: 110127}
> Progress 84.121%, elapsed 1337 s, estimated 1590 s, iters = {MDP: 110385}
> Progress 84.307%, elapsed 1340 s, estimated 1590 s, iters = {MDP: 110629}
> Progress 84.496%, elapsed 1343 s, estimated 1590 s, iters = {MDP: 110877}
> Progress 84.685%, elapsed 1346 s, estimated 1590 s, iters = {MDP: 111125}
> Progress 84.872%, elapsed 1349 s, estimated 1590 s, iters = {MDP: 111371}
> Progress 85.064%, elapsed 1352 s, estimated 1590 s, iters = {MDP: 111622}
> Progress 85.259%, elapsed 1355 s, estimated 1590 s, iters = {MDP: 111878}
> Progress 85.443%, elapsed 1358 s, estimated 1590 s, iters = {MDP: 112120}
> Progress 85.621%, elapsed 1361 s, estimated 1590 s, iters = {MDP: 112353}
> Progress 85.81%, elapsed 1364 s, estimated 1590 s, iters = {MDP: 112601}
> Progress 86.002%, elapsed 1367 s, estimated 1590 s, iters = {MDP: 112854}
> Progress 86.192%, elapsed 1370 s, estimated 1590 s, iters = {MDP: 113103}
> Progress 86.384%, elapsed 1373 s, estimated 1590 s, iters = {MDP: 113355}
> Progress 86.584%, elapsed 1376 s, estimated 1590 s, iters = {MDP: 113617}
> Progress 86.777%, elapsed 1379 s, estimated 1590 s, iters = {MDP: 113870}
> Progress 86.971%, elapsed 1382 s, estimated 1590 s, iters = {MDP: 114125}
> Progress 87.166%, elapsed 1385 s, estimated 1589 s, iters = {MDP: 114381}
> Progress 87.348%, elapsed 1388 s, estimated 1590 s, iters = {MDP: 114620}
> Progress 87.533%, elapsed 1391 s, estimated 1590 s, iters = {MDP: 114863}
> Progress 87.733%, elapsed 1394 s, estimated 1589 s, iters = {MDP: 115125}
> Progress 87.924%, elapsed 1397 s, estimated 1589 s, iters = {MDP: 115376}
> Progress 88.117%, elapsed 1400 s, estimated 1589 s, iters = {MDP: 115629}
> Progress 88.311%, elapsed 1403 s, estimated 1589 s, iters = {MDP: 115884}
> Progress 88.508%, elapsed 1406 s, estimated 1589 s, iters = {MDP: 116142}
> Progress 88.702%, elapsed 1409 s, estimated 1589 s, iters = {MDP: 116396}
> Progress 88.891%, elapsed 1412 s, estimated 1589 s, iters = {MDP: 116644}
> Progress 89.081%, elapsed 1415 s, estimated 1589 s, iters = {MDP: 116894}
> Progress 89.251%, elapsed 1418 s, estimated 1589 s, iters = {MDP: 117117}
> Progress 89.431%, elapsed 1421 s, estimated 1590 s, iters = {MDP: 117353}
> Progress 89.614%, elapsed 1424 s, estimated 1590 s, iters = {MDP: 117593}
> Progress 89.801%, elapsed 1427 s, estimated 1590 s, iters = {MDP: 117839}
> Progress 89.99%, elapsed 1431 s, estimated 1590 s, iters = {MDP: 118087}
> Progress 90.182%, elapsed 1434 s, estimated 1590 s, iters = {MDP: 118339}
> Progress 90.358%, elapsed 1437 s, estimated 1590 s, iters = {MDP: 118570}
> Progress 90.544%, elapsed 1440 s, estimated 1590 s, iters = {MDP: 118813}
> Progress 90.735%, elapsed 1443 s, estimated 1590 s, iters = {MDP: 119064}
> Progress 90.922%, elapsed 1446 s, estimated 1590 s, iters = {MDP: 119310}
> Progress 91.098%, elapsed 1449 s, estimated 1590 s, iters = {MDP: 119541}
> Progress 91.278%, elapsed 1452 s, estimated 1590 s, iters = {MDP: 119776}
> Progress 91.471%, elapsed 1455 s, estimated 1590 s, iters = {MDP: 120030}
> Progress 91.662%, elapsed 1458 s, estimated 1590 s, iters = {MDP: 120280}
> Progress 91.846%, elapsed 1461 s, estimated 1590 s, iters = {MDP: 120522}
> Progress 92.03%, elapsed 1464 s, estimated 1590 s, iters = {MDP: 120763}
> Progress 92.235%, elapsed 1467 s, estimated 1590 s, iters = {MDP: 121032}
> Progress 92.445%, elapsed 1470 s, estimated 1590 s, iters = {MDP: 121308}
> Progress 92.652%, elapsed 1473 s, estimated 1589 s, iters = {MDP: 121580}
> Progress 92.849%, elapsed 1476 s, estimated 1589 s, iters = {MDP: 121838}
> Progress 93.058%, elapsed 1479 s, estimated 1589 s, iters = {MDP: 122112}
> Progress 93.264%, elapsed 1482 s, estimated 1589 s, iters = {MDP: 122383}
> Progress 93.473%, elapsed 1485 s, estimated 1588 s, iters = {MDP: 122657}
> Progress 93.686%, elapsed 1488 s, estimated 1588 s, iters = {MDP: 122937}
> Progress 93.903%, elapsed 1491 s, estimated 1587 s, iters = {MDP: 123221}
> Progress 94.094%, elapsed 1494 s, estimated 1587 s, iters = {MDP: 123472}
> Progress 94.304%, elapsed 1497 s, estimated 1587 s, iters = {MDP: 123748}
> Progress 94.522%, elapsed 1500 s, estimated 1587 s, iters = {MDP: 124034}
> Progress 94.734%, elapsed 1503 s, estimated 1586 s, iters = {MDP: 124312}
> Progress 94.939%, elapsed 1506 s, estimated 1586 s, iters = {MDP: 124581}
> Progress 95.121%, elapsed 1509 s, estimated 1586 s, iters = {MDP: 124820}
> Progress 95.3%, elapsed 1512 s, estimated 1586 s, iters = {MDP: 125054}
> Progress 95.493%, elapsed 1515 s, estimated 1586 s, iters = {MDP: 125307}
> Progress 95.685%, elapsed 1518 s, estimated 1586 s, iters = {MDP: 125560}
> Progress 95.878%, elapsed 1521 s, estimated 1586 s, iters = {MDP: 125813}
> Progress 96.07%, elapsed 1524 s, estimated 1586 s, iters = {MDP: 126065}
> Progress 96.257%, elapsed 1527 s, estimated 1586 s, iters = {MDP: 126310}
> Progress 96.447%, elapsed 1530 s, estimated 1586 s, iters = {MDP: 126560}
> Progress 96.634%, elapsed 1533 s, estimated 1586 s, iters = {MDP: 126805}
> Progress 96.841%, elapsed 1536 s, estimated 1586 s, iters = {MDP: 127077}
> Progress 97.04%, elapsed 1539 s, estimated 1586 s, iters = {MDP: 127337}
> Progress 97.232%, elapsed 1542 s, estimated 1586 s, iters = {MDP: 127590}
> Progress 97.439%, elapsed 1545 s, estimated 1585 s, iters = {MDP: 127861}
> Progress 97.648%, elapsed 1548 s, estimated 1585 s, iters = {MDP: 128135}
> Progress 97.845%, elapsed 1551 s, estimated 1585 s, iters = {MDP: 128394}
> Progress 98.046%, elapsed 1554 s, estimated 1585 s, iters = {MDP: 128658}
> Progress 98.255%, elapsed 1557 s, estimated 1584 s, iters = {MDP: 128932}
> Progress 98.465%, elapsed 1560 s, estimated 1584 s, iters = {MDP: 129208}
> Progress 98.671%, elapsed 1563 s, estimated 1584 s, iters = {MDP: 129478}
> Progress 98.872%, elapsed 1566 s, estimated 1584 s, iters = {MDP: 129741}
> Progress 99.069%, elapsed 1569 s, estimated 1584 s, iters = {MDP: 130000}
> Progress 99.269%, elapsed 1572 s, estimated 1583 s, iters = {MDP: 130263}
> Progress 99.484%, elapsed 1575 s, estimated 1583 s, iters = {MDP: 130544}
> Progress 99.696%, elapsed 1578 s, estimated 1583 s, iters = {MDP: 130823}
> Progress 99.907%, elapsed 1581 s, estimated 1582 s, iters = {MDP: 131099}
2024-01-03 19:18:39,924 - synthesizer.py - evaluation finished
--------------------
Synthesis summary:
constraint 1: P>=9/10 [F ((bat = 0) & (lost = 0))]

method: 1-by-1, synthesis time: 1582.66 s
number of holes: 10, family size: 131220, quotient: 8767 states / 117194 actions
explored: 100 %
MDP stats: avg MDP size: 8767, iterations: 131220

satisfied 29160/131220 members (22%)
--------------------
