2024-01-04 20:51:38,048 - cli.py - This is Paynt version 0.1.0.
2024-01-04 20:51:38,048 - sketch.py - loading sketch from models/mdp/sketches/uav/operator-roz-workload/sketch.templ ...
2024-01-04 20:51:38,048 - sketch.py - assuming sketch in PRISM format...
2024-01-04 20:51:38,056 - prism_parser.py - PRISM model type: MDP
2024-01-04 20:51:38,056 - prism_parser.py - processing hole definitions...
2024-01-04 20:51:38,057 - prism_parser.py - loading properties from models/mdp/sketches/uav/operator-roz-workload/sketch.props ...
2024-01-04 20:51:38,058 - prism_parser.py - found the following specification: constraints: P>=7/10 [F ((w1 & w2) & w6)]; 
2024-01-04 20:51:38,058 - jani.py - constructing JANI program...
2024-01-04 20:51:38,088 - jani.py - constructing the quotient...
2024-01-04 20:51:38,650 - jani.py - associating choices of the quotient with hole assignments...
2024-01-04 20:51:38,797 - sketch.py - sketch parsing OK
2024-01-04 20:51:38,797 - sketch.py - constructed explicit quotient having 9007 states and 139969 actions
2024-01-04 20:51:38,797 - sketch.py - found the following specification constraints: P>=7/10 [F ((w1 & w2) & w6)]; 
2024-01-04 20:51:38,869 - mdp_family.py - associating choices with action labels...
2024-01-04 20:51:39,026 - synthesizer.py - evaluation initiated, design space: 1620000
> Progress 0.047%, elapsed 3 s, estimated 6323 s, iters = {MDP: 770}
> Progress 0.092%, elapsed 6 s, estimated 6504 s, iters = {MDP: 1496}
> Progress 0.139%, elapsed 9 s, estimated 6445 s, iters = {MDP: 2264}
> Progress 0.188%, elapsed 12 s, estimated 6361 s, iters = {MDP: 3058}
> Progress 0.236%, elapsed 15 s, estimated 6348 s, iters = {MDP: 3830}
> Progress 0.282%, elapsed 18 s, estimated 6384 s, iters = {MDP: 4570}
> Progress 0.329%, elapsed 21 s, estimated 6371 s, iters = {MDP: 5343}
> Progress 0.379%, elapsed 24 s, estimated 6328 s, iters = {MDP: 6148}
> Progress 0.427%, elapsed 27 s, estimated 6321 s, iters = {MDP: 6924}
> Progress 0.475%, elapsed 30 s, estimated 6312 s, iters = {MDP: 7704}
> Progress 0.524%, elapsed 33 s, estimated 6298 s, iters = {MDP: 8493}
> Progress 0.569%, elapsed 36 s, estimated 6329 s, iters = {MDP: 9220}
> Progress 0.617%, elapsed 39 s, estimated 6321 s, iters = {MDP: 10001}
> Progress 0.665%, elapsed 42 s, estimated 6312 s, iters = {MDP: 10786}
> Progress 0.713%, elapsed 45 s, estimated 6313 s, iters = {MDP: 11554}
> Progress 0.757%, elapsed 48 s, estimated 6342 s, iters = {MDP: 12268}
> Progress 0.804%, elapsed 51 s, estimated 6346 s, iters = {MDP: 13027}
> Progress 0.851%, elapsed 54 s, estimated 6343 s, iters = {MDP: 13800}
> Progress 0.899%, elapsed 57 s, estimated 6337 s, iters = {MDP: 14580}
> Progress 0.948%, elapsed 60 s, estimated 6329 s, iters = {MDP: 15367}
> Progress 0.996%, elapsed 63 s, estimated 6328 s, iters = {MDP: 16139}
> Progress 1.044%, elapsed 66 s, estimated 6322 s, iters = {MDP: 16922}
> Progress 1.092%, elapsed 69 s, estimated 6318 s, iters = {MDP: 17703}
> Progress 1.141%, elapsed 72 s, estimated 6311 s, iters = {MDP: 18493}
> Progress 1.187%, elapsed 75 s, estimated 6317 s, iters = {MDP: 19245}
> Progress 1.233%, elapsed 78 s, estimated 6327 s, iters = {MDP: 19985}
> Progress 1.281%, elapsed 81 s, estimated 6324 s, iters = {MDP: 20761}
> Progress 1.329%, elapsed 84 s, estimated 6320 s, iters = {MDP: 21543}
> Progress 1.378%, elapsed 87 s, estimated 6316 s, iters = {MDP: 22330}
> Progress 1.426%, elapsed 90 s, estimated 6313 s, iters = {MDP: 23111}
> Progress 1.476%, elapsed 93 s, estimated 6304 s, iters = {MDP: 23915}
> Progress 1.524%, elapsed 96 s, estimated 6300 s, iters = {MDP: 24701}
> Progress 1.574%, elapsed 99 s, estimated 6292 s, iters = {MDP: 25507}
> Progress 1.623%, elapsed 102 s, estimated 6288 s, iters = {MDP: 26295}
> Progress 1.67%, elapsed 105 s, estimated 6288 s, iters = {MDP: 27070}
> Progress 1.708%, elapsed 108 s, estimated 6326 s, iters = {MDP: 27675}
> Progress 1.757%, elapsed 111 s, estimated 6321 s, iters = {MDP: 28466}
> Progress 1.806%, elapsed 114 s, estimated 6313 s, iters = {MDP: 29273}
> Progress 1.855%, elapsed 117 s, estimated 6309 s, iters = {MDP: 30062}
> Progress 1.905%, elapsed 120 s, estimated 6302 s, iters = {MDP: 30867}
> Progress 1.954%, elapsed 123 s, estimated 6297 s, iters = {MDP: 31664}
> Progress 2.004%, elapsed 126 s, estimated 6291 s, iters = {MDP: 32467}
> Progress 2.053%, elapsed 129 s, estimated 6286 s, iters = {MDP: 33269}
> Progress 2.103%, elapsed 132 s, estimated 6279 s, iters = {MDP: 34078}
> Progress 2.152%, elapsed 135 s, estimated 6276 s, iters = {MDP: 34868}
> Progress 2.197%, elapsed 138 s, estimated 6283 s, iters = {MDP: 35605}
> Progress 2.245%, elapsed 141 s, estimated 6284 s, iters = {MDP: 36371}
> Progress 2.294%, elapsed 144 s, estimated 6280 s, iters = {MDP: 37168}
> Progress 2.343%, elapsed 147 s, estimated 6277 s, iters = {MDP: 37959}
> Progress 2.392%, elapsed 150 s, estimated 6273 s, iters = {MDP: 38764}
> Progress 2.441%, elapsed 153 s, estimated 6271 s, iters = {MDP: 39549}
> Progress 2.49%, elapsed 156 s, estimated 6268 s, iters = {MDP: 40345}
> Progress 2.539%, elapsed 159 s, estimated 6264 s, iters = {MDP: 41146}
> Progress 2.589%, elapsed 162 s, estimated 6259 s, iters = {MDP: 41956}
> Progress 2.638%, elapsed 165 s, estimated 6258 s, iters = {MDP: 42744}
> Progress 2.684%, elapsed 168 s, estimated 6263 s, iters = {MDP: 43482}
> Progress 2.73%, elapsed 171 s, estimated 6266 s, iters = {MDP: 44240}
> Progress 2.776%, elapsed 174 s, estimated 6270 s, iters = {MDP: 44984}
> Progress 2.825%, elapsed 177 s, estimated 6267 s, iters = {MDP: 45780}
> Progress 2.875%, elapsed 180 s, estimated 6264 s, iters = {MDP: 46579}
> Progress 2.924%, elapsed 183 s, estimated 6261 s, iters = {MDP: 47383}
> Progress 2.973%, elapsed 186 s, estimated 6259 s, iters = {MDP: 48175}
> Progress 3.024%, elapsed 189 s, estimated 6254 s, iters = {MDP: 48992}
> Progress 3.073%, elapsed 192 s, estimated 6250 s, iters = {MDP: 49797}
> Progress 3.122%, elapsed 195 s, estimated 6248 s, iters = {MDP: 50589}
> Progress 3.167%, elapsed 199 s, estimated 6284 s, iters = {MDP: 51312}
> Progress 3.216%, elapsed 202 s, estimated 6281 s, iters = {MDP: 52110}
> Progress 3.267%, elapsed 205 s, estimated 6275 s, iters = {MDP: 52935}
> Progress 3.317%, elapsed 208 s, estimated 6270 s, iters = {MDP: 53749}
> Progress 3.367%, elapsed 211 s, estimated 6266 s, iters = {MDP: 54559}
> Progress 3.417%, elapsed 214 s, estimated 6263 s, iters = {MDP: 55365}
> Progress 3.467%, elapsed 217 s, estimated 6259 s, iters = {MDP: 56172}
> Progress 3.517%, elapsed 220 s, estimated 6255 s, iters = {MDP: 56986}
> Progress 3.568%, elapsed 223 s, estimated 6251 s, iters = {MDP: 57806}
> Progress 3.614%, elapsed 226 s, estimated 6254 s, iters = {MDP: 58556}
> Progress 3.662%, elapsed 229 s, estimated 6254 s, iters = {MDP: 59330}
> Progress 3.711%, elapsed 232 s, estimated 6252 s, iters = {MDP: 60127}
> Progress 3.76%, elapsed 235 s, estimated 6250 s, iters = {MDP: 60921}
> Progress 3.81%, elapsed 238 s, estimated 6248 s, iters = {MDP: 61723}
> Progress 3.86%, elapsed 241 s, estimated 6244 s, iters = {MDP: 62543}
> Progress 3.91%, elapsed 244 s, estimated 6241 s, iters = {MDP: 63351}
> Progress 3.959%, elapsed 247 s, estimated 6239 s, iters = {MDP: 64152}
> Progress 4.009%, elapsed 250 s, estimated 6236 s, iters = {MDP: 64960}
> Progress 4.06%, elapsed 253 s, estimated 6233 s, iters = {MDP: 65778}
> Progress 4.107%, elapsed 256 s, estimated 6234 s, iters = {MDP: 66539}
> Progress 4.154%, elapsed 259 s, estimated 6236 s, iters = {MDP: 67303}
> Progress 4.204%, elapsed 262 s, estimated 6233 s, iters = {MDP: 68116}
> Progress 4.255%, elapsed 265 s, estimated 6229 s, iters = {MDP: 68936}
> Progress 4.305%, elapsed 268 s, estimated 6226 s, iters = {MDP: 69756}
> Progress 4.354%, elapsed 271 s, estimated 6225 s, iters = {MDP: 70547}
> Progress 4.405%, elapsed 274 s, estimated 6222 s, iters = {MDP: 71364}
> Progress 4.455%, elapsed 277 s, estimated 6219 s, iters = {MDP: 72172}
> Progress 4.504%, elapsed 280 s, estimated 6218 s, iters = {MDP: 72973}
> Progress 4.554%, elapsed 283 s, estimated 6216 s, iters = {MDP: 73781}
> Progress 4.6%, elapsed 286 s, estimated 6219 s, iters = {MDP: 74525}
> Progress 4.647%, elapsed 289 s, estimated 6221 s, iters = {MDP: 75284}
> Progress 4.697%, elapsed 292 s, estimated 6218 s, iters = {MDP: 76098}
> Progress 4.747%, elapsed 295 s, estimated 6216 s, iters = {MDP: 76909}
> Progress 4.797%, elapsed 298 s, estimated 6213 s, iters = {MDP: 77726}
> Progress 4.848%, elapsed 301 s, estimated 6210 s, iters = {MDP: 78542}
> Progress 4.899%, elapsed 304 s, estimated 6207 s, iters = {MDP: 79369}
> Progress 4.937%, elapsed 308 s, estimated 6238 s, iters = {MDP: 79993}
> Progress 4.988%, elapsed 311 s, estimated 6235 s, iters = {MDP: 80817}
> Progress 5.038%, elapsed 314 s, estimated 6232 s, iters = {MDP: 81626}
> Progress 5.084%, elapsed 317 s, estimated 6235 s, iters = {MDP: 82373}
> Progress 5.132%, elapsed 320 s, estimated 6235 s, iters = {MDP: 83150}
> Progress 5.183%, elapsed 323 s, estimated 6232 s, iters = {MDP: 83969}
> Progress 5.234%, elapsed 326 s, estimated 6229 s, iters = {MDP: 84793}
> Progress 5.283%, elapsed 329 s, estimated 6227 s, iters = {MDP: 85599}
> Progress 5.334%, elapsed 332 s, estimated 6224 s, iters = {MDP: 86418}
> Progress 5.385%, elapsed 335 s, estimated 6222 s, iters = {MDP: 87239}
> Progress 5.435%, elapsed 338 s, estimated 6219 s, iters = {MDP: 88061}
> Progress 5.486%, elapsed 341 s, estimated 6216 s, iters = {MDP: 88880}
> Progress 5.535%, elapsed 344 s, estimated 6215 s, iters = {MDP: 89682}
> Progress 5.582%, elapsed 347 s, estimated 6216 s, iters = {MDP: 90440}
> Progress 5.631%, elapsed 350 s, estimated 6216 s, iters = {MDP: 91231}
> Progress 5.681%, elapsed 353 s, estimated 6213 s, iters = {MDP: 92049}
> Progress 5.732%, elapsed 356 s, estimated 6211 s, iters = {MDP: 92870}
> Progress 5.783%, elapsed 359 s, estimated 6208 s, iters = {MDP: 93690}
> Progress 5.834%, elapsed 362 s, estimated 6206 s, iters = {MDP: 94514}
> Progress 5.883%, elapsed 365 s, estimated 6204 s, iters = {MDP: 95316}
> Progress 5.933%, elapsed 368 s, estimated 6203 s, iters = {MDP: 96130}
> Progress 5.984%, elapsed 371 s, estimated 6201 s, iters = {MDP: 96945}
> Progress 6.034%, elapsed 374 s, estimated 6199 s, iters = {MDP: 97753}
> Progress 6.08%, elapsed 377 s, estimated 6201 s, iters = {MDP: 98509}
> Progress 6.129%, elapsed 380 s, estimated 6200 s, iters = {MDP: 99304}
> Progress 6.179%, elapsed 383 s, estimated 6198 s, iters = {MDP: 100116}
> Progress 6.23%, elapsed 386 s, estimated 6197 s, iters = {MDP: 100927}
> Progress 6.28%, elapsed 389 s, estimated 6195 s, iters = {MDP: 101739}
> Progress 6.33%, elapsed 392 s, estimated 6193 s, iters = {MDP: 102554}
> Progress 6.38%, elapsed 395 s, estimated 6191 s, iters = {MDP: 103373}
> Progress 6.43%, elapsed 398 s, estimated 6190 s, iters = {MDP: 104182}
> Progress 6.482%, elapsed 401 s, estimated 6187 s, iters = {MDP: 105011}
> Progress 6.531%, elapsed 404 s, estimated 6186 s, iters = {MDP: 105815}
> Progress 6.578%, elapsed 407 s, estimated 6188 s, iters = {MDP: 106574}
> Progress 6.626%, elapsed 410 s, estimated 6188 s, iters = {MDP: 107353}
> Progress 6.677%, elapsed 413 s, estimated 6186 s, iters = {MDP: 108183}
> Progress 6.727%, elapsed 416 s, estimated 6184 s, iters = {MDP: 108990}
> Progress 6.777%, elapsed 419 s, estimated 6183 s, iters = {MDP: 109802}
> Progress 6.828%, elapsed 422 s, estimated 6181 s, iters = {MDP: 110620}
> Progress 6.879%, elapsed 425 s, estimated 6179 s, iters = {MDP: 111444}
> Progress 6.929%, elapsed 428 s, estimated 6178 s, iters = {MDP: 112257}
> Progress 6.98%, elapsed 431 s, estimated 6176 s, iters = {MDP: 113081}
> Progress 7.028%, elapsed 434 s, estimated 6176 s, iters = {MDP: 113869}
> Progress 7.076%, elapsed 437 s, estimated 6177 s, iters = {MDP: 114633}
> Progress 7.123%, elapsed 442 s, estimated 6209 s, iters = {MDP: 115394}
> Progress 7.173%, elapsed 445 s, estimated 6207 s, iters = {MDP: 116216}
> Progress 7.224%, elapsed 448 s, estimated 6206 s, iters = {MDP: 117030}
> Progress 7.274%, elapsed 451 s, estimated 6204 s, iters = {MDP: 117843}
> Progress 7.324%, elapsed 454 s, estimated 6202 s, iters = {MDP: 118664}
> Progress 7.374%, elapsed 457 s, estimated 6201 s, iters = {MDP: 119469}
> Progress 7.423%, elapsed 460 s, estimated 6201 s, iters = {MDP: 120258}
> Progress 7.469%, elapsed 463 s, estimated 6202 s, iters = {MDP: 121014}
> Progress 7.517%, elapsed 466 s, estimated 6203 s, iters = {MDP: 121789}
> Progress 7.565%, elapsed 469 s, estimated 6203 s, iters = {MDP: 122564}
> Progress 7.616%, elapsed 472 s, estimated 6201 s, iters = {MDP: 123388}
> Progress 7.667%, elapsed 475 s, estimated 6200 s, iters = {MDP: 124207}
> Progress 7.717%, elapsed 478 s, estimated 6198 s, iters = {MDP: 125029}
> Progress 7.769%, elapsed 481 s, estimated 6195 s, iters = {MDP: 125863}
> Progress 7.819%, elapsed 484 s, estimated 6193 s, iters = {MDP: 126684}
> Progress 7.869%, elapsed 487 s, estimated 6193 s, iters = {MDP: 127483}
> Progress 7.919%, elapsed 490 s, estimated 6191 s, iters = {MDP: 128297}
> Progress 7.969%, elapsed 493 s, estimated 6190 s, iters = {MDP: 129113}
> Progress 8.017%, elapsed 496 s, estimated 6190 s, iters = {MDP: 129887}
> Progress 8.064%, elapsed 499 s, estimated 6192 s, iters = {MDP: 130648}
> Progress 8.114%, elapsed 502 s, estimated 6190 s, iters = {MDP: 131462}
> Progress 8.164%, elapsed 505 s, estimated 6189 s, iters = {MDP: 132272}
> Progress 8.214%, elapsed 508 s, estimated 6188 s, iters = {MDP: 133077}
> Progress 8.264%, elapsed 511 s, estimated 6187 s, iters = {MDP: 133892}
> Progress 8.315%, elapsed 514 s, estimated 6185 s, iters = {MDP: 134710}
> Progress 8.365%, elapsed 517 s, estimated 6184 s, iters = {MDP: 135526}
> Progress 8.415%, elapsed 520 s, estimated 6183 s, iters = {MDP: 136333}
> Progress 8.465%, elapsed 523 s, estimated 6182 s, iters = {MDP: 137150}
> Progress 8.513%, elapsed 526 s, estimated 6183 s, iters = {MDP: 137915}
> Progress 8.561%, elapsed 529 s, estimated 6183 s, iters = {MDP: 138691}
> Progress 8.611%, elapsed 532 s, estimated 6182 s, iters = {MDP: 139501}
> Progress 8.66%, elapsed 535 s, estimated 6182 s, iters = {MDP: 140297}
> Progress 8.709%, elapsed 538 s, estimated 6181 s, iters = {MDP: 141095}
> Progress 8.76%, elapsed 541 s, estimated 6180 s, iters = {MDP: 141917}
> Progress 8.811%, elapsed 544 s, estimated 6178 s, iters = {MDP: 142742}
> Progress 8.859%, elapsed 547 s, estimated 6178 s, iters = {MDP: 143528}
> Progress 8.91%, elapsed 550 s, estimated 6177 s, iters = {MDP: 144351}
> Progress 8.961%, elapsed 553 s, estimated 6175 s, iters = {MDP: 145170}
> Progress 9.008%, elapsed 556 s, estimated 6176 s, iters = {MDP: 145932}
> Progress 9.055%, elapsed 559 s, estimated 6177 s, iters = {MDP: 146707}
> Progress 9.106%, elapsed 562 s, estimated 6175 s, iters = {MDP: 147526}
> Progress 9.157%, elapsed 565 s, estimated 6174 s, iters = {MDP: 148360}
> Progress 9.208%, elapsed 568 s, estimated 6172 s, iters = {MDP: 149177}
> Progress 9.259%, elapsed 571 s, estimated 6171 s, iters = {MDP: 149997}
> Progress 9.309%, elapsed 574 s, estimated 6170 s, iters = {MDP: 150810}
> Progress 9.36%, elapsed 577 s, estimated 6169 s, iters = {MDP: 151635}
> Progress 9.41%, elapsed 580 s, estimated 6167 s, iters = {MDP: 152457}
> Progress 9.462%, elapsed 583 s, estimated 6165 s, iters = {MDP: 153293}
> Progress 9.509%, elapsed 586 s, estimated 6167 s, iters = {MDP: 154048}
> Progress 9.557%, elapsed 589 s, estimated 6167 s, iters = {MDP: 154836}
> Progress 9.609%, elapsed 592 s, estimated 6165 s, iters = {MDP: 155672}
> Progress 9.659%, elapsed 595 s, estimated 6164 s, iters = {MDP: 156483}
> Progress 9.709%, elapsed 598 s, estimated 6163 s, iters = {MDP: 157296}
> Progress 9.76%, elapsed 601 s, estimated 6161 s, iters = {MDP: 158123}
> Progress 9.811%, elapsed 604 s, estimated 6160 s, iters = {MDP: 158952}
> Progress 9.861%, elapsed 607 s, estimated 6159 s, iters = {MDP: 159764}
> Progress 9.912%, elapsed 610 s, estimated 6158 s, iters = {MDP: 160590}
> Progress 9.93%, elapsed 614 s, estimated 6189 s, iters = {MDP: 160875}
> Progress 9.978%, elapsed 617 s, estimated 6189 s, iters = {MDP: 161655}
> Progress 10.02%, elapsed 620 s, estimated 6194 s, iters = {MDP: 162330}
> Progress 10.059%, elapsed 623 s, estimated 6199 s, iters = {MDP: 162971}
> Progress 10.099%, elapsed 626 s, estimated 6205 s, iters = {MDP: 163610}
> Progress 10.138%, elapsed 629 s, estimated 6210 s, iters = {MDP: 164242}
> Progress 10.176%, elapsed 632 s, estimated 6216 s, iters = {MDP: 164862}
> Progress 10.214%, elapsed 635 s, estimated 6223 s, iters = {MDP: 165481}
> Progress 10.252%, elapsed 638 s, estimated 6229 s, iters = {MDP: 166091}
> Progress 10.291%, elapsed 641 s, estimated 6235 s, iters = {MDP: 166719}
> Progress 10.328%, elapsed 644 s, estimated 6241 s, iters = {MDP: 167323}
> Progress 10.364%, elapsed 647 s, estimated 6249 s, iters = {MDP: 167904}
> Progress 10.401%, elapsed 650 s, estimated 6255 s, iters = {MDP: 168509}
> Progress 10.44%, elapsed 653 s, estimated 6261 s, iters = {MDP: 169134}
> Progress 10.478%, elapsed 656 s, estimated 6266 s, iters = {MDP: 169759}
> Progress 10.517%, elapsed 659 s, estimated 6272 s, iters = {MDP: 170387}
> Progress 10.556%, elapsed 662 s, estimated 6277 s, iters = {MDP: 171015}
> Progress 10.593%, elapsed 665 s, estimated 6283 s, iters = {MDP: 171622}
> Progress 10.632%, elapsed 668 s, estimated 6289 s, iters = {MDP: 172243}
> Progress 10.67%, elapsed 671 s, estimated 6294 s, iters = {MDP: 172867}
> Progress 10.707%, elapsed 674 s, estimated 6301 s, iters = {MDP: 173462}
> Progress 10.742%, elapsed 677 s, estimated 6308 s, iters = {MDP: 174036}
> Progress 10.779%, elapsed 680 s, estimated 6314 s, iters = {MDP: 174633}
> Progress 10.818%, elapsed 683 s, estimated 6319 s, iters = {MDP: 175263}
> Progress 10.857%, elapsed 686 s, estimated 6324 s, iters = {MDP: 175887}
> Progress 10.894%, elapsed 689 s, estimated 6330 s, iters = {MDP: 176497}
> Progress 10.933%, elapsed 692 s, estimated 6335 s, iters = {MDP: 177125}
> Progress 10.971%, elapsed 695 s, estimated 6340 s, iters = {MDP: 177744}
> Progress 11.009%, elapsed 698 s, estimated 6346 s, iters = {MDP: 178358}
> Progress 11.047%, elapsed 701 s, estimated 6351 s, iters = {MDP: 178977}
> Progress 11.086%, elapsed 704 s, estimated 6356 s, iters = {MDP: 179600}
> Progress 11.121%, elapsed 707 s, estimated 6363 s, iters = {MDP: 180176}
> Progress 11.159%, elapsed 710 s, estimated 6368 s, iters = {MDP: 180779}
> Progress 11.197%, elapsed 713 s, estimated 6373 s, iters = {MDP: 181405}
> Progress 11.237%, elapsed 716 s, estimated 6378 s, iters = {MDP: 182046}
> Progress 11.277%, elapsed 719 s, estimated 6382 s, iters = {MDP: 182689}
> Progress 11.316%, elapsed 722 s, estimated 6386 s, iters = {MDP: 183321}
> Progress 11.355%, elapsed 725 s, estimated 6390 s, iters = {MDP: 183964}
> Progress 11.394%, elapsed 728 s, estimated 6395 s, iters = {MDP: 184594}
> Progress 11.434%, elapsed 731 s, estimated 6399 s, iters = {MDP: 185237}
> Progress 11.472%, elapsed 734 s, estimated 6404 s, iters = {MDP: 185860}
> Progress 11.508%, elapsed 737 s, estimated 6410 s, iters = {MDP: 186442}
> Progress 11.546%, elapsed 740 s, estimated 6415 s, iters = {MDP: 187062}
> Progress 11.586%, elapsed 743 s, estimated 6418 s, iters = {MDP: 187710}
> Progress 11.627%, elapsed 746 s, estimated 6422 s, iters = {MDP: 188359}
> Progress 11.664%, elapsed 749 s, estimated 6427 s, iters = {MDP: 188971}
> Progress 11.701%, elapsed 752 s, estimated 6433 s, iters = {MDP: 189563}
> Progress 11.74%, elapsed 755 s, estimated 6437 s, iters = {MDP: 190193}
> Progress 11.78%, elapsed 758 s, estimated 6441 s, iters = {MDP: 190837}
> Progress 11.819%, elapsed 761 s, estimated 6445 s, iters = {MDP: 191473}
> Progress 11.858%, elapsed 764 s, estimated 6448 s, iters = {MDP: 192115}
> Progress 11.896%, elapsed 767 s, estimated 6453 s, iters = {MDP: 192719}
> Progress 11.934%, elapsed 770 s, estimated 6458 s, iters = {MDP: 193334}
> Progress 11.973%, elapsed 773 s, estimated 6462 s, iters = {MDP: 193978}
> Progress 12.013%, elapsed 776 s, estimated 6465 s, iters = {MDP: 194625}
> Progress 12.053%, elapsed 779 s, estimated 6469 s, iters = {MDP: 195270}
> Progress 12.093%, elapsed 782 s, estimated 6472 s, iters = {MDP: 195920}
> Progress 12.133%, elapsed 785 s, estimated 6476 s, iters = {MDP: 196569}
> Progress 12.174%, elapsed 788 s, estimated 6479 s, iters = {MDP: 197222}
> Progress 12.214%, elapsed 791 s, estimated 6482 s, iters = {MDP: 197873}
> Progress 12.252%, elapsed 794 s, estimated 6486 s, iters = {MDP: 198489}
> Progress 12.289%, elapsed 797 s, estimated 6491 s, iters = {MDP: 199089}
> Progress 12.329%, elapsed 800 s, estimated 6495 s, iters = {MDP: 199731}
> Progress 12.368%, elapsed 803 s, estimated 6498 s, iters = {MDP: 200366}
> Progress 12.408%, elapsed 806 s, estimated 6502 s, iters = {MDP: 201015}
> Progress 12.447%, elapsed 809 s, estimated 6505 s, iters = {MDP: 201653}
> Progress 12.487%, elapsed 812 s, estimated 6509 s, iters = {MDP: 202294}
> Progress 12.527%, elapsed 815 s, estimated 6512 s, iters = {MDP: 202944}
> Progress 12.566%, elapsed 818 s, estimated 6515 s, iters = {MDP: 203580}
> Progress 12.606%, elapsed 821 s, estimated 6519 s, iters = {MDP: 204223}
> Progress 12.644%, elapsed 824 s, estimated 6523 s, iters = {MDP: 204843}
> Progress 12.681%, elapsed 827 s, estimated 6527 s, iters = {MDP: 205444}
> Progress 12.721%, elapsed 830 s, estimated 6531 s, iters = {MDP: 206086}
> Progress 12.759%, elapsed 833 s, estimated 6534 s, iters = {MDP: 206711}
> Progress 12.799%, elapsed 836 s, estimated 6537 s, iters = {MDP: 207357}
> Progress 12.839%, elapsed 839 s, estimated 6541 s, iters = {MDP: 207998}
> Progress 12.878%, elapsed 842 s, estimated 6544 s, iters = {MDP: 208640}
> Progress 12.918%, elapsed 845 s, estimated 6547 s, iters = {MDP: 209279}
> Progress 12.958%, elapsed 848 s, estimated 6550 s, iters = {MDP: 209921}
> Progress 12.998%, elapsed 851 s, estimated 6553 s, iters = {MDP: 210582}
> Progress 13.037%, elapsed 854 s, estimated 6556 s, iters = {MDP: 211215}
> Progress 13.075%, elapsed 857 s, estimated 6560 s, iters = {MDP: 211829}
> Progress 13.115%, elapsed 860 s, estimated 6563 s, iters = {MDP: 212472}
> Progress 13.156%, elapsed 863 s, estimated 6566 s, iters = {MDP: 213136}
> Progress 13.196%, elapsed 866 s, estimated 6569 s, iters = {MDP: 213777}
> Progress 13.236%, elapsed 869 s, estimated 6571 s, iters = {MDP: 214438}
> Progress 13.276%, elapsed 872 s, estimated 6574 s, iters = {MDP: 215075}
> Progress 13.316%, elapsed 875 s, estimated 6577 s, iters = {MDP: 215732}
> Progress 13.357%, elapsed 878 s, estimated 6579 s, iters = {MDP: 216385}
> Progress 13.379%, elapsed 884 s, estimated 6614 s, iters = {MDP: 216753}
> Progress 13.417%, elapsed 887 s, estimated 6617 s, iters = {MDP: 217359}
> Progress 13.456%, elapsed 890 s, estimated 6620 s, iters = {MDP: 218004}
> Progress 13.496%, elapsed 893 s, estimated 6623 s, iters = {MDP: 218652}
> Progress 13.537%, elapsed 896 s, estimated 6625 s, iters = {MDP: 219313}
> Progress 13.578%, elapsed 899 s, estimated 6627 s, iters = {MDP: 219973}
> Progress 13.618%, elapsed 902 s, estimated 6630 s, iters = {MDP: 220626}
> Progress 13.658%, elapsed 905 s, estimated 6632 s, iters = {MDP: 221268}
> Progress 13.697%, elapsed 908 s, estimated 6636 s, iters = {MDP: 221900}
> Progress 13.738%, elapsed 911 s, estimated 6638 s, iters = {MDP: 222557}
> Progress 13.777%, elapsed 914 s, estimated 6641 s, iters = {MDP: 223189}
> Progress 13.814%, elapsed 917 s, estimated 6644 s, iters = {MDP: 223798}
> Progress 13.854%, elapsed 920 s, estimated 6647 s, iters = {MDP: 224446}
> Progress 13.895%, elapsed 923 s, estimated 6649 s, iters = {MDP: 225108}
> Progress 13.935%, elapsed 926 s, estimated 6651 s, iters = {MDP: 225760}
> Progress 13.976%, elapsed 929 s, estimated 6653 s, iters = {MDP: 226424}
> Progress 14.016%, elapsed 932 s, estimated 6656 s, iters = {MDP: 227075}
> Progress 14.058%, elapsed 935 s, estimated 6657 s, iters = {MDP: 227742}
> Progress 14.099%, elapsed 938 s, estimated 6659 s, iters = {MDP: 228409}
> Progress 14.139%, elapsed 941 s, estimated 6661 s, iters = {MDP: 229067}
> Progress 14.179%, elapsed 944 s, estimated 6664 s, iters = {MDP: 229710}
> Progress 14.216%, elapsed 947 s, estimated 6668 s, iters = {MDP: 230313}
> Progress 14.257%, elapsed 950 s, estimated 6670 s, iters = {MDP: 230974}
> Progress 14.299%, elapsed 953 s, estimated 6671 s, iters = {MDP: 231648}
> Progress 14.34%, elapsed 956 s, estimated 6673 s, iters = {MDP: 232319}
> Progress 14.382%, elapsed 960 s, estimated 6674 s, iters = {MDP: 232997}
> Progress 14.424%, elapsed 963 s, estimated 6676 s, iters = {MDP: 233671}
> Progress 14.465%, elapsed 966 s, estimated 6677 s, iters = {MDP: 234346}
> Progress 14.507%, elapsed 969 s, estimated 6679 s, iters = {MDP: 235016}
> Progress 14.547%, elapsed 972 s, estimated 6681 s, iters = {MDP: 235663}
> Progress 14.587%, elapsed 975 s, estimated 6683 s, iters = {MDP: 236318}
> Progress 14.625%, elapsed 978 s, estimated 6686 s, iters = {MDP: 236938}
> Progress 14.666%, elapsed 981 s, estimated 6688 s, iters = {MDP: 237596}
> Progress 14.708%, elapsed 984 s, estimated 6690 s, iters = {MDP: 238275}
> Progress 14.75%, elapsed 987 s, estimated 6691 s, iters = {MDP: 238955}
> Progress 14.792%, elapsed 990 s, estimated 6692 s, iters = {MDP: 239634}
> Progress 14.832%, elapsed 993 s, estimated 6694 s, iters = {MDP: 240288}
> Progress 14.874%, elapsed 996 s, estimated 6696 s, iters = {MDP: 240972}
> Progress 14.917%, elapsed 999 s, estimated 6697 s, iters = {MDP: 241657}
> Progress 14.957%, elapsed 1002 s, estimated 6699 s, iters = {MDP: 242316}
> Progress 14.998%, elapsed 1005 s, estimated 6700 s, iters = {MDP: 242983}
> Progress 15.037%, elapsed 1008 s, estimated 6703 s, iters = {MDP: 243611}
> Progress 15.076%, elapsed 1011 s, estimated 6706 s, iters = {MDP: 244242}
> Progress 15.118%, elapsed 1014 s, estimated 6707 s, iters = {MDP: 244923}
> Progress 15.161%, elapsed 1017 s, estimated 6708 s, iters = {MDP: 245610}
> Progress 15.202%, elapsed 1020 s, estimated 6709 s, iters = {MDP: 246288}
> Progress 15.241%, elapsed 1023 s, estimated 6712 s, iters = {MDP: 246907}
> Progress 15.282%, elapsed 1026 s, estimated 6714 s, iters = {MDP: 247582}
> Progress 15.325%, elapsed 1029 s, estimated 6715 s, iters = {MDP: 248271}
> Progress 15.366%, elapsed 1032 s, estimated 6716 s, iters = {MDP: 248945}
> Progress 15.387%, elapsed 1035 s, estimated 6728 s, iters = {MDP: 249279}
> Progress 15.397%, elapsed 1038 s, estimated 6747 s, iters = {MDP: 249434}
> Progress 15.407%, elapsed 1041 s, estimated 6762 s, iters = {MDP: 249601}
> Progress 15.421%, elapsed 1045 s, estimated 6776 s, iters = {MDP: 249837}
> Progress 15.456%, elapsed 1048 s, estimated 6780 s, iters = {MDP: 250403}
> Progress 15.498%, elapsed 1051 s, estimated 6781 s, iters = {MDP: 251076}
> Progress 15.541%, elapsed 1054 s, estimated 6782 s, iters = {MDP: 251768}
> Progress 15.583%, elapsed 1057 s, estimated 6783 s, iters = {MDP: 252451}
> Progress 15.625%, elapsed 1060 s, estimated 6784 s, iters = {MDP: 253134}
> Progress 15.666%, elapsed 1063 s, estimated 6785 s, iters = {MDP: 253806}
> Progress 15.705%, elapsed 1066 s, estimated 6788 s, iters = {MDP: 254432}
> Progress 15.745%, elapsed 1069 s, estimated 6789 s, iters = {MDP: 255082}
> Progress 15.785%, elapsed 1072 s, estimated 6791 s, iters = {MDP: 255732}
> Progress 15.827%, elapsed 1075 s, estimated 6792 s, iters = {MDP: 256407}
> Progress 15.869%, elapsed 1078 s, estimated 6793 s, iters = {MDP: 257088}
> Progress 15.91%, elapsed 1081 s, estimated 6795 s, iters = {MDP: 257754}
> Progress 15.953%, elapsed 1084 s, estimated 6795 s, iters = {MDP: 258445}
> Progress 15.995%, elapsed 1087 s, estimated 6796 s, iters = {MDP: 259125}
> Progress 16.037%, elapsed 1090 s, estimated 6797 s, iters = {MDP: 259804}
> Progress 16.079%, elapsed 1093 s, estimated 6798 s, iters = {MDP: 260487}
> Progress 16.118%, elapsed 1096 s, estimated 6800 s, iters = {MDP: 261117}
> Progress 16.158%, elapsed 1099 s, estimated 6802 s, iters = {MDP: 261766}
> Progress 16.199%, elapsed 1102 s, estimated 6803 s, iters = {MDP: 262425}
> Progress 16.239%, elapsed 1105 s, estimated 6805 s, iters = {MDP: 263089}
> Progress 16.281%, elapsed 1108 s, estimated 6806 s, iters = {MDP: 263766}
> Progress 16.322%, elapsed 1111 s, estimated 6807 s, iters = {MDP: 264425}
> Progress 16.364%, elapsed 1114 s, estimated 6808 s, iters = {MDP: 265107}
> Progress 16.404%, elapsed 1117 s, estimated 6810 s, iters = {MDP: 265750}
> Progress 16.447%, elapsed 1120 s, estimated 6810 s, iters = {MDP: 266455}
> Progress 16.486%, elapsed 1123 s, estimated 6812 s, iters = {MDP: 267086}
> Progress 16.526%, elapsed 1126 s, estimated 6814 s, iters = {MDP: 267730}
> Progress 16.566%, elapsed 1129 s, estimated 6816 s, iters = {MDP: 268377}
> Progress 16.605%, elapsed 1132 s, estimated 6818 s, iters = {MDP: 269007}
> Progress 16.649%, elapsed 1135 s, estimated 6817 s, iters = {MDP: 269728}
> Progress 16.694%, elapsed 1138 s, estimated 6817 s, iters = {MDP: 270444}
> Progress 16.735%, elapsed 1141 s, estimated 6818 s, iters = {MDP: 271121}
> Progress 16.779%, elapsed 1144 s, estimated 6818 s, iters = {MDP: 271833}
> Progress 16.822%, elapsed 1147 s, estimated 6819 s, iters = {MDP: 272530}
> Progress 16.865%, elapsed 1150 s, estimated 6819 s, iters = {MDP: 273220}
> Progress 16.908%, elapsed 1153 s, estimated 6820 s, iters = {MDP: 273919}
> Progress 16.945%, elapsed 1156 s, estimated 6823 s, iters = {MDP: 274514}
> Progress 16.989%, elapsed 1159 s, estimated 6823 s, iters = {MDP: 275231}
> Progress 17.03%, elapsed 1162 s, estimated 6824 s, iters = {MDP: 275897}
> Progress 17.072%, elapsed 1165 s, estimated 6824 s, iters = {MDP: 276578}
> Progress 17.112%, elapsed 1168 s, estimated 6826 s, iters = {MDP: 277224}
> Progress 17.151%, elapsed 1171 s, estimated 6828 s, iters = {MDP: 277851}
> Progress 17.191%, elapsed 1174 s, estimated 6830 s, iters = {MDP: 278510}
> Progress 17.233%, elapsed 1177 s, estimated 6831 s, iters = {MDP: 279179}
> Progress 17.277%, elapsed 1180 s, estimated 6831 s, iters = {MDP: 279891}
> Progress 17.321%, elapsed 1183 s, estimated 6830 s, iters = {MDP: 280612}
> Progress 17.365%, elapsed 1186 s, estimated 6831 s, iters = {MDP: 281318}
> Progress 17.41%, elapsed 1189 s, estimated 6830 s, iters = {MDP: 282047}
> Progress 17.454%, elapsed 1192 s, estimated 6830 s, iters = {MDP: 282763}
> Progress 17.494%, elapsed 1195 s, estimated 6832 s, iters = {MDP: 283405}
> Progress 17.532%, elapsed 1198 s, estimated 6834 s, iters = {MDP: 284028}
> Progress 17.571%, elapsed 1201 s, estimated 6836 s, iters = {MDP: 284662}
> Progress 17.612%, elapsed 1204 s, estimated 6837 s, iters = {MDP: 285319}
> Progress 17.653%, elapsed 1207 s, estimated 6838 s, iters = {MDP: 285982}
> Progress 17.69%, elapsed 1210 s, estimated 6841 s, iters = {MDP: 286591}
> Progress 17.728%, elapsed 1213 s, estimated 6843 s, iters = {MDP: 287205}
