2024-01-04 19:53:40,709 - cli.py - This is Paynt version 0.1.0.
2024-01-04 19:53:40,709 - sketch.py - loading sketch from models/mdp/sketches/uav/roz/sketch.templ ...
2024-01-04 19:53:40,709 - sketch.py - assuming sketch in PRISM format...
2024-01-04 19:53:40,739 - prism_parser.py - PRISM model type: MDP
2024-01-04 19:53:40,739 - prism_parser.py - processing hole definitions...
2024-01-04 19:53:40,739 - prism_parser.py - loading properties from models/mdp/sketches/uav/roz/sketch.props ...
2024-01-04 19:53:40,745 - prism_parser.py - found the following specification: constraints: P>=3/4 [F ((w1 & w2) & w6)]; 
2024-01-04 19:53:40,746 - jani.py - constructing JANI program...
2024-01-04 19:53:40,761 - jani.py - constructing the quotient...
2024-01-04 19:53:41,550 - jani.py - associating choices of the quotient with hole assignments...
2024-01-04 19:53:41,724 - sketch.py - sketch parsing OK
2024-01-04 19:53:41,724 - sketch.py - constructed explicit quotient having 17927 states and 191629 actions
2024-01-04 19:53:41,724 - sketch.py - found the following specification constraints: P>=3/4 [F ((w1 & w2) & w6)]; 
2024-01-04 19:53:41,813 - mdp_family.py - associating choices with action labels...
2024-01-04 19:53:42,078 - synthesizer.py - evaluation initiated, design space: 4500
> Progress 14.044%, elapsed 3 s, estimated 21 s, iters = {MDP: 633}
> Progress 23.0%, elapsed 6 s, estimated 26 s, iters = {MDP: 1036}
> Progress 29.755%, elapsed 9 s, estimated 30 s, iters = {MDP: 1340}
> Progress 35.0%, elapsed 12 s, estimated 34 s, iters = {MDP: 1576}
> Progress 39.6%, elapsed 15 s, estimated 37 s, iters = {MDP: 1783}
> Progress 43.422%, elapsed 18 s, estimated 41 s, iters = {MDP: 1955}
> Progress 46.555%, elapsed 21 s, estimated 45 s, iters = {MDP: 2096}
> Progress 50.0%, elapsed 24 s, estimated 48 s, iters = {MDP: 2251}
> Progress 53.044%, elapsed 27 s, estimated 51 s, iters = {MDP: 2388}
> Progress 56.044%, elapsed 30 s, estimated 53 s, iters = {MDP: 2523}
> Progress 58.866%, elapsed 33 s, estimated 56 s, iters = {MDP: 2650}
> Progress 61.533%, elapsed 36 s, estimated 58 s, iters = {MDP: 2770}
> Progress 63.888%, elapsed 39 s, estimated 61 s, iters = {MDP: 2876}
> Progress 66.111%, elapsed 42 s, estimated 63 s, iters = {MDP: 2976}
> Progress 68.4%, elapsed 45 s, estimated 65 s, iters = {MDP: 3079}
> Progress 70.6%, elapsed 48 s, estimated 68 s, iters = {MDP: 3178}
> Progress 72.711%, elapsed 51 s, estimated 70 s, iters = {MDP: 3273}
> Progress 75.0%, elapsed 54 s, estimated 72 s, iters = {MDP: 3376}
> Progress 76.888%, elapsed 57 s, estimated 74 s, iters = {MDP: 3461}
> Progress 78.955%, elapsed 60 s, estimated 76 s, iters = {MDP: 3554}
> Progress 80.888%, elapsed 63 s, estimated 78 s, iters = {MDP: 3641}
> Progress 82.733%, elapsed 66 s, estimated 80 s, iters = {MDP: 3724}
> Progress 84.644%, elapsed 69 s, estimated 81 s, iters = {MDP: 3810}
> Progress 86.311%, elapsed 72 s, estimated 83 s, iters = {MDP: 3885}
> Progress 88.0%, elapsed 75 s, estimated 85 s, iters = {MDP: 3961}
> Progress 89.844%, elapsed 78 s, estimated 87 s, iters = {MDP: 4044}
> Progress 91.333%, elapsed 81 s, estimated 89 s, iters = {MDP: 4111}
> Progress 93.088%, elapsed 84 s, estimated 90 s, iters = {MDP: 4190}
> Progress 94.888%, elapsed 87 s, estimated 92 s, iters = {MDP: 4271}
> Progress 96.4%, elapsed 90 s, estimated 93 s, iters = {MDP: 4339}
> Progress 98.044%, elapsed 93 s, estimated 95 s, iters = {MDP: 4413}
> Progress 99.755%, elapsed 96 s, estimated 96 s, iters = {MDP: 4490}
2024-01-04 19:55:18,919 - synthesizer.py - evaluation finished
--------------------
Synthesis summary:
constraint 1: P>=3/4 [F ((w1 & w2) & w6)]

method: 1-by-1, synthesis time: 96.84 s
number of holes: 4, family size: 4500, quotient: 17927 states / 191629 actions
explored: 100 %
MDP stats: avg MDP size: 8438, iterations: 4500

satisfied 4451/4500 members (99%)
--------------------
