2024-01-04 20:01:09,707 - cli.py - This is Paynt version 0.1.0.
2024-01-04 20:01:09,707 - sketch.py - loading sketch from models/mdp/sketches/uav/operator/sketch.templ ...
2024-01-04 20:01:09,707 - sketch.py - assuming sketch in PRISM format...
2024-01-04 20:01:09,720 - prism_parser.py - PRISM model type: MDP
2024-01-04 20:01:09,720 - prism_parser.py - processing hole definitions...
2024-01-04 20:01:09,720 - prism_parser.py - loading properties from models/mdp/sketches/uav/operator/sketch.props ...
2024-01-04 20:01:09,721 - prism_parser.py - found the following specification: constraints: P>=4/5 [F ((w1 & w2) & w6)]; 
2024-01-04 20:01:09,721 - jani.py - constructing JANI program...
2024-01-04 20:01:09,760 - jani.py - constructing the quotient...
2024-01-04 20:01:10,425 - jani.py - associating choices of the quotient with hole assignments...
2024-01-04 20:01:10,633 - sketch.py - sketch parsing OK
2024-01-04 20:01:10,634 - sketch.py - constructed explicit quotient having 17927 states and 169625 actions
2024-01-04 20:01:10,634 - sketch.py - found the following specification constraints: P>=4/5 [F ((w1 & w2) & w6)]; 
2024-01-04 20:01:10,716 - mdp_family.py - associating choices with action labels...
2024-01-04 20:01:10,949 - synthesizer.py - evaluation initiated, design space: 1600
> Progress 29.187%, elapsed 3 s, estimated 10 s, iters = {MDP: 468}
> Progress 43.437%, elapsed 6 s, estimated 13 s, iters = {MDP: 696}
> Progress 53.562%, elapsed 9 s, estimated 16 s, iters = {MDP: 858}
> Progress 61.875%, elapsed 12 s, estimated 19 s, iters = {MDP: 991}
> Progress 69.062%, elapsed 15 s, estimated 21 s, iters = {MDP: 1106}
> Progress 75.687%, elapsed 18 s, estimated 23 s, iters = {MDP: 1212}
> Progress 81.187%, elapsed 21 s, estimated 25 s, iters = {MDP: 1300}
> Progress 86.437%, elapsed 24 s, estimated 27 s, iters = {MDP: 1384}
> Progress 91.562%, elapsed 27 s, estimated 29 s, iters = {MDP: 1466}
> Progress 96.562%, elapsed 30 s, estimated 31 s, iters = {MDP: 1546}
2024-01-04 20:01:43,133 - synthesizer.py - evaluation finished
--------------------
Synthesis summary:
constraint 1: P>=4/5 [F ((w1 & w2) & w6)]

method: 1-by-1, synthesis time: 32.18 s
number of holes: 4, family size: 1600, quotient: 17927 states / 169625 actions
explored: 100 %
MDP stats: avg MDP size: 8411, iterations: 1600

satisfied 1561/1600 members (98%)
--------------------
