2024-01-04 20:01:16,072 - cli.py - This is Paynt version 0.1.0.
2024-01-04 20:01:16,072 - sketch.py - loading sketch from models/mdp/sketches/uav/operator-big/sketch.templ ...
2024-01-04 20:01:16,072 - sketch.py - assuming sketch in PRISM format...
2024-01-04 20:01:16,080 - prism_parser.py - PRISM model type: MDP
2024-01-04 20:01:16,080 - prism_parser.py - processing hole definitions...
2024-01-04 20:01:16,080 - prism_parser.py - loading properties from models/mdp/sketches/uav/operator-big/sketch.props ...
2024-01-04 20:01:16,081 - prism_parser.py - found the following specification: constraints: P>=4/5 [F ((w1 & w2) & w6)]; 
2024-01-04 20:01:16,081 - jani.py - constructing JANI program...
2024-01-04 20:01:16,119 - jani.py - constructing the quotient...
2024-01-04 20:01:16,745 - jani.py - associating choices of the quotient with hole assignments...
2024-01-04 20:01:16,947 - sketch.py - sketch parsing OK
2024-01-04 20:01:16,948 - sketch.py - constructed explicit quotient having 17927 states and 170585 actions
2024-01-04 20:01:16,948 - sketch.py - found the following specification constraints: P>=4/5 [F ((w1 & w2) & w6)]; 
2024-01-04 20:01:17,033 - mdp_family.py - associating choices with action labels...
2024-01-04 20:01:17,278 - synthesizer.py - evaluation initiated, design space: 40000
> Progress 1.87%, elapsed 3 s, estimated 160 s, iters = {MDP: 749}
> Progress 3.667%, elapsed 6 s, estimated 163 s, iters = {MDP: 1468}
> Progress 5.39%, elapsed 9 s, estimated 167 s, iters = {MDP: 2157}
> Progress 6.952%, elapsed 12 s, estimated 172 s, iters = {MDP: 2782}
> Progress 8.315%, elapsed 15 s, estimated 180 s, iters = {MDP: 3327}
> Progress 9.67%, elapsed 18 s, estimated 186 s, iters = {MDP: 3869}
> Progress 10.862%, elapsed 21 s, estimated 193 s, iters = {MDP: 4346}
> Progress 12.042%, elapsed 24 s, estimated 199 s, iters = {MDP: 4818}
> Progress 13.282%, elapsed 27 s, estimated 203 s, iters = {MDP: 5314}
> Progress 14.605%, elapsed 30 s, estimated 205 s, iters = {MDP: 5843}
> Progress 15.687%, elapsed 33 s, estimated 210 s, iters = {MDP: 6276}
> Progress 16.682%, elapsed 36 s, estimated 216 s, iters = {MDP: 6674}
> Progress 17.705%, elapsed 39 s, estimated 220 s, iters = {MDP: 7083}
> Progress 18.7%, elapsed 42 s, estimated 224 s, iters = {MDP: 7481}
> Progress 19.735%, elapsed 45 s, estimated 228 s, iters = {MDP: 7895}
> Progress 20.56%, elapsed 48 s, estimated 233 s, iters = {MDP: 8225}
> Progress 21.33%, elapsed 51 s, estimated 239 s, iters = {MDP: 8533}
> Progress 22.165%, elapsed 54 s, estimated 243 s, iters = {MDP: 8867}
> Progress 23.02%, elapsed 57 s, estimated 247 s, iters = {MDP: 9209}
> Progress 23.94%, elapsed 60 s, estimated 250 s, iters = {MDP: 9577}
> Progress 24.852%, elapsed 63 s, estimated 253 s, iters = {MDP: 9942}
> Progress 25.547%, elapsed 66 s, estimated 258 s, iters = {MDP: 10220}
> Progress 26.212%, elapsed 69 s, estimated 263 s, iters = {MDP: 10486}
> Progress 26.897%, elapsed 72 s, estimated 268 s, iters = {MDP: 10760}
> Progress 27.61%, elapsed 75 s, estimated 272 s, iters = {MDP: 11045}
> Progress 28.317%, elapsed 78 s, estimated 275 s, iters = {MDP: 11328}
> Progress 29.045%, elapsed 81 s, estimated 279 s, iters = {MDP: 11619}
> Progress 29.747%, elapsed 84 s, estimated 282 s, iters = {MDP: 11900}
> Progress 30.33%, elapsed 87 s, estimated 287 s, iters = {MDP: 12133}
> Progress 30.842%, elapsed 90 s, estimated 292 s, iters = {MDP: 12338}
> Progress 31.397%, elapsed 93 s, estimated 296 s, iters = {MDP: 12560}
> Progress 31.965%, elapsed 96 s, estimated 300 s, iters = {MDP: 12787}
> Progress 32.537%, elapsed 99 s, estimated 304 s, iters = {MDP: 13016}
> Progress 33.105%, elapsed 102 s, estimated 308 s, iters = {MDP: 13243}
> Progress 33.677%, elapsed 105 s, estimated 312 s, iters = {MDP: 13472}
> Progress 34.247%, elapsed 108 s, estimated 315 s, iters = {MDP: 13700}
> Progress 34.815%, elapsed 111 s, estimated 319 s, iters = {MDP: 13927}
> Progress 35.282%, elapsed 114 s, estimated 323 s, iters = {MDP: 14114}
> Progress 35.707%, elapsed 117 s, estimated 328 s, iters = {MDP: 14284}
> Progress 36.16%, elapsed 120 s, estimated 332 s, iters = {MDP: 14465}
> Progress 36.622%, elapsed 123 s, estimated 336 s, iters = {MDP: 14650}
> Progress 37.087%, elapsed 126 s, estimated 340 s, iters = {MDP: 14836}
> Progress 37.555%, elapsed 129 s, estimated 344 s, iters = {MDP: 15023}
> Progress 38.012%, elapsed 132 s, estimated 347 s, iters = {MDP: 15206}
> Progress 38.47%, elapsed 135 s, estimated 351 s, iters = {MDP: 15389}
> Progress 38.942%, elapsed 138 s, estimated 355 s, iters = {MDP: 15578}
> Progress 39.407%, elapsed 141 s, estimated 358 s, iters = {MDP: 15764}
> Progress 39.877%, elapsed 144 s, estimated 361 s, iters = {MDP: 15952}
> Progress 40.26%, elapsed 147 s, estimated 365 s, iters = {MDP: 16105}
> Progress 40.615%, elapsed 150 s, estimated 370 s, iters = {MDP: 16247}
> Progress 40.98%, elapsed 153 s, estimated 374 s, iters = {MDP: 16393}
> Progress 41.367%, elapsed 156 s, estimated 377 s, iters = {MDP: 16548}
> Progress 41.762%, elapsed 159 s, estimated 381 s, iters = {MDP: 16706}
> Progress 42.152%, elapsed 162 s, estimated 385 s, iters = {MDP: 16862}
> Progress 42.555%, elapsed 165 s, estimated 388 s, iters = {MDP: 17023}
> Progress 42.965%, elapsed 168 s, estimated 391 s, iters = {MDP: 17187}
> Progress 43.367%, elapsed 171 s, estimated 395 s, iters = {MDP: 17348}
> Progress 43.777%, elapsed 174 s, estimated 398 s, iters = {MDP: 17512}
> Progress 44.185%, elapsed 177 s, estimated 401 s, iters = {MDP: 17675}
> Progress 44.592%, elapsed 180 s, estimated 404 s, iters = {MDP: 17838}
> Progress 44.97%, elapsed 183 s, estimated 407 s, iters = {MDP: 17989}
> Progress 45.245%, elapsed 186 s, estimated 412 s, iters = {MDP: 18099}
> Progress 45.547%, elapsed 189 s, estimated 415 s, iters = {MDP: 18220}
> Progress 45.845%, elapsed 192 s, estimated 419 s, iters = {MDP: 18339}
> Progress 46.157%, elapsed 195 s, estimated 423 s, iters = {MDP: 18464}
> Progress 46.487%, elapsed 198 s, estimated 426 s, iters = {MDP: 18596}
> Progress 46.812%, elapsed 201 s, estimated 430 s, iters = {MDP: 18726}
> Progress 47.145%, elapsed 204 s, estimated 433 s, iters = {MDP: 18859}
> Progress 47.477%, elapsed 207 s, estimated 436 s, iters = {MDP: 18992}
> Progress 47.807%, elapsed 210 s, estimated 440 s, iters = {MDP: 19124}
> Progress 48.142%, elapsed 213 s, estimated 443 s, iters = {MDP: 19258}
> Progress 48.48%, elapsed 216 s, estimated 446 s, iters = {MDP: 19393}
> Progress 48.817%, elapsed 219 s, estimated 449 s, iters = {MDP: 19528}
> Progress 49.145%, elapsed 222 s, estimated 452 s, iters = {MDP: 19659}
> Progress 49.48%, elapsed 225 s, estimated 455 s, iters = {MDP: 19793}
> Progress 49.822%, elapsed 228 s, estimated 458 s, iters = {MDP: 19930}
> Progress 50.122%, elapsed 231 s, estimated 461 s, iters = {MDP: 20050}
> Progress 50.39%, elapsed 234 s, estimated 465 s, iters = {MDP: 20157}
> Progress 50.654%, elapsed 237 s, estimated 469 s, iters = {MDP: 20263}
> Progress 50.93%, elapsed 240 s, estimated 472 s, iters = {MDP: 20373}
> Progress 51.205%, elapsed 243 s, estimated 475 s, iters = {MDP: 20483}
> Progress 51.487%, elapsed 246 s, estimated 479 s, iters = {MDP: 20596}
> Progress 51.767%, elapsed 249 s, estimated 482 s, iters = {MDP: 20708}
> Progress 52.045%, elapsed 252 s, estimated 485 s, iters = {MDP: 20819}
> Progress 52.327%, elapsed 255 s, estimated 488 s, iters = {MDP: 20932}
> Progress 52.615%, elapsed 258 s, estimated 491 s, iters = {MDP: 21047}
> Progress 52.905%, elapsed 261 s, estimated 494 s, iters = {MDP: 21163}
> Progress 53.195%, elapsed 264 s, estimated 497 s, iters = {MDP: 21279}
> Progress 53.485%, elapsed 267 s, estimated 500 s, iters = {MDP: 21395}
> Progress 53.777%, elapsed 270 s, estimated 503 s, iters = {MDP: 21512}
> Progress 54.067%, elapsed 273 s, estimated 506 s, iters = {MDP: 21628}
> Progress 54.35%, elapsed 276 s, estimated 509 s, iters = {MDP: 21741}
> Progress 54.642%, elapsed 279 s, estimated 512 s, iters = {MDP: 21858}
> Progress 54.93%, elapsed 282 s, estimated 514 s, iters = {MDP: 21973}
> Progress 55.172%, elapsed 285 s, estimated 518 s, iters = {MDP: 22070}
> Progress 55.407%, elapsed 288 s, estimated 521 s, iters = {MDP: 22164}
> Progress 55.637%, elapsed 291 s, estimated 524 s, iters = {MDP: 22256}
> Progress 55.872%, elapsed 294 s, estimated 527 s, iters = {MDP: 22350}
> Progress 56.11%, elapsed 297 s, estimated 530 s, iters = {MDP: 22445}
> Progress 56.367%, elapsed 300 s, estimated 533 s, iters = {MDP: 22548}
> Progress 56.612%, elapsed 303 s, estimated 536 s, iters = {MDP: 22646}
> Progress 56.86%, elapsed 306 s, estimated 539 s, iters = {MDP: 22745}
> Progress 57.117%, elapsed 309 s, estimated 542 s, iters = {MDP: 22848}
> Progress 57.372%, elapsed 313 s, estimated 545 s, iters = {MDP: 22950}
> Progress 57.632%, elapsed 316 s, estimated 548 s, iters = {MDP: 23054}
> Progress 57.899%, elapsed 319 s, estimated 550 s, iters = {MDP: 23161}
> Progress 58.165%, elapsed 322 s, estimated 553 s, iters = {MDP: 23267}
> Progress 58.427%, elapsed 325 s, estimated 556 s, iters = {MDP: 23372}
> Progress 58.687%, elapsed 328 s, estimated 558 s, iters = {MDP: 23476}
> Progress 58.95%, elapsed 331 s, estimated 561 s, iters = {MDP: 23581}
> Progress 59.209%, elapsed 334 s, estimated 564 s, iters = {MDP: 23685}
> Progress 59.472%, elapsed 337 s, estimated 566 s, iters = {MDP: 23790}
> Progress 59.732%, elapsed 340 s, estimated 569 s, iters = {MDP: 23894}
> Progress 59.982%, elapsed 343 s, estimated 572 s, iters = {MDP: 23994}
> Progress 60.185%, elapsed 346 s, estimated 575 s, iters = {MDP: 24075}
> Progress 60.392%, elapsed 349 s, estimated 578 s, iters = {MDP: 24158}
> Progress 60.535%, elapsed 352 s, estimated 581 s, iters = {MDP: 24215}
> Progress 60.745%, elapsed 355 s, estimated 584 s, iters = {MDP: 24299}
> Progress 60.96%, elapsed 358 s, estimated 587 s, iters = {MDP: 24385}
> Progress 61.185%, elapsed 361 s, estimated 590 s, iters = {MDP: 24475}
> Progress 61.407%, elapsed 364 s, estimated 593 s, iters = {MDP: 24564}
> Progress 61.629%, elapsed 367 s, estimated 595 s, iters = {MDP: 24653}
> Progress 61.852%, elapsed 370 s, estimated 598 s, iters = {MDP: 24742}
> Progress 62.072%, elapsed 373 s, estimated 601 s, iters = {MDP: 24830}
> Progress 62.3%, elapsed 376 s, estimated 603 s, iters = {MDP: 24921}
> Progress 62.532%, elapsed 379 s, estimated 606 s, iters = {MDP: 25014}
> Progress 62.765%, elapsed 382 s, estimated 609 s, iters = {MDP: 25107}
> Progress 62.995%, elapsed 385 s, estimated 611 s, iters = {MDP: 25199}
> Progress 63.222%, elapsed 388 s, estimated 614 s, iters = {MDP: 25290}
> Progress 63.454%, elapsed 391 s, estimated 616 s, iters = {MDP: 25383}
> Progress 63.685%, elapsed 394 s, estimated 619 s, iters = {MDP: 25475}
> Progress 63.917%, elapsed 397 s, estimated 621 s, iters = {MDP: 25568}
> Progress 64.137%, elapsed 400 s, estimated 624 s, iters = {MDP: 25656}
> Progress 64.357%, elapsed 403 s, estimated 626 s, iters = {MDP: 25744}
> Progress 64.582%, elapsed 406 s, estimated 629 s, iters = {MDP: 25834}
> Progress 64.805%, elapsed 409 s, estimated 631 s, iters = {MDP: 25923}
> Progress 65.027%, elapsed 412 s, estimated 634 s, iters = {MDP: 26012}
> Progress 65.212%, elapsed 415 s, estimated 637 s, iters = {MDP: 26086}
> Progress 65.397%, elapsed 418 s, estimated 639 s, iters = {MDP: 26160}
> Progress 65.585%, elapsed 421 s, estimated 642 s, iters = {MDP: 26235}
> Progress 65.772%, elapsed 424 s, estimated 645 s, iters = {MDP: 26310}
> Progress 65.962%, elapsed 427 s, estimated 648 s, iters = {MDP: 26386}
> Progress 66.157%, elapsed 430 s, estimated 650 s, iters = {MDP: 26464}
> Progress 66.352%, elapsed 433 s, estimated 653 s, iters = {MDP: 26542}
> Progress 66.55%, elapsed 436 s, estimated 656 s, iters = {MDP: 26621}
> Progress 66.75%, elapsed 439 s, estimated 658 s, iters = {MDP: 26701}
> Progress 66.955%, elapsed 442 s, estimated 661 s, iters = {MDP: 26783}
> Progress 67.157%, elapsed 445 s, estimated 663 s, iters = {MDP: 26864}
> Progress 67.355%, elapsed 448 s, estimated 666 s, iters = {MDP: 26943}
> Progress 67.557%, elapsed 451 s, estimated 668 s, iters = {MDP: 27024}
> Progress 67.762%, elapsed 454 s, estimated 671 s, iters = {MDP: 27106}
> Progress 67.97%, elapsed 457 s, estimated 673 s, iters = {MDP: 27189}
> Progress 68.172%, elapsed 460 s, estimated 675 s, iters = {MDP: 27270}
> Progress 68.372%, elapsed 463 s, estimated 678 s, iters = {MDP: 27350}
> Progress 68.577%, elapsed 466 s, estimated 680 s, iters = {MDP: 27432}
> Progress 68.785%, elapsed 469 s, estimated 683 s, iters = {MDP: 27515}
> Progress 68.99%, elapsed 472 s, estimated 685 s, iters = {MDP: 27597}
> Progress 69.197%, elapsed 475 s, estimated 687 s, iters = {MDP: 27680}
> Progress 69.407%, elapsed 478 s, estimated 689 s, iters = {MDP: 27764}
> Progress 69.615%, elapsed 481 s, estimated 692 s, iters = {MDP: 27847}
> Progress 69.825%, elapsed 484 s, estimated 694 s, iters = {MDP: 27931}
> Progress 70.022%, elapsed 487 s, estimated 696 s, iters = {MDP: 28010}
> Progress 70.187%, elapsed 490 s, estimated 699 s, iters = {MDP: 28076}
> Progress 70.355%, elapsed 493 s, estimated 702 s, iters = {MDP: 28143}
> Progress 70.527%, elapsed 497 s, estimated 704 s, iters = {MDP: 28212}
> Progress 70.7%, elapsed 500 s, estimated 707 s, iters = {MDP: 28281}
> Progress 70.875%, elapsed 503 s, estimated 709 s, iters = {MDP: 28351}
> Progress 71.05%, elapsed 506 s, estimated 712 s, iters = {MDP: 28421}
> Progress 71.23%, elapsed 509 s, estimated 714 s, iters = {MDP: 28493}
> Progress 71.412%, elapsed 512 s, estimated 717 s, iters = {MDP: 28566}
> Progress 71.595%, elapsed 515 s, estimated 719 s, iters = {MDP: 28639}
> Progress 71.777%, elapsed 518 s, estimated 722 s, iters = {MDP: 28712}
> Progress 71.957%, elapsed 521 s, estimated 724 s, iters = {MDP: 28784}
> Progress 72.137%, elapsed 524 s, estimated 726 s, iters = {MDP: 28856}
> Progress 72.317%, elapsed 527 s, estimated 729 s, iters = {MDP: 28928}
> Progress 72.5%, elapsed 530 s, estimated 731 s, iters = {MDP: 29001}
> Progress 72.682%, elapsed 533 s, estimated 733 s, iters = {MDP: 29074}
> Progress 72.867%, elapsed 536 s, estimated 736 s, iters = {MDP: 29148}
> Progress 73.055%, elapsed 539 s, estimated 738 s, iters = {MDP: 29223}
> Progress 73.237%, elapsed 542 s, estimated 740 s, iters = {MDP: 29296}
> Progress 73.425%, elapsed 545 s, estimated 742 s, iters = {MDP: 29371}
> Progress 73.607%, elapsed 548 s, estimated 745 s, iters = {MDP: 29444}
> Progress 73.787%, elapsed 551 s, estimated 747 s, iters = {MDP: 29516}
> Progress 73.977%, elapsed 554 s, estimated 749 s, iters = {MDP: 29592}
> Progress 74.16%, elapsed 557 s, estimated 751 s, iters = {MDP: 29665}
> Progress 74.345%, elapsed 560 s, estimated 753 s, iters = {MDP: 29739}
> Progress 74.532%, elapsed 563 s, estimated 756 s, iters = {MDP: 29814}
> Progress 74.72%, elapsed 566 s, estimated 758 s, iters = {MDP: 29889}
> Progress 74.902%, elapsed 569 s, estimated 760 s, iters = {MDP: 29962}
> Progress 75.072%, elapsed 572 s, estimated 762 s, iters = {MDP: 30030}
> Progress 75.225%, elapsed 575 s, estimated 765 s, iters = {MDP: 30091}
> Progress 75.375%, elapsed 578 s, estimated 767 s, iters = {MDP: 30151}
> Progress 75.525%, elapsed 581 s, estimated 770 s, iters = {MDP: 30211}
> Progress 75.675%, elapsed 584 s, estimated 772 s, iters = {MDP: 30271}
> Progress 75.827%, elapsed 587 s, estimated 775 s, iters = {MDP: 30332}
> Progress 75.982%, elapsed 590 s, estimated 777 s, iters = {MDP: 30394}
> Progress 76.137%, elapsed 593 s, estimated 779 s, iters = {MDP: 30456}
> Progress 76.297%, elapsed 596 s, estimated 782 s, iters = {MDP: 30520}
> Progress 76.457%, elapsed 599 s, estimated 784 s, iters = {MDP: 30584}
> Progress 76.622%, elapsed 602 s, estimated 786 s, iters = {MDP: 30650}
> Progress 76.787%, elapsed 605 s, estimated 789 s, iters = {MDP: 30716}
> Progress 76.947%, elapsed 608 s, estimated 791 s, iters = {MDP: 30780}
> Progress 77.107%, elapsed 611 s, estimated 793 s, iters = {MDP: 30844}
> Progress 77.27%, elapsed 614 s, estimated 795 s, iters = {MDP: 30909}
> Progress 77.437%, elapsed 618 s, estimated 798 s, iters = {MDP: 30976}
> Progress 77.602%, elapsed 621 s, estimated 800 s, iters = {MDP: 31042}
> Progress 77.77%, elapsed 624 s, estimated 802 s, iters = {MDP: 31109}
> Progress 77.94%, elapsed 627 s, estimated 804 s, iters = {MDP: 31177}
> Progress 78.105%, elapsed 630 s, estimated 806 s, iters = {MDP: 31243}
> Progress 78.272%, elapsed 633 s, estimated 808 s, iters = {MDP: 31310}
> Progress 78.442%, elapsed 636 s, estimated 811 s, iters = {MDP: 31378}
> Progress 78.607%, elapsed 639 s, estimated 813 s, iters = {MDP: 31444}
> Progress 78.772%, elapsed 642 s, estimated 815 s, iters = {MDP: 31510}
> Progress 78.937%, elapsed 645 s, estimated 817 s, iters = {MDP: 31576}
> Progress 79.105%, elapsed 648 s, estimated 819 s, iters = {MDP: 31643}
> Progress 79.275%, elapsed 651 s, estimated 821 s, iters = {MDP: 31711}
> Progress 79.445%, elapsed 654 s, estimated 823 s, iters = {MDP: 31779}
> Progress 79.61%, elapsed 657 s, estimated 825 s, iters = {MDP: 31845}
> Progress 79.777%, elapsed 660 s, estimated 827 s, iters = {MDP: 31912}
> Progress 79.947%, elapsed 663 s, estimated 829 s, iters = {MDP: 31980}
> Progress 80.097%, elapsed 666 s, estimated 831 s, iters = {MDP: 32040}
> Progress 80.237%, elapsed 669 s, estimated 834 s, iters = {MDP: 32096}
> Progress 80.377%, elapsed 672 s, estimated 836 s, iters = {MDP: 32152}
> Progress 80.52%, elapsed 675 s, estimated 838 s, iters = {MDP: 32209}
> Progress 80.667%, elapsed 678 s, estimated 841 s, iters = {MDP: 32268}
> Progress 80.81%, elapsed 681 s, estimated 843 s, iters = {MDP: 32325}
> Progress 80.96%, elapsed 684 s, estimated 845 s, iters = {MDP: 32385}
> Progress 81.112%, elapsed 687 s, estimated 847 s, iters = {MDP: 32446}
> Progress 81.267%, elapsed 690 s, estimated 849 s, iters = {MDP: 32508}
> Progress 81.422%, elapsed 693 s, estimated 851 s, iters = {MDP: 32570}
> Progress 81.575%, elapsed 696 s, estimated 854 s, iters = {MDP: 32631}
> Progress 81.73%, elapsed 699 s, estimated 856 s, iters = {MDP: 32693}
> Progress 81.882%, elapsed 702 s, estimated 858 s, iters = {MDP: 32754}
> Progress 82.037%, elapsed 705 s, estimated 860 s, iters = {MDP: 32816}
> Progress 82.195%, elapsed 708 s, estimated 862 s, iters = {MDP: 32879}
> Progress 82.352%, elapsed 711 s, estimated 864 s, iters = {MDP: 32942}
> Progress 82.51%, elapsed 714 s, estimated 866 s, iters = {MDP: 33005}
> Progress 82.667%, elapsed 717 s, estimated 868 s, iters = {MDP: 33068}
> Progress 82.83%, elapsed 720 s, estimated 870 s, iters = {MDP: 33133}
> Progress 82.987%, elapsed 723 s, estimated 872 s, iters = {MDP: 33196}
> Progress 83.147%, elapsed 726 s, estimated 874 s, iters = {MDP: 33260}
> Progress 83.305%, elapsed 729 s, estimated 876 s, iters = {MDP: 33323}
> Progress 83.46%, elapsed 732 s, estimated 878 s, iters = {MDP: 33385}
> Progress 83.62%, elapsed 735 s, estimated 880 s, iters = {MDP: 33449}
> Progress 83.785%, elapsed 739 s, estimated 882 s, iters = {MDP: 33515}
> Progress 83.95%, elapsed 742 s, estimated 883 s, iters = {MDP: 33581}
> Progress 84.11%, elapsed 745 s, estimated 885 s, iters = {MDP: 33645}
> Progress 84.27%, elapsed 748 s, estimated 887 s, iters = {MDP: 33709}
> Progress 84.43%, elapsed 751 s, estimated 889 s, iters = {MDP: 33773}
> Progress 84.59%, elapsed 754 s, estimated 891 s, iters = {MDP: 33837}
> Progress 84.752%, elapsed 757 s, estimated 893 s, iters = {MDP: 33902}
> Progress 84.912%, elapsed 760 s, estimated 895 s, iters = {MDP: 33966}
> Progress 85.052%, elapsed 763 s, estimated 897 s, iters = {MDP: 34022}
> Progress 85.192%, elapsed 766 s, estimated 899 s, iters = {MDP: 34078}
> Progress 85.332%, elapsed 769 s, estimated 901 s, iters = {MDP: 34134}
> Progress 85.475%, elapsed 772 s, estimated 903 s, iters = {MDP: 34191}
> Progress 85.615%, elapsed 775 s, estimated 905 s, iters = {MDP: 34247}
> Progress 85.755%, elapsed 778 s, estimated 907 s, iters = {MDP: 34303}
> Progress 85.897%, elapsed 781 s, estimated 909 s, iters = {MDP: 34360}
> Progress 86.04%, elapsed 784 s, estimated 911 s, iters = {MDP: 34417}
> Progress 86.187%, elapsed 787 s, estimated 913 s, iters = {MDP: 34476}
> Progress 86.33%, elapsed 790 s, estimated 915 s, iters = {MDP: 34533}
> Progress 86.475%, elapsed 793 s, estimated 917 s, iters = {MDP: 34591}
> Progress 86.62%, elapsed 796 s, estimated 919 s, iters = {MDP: 34649}
> Progress 86.772%, elapsed 799 s, estimated 921 s, iters = {MDP: 34710}
> Progress 86.925%, elapsed 802 s, estimated 923 s, iters = {MDP: 34771}
> Progress 87.072%, elapsed 805 s, estimated 925 s, iters = {MDP: 34830}
> Progress 87.222%, elapsed 808 s, estimated 927 s, iters = {MDP: 34890}
> Progress 87.372%, elapsed 811 s, estimated 928 s, iters = {MDP: 34950}
> Progress 87.522%, elapsed 814 s, estimated 930 s, iters = {MDP: 35010}
> Progress 87.677%, elapsed 817 s, estimated 932 s, iters = {MDP: 35072}
> Progress 87.827%, elapsed 820 s, estimated 934 s, iters = {MDP: 35132}
> Progress 87.977%, elapsed 823 s, estimated 936 s, iters = {MDP: 35192}
> Progress 88.125%, elapsed 826 s, estimated 938 s, iters = {MDP: 35251}
> Progress 88.277%, elapsed 829 s, estimated 939 s, iters = {MDP: 35312}
> Progress 88.43%, elapsed 832 s, estimated 941 s, iters = {MDP: 35373}
> Progress 88.582%, elapsed 835 s, estimated 943 s, iters = {MDP: 35434}
> Progress 88.735%, elapsed 838 s, estimated 945 s, iters = {MDP: 35495}
> Progress 88.887%, elapsed 841 s, estimated 947 s, iters = {MDP: 35556}
> Progress 89.04%, elapsed 844 s, estimated 948 s, iters = {MDP: 35617}
> Progress 89.185%, elapsed 847 s, estimated 950 s, iters = {MDP: 35675}
> Progress 89.325%, elapsed 850 s, estimated 952 s, iters = {MDP: 35731}
> Progress 89.467%, elapsed 853 s, estimated 954 s, iters = {MDP: 35788}
> Progress 89.615%, elapsed 856 s, estimated 956 s, iters = {MDP: 35847}
> Progress 89.765%, elapsed 859 s, estimated 958 s, iters = {MDP: 35907}
> Progress 89.912%, elapsed 862 s, estimated 959 s, iters = {MDP: 35966}
> Progress 90.052%, elapsed 866 s, estimated 961 s, iters = {MDP: 36022}
> Progress 90.177%, elapsed 869 s, estimated 963 s, iters = {MDP: 36072}
> Progress 90.302%, elapsed 872 s, estimated 965 s, iters = {MDP: 36122}
> Progress 90.43%, elapsed 875 s, estimated 967 s, iters = {MDP: 36173}
> Progress 90.56%, elapsed 878 s, estimated 969 s, iters = {MDP: 36225}
> Progress 90.682%, elapsed 881 s, estimated 971 s, iters = {MDP: 36274}
> Progress 90.807%, elapsed 884 s, estimated 973 s, iters = {MDP: 36324}
> Progress 90.937%, elapsed 887 s, estimated 975 s, iters = {MDP: 36376}
> Progress 91.072%, elapsed 890 s, estimated 977 s, iters = {MDP: 36430}
> Progress 91.207%, elapsed 893 s, estimated 979 s, iters = {MDP: 36484}
> Progress 91.345%, elapsed 896 s, estimated 981 s, iters = {MDP: 36539}
> Progress 91.485%, elapsed 899 s, estimated 983 s, iters = {MDP: 36595}
> Progress 91.622%, elapsed 902 s, estimated 984 s, iters = {MDP: 36650}
> Progress 91.762%, elapsed 905 s, estimated 986 s, iters = {MDP: 36706}
> Progress 91.902%, elapsed 908 s, estimated 988 s, iters = {MDP: 36762}
> Progress 92.037%, elapsed 911 s, estimated 990 s, iters = {MDP: 36816}
> Progress 92.172%, elapsed 914 s, estimated 992 s, iters = {MDP: 36870}
> Progress 92.312%, elapsed 917 s, estimated 993 s, iters = {MDP: 36926}
> Progress 92.452%, elapsed 920 s, estimated 995 s, iters = {MDP: 36982}
> Progress 92.592%, elapsed 923 s, estimated 997 s, iters = {MDP: 37038}
> Progress 92.732%, elapsed 926 s, estimated 999 s, iters = {MDP: 37094}
> Progress 92.875%, elapsed 929 s, estimated 1000 s, iters = {MDP: 37151}
> Progress 93.017%, elapsed 932 s, estimated 1002 s, iters = {MDP: 37208}
> Progress 93.16%, elapsed 935 s, estimated 1004 s, iters = {MDP: 37265}
> Progress 93.302%, elapsed 938 s, estimated 1006 s, iters = {MDP: 37322}
> Progress 93.44%, elapsed 941 s, estimated 1007 s, iters = {MDP: 37377}
> Progress 93.58%, elapsed 944 s, estimated 1009 s, iters = {MDP: 37433}
> Progress 93.72%, elapsed 947 s, estimated 1011 s, iters = {MDP: 37489}
> Progress 93.862%, elapsed 950 s, estimated 1012 s, iters = {MDP: 37546}
> Progress 94.007%, elapsed 953 s, estimated 1014 s, iters = {MDP: 37604}
> Progress 94.145%, elapsed 956 s, estimated 1016 s, iters = {MDP: 37659}
> Progress 94.29%, elapsed 959 s, estimated 1017 s, iters = {MDP: 37717}
> Progress 94.432%, elapsed 962 s, estimated 1019 s, iters = {MDP: 37774}
> Progress 94.575%, elapsed 965 s, estimated 1021 s, iters = {MDP: 37831}
> Progress 94.72%, elapsed 968 s, estimated 1022 s, iters = {MDP: 37889}
> Progress 94.857%, elapsed 972 s, estimated 1024 s, iters = {MDP: 37944}
> Progress 95.002%, elapsed 975 s, estimated 1026 s, iters = {MDP: 38002}
> Progress 95.122%, elapsed 978 s, estimated 1028 s, iters = {MDP: 38050}
> Progress 95.245%, elapsed 981 s, estimated 1030 s, iters = {MDP: 38099}
> Progress 95.365%, elapsed 984 s, estimated 1031 s, iters = {MDP: 38147}
> Progress 95.49%, elapsed 987 s, estimated 1033 s, iters = {MDP: 38197}
> Progress 95.612%, elapsed 990 s, estimated 1035 s, iters = {MDP: 38246}
> Progress 95.737%, elapsed 993 s, estimated 1037 s, iters = {MDP: 38296}
> Progress 95.862%, elapsed 996 s, estimated 1039 s, iters = {MDP: 38346}
> Progress 95.99%, elapsed 999 s, estimated 1041 s, iters = {MDP: 38397}
> Progress 96.117%, elapsed 1002 s, estimated 1042 s, iters = {MDP: 38448}
> Progress 96.247%, elapsed 1005 s, estimated 1044 s, iters = {MDP: 38500}
> Progress 96.38%, elapsed 1008 s, estimated 1046 s, iters = {MDP: 38553}
> Progress 96.512%, elapsed 1011 s, estimated 1047 s, iters = {MDP: 38606}
> Progress 96.645%, elapsed 1014 s, estimated 1049 s, iters = {MDP: 38659}
> Progress 96.777%, elapsed 1017 s, estimated 1051 s, iters = {MDP: 38712}
> Progress 96.912%, elapsed 1020 s, estimated 1052 s, iters = {MDP: 38766}
> Progress 97.047%, elapsed 1023 s, estimated 1054 s, iters = {MDP: 38820}
> Progress 97.182%, elapsed 1026 s, estimated 1056 s, iters = {MDP: 38874}
> Progress 97.317%, elapsed 1029 s, estimated 1057 s, iters = {MDP: 38928}
> Progress 97.45%, elapsed 1032 s, estimated 1059 s, iters = {MDP: 38981}
> Progress 97.585%, elapsed 1035 s, estimated 1061 s, iters = {MDP: 39035}
> Progress 97.725%, elapsed 1038 s, estimated 1062 s, iters = {MDP: 39091}
> Progress 97.865%, elapsed 1041 s, estimated 1064 s, iters = {MDP: 39147}
> Progress 98.002%, elapsed 1044 s, estimated 1065 s, iters = {MDP: 39202}
> Progress 98.14%, elapsed 1047 s, estimated 1067 s, iters = {MDP: 39257}
> Progress 98.275%, elapsed 1050 s, estimated 1069 s, iters = {MDP: 39311}
> Progress 98.412%, elapsed 1053 s, estimated 1070 s, iters = {MDP: 39366}
> Progress 98.552%, elapsed 1056 s, estimated 1072 s, iters = {MDP: 39422}
> Progress 98.69%, elapsed 1059 s, estimated 1073 s, iters = {MDP: 39477}
> Progress 98.825%, elapsed 1062 s, estimated 1075 s, iters = {MDP: 39531}
> Progress 98.965%, elapsed 1065 s, estimated 1077 s, iters = {MDP: 39587}
> Progress 99.102%, elapsed 1068 s, estimated 1078 s, iters = {MDP: 39642}
> Progress 99.24%, elapsed 1072 s, estimated 1080 s, iters = {MDP: 39697}
> Progress 99.377%, elapsed 1075 s, estimated 1081 s, iters = {MDP: 39752}
> Progress 99.517%, elapsed 1078 s, estimated 1083 s, iters = {MDP: 39808}
> Progress 99.657%, elapsed 1081 s, estimated 1084 s, iters = {MDP: 39864}
> Progress 99.797%, elapsed 1084 s, estimated 1086 s, iters = {MDP: 39920}
> Progress 99.935%, elapsed 1087 s, estimated 1087 s, iters = {MDP: 39975}
2024-01-04 20:19:25,798 - synthesizer.py - evaluation finished
--------------------
Synthesis summary:
constraint 1: P>=4/5 [F ((w1 & w2) & w6)]

method: 1-by-1, synthesis time: 1088.52 s
number of holes: 6, family size: 40000, quotient: 17927 states / 170585 actions
explored: 100 %
MDP stats: avg MDP size: 8411, iterations: 40000

satisfied 38955/40000 members (97%)
--------------------
