2024-01-04 19:53:50,081 - cli.py - This is Paynt version 0.1.0.
2024-01-04 19:53:50,081 - sketch.py - loading sketch from models/mdp/sketches/uav/roz-big/sketch.templ ...
2024-01-04 19:53:50,081 - sketch.py - assuming sketch in PRISM format...
2024-01-04 19:53:50,089 - prism_parser.py - PRISM model type: MDP
2024-01-04 19:53:50,089 - prism_parser.py - processing hole definitions...
2024-01-04 19:53:50,090 - prism_parser.py - loading properties from models/mdp/sketches/uav/roz-big/sketch.props ...
2024-01-04 19:53:50,091 - prism_parser.py - found the following specification: constraints: P>=3/4 [F ((w1 & w2) & w6)]; 
2024-01-04 19:53:50,091 - jani.py - constructing JANI program...
2024-01-04 19:53:50,102 - jani.py - constructing the quotient...
2024-01-04 19:53:50,821 - jani.py - associating choices of the quotient with hole assignments...
2024-01-04 19:53:50,986 - sketch.py - sketch parsing OK
2024-01-04 19:53:50,987 - sketch.py - constructed explicit quotient having 17927 states and 192109 actions
2024-01-04 19:53:50,987 - sketch.py - found the following specification constraints: P>=3/4 [F ((w1 & w2) & w6)]; 
2024-01-04 19:53:51,086 - mdp_family.py - associating choices with action labels...
2024-01-04 19:53:51,342 - synthesizer.py - evaluation initiated, design space: 40500
> Progress 1.777%, elapsed 3 s, estimated 168 s, iters = {MDP: 721}
> Progress 3.599%, elapsed 6 s, estimated 166 s, iters = {MDP: 1459}
> Progress 5.219%, elapsed 9 s, estimated 172 s, iters = {MDP: 2115}
> Progress 6.513%, elapsed 12 s, estimated 184 s, iters = {MDP: 2639}
> Progress 7.928%, elapsed 15 s, estimated 189 s, iters = {MDP: 3212}
> Progress 9.343%, elapsed 18 s, estimated 192 s, iters = {MDP: 3785}
> Progress 10.59%, elapsed 21 s, estimated 198 s, iters = {MDP: 4290}
> Progress 11.686%, elapsed 24 s, estimated 205 s, iters = {MDP: 4734}
> Progress 12.839%, elapsed 27 s, estimated 210 s, iters = {MDP: 5201}
> Progress 13.888%, elapsed 30 s, estimated 216 s, iters = {MDP: 5626}
> Progress 14.995%, elapsed 33 s, estimated 220 s, iters = {MDP: 6074}
> Progress 15.817%, elapsed 36 s, estimated 227 s, iters = {MDP: 6407}
> Progress 16.669%, elapsed 39 s, estimated 234 s, iters = {MDP: 6752}
> Progress 17.545%, elapsed 42 s, estimated 239 s, iters = {MDP: 7107}
> Progress 18.456%, elapsed 45 s, estimated 244 s, iters = {MDP: 7476}
> Progress 19.355%, elapsed 48 s, estimated 248 s, iters = {MDP: 7840}
> Progress 20.202%, elapsed 51 s, estimated 252 s, iters = {MDP: 8183}
> Progress 20.881%, elapsed 54 s, estimated 258 s, iters = {MDP: 8458}
> Progress 21.602%, elapsed 57 s, estimated 264 s, iters = {MDP: 8750}
> Progress 22.372%, elapsed 60 s, estimated 268 s, iters = {MDP: 9062}
> Progress 23.158%, elapsed 63 s, estimated 272 s, iters = {MDP: 9380}
> Progress 23.916%, elapsed 66 s, estimated 276 s, iters = {MDP: 9687}
> Progress 24.716%, elapsed 69 s, estimated 279 s, iters = {MDP: 10011}
> Progress 25.343%, elapsed 72 s, estimated 284 s, iters = {MDP: 10265}
> Progress 25.94%, elapsed 75 s, estimated 289 s, iters = {MDP: 10507}
> Progress 26.587%, elapsed 78 s, estimated 293 s, iters = {MDP: 10769}
> Progress 27.214%, elapsed 81 s, estimated 298 s, iters = {MDP: 11023}
> Progress 27.861%, elapsed 84 s, estimated 301 s, iters = {MDP: 11285}
> Progress 28.508%, elapsed 87 s, estimated 305 s, iters = {MDP: 11547}
> Progress 29.167%, elapsed 90 s, estimated 309 s, iters = {MDP: 11814}
> Progress 29.762%, elapsed 93 s, estimated 312 s, iters = {MDP: 12055}
> Progress 30.286%, elapsed 96 s, estimated 317 s, iters = {MDP: 12267}
> Progress 30.76%, elapsed 99 s, estimated 322 s, iters = {MDP: 12459}
> Progress 31.279%, elapsed 102 s, estimated 326 s, iters = {MDP: 12669}
> Progress 31.819%, elapsed 105 s, estimated 330 s, iters = {MDP: 12888}
> Progress 32.358%, elapsed 108 s, estimated 334 s, iters = {MDP: 13106}
> Progress 32.891%, elapsed 111 s, estimated 338 s, iters = {MDP: 13322}
> Progress 33.439%, elapsed 114 s, estimated 341 s, iters = {MDP: 13544}
> Progress 33.96%, elapsed 117 s, estimated 345 s, iters = {MDP: 13755}
> Progress 34.498%, elapsed 120 s, estimated 348 s, iters = {MDP: 13973}
> Progress 35.034%, elapsed 123 s, estimated 351 s, iters = {MDP: 14190}
> Progress 35.456%, elapsed 126 s, estimated 355 s, iters = {MDP: 14361}
> Progress 35.851%, elapsed 129 s, estimated 360 s, iters = {MDP: 14521}
> Progress 36.251%, elapsed 132 s, estimated 364 s, iters = {MDP: 14683}
> Progress 36.651%, elapsed 135 s, estimated 368 s, iters = {MDP: 14845}
> Progress 37.054%, elapsed 138 s, estimated 373 s, iters = {MDP: 15008}
> Progress 37.476%, elapsed 141 s, estimated 376 s, iters = {MDP: 15179}
> Progress 37.893%, elapsed 144 s, estimated 380 s, iters = {MDP: 15348}
> Progress 38.328%, elapsed 147 s, estimated 384 s, iters = {MDP: 15524}
> Progress 38.76%, elapsed 150 s, estimated 387 s, iters = {MDP: 15699}
> Progress 39.182%, elapsed 153 s, estimated 391 s, iters = {MDP: 15870}
> Progress 39.597%, elapsed 156 s, estimated 394 s, iters = {MDP: 16038}
> Progress 40.004%, elapsed 159 s, estimated 398 s, iters = {MDP: 16203}
> Progress 40.338%, elapsed 162 s, estimated 402 s, iters = {MDP: 16338}
> Progress 40.674%, elapsed 165 s, estimated 406 s, iters = {MDP: 16474}
> Progress 41.0%, elapsed 168 s, estimated 410 s, iters = {MDP: 16606}
> Progress 41.362%, elapsed 171 s, estimated 414 s, iters = {MDP: 16753}
> Progress 41.723%, elapsed 174 s, estimated 417 s, iters = {MDP: 16899}
> Progress 42.074%, elapsed 177 s, estimated 421 s, iters = {MDP: 17041}
> Progress 42.434%, elapsed 180 s, estimated 425 s, iters = {MDP: 17187}
> Progress 42.792%, elapsed 183 s, estimated 428 s, iters = {MDP: 17332}
> Progress 43.158%, elapsed 186 s, estimated 431 s, iters = {MDP: 17480}
> Progress 43.53%, elapsed 189 s, estimated 435 s, iters = {MDP: 17631}
> Progress 43.896%, elapsed 192 s, estimated 438 s, iters = {MDP: 17779}
> Progress 44.264%, elapsed 195 s, estimated 441 s, iters = {MDP: 17928}
> Progress 44.632%, elapsed 198 s, estimated 444 s, iters = {MDP: 18077}
> Progress 44.997%, elapsed 201 s, estimated 447 s, iters = {MDP: 18225}
> Progress 45.291%, elapsed 204 s, estimated 451 s, iters = {MDP: 18344}
> Progress 45.585%, elapsed 207 s, estimated 455 s, iters = {MDP: 18463}
> Progress 45.874%, elapsed 210 s, estimated 458 s, iters = {MDP: 18580}
> Progress 46.172%, elapsed 213 s, estimated 462 s, iters = {MDP: 18701}
> Progress 46.491%, elapsed 216 s, estimated 465 s, iters = {MDP: 18830}
> Progress 46.802%, elapsed 219 s, estimated 469 s, iters = {MDP: 18956}
> Progress 47.113%, elapsed 222 s, estimated 472 s, iters = {MDP: 19082}
> Progress 47.404%, elapsed 225 s, estimated 475 s, iters = {MDP: 19200}
> Progress 47.701%, elapsed 228 s, estimated 479 s, iters = {MDP: 19320}
> Progress 48.019%, elapsed 231 s, estimated 482 s, iters = {MDP: 19449}
> Progress 48.345%, elapsed 234 s, estimated 485 s, iters = {MDP: 19581}
> Progress 48.671%, elapsed 237 s, estimated 488 s, iters = {MDP: 19713}
> Progress 48.992%, elapsed 240 s, estimated 491 s, iters = {MDP: 19843}
> Progress 49.323%, elapsed 243 s, estimated 493 s, iters = {MDP: 19977}
> Progress 49.651%, elapsed 246 s, estimated 496 s, iters = {MDP: 20110}
> Progress 49.972%, elapsed 249 s, estimated 499 s, iters = {MDP: 20240}
> Progress 50.237%, elapsed 252 s, estimated 502 s, iters = {MDP: 20347}
> Progress 50.501%, elapsed 255 s, estimated 506 s, iters = {MDP: 20454}
> Progress 50.76%, elapsed 258 s, estimated 509 s, iters = {MDP: 20559}
> Progress 51.017%, elapsed 261 s, estimated 513 s, iters = {MDP: 20663}
> Progress 51.298%, elapsed 264 s, estimated 516 s, iters = {MDP: 20777}
> Progress 51.58%, elapsed 267 s, estimated 519 s, iters = {MDP: 20891}
> Progress 51.856%, elapsed 270 s, estimated 522 s, iters = {MDP: 21003}
> Progress 52.143%, elapsed 273 s, estimated 525 s, iters = {MDP: 21119}
> Progress 52.432%, elapsed 276 s, estimated 527 s, iters = {MDP: 21236}
> Progress 52.716%, elapsed 279 s, estimated 530 s, iters = {MDP: 21351}
> Progress 53.0%, elapsed 282 s, estimated 533 s, iters = {MDP: 21466}
> Progress 53.291%, elapsed 285 s, estimated 536 s, iters = {MDP: 21584}
> Progress 53.58%, elapsed 288 s, estimated 539 s, iters = {MDP: 21701}
> Progress 53.869%, elapsed 291 s, estimated 541 s, iters = {MDP: 21818}
> Progress 54.158%, elapsed 294 s, estimated 544 s, iters = {MDP: 21935}
> Progress 54.441%, elapsed 297 s, estimated 547 s, iters = {MDP: 22050}
> Progress 54.725%, elapsed 300 s, estimated 549 s, iters = {MDP: 22165}
> Progress 55.012%, elapsed 303 s, estimated 552 s, iters = {MDP: 22281}
> Progress 55.251%, elapsed 306 s, estimated 555 s, iters = {MDP: 22378}
> Progress 55.483%, elapsed 309 s, estimated 558 s, iters = {MDP: 22472}
> Progress 55.711%, elapsed 312 s, estimated 561 s, iters = {MDP: 22564}
> Progress 55.938%, elapsed 315 s, estimated 564 s, iters = {MDP: 22656}
> Progress 56.182%, elapsed 318 s, estimated 567 s, iters = {MDP: 22755}
> Progress 56.427%, elapsed 321 s, estimated 570 s, iters = {MDP: 22854}
> Progress 56.676%, elapsed 324 s, estimated 573 s, iters = {MDP: 22955}
> Progress 56.923%, elapsed 327 s, estimated 576 s, iters = {MDP: 23055}
> Progress 57.175%, elapsed 330 s, estimated 578 s, iters = {MDP: 23157}
> Progress 57.427%, elapsed 334 s, estimated 581 s, iters = {MDP: 23259}
> Progress 57.679%, elapsed 337 s, estimated 584 s, iters = {MDP: 23361}
> Progress 57.93%, elapsed 340 s, estimated 586 s, iters = {MDP: 23463}
> Progress 58.185%, elapsed 343 s, estimated 589 s, iters = {MDP: 23566}
> Progress 58.437%, elapsed 346 s, estimated 592 s, iters = {MDP: 23668}
> Progress 58.693%, elapsed 349 s, estimated 594 s, iters = {MDP: 23772}
> Progress 58.945%, elapsed 352 s, estimated 597 s, iters = {MDP: 23874}
> Progress 59.2%, elapsed 355 s, estimated 599 s, iters = {MDP: 23977}
> Progress 59.456%, elapsed 358 s, estimated 602 s, iters = {MDP: 24081}
> Progress 59.711%, elapsed 361 s, estimated 604 s, iters = {MDP: 24184}
> Progress 59.965%, elapsed 364 s, estimated 607 s, iters = {MDP: 24287}
> Progress 60.182%, elapsed 367 s, estimated 610 s, iters = {MDP: 24375}
> Progress 60.39%, elapsed 370 s, estimated 613 s, iters = {MDP: 24459}
> Progress 60.6%, elapsed 373 s, estimated 615 s, iters = {MDP: 24544}
> Progress 60.827%, elapsed 376 s, estimated 618 s, iters = {MDP: 24636}
> Progress 61.059%, elapsed 379 s, estimated 621 s, iters = {MDP: 24730}
> Progress 61.306%, elapsed 382 s, estimated 623 s, iters = {MDP: 24830}
> Progress 61.555%, elapsed 385 s, estimated 625 s, iters = {MDP: 24931}
> Progress 61.804%, elapsed 388 s, estimated 628 s, iters = {MDP: 25032}
> Progress 62.046%, elapsed 391 s, estimated 630 s, iters = {MDP: 25130}
> Progress 62.296%, elapsed 394 s, estimated 633 s, iters = {MDP: 25231}
> Progress 62.548%, elapsed 397 s, estimated 635 s, iters = {MDP: 25333}
> Progress 62.795%, elapsed 400 s, estimated 637 s, iters = {MDP: 25433}
> Progress 62.965%, elapsed 403 s, estimated 640 s, iters = {MDP: 25502}
> Progress 63.222%, elapsed 406 s, estimated 642 s, iters = {MDP: 25606}
> Progress 63.476%, elapsed 409 s, estimated 645 s, iters = {MDP: 25709}
> Progress 63.728%, elapsed 412 s, estimated 647 s, iters = {MDP: 25811}
> Progress 63.98%, elapsed 415 s, estimated 649 s, iters = {MDP: 25913}
> Progress 64.232%, elapsed 418 s, estimated 651 s, iters = {MDP: 26015}
> Progress 64.483%, elapsed 421 s, estimated 653 s, iters = {MDP: 26117}
> Progress 64.723%, elapsed 424 s, estimated 655 s, iters = {MDP: 26214}
> Progress 64.958%, elapsed 427 s, estimated 658 s, iters = {MDP: 26309}
> Progress 65.172%, elapsed 430 s, estimated 660 s, iters = {MDP: 26396}
> Progress 65.362%, elapsed 433 s, estimated 663 s, iters = {MDP: 26473}
> Progress 65.577%, elapsed 436 s, estimated 665 s, iters = {MDP: 26560}
> Progress 65.775%, elapsed 439 s, estimated 668 s, iters = {MDP: 26640}
> Progress 65.962%, elapsed 442 s, estimated 671 s, iters = {MDP: 26716}
> Progress 66.162%, elapsed 445 s, estimated 673 s, iters = {MDP: 26797}
> Progress 66.338%, elapsed 448 s, estimated 676 s, iters = {MDP: 26868}
> Progress 66.511%, elapsed 451 s, estimated 679 s, iters = {MDP: 26938}
> Progress 66.674%, elapsed 454 s, estimated 682 s, iters = {MDP: 27004}
> Progress 66.846%, elapsed 457 s, estimated 684 s, iters = {MDP: 27074}
> Progress 66.992%, elapsed 460 s, estimated 687 s, iters = {MDP: 27133}
> Progress 67.143%, elapsed 463 s, estimated 690 s, iters = {MDP: 27194}
> Progress 67.308%, elapsed 466 s, estimated 693 s, iters = {MDP: 27261}
> Progress 67.479%, elapsed 469 s, estimated 696 s, iters = {MDP: 27330}
> Progress 67.651%, elapsed 472 s, estimated 698 s, iters = {MDP: 27400}
> Progress 67.837%, elapsed 475 s, estimated 701 s, iters = {MDP: 27475}
> Progress 68.024%, elapsed 478 s, estimated 703 s, iters = {MDP: 27551}
> Progress 68.217%, elapsed 481 s, estimated 706 s, iters = {MDP: 27629}
> Progress 68.407%, elapsed 484 s, estimated 708 s, iters = {MDP: 27706}
> Progress 68.595%, elapsed 487 s, estimated 711 s, iters = {MDP: 27782}
> Progress 68.782%, elapsed 490 s, estimated 713 s, iters = {MDP: 27858}
> Progress 68.972%, elapsed 493 s, estimated 716 s, iters = {MDP: 27935}
> Progress 69.16%, elapsed 496 s, estimated 718 s, iters = {MDP: 28011}
> Progress 69.348%, elapsed 499 s, estimated 720 s, iters = {MDP: 28087}
> Progress 69.535%, elapsed 503 s, estimated 723 s, iters = {MDP: 28163}
> Progress 69.73%, elapsed 506 s, estimated 725 s, iters = {MDP: 28242}
> Progress 69.923%, elapsed 509 s, estimated 728 s, iters = {MDP: 28320}
> Progress 70.098%, elapsed 512 s, estimated 730 s, iters = {MDP: 28391}
> Progress 70.259%, elapsed 515 s, estimated 733 s, iters = {MDP: 28456}
> Progress 70.414%, elapsed 518 s, estimated 735 s, iters = {MDP: 28519}
> Progress 70.572%, elapsed 521 s, estimated 738 s, iters = {MDP: 28583}
> Progress 70.733%, elapsed 524 s, estimated 741 s, iters = {MDP: 28648}
> Progress 70.893%, elapsed 527 s, estimated 743 s, iters = {MDP: 28713}
> Progress 71.054%, elapsed 530 s, estimated 746 s, iters = {MDP: 28778}
> Progress 71.224%, elapsed 533 s, estimated 748 s, iters = {MDP: 28847}
> Progress 71.397%, elapsed 536 s, estimated 751 s, iters = {MDP: 28917}
> Progress 71.567%, elapsed 539 s, estimated 753 s, iters = {MDP: 28986}
> Progress 71.735%, elapsed 542 s, estimated 756 s, iters = {MDP: 29054}
> Progress 71.903%, elapsed 545 s, estimated 758 s, iters = {MDP: 29122}
> Progress 72.069%, elapsed 548 s, estimated 760 s, iters = {MDP: 29189}
> Progress 72.239%, elapsed 551 s, estimated 763 s, iters = {MDP: 29258}
> Progress 72.412%, elapsed 554 s, estimated 765 s, iters = {MDP: 29328}
> Progress 72.585%, elapsed 557 s, estimated 768 s, iters = {MDP: 29398}
> Progress 72.76%, elapsed 560 s, estimated 770 s, iters = {MDP: 29469}
> Progress 72.933%, elapsed 563 s, estimated 772 s, iters = {MDP: 29539}
> Progress 73.111%, elapsed 566 s, estimated 774 s, iters = {MDP: 29611}
> Progress 73.286%, elapsed 569 s, estimated 777 s, iters = {MDP: 29682}
> Progress 73.461%, elapsed 572 s, estimated 779 s, iters = {MDP: 29753}
> Progress 73.634%, elapsed 575 s, estimated 781 s, iters = {MDP: 29823}
> Progress 73.802%, elapsed 578 s, estimated 784 s, iters = {MDP: 29891}
> Progress 73.972%, elapsed 581 s, estimated 786 s, iters = {MDP: 29960}
> Progress 74.15%, elapsed 584 s, estimated 788 s, iters = {MDP: 30032}
> Progress 74.328%, elapsed 587 s, estimated 790 s, iters = {MDP: 30104}
> Progress 74.503%, elapsed 590 s, estimated 792 s, iters = {MDP: 30175}
> Progress 74.676%, elapsed 593 s, estimated 795 s, iters = {MDP: 30245}
> Progress 74.851%, elapsed 596 s, estimated 797 s, iters = {MDP: 30316}
> Progress 75.022%, elapsed 599 s, estimated 799 s, iters = {MDP: 30385}
> Progress 75.172%, elapsed 602 s, estimated 801 s, iters = {MDP: 30446}
> Progress 75.316%, elapsed 605 s, estimated 804 s, iters = {MDP: 30504}
> Progress 75.459%, elapsed 608 s, estimated 806 s, iters = {MDP: 30562}
> Progress 75.602%, elapsed 611 s, estimated 809 s, iters = {MDP: 30620}
> Progress 75.745%, elapsed 614 s, estimated 811 s, iters = {MDP: 30678}
> Progress 75.888%, elapsed 617 s, estimated 814 s, iters = {MDP: 30736}
> Progress 76.032%, elapsed 620 s, estimated 816 s, iters = {MDP: 30794}
> Progress 76.187%, elapsed 623 s, estimated 818 s, iters = {MDP: 30857}
> Progress 76.343%, elapsed 626 s, estimated 821 s, iters = {MDP: 30920}
> Progress 76.479%, elapsed 630 s, estimated 823 s, iters = {MDP: 30975}
> Progress 76.609%, elapsed 633 s, estimated 826 s, iters = {MDP: 31028}
> Progress 76.755%, elapsed 636 s, estimated 828 s, iters = {MDP: 31087}
> Progress 76.898%, elapsed 639 s, estimated 831 s, iters = {MDP: 31145}
> Progress 77.044%, elapsed 642 s, estimated 833 s, iters = {MDP: 31204}
> Progress 77.2%, elapsed 645 s, estimated 835 s, iters = {MDP: 31267}
> Progress 77.348%, elapsed 648 s, estimated 837 s, iters = {MDP: 31327}
> Progress 77.496%, elapsed 651 s, estimated 840 s, iters = {MDP: 31387}
> Progress 77.646%, elapsed 654 s, estimated 842 s, iters = {MDP: 31448}
> Progress 77.795%, elapsed 657 s, estimated 844 s, iters = {MDP: 31508}
> Progress 77.943%, elapsed 660 s, estimated 847 s, iters = {MDP: 31568}
> Progress 78.093%, elapsed 663 s, estimated 849 s, iters = {MDP: 31629}
> Progress 78.241%, elapsed 666 s, estimated 851 s, iters = {MDP: 31689}
> Progress 78.39%, elapsed 669 s, estimated 853 s, iters = {MDP: 31749}
> Progress 78.54%, elapsed 672 s, estimated 856 s, iters = {MDP: 31810}
> Progress 78.691%, elapsed 675 s, estimated 858 s, iters = {MDP: 31871}
> Progress 78.841%, elapsed 678 s, estimated 860 s, iters = {MDP: 31932}
> Progress 78.992%, elapsed 681 s, estimated 862 s, iters = {MDP: 31993}
> Progress 79.145%, elapsed 684 s, estimated 864 s, iters = {MDP: 32055}
> Progress 79.301%, elapsed 687 s, estimated 866 s, iters = {MDP: 32118}
> Progress 79.446%, elapsed 690 s, estimated 869 s, iters = {MDP: 32177}
> Progress 79.592%, elapsed 693 s, estimated 871 s, iters = {MDP: 32236}
> Progress 79.735%, elapsed 696 s, estimated 873 s, iters = {MDP: 32294}
> Progress 79.879%, elapsed 699 s, estimated 875 s, iters = {MDP: 32352}
> Progress 80.019%, elapsed 702 s, estimated 878 s, iters = {MDP: 32409}
> Progress 80.145%, elapsed 705 s, estimated 880 s, iters = {MDP: 32460}
> Progress 80.271%, elapsed 708 s, estimated 882 s, iters = {MDP: 32511}
> Progress 80.4%, elapsed 711 s, estimated 885 s, iters = {MDP: 32563}
> Progress 80.525%, elapsed 714 s, estimated 887 s, iters = {MDP: 32614}
> Progress 80.649%, elapsed 717 s, estimated 889 s, iters = {MDP: 32664}
> Progress 80.772%, elapsed 720 s, estimated 892 s, iters = {MDP: 32714}
> Progress 80.896%, elapsed 723 s, estimated 894 s, iters = {MDP: 32764}
> Progress 81.019%, elapsed 726 s, estimated 897 s, iters = {MDP: 32814}
> Progress 81.15%, elapsed 729 s, estimated 899 s, iters = {MDP: 32867}
> Progress 81.283%, elapsed 732 s, estimated 901 s, iters = {MDP: 32921}
> Progress 81.417%, elapsed 735 s, estimated 903 s, iters = {MDP: 32975}
> Progress 81.55%, elapsed 738 s, estimated 906 s, iters = {MDP: 33029}
> Progress 81.681%, elapsed 741 s, estimated 908 s, iters = {MDP: 33082}
> Progress 81.814%, elapsed 744 s, estimated 910 s, iters = {MDP: 33136}
> Progress 81.948%, elapsed 747 s, estimated 912 s, iters = {MDP: 33190}
> Progress 82.079%, elapsed 751 s, estimated 914 s, iters = {MDP: 33243}
> Progress 82.212%, elapsed 754 s, estimated 917 s, iters = {MDP: 33297}
> Progress 82.348%, elapsed 757 s, estimated 919 s, iters = {MDP: 33352}
> Progress 82.481%, elapsed 760 s, estimated 921 s, iters = {MDP: 33406}
> Progress 82.617%, elapsed 763 s, estimated 923 s, iters = {MDP: 33461}
> Progress 82.755%, elapsed 766 s, estimated 925 s, iters = {MDP: 33517}
> Progress 82.891%, elapsed 769 s, estimated 927 s, iters = {MDP: 33572}
> Progress 83.027%, elapsed 772 s, estimated 930 s, iters = {MDP: 33627}
> Progress 83.162%, elapsed 775 s, estimated 932 s, iters = {MDP: 33682}
> Progress 83.298%, elapsed 778 s, estimated 934 s, iters = {MDP: 33737}
> Progress 83.437%, elapsed 781 s, estimated 936 s, iters = {MDP: 33793}
> Progress 83.575%, elapsed 784 s, estimated 938 s, iters = {MDP: 33849}
> Progress 83.706%, elapsed 787 s, estimated 940 s, iters = {MDP: 33902}
> Progress 83.837%, elapsed 790 s, estimated 942 s, iters = {MDP: 33955}
> Progress 83.972%, elapsed 793 s, estimated 944 s, iters = {MDP: 34010}
> Progress 84.113%, elapsed 796 s, estimated 946 s, iters = {MDP: 34067}
> Progress 84.251%, elapsed 799 s, estimated 948 s, iters = {MDP: 34123}
> Progress 84.39%, elapsed 802 s, estimated 950 s, iters = {MDP: 34179}
> Progress 84.533%, elapsed 805 s, estimated 952 s, iters = {MDP: 34237}
> Progress 84.674%, elapsed 808 s, estimated 954 s, iters = {MDP: 34294}
> Progress 84.814%, elapsed 811 s, estimated 956 s, iters = {MDP: 34351}
> Progress 84.95%, elapsed 814 s, estimated 958 s, iters = {MDP: 34406}
> Progress 85.074%, elapsed 817 s, estimated 960 s, iters = {MDP: 34456}
> Progress 85.192%, elapsed 820 s, estimated 963 s, iters = {MDP: 34504}
> Progress 85.311%, elapsed 823 s, estimated 965 s, iters = {MDP: 34552}
> Progress 85.432%, elapsed 826 s, estimated 967 s, iters = {MDP: 34601}
> Progress 85.553%, elapsed 829 s, estimated 969 s, iters = {MDP: 34650}
> Progress 85.669%, elapsed 832 s, estimated 971 s, iters = {MDP: 34697}
> Progress 85.787%, elapsed 835 s, estimated 974 s, iters = {MDP: 34745}
> Progress 85.906%, elapsed 838 s, estimated 976 s, iters = {MDP: 34793}
> Progress 86.024%, elapsed 841 s, estimated 978 s, iters = {MDP: 34841}
> Progress 86.15%, elapsed 844 s, estimated 980 s, iters = {MDP: 34892}
> Progress 86.274%, elapsed 847 s, estimated 982 s, iters = {MDP: 34942}
> Progress 86.397%, elapsed 850 s, estimated 984 s, iters = {MDP: 34992}
> Progress 86.52%, elapsed 853 s, estimated 986 s, iters = {MDP: 35042}
> Progress 86.646%, elapsed 856 s, estimated 989 s, iters = {MDP: 35093}
> Progress 86.772%, elapsed 859 s, estimated 991 s, iters = {MDP: 35144}
> Progress 86.896%, elapsed 862 s, estimated 993 s, iters = {MDP: 35194}
> Progress 87.024%, elapsed 866 s, estimated 995 s, iters = {MDP: 35246}
> Progress 87.153%, elapsed 869 s, estimated 997 s, iters = {MDP: 35298}
> Progress 87.281%, elapsed 872 s, estimated 999 s, iters = {MDP: 35350}
> Progress 87.409%, elapsed 875 s, estimated 1001 s, iters = {MDP: 35402}
> Progress 87.533%, elapsed 878 s, estimated 1003 s, iters = {MDP: 35452}
> Progress 87.656%, elapsed 881 s, estimated 1005 s, iters = {MDP: 35502}
> Progress 87.78%, elapsed 884 s, estimated 1007 s, iters = {MDP: 35552}
> Progress 87.906%, elapsed 887 s, estimated 1009 s, iters = {MDP: 35603}
> Progress 88.032%, elapsed 890 s, estimated 1011 s, iters = {MDP: 35654}
> Progress 88.158%, elapsed 893 s, estimated 1013 s, iters = {MDP: 35705}
> Progress 88.286%, elapsed 896 s, estimated 1015 s, iters = {MDP: 35757}
> Progress 88.414%, elapsed 899 s, estimated 1017 s, iters = {MDP: 35809}
> Progress 88.543%, elapsed 902 s, estimated 1019 s, iters = {MDP: 35861}
> Progress 88.669%, elapsed 905 s, estimated 1021 s, iters = {MDP: 35912}
> Progress 88.795%, elapsed 908 s, estimated 1023 s, iters = {MDP: 35963}
> Progress 88.918%, elapsed 911 s, estimated 1025 s, iters = {MDP: 36013}
> Progress 89.044%, elapsed 914 s, estimated 1027 s, iters = {MDP: 36064}
> Progress 89.172%, elapsed 917 s, estimated 1028 s, iters = {MDP: 36116}
> Progress 89.303%, elapsed 920 s, estimated 1030 s, iters = {MDP: 36169}
> Progress 89.432%, elapsed 923 s, estimated 1032 s, iters = {MDP: 36221}
> Progress 89.562%, elapsed 926 s, estimated 1034 s, iters = {MDP: 36274}
> Progress 89.691%, elapsed 929 s, estimated 1036 s, iters = {MDP: 36326}
> Progress 89.814%, elapsed 932 s, estimated 1038 s, iters = {MDP: 36376}
> Progress 89.94%, elapsed 935 s, estimated 1040 s, iters = {MDP: 36427}
> Progress 90.059%, elapsed 938 s, estimated 1042 s, iters = {MDP: 36475}
> Progress 90.172%, elapsed 941 s, estimated 1044 s, iters = {MDP: 36521}
> Progress 90.286%, elapsed 944 s, estimated 1046 s, iters = {MDP: 36567}
> Progress 90.4%, elapsed 947 s, estimated 1048 s, iters = {MDP: 36613}
> Progress 90.508%, elapsed 950 s, estimated 1050 s, iters = {MDP: 36657}
> Progress 90.617%, elapsed 953 s, estimated 1052 s, iters = {MDP: 36701}
> Progress 90.725%, elapsed 956 s, estimated 1054 s, iters = {MDP: 36745}
> Progress 90.834%, elapsed 959 s, estimated 1056 s, iters = {MDP: 36789}
> Progress 90.943%, elapsed 962 s, estimated 1058 s, iters = {MDP: 36833}
> Progress 91.054%, elapsed 966 s, estimated 1060 s, iters = {MDP: 36878}
> Progress 91.165%, elapsed 969 s, estimated 1062 s, iters = {MDP: 36923}
> Progress 91.281%, elapsed 972 s, estimated 1064 s, iters = {MDP: 36970}
> Progress 91.395%, elapsed 975 s, estimated 1066 s, iters = {MDP: 37016}
> Progress 91.508%, elapsed 978 s, estimated 1068 s, iters = {MDP: 37062}
> Progress 91.622%, elapsed 981 s, estimated 1070 s, iters = {MDP: 37108}
> Progress 91.735%, elapsed 984 s, estimated 1072 s, iters = {MDP: 37154}
> Progress 91.851%, elapsed 987 s, estimated 1074 s, iters = {MDP: 37201}
> Progress 91.962%, elapsed 990 s, estimated 1076 s, iters = {MDP: 37246}
> Progress 92.079%, elapsed 993 s, estimated 1078 s, iters = {MDP: 37293}
> Progress 92.195%, elapsed 996 s, estimated 1080 s, iters = {MDP: 37340}
> Progress 92.308%, elapsed 999 s, estimated 1082 s, iters = {MDP: 37386}
> Progress 92.427%, elapsed 1002 s, estimated 1084 s, iters = {MDP: 37434}
> Progress 92.543%, elapsed 1005 s, estimated 1086 s, iters = {MDP: 37481}
> Progress 92.661%, elapsed 1008 s, estimated 1088 s, iters = {MDP: 37529}
> Progress 92.78%, elapsed 1011 s, estimated 1090 s, iters = {MDP: 37577}
> Progress 92.893%, elapsed 1014 s, estimated 1092 s, iters = {MDP: 37623}
> Progress 93.007%, elapsed 1017 s, estimated 1094 s, iters = {MDP: 37669}
> Progress 93.128%, elapsed 1020 s, estimated 1095 s, iters = {MDP: 37718}
> Progress 93.246%, elapsed 1023 s, estimated 1097 s, iters = {MDP: 37766}
> Progress 93.362%, elapsed 1026 s, estimated 1099 s, iters = {MDP: 37813}
> Progress 93.479%, elapsed 1029 s, estimated 1101 s, iters = {MDP: 37860}
> Progress 93.597%, elapsed 1032 s, estimated 1103 s, iters = {MDP: 37908}
> Progress 93.713%, elapsed 1035 s, estimated 1105 s, iters = {MDP: 37955}
> Progress 93.827%, elapsed 1038 s, estimated 1107 s, iters = {MDP: 38001}
> Progress 93.94%, elapsed 1041 s, estimated 1108 s, iters = {MDP: 38047}
> Progress 94.056%, elapsed 1044 s, estimated 1110 s, iters = {MDP: 38094}
> Progress 94.177%, elapsed 1047 s, estimated 1112 s, iters = {MDP: 38143}
> Progress 94.296%, elapsed 1050 s, estimated 1114 s, iters = {MDP: 38191}
> Progress 94.414%, elapsed 1053 s, estimated 1116 s, iters = {MDP: 38239}
> Progress 94.53%, elapsed 1056 s, estimated 1118 s, iters = {MDP: 38286}
> Progress 94.646%, elapsed 1059 s, estimated 1119 s, iters = {MDP: 38333}
> Progress 94.767%, elapsed 1062 s, estimated 1121 s, iters = {MDP: 38382}
> Progress 94.886%, elapsed 1066 s, estimated 1123 s, iters = {MDP: 38430}
> Progress 95.004%, elapsed 1069 s, estimated 1125 s, iters = {MDP: 38478}
> Progress 95.111%, elapsed 1072 s, estimated 1127 s, iters = {MDP: 38521}
> Progress 95.214%, elapsed 1075 s, estimated 1129 s, iters = {MDP: 38563}
> Progress 95.318%, elapsed 1078 s, estimated 1131 s, iters = {MDP: 38605}
> Progress 95.424%, elapsed 1081 s, estimated 1133 s, iters = {MDP: 38648}
> Progress 95.528%, elapsed 1084 s, estimated 1135 s, iters = {MDP: 38690}
> Progress 95.629%, elapsed 1087 s, estimated 1137 s, iters = {MDP: 38731}
> Progress 95.728%, elapsed 1090 s, estimated 1139 s, iters = {MDP: 38771}
> Progress 95.832%, elapsed 1093 s, estimated 1141 s, iters = {MDP: 38813}
> Progress 95.935%, elapsed 1096 s, estimated 1142 s, iters = {MDP: 38855}
> Progress 96.039%, elapsed 1099 s, estimated 1144 s, iters = {MDP: 38897}
> Progress 96.15%, elapsed 1102 s, estimated 1146 s, iters = {MDP: 38942}
> Progress 96.261%, elapsed 1105 s, estimated 1148 s, iters = {MDP: 38987}
> Progress 96.372%, elapsed 1108 s, estimated 1150 s, iters = {MDP: 39032}
> Progress 96.486%, elapsed 1111 s, estimated 1152 s, iters = {MDP: 39078}
> Progress 96.597%, elapsed 1114 s, estimated 1154 s, iters = {MDP: 39123}
> Progress 96.706%, elapsed 1117 s, estimated 1155 s, iters = {MDP: 39167}
> Progress 96.814%, elapsed 1120 s, estimated 1157 s, iters = {MDP: 39211}
> Progress 96.925%, elapsed 1123 s, estimated 1159 s, iters = {MDP: 39256}
> Progress 97.037%, elapsed 1126 s, estimated 1161 s, iters = {MDP: 39301}
> Progress 97.15%, elapsed 1129 s, estimated 1163 s, iters = {MDP: 39347}
> Progress 97.264%, elapsed 1132 s, estimated 1164 s, iters = {MDP: 39393}
> Progress 97.375%, elapsed 1135 s, estimated 1166 s, iters = {MDP: 39438}
> Progress 97.488%, elapsed 1139 s, estimated 1168 s, iters = {MDP: 39484}
> Progress 97.602%, elapsed 1142 s, estimated 1170 s, iters = {MDP: 39530}
> Progress 97.716%, elapsed 1145 s, estimated 1171 s, iters = {MDP: 39576}
> Progress 97.824%, elapsed 1148 s, estimated 1173 s, iters = {MDP: 39620}
> Progress 97.935%, elapsed 1151 s, estimated 1175 s, iters = {MDP: 39665}
> Progress 98.049%, elapsed 1154 s, estimated 1177 s, iters = {MDP: 39711}
> Progress 98.162%, elapsed 1157 s, estimated 1178 s, iters = {MDP: 39757}
> Progress 98.279%, elapsed 1160 s, estimated 1180 s, iters = {MDP: 39804}
> Progress 98.392%, elapsed 1163 s, estimated 1182 s, iters = {MDP: 39850}
> Progress 98.506%, elapsed 1166 s, estimated 1184 s, iters = {MDP: 39896}
> Progress 98.619%, elapsed 1169 s, estimated 1185 s, iters = {MDP: 39942}
> Progress 98.733%, elapsed 1172 s, estimated 1187 s, iters = {MDP: 39988}
> Progress 98.844%, elapsed 1175 s, estimated 1189 s, iters = {MDP: 40033}
> Progress 98.953%, elapsed 1178 s, estimated 1190 s, iters = {MDP: 40077}
> Progress 99.066%, elapsed 1181 s, estimated 1192 s, iters = {MDP: 40123}
> Progress 99.182%, elapsed 1184 s, estimated 1194 s, iters = {MDP: 40170}
> Progress 99.298%, elapsed 1187 s, estimated 1195 s, iters = {MDP: 40217}
> Progress 99.412%, elapsed 1190 s, estimated 1197 s, iters = {MDP: 40263}
> Progress 99.525%, elapsed 1193 s, estimated 1199 s, iters = {MDP: 40309}
> Progress 99.637%, elapsed 1196 s, estimated 1200 s, iters = {MDP: 40354}
> Progress 99.75%, elapsed 1199 s, estimated 1202 s, iters = {MDP: 40400}
> Progress 99.864%, elapsed 1202 s, estimated 1204 s, iters = {MDP: 40446}
> Progress 99.98%, elapsed 1205 s, estimated 1205 s, iters = {MDP: 40493}
2024-01-04 20:13:57,496 - synthesizer.py - evaluation finished
--------------------
Synthesis summary:
constraint 1: P>=3/4 [F ((w1 & w2) & w6)]

method: 1-by-1, synthesis time: 1206.15 s
number of holes: 6, family size: 40500, quotient: 17927 states / 192109 actions
explored: 100 %
MDP stats: avg MDP size: 8438, iterations: 40500

satisfied 39966/40500 members (99%)
--------------------
